3.6646 	WARNING 	C:\Users\andre\AppData\Roaming\psychopy3\fonts\Times.truetype doesn't have valid font family name
3.7749 	WARNING 	C:\Users\andre\AppData\Roaming\psychopy3\fonts\Times.truetype doesn't have valid font family name
5.1131 	WARNING 	User requested fullscreen with size [1920 1080], but screen is actually [3840, 2160]. Using actual size
6.3874 	EXP 	Created window1 = Window(allowGUI=True, allowStencil=False, autoLog=True, backendConf=UNKNOWN, backgroundFit=<method-wrapper '__getattribute__' of attributeSetter object at 0x0000021BF30B2D00>, backgroundImage=<method-wrapper '__getattribute__' of attributeSetter object at 0x0000021BF30B2CA0>, bitsMode=UNKNOWN, blendMode='avg', bpc=(8, 8, 8), color=array([0, 0, 0]), colorSpace='rgb', depthBits=8, fullscr=<method-wrapper '__getattribute__' of attributeSetter object at 0x0000021BF30B2AC0>, gamma=None, gammaErrorPolicy='raise', lms=UNKNOWN, monitor=<psychopy.monitors.calibTools.Monitor object at 0x0000021BF3459BB0>, multiSample=False, name='window1', numSamples=2, pos=(0, 0), screen=0, size=array([3840, 2160]), stencilBits=0, stereo=False, title='PsychoPy', units='height', useFBO=True, useRetina=False, viewOri=0.0, viewPos=None, viewScale=None, waitBlanking=True, winType='pyglet')
6.3877 	EXP 	window1: mouseVisible = True
6.3877 	EXP 	window1: backgroundImage = ''
6.3877 	EXP 	window1: backgroundFit = 'none'
6.3895 	EXP 	window1: Attempting to measure frame rate of screen (0) ...
6.3896 	EXP 	window1: recordFrameIntervals = False
6.5079 	DATA 	Mouse: Left button down, pos=(2480,1136)
6.5534 	EXP 	window1: recordFrameIntervals = True
6.5902 	DATA 	Mouse:  Left button up, pos=(2480,1136)
6.7356 	EXP 	Screen (0) actual frame rate measured at 61.19Hz
6.7357 	EXP 	window1: recordFrameIntervals = False
6.7360 	EXP 	window1: mouseVisible = False
8.9230 	EXP 	randomisation: status = STARTED
8.9233 	EXP 	window1: mouseVisible = True
8.9881 	EXP 	Created intro_text = TextStim(__class__=<class 'psychopy.visual.text.TextStim'>, alignHoriz=method-wrapper(...), alignText='center', alignVert=method-wrapper(...), anchorHoriz='center', anchorVert='center', antialias=True, autoDraw=False, autoLog=True, bold=False, color=array([1., 1., 1.]), colorSpace='rgb', contrast=1.0, depth=0.0, draggable=False, flipHoriz=False, flipVert=False, font='Open Sans', fontFiles=[], height=0.05, italic=False, languageStyle='LTR', name='intro_text', opacity=1.0, ori=0.0, pos=array([0., 0.]), rgb=UNKNOWN, text=str(...), units='height', win=Window(...), wrapWidth=1)
8.9882 	EXP 	window1: mouseVisible = True
8.9902 	EXP 	Created fixation_cross = ShapeStim(__class__=<class 'psychopy.visual.shape.ShapeStim'>, anchor=('center', 'center'), autoDraw=False, autoLog=True, closeShape=True, color=method-wrapper(...), colorSpace='rgb', contrast=None, depth=0.0, draggable=False, fillColor=array([1, 1, 1]), fillColorSpace='rgb', fillRGB=array([1, 1, 1]), interpolate=True, lineColor=array([1., 1., 1.]), lineColorSpace='rgb', lineRGB=array([1, 1, 1]), lineWidth=1.0, name='fixation_cross', opacity=1.0, ori=0.0, pos=array([0., 0.]), size=array([0.05]), units='height', vertices=ndarray(...), win=Window(...), windingRule=None)
8.9902 	EXP 	window1: mouseVisible = True
9.0056 	EXP 	Created trial_image = ImageStim(__class__=<class 'psychopy.visual.image.ImageStim'>, anchor=('center', 'center'), autoLog=True, color=array([1., 1., 1.]), colorSpace='rgb', contrast=1.0, depth=-1.0, draggable=False, flipHoriz=False, flipVert=False, image='default.png', interpolate=True, mask=None, maskParams=None, name='trial_image', opacity=1.0, ori=0.0, pos=array([0., 0.]), size=array([0.5, 0.5]), texRes=128.0, units='height', win=Window(...))
9.0057 	EXP 	window1: mouseVisible = True
9.0128 	EXP 	Created fin_text = TextStim(__class__=<class 'psychopy.visual.text.TextStim'>, alignHoriz=method-wrapper(...), alignText='center', alignVert=method-wrapper(...), anchorHoriz='center', anchorVert='center', antialias=True, autoDraw=False, autoLog=True, bold=False, color=array([1., 1., 1.]), colorSpace='rgb', contrast=1.0, depth=0.0, draggable=False, flipHoriz=False, flipVert=False, font='Open Sans', fontFiles=[], height=0.05, italic=False, languageStyle='LTR', name='fin_text', opacity=1.0, ori=0.0, pos=array([0., 0.]), rgb=UNKNOWN, text='The experiment is now over.', units='height', win=Window(...), wrapWidth=1)
0.0252 	EXP 	Imported conditions_files/stim_names.xlsx as conditions, 5 conditions, 1 params
0.0310 	EXP 	Created sequence: random, trialTypes=5, nReps=1, seed=None
0.0325 	EXP 	New trial (rep=0, index=0): {'path': 'stimuli/A1.png'}
0.0353 	EXP 	New trial (rep=0, index=1): {'path': 'stimuli/A3.png'}
0.0370 	EXP 	New trial (rep=0, index=2): {'path': 'stimuli/A5.png'}
0.0376 	EXP 	New trial (rep=0, index=3): {'path': 'stimuli/A4.png'}
0.0381 	EXP 	New trial (rep=0, index=4): {'path': 'stimuli/A8.png'}
0.0514 	EXP 	intro_text: autoDraw = True
0.8534 	DATA 	Keypress: space
0.9819 	EXP 	Created sequence: sequential, trialTypes=1, nReps=25, seed=None
0.9821 	EXP 	New trial (rep=0, index=0): None
0.9960 	EXP 	intro_text: autoDraw = False
0.9960 	EXP 	fixation_cross: autoDraw = True
1.6035 	EXP 	fixation_cross: autoDraw = False
1.6035 	EXP 	fixation_cross: autoDraw = False
1.6035 	EXP 	trial_image: image = 'stimuli/A3.png'
1.6035 	EXP 	trial_image: autoDraw = True
2.1116 	EXP 	trial_image: autoDraw = False
2.5975 	EXP 	New trial (rep=1, index=0): None
2.6120 	EXP 	trial_image: autoDraw = False
2.6120 	EXP 	fixation_cross: autoDraw = True
2.8493 	DATA 	Keypress: left
3.0159 	DATA 	Keypress: right
3.1533 	EXP 	fixation_cross: autoDraw = False
3.1533 	EXP 	fixation_cross: autoDraw = False
3.1533 	EXP 	trial_image: image = 'stimuli/A5.png'
3.1533 	EXP 	trial_image: autoDraw = True
3.4324 	EXP 	New trial (rep=2, index=0): None
3.4336 	DATA 	Keypress: left
3.4451 	EXP 	trial_image: autoDraw = False
3.4451 	EXP 	fixation_cross: autoDraw = True
3.6155 	DATA 	Keypress: right
3.9696 	EXP 	fixation_cross: autoDraw = False
3.9696 	EXP 	fixation_cross: autoDraw = False
3.9696 	EXP 	trial_image: image = 'stimuli/A3.png'
3.9696 	EXP 	trial_image: autoDraw = True
4.2827 	EXP 	New trial (rep=3, index=0): None
4.2841 	DATA 	Keypress: right
4.2961 	EXP 	trial_image: autoDraw = False
4.2961 	EXP 	fixation_cross: autoDraw = True
4.8578 	EXP 	fixation_cross: autoDraw = False
4.8578 	EXP 	fixation_cross: autoDraw = False
4.8578 	EXP 	trial_image: image = 'stimuli/A8.png'
4.8578 	EXP 	trial_image: autoDraw = True
4.9497 	EXP 	New trial (rep=4, index=0): None
4.9514 	DATA 	Keypress: left
4.9625 	EXP 	trial_image: autoDraw = False
4.9625 	EXP 	fixation_cross: autoDraw = True
5.5004 	EXP 	fixation_cross: autoDraw = False
5.5004 	EXP 	fixation_cross: autoDraw = False
5.5004 	EXP 	trial_image: image = 'stimuli/A5.png'
5.5004 	EXP 	trial_image: autoDraw = True
5.5988 	EXP 	New trial (rep=5, index=0): None
5.6005 	DATA 	Keypress: right
5.6131 	EXP 	trial_image: autoDraw = False
5.6131 	EXP 	fixation_cross: autoDraw = True
6.2050 	DATA 	Keypress: left
6.2107 	EXP 	fixation_cross: autoDraw = False
6.2107 	EXP 	fixation_cross: autoDraw = False
6.2107 	EXP 	trial_image: image = 'stimuli/A8.png'
6.2107 	EXP 	trial_image: autoDraw = True
6.7340 	EXP 	trial_image: autoDraw = False
6.7700 	EXP 	New trial (rep=6, index=0): None
6.7724 	DATA 	Keypress: right
6.8021 	EXP 	trial_image: autoDraw = False
6.8021 	EXP 	fixation_cross: autoDraw = True
7.3457 	EXP 	fixation_cross: autoDraw = False
7.3457 	EXP 	fixation_cross: autoDraw = False
7.3457 	EXP 	trial_image: image = 'stimuli/A4.png'
7.3457 	EXP 	trial_image: autoDraw = True
7.5522 	EXP 	New trial (rep=7, index=0): None
7.5538 	DATA 	Keypress: left
7.5660 	EXP 	trial_image: autoDraw = False
7.5660 	EXP 	fixation_cross: autoDraw = True
8.1057 	EXP 	fixation_cross: autoDraw = False
8.1057 	EXP 	fixation_cross: autoDraw = False
8.1057 	EXP 	trial_image: image = 'stimuli/A8.png'
8.1057 	EXP 	trial_image: autoDraw = True
8.3529 	EXP 	New trial (rep=8, index=0): None
8.3546 	DATA 	Keypress: right
8.3657 	EXP 	trial_image: autoDraw = False
8.3657 	EXP 	fixation_cross: autoDraw = True
8.9043 	EXP 	fixation_cross: autoDraw = False
8.9043 	EXP 	fixation_cross: autoDraw = False
8.9043 	EXP 	trial_image: image = 'stimuli/A1.png'
8.9043 	EXP 	trial_image: autoDraw = True
8.9860 	EXP 	New trial (rep=9, index=0): None
8.9874 	DATA 	Keypress: left
8.9995 	EXP 	trial_image: autoDraw = False
8.9995 	EXP 	fixation_cross: autoDraw = True
9.5407 	EXP 	fixation_cross: autoDraw = False
9.5407 	EXP 	fixation_cross: autoDraw = False
9.5407 	EXP 	trial_image: image = 'stimuli/A3.png'
9.5407 	EXP 	trial_image: autoDraw = True
9.6372 	EXP 	New trial (rep=10, index=0): None
9.6383 	DATA 	Keypress: left
9.6506 	EXP 	trial_image: autoDraw = False
9.6506 	EXP 	fixation_cross: autoDraw = True
10.1847 	EXP 	fixation_cross: autoDraw = False
10.1847 	EXP 	fixation_cross: autoDraw = False
10.1847 	EXP 	trial_image: image = 'stimuli/A4.png'
10.1847 	EXP 	trial_image: autoDraw = True
10.3546 	EXP 	New trial (rep=11, index=0): None
10.3563 	DATA 	Keypress: left
10.3681 	EXP 	trial_image: autoDraw = False
10.3681 	EXP 	fixation_cross: autoDraw = True
10.9062 	EXP 	fixation_cross: autoDraw = False
10.9062 	EXP 	fixation_cross: autoDraw = False
10.9062 	EXP 	trial_image: image = 'stimuli/A8.png'
10.9062 	EXP 	trial_image: autoDraw = True
11.0224 	EXP 	New trial (rep=12, index=0): None
11.0236 	DATA 	Keypress: left
11.0385 	EXP 	trial_image: autoDraw = False
11.0385 	EXP 	fixation_cross: autoDraw = True
11.5892 	EXP 	fixation_cross: autoDraw = False
11.5892 	EXP 	fixation_cross: autoDraw = False
11.5892 	EXP 	trial_image: image = 'stimuli/A1.png'
11.5892 	EXP 	trial_image: autoDraw = True
11.6394 	EXP 	New trial (rep=13, index=0): None
11.6412 	DATA 	Keypress: left
11.6538 	EXP 	trial_image: autoDraw = False
11.6538 	EXP 	fixation_cross: autoDraw = True
12.1955 	EXP 	fixation_cross: autoDraw = False
12.1955 	EXP 	fixation_cross: autoDraw = False
12.1955 	EXP 	trial_image: image = 'stimuli/A4.png'
12.1955 	EXP 	trial_image: autoDraw = True
12.2215 	EXP 	New trial (rep=14, index=0): None
12.2232 	DATA 	Keypress: left
12.2362 	EXP 	trial_image: autoDraw = False
12.2362 	EXP 	fixation_cross: autoDraw = True
12.7682 	EXP 	fixation_cross: autoDraw = False
12.7682 	EXP 	fixation_cross: autoDraw = False
12.7682 	EXP 	trial_image: image = 'stimuli/A1.png'
12.7682 	EXP 	trial_image: autoDraw = True
12.8584 	EXP 	New trial (rep=15, index=0): None
12.8606 	DATA 	Keypress: left
12.8710 	EXP 	trial_image: autoDraw = False
12.8710 	EXP 	fixation_cross: autoDraw = True
13.4131 	EXP 	fixation_cross: autoDraw = False
13.4131 	EXP 	fixation_cross: autoDraw = False
13.4131 	EXP 	trial_image: image = 'stimuli/A5.png'
13.4131 	EXP 	trial_image: autoDraw = True
13.4579 	EXP 	New trial (rep=16, index=0): None
13.4597 	DATA 	Keypress: left
13.4721 	EXP 	trial_image: autoDraw = False
13.4721 	EXP 	fixation_cross: autoDraw = True
14.0176 	EXP 	fixation_cross: autoDraw = False
14.0176 	EXP 	fixation_cross: autoDraw = False
14.0176 	EXP 	trial_image: image = 'stimuli/A8.png'
14.0176 	EXP 	trial_image: autoDraw = True
14.0417 	EXP 	New trial (rep=17, index=0): None
14.0434 	DATA 	Keypress: left
14.0560 	EXP 	trial_image: autoDraw = False
14.0560 	EXP 	fixation_cross: autoDraw = True
14.5968 	EXP 	fixation_cross: autoDraw = False
14.5968 	EXP 	fixation_cross: autoDraw = False
14.5968 	EXP 	trial_image: image = 'stimuli/A5.png'
14.5968 	EXP 	trial_image: autoDraw = True
14.6468 	EXP 	New trial (rep=18, index=0): None
14.6508 	DATA 	Keypress: left
14.6562 	EXP 	trial_image: autoDraw = False
14.6562 	EXP 	fixation_cross: autoDraw = True
15.1890 	EXP 	fixation_cross: autoDraw = False
15.1890 	EXP 	fixation_cross: autoDraw = False
15.1890 	EXP 	trial_image: image = 'stimuli/A3.png'
15.1890 	EXP 	trial_image: autoDraw = True
15.3599 	EXP 	New trial (rep=19, index=0): None
15.3618 	DATA 	Keypress: left
15.3742 	EXP 	trial_image: autoDraw = False
15.3742 	EXP 	fixation_cross: autoDraw = True
15.9104 	EXP 	fixation_cross: autoDraw = False
15.9104 	EXP 	fixation_cross: autoDraw = False
15.9104 	EXP 	trial_image: image = 'stimuli/A1.png'
15.9104 	EXP 	trial_image: autoDraw = True
16.0106 	EXP 	New trial (rep=20, index=0): None
16.0124 	DATA 	Keypress: left
16.0249 	EXP 	trial_image: autoDraw = False
16.0249 	EXP 	fixation_cross: autoDraw = True
16.5544 	EXP 	fixation_cross: autoDraw = False
16.5544 	EXP 	fixation_cross: autoDraw = False
16.5544 	EXP 	trial_image: image = 'stimuli/A4.png'
16.5544 	EXP 	trial_image: autoDraw = True
16.6282 	EXP 	New trial (rep=21, index=0): None
16.6297 	DATA 	Keypress: left
16.6421 	EXP 	trial_image: autoDraw = False
16.6421 	EXP 	fixation_cross: autoDraw = True
17.1972 	DATA 	Keypress: left
17.2003 	EXP 	fixation_cross: autoDraw = False
17.2003 	EXP 	fixation_cross: autoDraw = False
17.2003 	EXP 	trial_image: image = 'stimuli/A5.png'
17.2003 	EXP 	trial_image: autoDraw = True
17.7102 	EXP 	trial_image: autoDraw = False
18.0133 	EXP 	New trial (rep=22, index=0): None
18.0157 	DATA 	Keypress: left
18.0275 	EXP 	trial_image: autoDraw = False
18.0275 	EXP 	fixation_cross: autoDraw = True
18.5507 	EXP 	fixation_cross: autoDraw = False
18.5507 	EXP 	fixation_cross: autoDraw = False
18.5507 	EXP 	trial_image: image = 'stimuli/A3.png'
18.5507 	EXP 	trial_image: autoDraw = True
18.8140 	EXP 	New trial (rep=23, index=0): None
18.8164 	DATA 	Keypress: right
18.8276 	EXP 	trial_image: autoDraw = False
18.8276 	EXP 	fixation_cross: autoDraw = True
19.3577 	EXP 	fixation_cross: autoDraw = False
19.3577 	EXP 	fixation_cross: autoDraw = False
19.3577 	EXP 	trial_image: image = 'stimuli/A4.png'
19.3577 	EXP 	trial_image: autoDraw = True
19.5010 	EXP 	New trial (rep=24, index=0): None
19.5054 	DATA 	Keypress: left
19.5122 	EXP 	trial_image: autoDraw = False
19.5122 	EXP 	fixation_cross: autoDraw = True
19.5813 	DATA 	Keypress: right
19.6978 	DATA 	Keypress: left
19.7831 	DATA 	Keypress: right
19.8981 	DATA 	Keypress: left
20.0461 	DATA 	Keypress: right
20.0490 	EXP 	fixation_cross: autoDraw = False
20.0490 	EXP 	fixation_cross: autoDraw = False
20.0490 	EXP 	trial_image: image = 'stimuli/A1.png'
20.0490 	EXP 	trial_image: autoDraw = True
20.1001 	DATA 	Keypress: left
20.1120 	EXP 	trial_image: autoDraw = False
20.1120 	EXP 	fin_text: autoDraw = True
20.1992 	DATA 	Keypress: right
20.4150 	DATA 	Keypress: right
20.5329 	DATA 	Keypress: left
21.1339 	DATA 	Keypress: quoteleft
21.2527 	DATA 	Keypress: escape
21.3984 	EXP 	randomisation: status = STOPPED
21.4134 	EXP 	fin_text: autoDraw = False
21.4136 	EXP 	randomisation: status = STOPPED
21.5173 	EXP 	window1: mouseVisible = True
