5.5890 	WARNING 	C:\Users\andre\AppData\Roaming\psychopy3\fonts\Times.truetype doesn't have valid font family name
5.7189 	WARNING 	C:\Users\andre\AppData\Roaming\psychopy3\fonts\Times.truetype doesn't have valid font family name
8.6548 	WARNING 	User requested fullscreen with size [1920 1080], but screen is actually [3840, 2160]. Using actual size
12.3291 	EXP 	Created window1 = Window(allowGUI=True, allowStencil=False, autoLog=True, backendConf=UNKNOWN, backgroundFit=<method-wrapper '__getattribute__' of attributeSetter object at 0x000001F30EACAD00>, backgroundImage=<method-wrapper '__getattribute__' of attributeSetter object at 0x000001F30EACACA0>, bitsMode=UNKNOWN, blendMode='avg', bpc=(8, 8, 8), color=array([0, 0, 0]), colorSpace='rgb', depthBits=8, fullscr=<method-wrapper '__getattribute__' of attributeSetter object at 0x000001F30EACAAC0>, gamma=None, gammaErrorPolicy='raise', lms=UNKNOWN, monitor=<psychopy.monitors.calibTools.Monitor object at 0x000001F30ECD6C70>, multiSample=False, name='window1', numSamples=2, pos=(0, 0), screen=0, size=array([3840, 2160]), stencilBits=0, stereo=False, title='PsychoPy', units='height', useFBO=True, useRetina=False, viewOri=0.0, viewPos=None, viewScale=None, waitBlanking=True, winType='pyglet')
12.3292 	EXP 	window1: mouseVisible = True
12.3292 	EXP 	window1: backgroundImage = ''
12.3292 	EXP 	window1: backgroundFit = 'none'
12.3308 	EXP 	window1: Attempting to measure frame rate of screen (0) ...
12.3308 	EXP 	window1: recordFrameIntervals = False
12.4943 	EXP 	window1: recordFrameIntervals = True
12.6778 	EXP 	Screen (0) actual frame rate measured at 60.07Hz
12.6779 	EXP 	window1: recordFrameIntervals = False
12.6782 	EXP 	window1: mouseVisible = False
16.2110 	EXP 	randomisation: status = STARTED
16.2114 	EXP 	window1: mouseVisible = True
16.4294 	EXP 	Created intro_text = TextStim(__class__=<class 'psychopy.visual.text.TextStim'>, alignHoriz=method-wrapper(...), alignText='center', alignVert=method-wrapper(...), anchorHoriz='center', anchorVert='center', antialias=True, autoDraw=False, autoLog=True, bold=False, color=array([1., 1., 1.]), colorSpace='rgb', contrast=1.0, depth=0.0, draggable=False, flipHoriz=False, flipVert=False, font='Open Sans', fontFiles=[], height=0.05, italic=False, languageStyle='LTR', name='intro_text', opacity=1.0, ori=0.0, pos=array([0., 0.]), rgb=UNKNOWN, text=str(...), units='height', win=Window(...), wrapWidth=1)
16.4297 	EXP 	window1: mouseVisible = True
16.4318 	EXP 	Created fixation_cross = ShapeStim(__class__=<class 'psychopy.visual.shape.ShapeStim'>, anchor=('center', 'center'), autoDraw=False, autoLog=True, closeShape=True, color=method-wrapper(...), colorSpace='rgb', contrast=None, depth=0.0, draggable=False, fillColor=array([1, 1, 1]), fillColorSpace='rgb', fillRGB=array([1, 1, 1]), interpolate=True, lineColor=array([1., 1., 1.]), lineColorSpace='rgb', lineRGB=array([1, 1, 1]), lineWidth=1.0, name='fixation_cross', opacity=1.0, ori=0.0, pos=array([0., 0.]), size=array([0.05]), units='height', vertices=ndarray(...), win=Window(...), windingRule=None)
16.4319 	EXP 	window1: mouseVisible = True
16.4573 	EXP 	Created trial_image = ImageStim(__class__=<class 'psychopy.visual.image.ImageStim'>, anchor=('center', 'center'), autoLog=True, color=array([1., 1., 1.]), colorSpace='rgb', contrast=1.0, depth=-1.0, draggable=False, flipHoriz=False, flipVert=False, image='default.png', interpolate=True, mask=None, maskParams=None, name='trial_image', opacity=1.0, ori=0.0, pos=array([0., 0.]), size=array([0.5, 0.5]), texRes=128.0, units='height', win=Window(...))
16.4574 	EXP 	window1: mouseVisible = True
16.4660 	EXP 	Created fin_text = TextStim(__class__=<class 'psychopy.visual.text.TextStim'>, alignHoriz=method-wrapper(...), alignText='center', alignVert=method-wrapper(...), anchorHoriz='center', anchorVert='center', antialias=True, autoDraw=False, autoLog=True, bold=False, color=array([1., 1., 1.]), colorSpace='rgb', contrast=1.0, depth=0.0, draggable=False, flipHoriz=False, flipVert=False, font='Open Sans', fontFiles=[], height=0.05, italic=False, languageStyle='LTR', name='fin_text', opacity=1.0, ori=0.0, pos=array([0., 0.]), rgb=UNKNOWN, text='The experiment is now over.', units='height', win=Window(...), wrapWidth=1)
0.0268 	EXP 	Imported conditions_files/stim_names.xlsx as conditions, 5 conditions, 1 params
0.0275 	EXP 	Created sequence: fullRandom, trialTypes=5, nReps=5, seed=None
0.0277 	EXP 	New trial (rep=0, index=0): {'path': 'stimuli/A1.png'}
0.0283 	EXP 	New trial (rep=0, index=1): {'path': 'stimuli/A3.png'}
0.0289 	EXP 	New trial (rep=0, index=2): {'path': 'stimuli/A4.png'}
0.0297 	EXP 	New trial (rep=0, index=3): {'path': 'stimuli/A8.png'}
0.0303 	EXP 	New trial (rep=0, index=4): {'path': 'stimuli/A8.png'}
0.0311 	EXP 	New trial (rep=1, index=0): {'path': 'stimuli/A5.png'}
0.0317 	EXP 	New trial (rep=1, index=1): {'path': 'stimuli/A8.png'}
0.0321 	EXP 	New trial (rep=1, index=2): {'path': 'stimuli/A3.png'}
0.0326 	EXP 	New trial (rep=1, index=3): {'path': 'stimuli/A8.png'}
0.0329 	EXP 	New trial (rep=1, index=4): {'path': 'stimuli/A1.png'}
0.0332 	EXP 	New trial (rep=2, index=0): {'path': 'stimuli/A1.png'}
0.0336 	EXP 	New trial (rep=2, index=1): {'path': 'stimuli/A4.png'}
0.0339 	EXP 	New trial (rep=2, index=2): {'path': 'stimuli/A3.png'}
0.0342 	EXP 	New trial (rep=2, index=3): {'path': 'stimuli/A4.png'}
0.0346 	EXP 	New trial (rep=2, index=4): {'path': 'stimuli/A1.png'}
0.0349 	EXP 	New trial (rep=3, index=0): {'path': 'stimuli/A5.png'}
0.0353 	EXP 	New trial (rep=3, index=1): {'path': 'stimuli/A5.png'}
0.0356 	EXP 	New trial (rep=3, index=2): {'path': 'stimuli/A5.png'}
0.0360 	EXP 	New trial (rep=3, index=3): {'path': 'stimuli/A3.png'}
0.0363 	EXP 	New trial (rep=3, index=4): {'path': 'stimuli/A5.png'}
0.0367 	EXP 	New trial (rep=4, index=0): {'path': 'stimuli/A4.png'}
0.0371 	EXP 	New trial (rep=4, index=1): {'path': 'stimuli/A1.png'}
0.0374 	EXP 	New trial (rep=4, index=2): {'path': 'stimuli/A4.png'}
0.0378 	EXP 	New trial (rep=4, index=3): {'path': 'stimuli/A3.png'}
0.0381 	EXP 	New trial (rep=4, index=4): {'path': 'stimuli/A8.png'}
0.0452 	EXP 	intro_text: autoDraw = True
1.6577 	DATA 	Keypress: space
1.8377 	EXP 	Created sequence: sequential, trialTypes=1, nReps=25, seed=None
1.8387 	EXP 	New trial (rep=0, index=0): None
1.8504 	EXP 	intro_text: autoDraw = False
1.8504 	EXP 	fixation_cross: autoDraw = True
2.4577 	EXP 	fixation_cross: autoDraw = False
2.4577 	EXP 	fixation_cross: autoDraw = False
2.4577 	EXP 	trial_image: image = 'stimuli/A3.png'
2.4577 	EXP 	trial_image: autoDraw = True
2.9580 	EXP 	New trial (rep=1, index=0): None
2.9629 	DATA 	Keypress: right
2.9678 	EXP 	trial_image: autoDraw = False
2.9678 	EXP 	trial_image: autoDraw = False
2.9678 	EXP 	fixation_cross: autoDraw = True
3.7174 	EXP 	fixation_cross: autoDraw = False
3.7174 	EXP 	fixation_cross: autoDraw = False
3.7174 	EXP 	trial_image: image = 'stimuli/A5.png'
3.7174 	EXP 	trial_image: autoDraw = True
3.9770 	EXP 	New trial (rep=2, index=0): None
3.9819 	DATA 	Keypress: left
3.9854 	EXP 	trial_image: autoDraw = False
3.9854 	EXP 	fixation_cross: autoDraw = True
4.5493 	EXP 	fixation_cross: autoDraw = False
4.5493 	EXP 	fixation_cross: autoDraw = False
4.5493 	EXP 	trial_image: image = 'stimuli/A4.png'
4.5493 	EXP 	trial_image: autoDraw = True
4.8430 	EXP 	New trial (rep=3, index=0): None
4.8480 	DATA 	Keypress: right
4.8531 	EXP 	trial_image: autoDraw = False
4.8531 	EXP 	fixation_cross: autoDraw = True
5.5452 	EXP 	fixation_cross: autoDraw = False
5.5452 	EXP 	fixation_cross: autoDraw = False
5.5452 	EXP 	trial_image: image = 'stimuli/A5.png'
5.5452 	EXP 	trial_image: autoDraw = True
5.7444 	EXP 	New trial (rep=4, index=0): None
5.7494 	DATA 	Keypress: left
5.7542 	EXP 	trial_image: autoDraw = False
5.7542 	EXP 	fixation_cross: autoDraw = True
6.3309 	EXP 	fixation_cross: autoDraw = False
6.3309 	EXP 	fixation_cross: autoDraw = False
6.3309 	EXP 	trial_image: image = 'stimuli/A3.png'
6.3309 	EXP 	trial_image: autoDraw = True
6.6454 	EXP 	New trial (rep=5, index=0): None
6.6503 	DATA 	Keypress: right
6.6547 	EXP 	trial_image: autoDraw = False
6.6547 	EXP 	fixation_cross: autoDraw = True
7.3985 	EXP 	fixation_cross: autoDraw = False
7.3985 	EXP 	fixation_cross: autoDraw = False
7.3985 	EXP 	trial_image: image = 'stimuli/A8.png'
7.3985 	EXP 	trial_image: autoDraw = True
7.4621 	DATA 	Keypress: left
7.4790 	EXP 	New trial (rep=6, index=0): None
7.4892 	EXP 	trial_image: autoDraw = False
7.4892 	EXP 	fixation_cross: autoDraw = True
8.0602 	EXP 	fixation_cross: autoDraw = False
8.0602 	EXP 	fixation_cross: autoDraw = False
8.0602 	EXP 	trial_image: image = 'stimuli/A1.png'
8.0602 	EXP 	trial_image: autoDraw = True
8.2960 	EXP 	New trial (rep=7, index=0): None
8.3014 	DATA 	Keypress: right
8.3064 	EXP 	trial_image: autoDraw = False
8.3064 	EXP 	fixation_cross: autoDraw = True
9.0180 	EXP 	fixation_cross: autoDraw = False
9.0180 	EXP 	fixation_cross: autoDraw = False
9.0180 	EXP 	trial_image: image = 'stimuli/A8.png'
9.0180 	EXP 	trial_image: autoDraw = True
9.0346 	EXP 	New trial (rep=8, index=0): None
9.0394 	DATA 	Keypress: left
9.0430 	EXP 	trial_image: autoDraw = False
9.0430 	EXP 	fixation_cross: autoDraw = True
9.7432 	EXP 	fixation_cross: autoDraw = False
9.7432 	EXP 	fixation_cross: autoDraw = False
9.7432 	EXP 	trial_image: image = 'stimuli/A4.png'
9.7432 	EXP 	trial_image: autoDraw = True
9.9981 	EXP 	New trial (rep=9, index=0): None
10.0030 	DATA 	Keypress: right
10.0087 	EXP 	trial_image: autoDraw = False
10.0087 	EXP 	fixation_cross: autoDraw = True
10.6790 	EXP 	fixation_cross: autoDraw = False
10.6790 	EXP 	fixation_cross: autoDraw = False
10.6790 	EXP 	trial_image: image = 'stimuli/A1.png'
10.6790 	EXP 	trial_image: autoDraw = True
10.9326 	EXP 	New trial (rep=10, index=0): None
10.9374 	DATA 	Keypress: left
10.9424 	EXP 	trial_image: autoDraw = False
10.9424 	EXP 	fixation_cross: autoDraw = True
11.6003 	EXP 	fixation_cross: autoDraw = False
11.6003 	EXP 	fixation_cross: autoDraw = False
11.6003 	EXP 	trial_image: image = 'stimuli/A3.png'
11.6003 	EXP 	trial_image: autoDraw = True
11.8662 	EXP 	New trial (rep=11, index=0): None
11.8711 	DATA 	Keypress: right
11.8766 	EXP 	trial_image: autoDraw = False
11.8766 	EXP 	fixation_cross: autoDraw = True
12.5159 	EXP 	fixation_cross: autoDraw = False
12.5159 	EXP 	fixation_cross: autoDraw = False
12.5159 	EXP 	trial_image: image = 'stimuli/A4.png'
12.5159 	EXP 	trial_image: autoDraw = True
12.7670 	EXP 	New trial (rep=12, index=0): None
12.7719 	DATA 	Keypress: left
12.7776 	EXP 	trial_image: autoDraw = False
12.7776 	EXP 	fixation_cross: autoDraw = True
13.3445 	EXP 	fixation_cross: autoDraw = False
13.3445 	EXP 	fixation_cross: autoDraw = False
13.3445 	EXP 	trial_image: image = 'stimuli/A1.png'
13.3445 	EXP 	trial_image: autoDraw = True
13.6517 	EXP 	New trial (rep=13, index=0): None
13.6565 	DATA 	Keypress: right
13.6620 	EXP 	trial_image: autoDraw = False
13.6620 	EXP 	fixation_cross: autoDraw = True
14.2896 	EXP 	fixation_cross: autoDraw = False
14.2896 	EXP 	fixation_cross: autoDraw = False
14.2896 	EXP 	trial_image: image = 'stimuli/A4.png'
14.2896 	EXP 	trial_image: autoDraw = True
14.5023 	EXP 	New trial (rep=14, index=0): None
14.5071 	DATA 	Keypress: right
14.5126 	EXP 	trial_image: autoDraw = False
14.5126 	EXP 	fixation_cross: autoDraw = True
15.0704 	EXP 	fixation_cross: autoDraw = False
15.0704 	EXP 	fixation_cross: autoDraw = False
15.0704 	EXP 	trial_image: image = 'stimuli/A1.png'
15.0704 	EXP 	trial_image: autoDraw = True
15.3707 	DATA 	Keypress: right
15.3865 	EXP 	New trial (rep=15, index=0): None
15.3969 	EXP 	trial_image: autoDraw = False
15.3969 	EXP 	fixation_cross: autoDraw = True
16.1194 	EXP 	fixation_cross: autoDraw = False
16.1194 	EXP 	fixation_cross: autoDraw = False
16.1194 	EXP 	trial_image: image = 'stimuli/A5.png'
16.1194 	EXP 	trial_image: autoDraw = True
16.1880 	EXP 	New trial (rep=16, index=0): None
16.1932 	DATA 	Keypress: right
16.1974 	EXP 	trial_image: autoDraw = False
16.1974 	EXP 	fixation_cross: autoDraw = True
16.8769 	EXP 	fixation_cross: autoDraw = False
16.8769 	EXP 	fixation_cross: autoDraw = False
16.8769 	EXP 	trial_image: image = 'stimuli/A1.png'
16.8769 	EXP 	trial_image: autoDraw = True
17.0382 	EXP 	New trial (rep=17, index=0): None
17.0431 	DATA 	Keypress: right
17.0487 	EXP 	trial_image: autoDraw = False
17.0487 	EXP 	fixation_cross: autoDraw = True
17.7031 	EXP 	fixation_cross: autoDraw = False
17.7031 	EXP 	fixation_cross: autoDraw = False
17.7031 	EXP 	trial_image: image = 'stimuli/A4.png'
17.7031 	EXP 	trial_image: autoDraw = True
17.8242 	DATA 	Keypress: right
17.8392 	EXP 	New trial (rep=18, index=0): None
17.8495 	EXP 	trial_image: autoDraw = False
17.8495 	EXP 	fixation_cross: autoDraw = True
18.5420 	DATA 	Keypress: right
18.5485 	EXP 	fixation_cross: autoDraw = False
18.5485 	EXP 	fixation_cross: autoDraw = False
18.5485 	EXP 	trial_image: image = 'stimuli/A5.png'
18.5485 	EXP 	trial_image: autoDraw = True
18.9914 	EXP 	New trial (rep=19, index=0): None
18.9962 	DATA 	Keypress: right
19.0002 	EXP 	trial_image: autoDraw = False
19.0002 	EXP 	fixation_cross: autoDraw = True
19.5750 	EXP 	fixation_cross: autoDraw = False
19.5750 	EXP 	fixation_cross: autoDraw = False
19.5750 	EXP 	trial_image: image = 'stimuli/A8.png'
19.5750 	EXP 	trial_image: autoDraw = True
19.8256 	EXP 	New trial (rep=20, index=0): None
19.8305 	DATA 	Keypress: right
19.8344 	EXP 	trial_image: autoDraw = False
19.8344 	EXP 	fixation_cross: autoDraw = True
20.3913 	EXP 	fixation_cross: autoDraw = False
20.3913 	EXP 	fixation_cross: autoDraw = False
20.3913 	EXP 	trial_image: image = 'stimuli/A3.png'
20.3913 	EXP 	trial_image: autoDraw = True
20.6419 	EXP 	New trial (rep=21, index=0): None
20.6467 	DATA 	Keypress: right
20.6521 	EXP 	trial_image: autoDraw = False
20.6521 	EXP 	fixation_cross: autoDraw = True
21.3291 	EXP 	fixation_cross: autoDraw = False
21.3291 	EXP 	fixation_cross: autoDraw = False
21.3291 	EXP 	trial_image: image = 'stimuli/A8.png'
21.3291 	EXP 	trial_image: autoDraw = True
21.3913 	EXP 	New trial (rep=22, index=0): None
21.3946 	DATA 	Keypress: right
21.4030 	EXP 	trial_image: autoDraw = False
21.4030 	EXP 	fixation_cross: autoDraw = True
22.1214 	EXP 	fixation_cross: autoDraw = False
22.1214 	EXP 	fixation_cross: autoDraw = False
22.1214 	EXP 	trial_image: image = 'stimuli/A5.png'
22.1214 	EXP 	trial_image: autoDraw = True
22.2594 	EXP 	New trial (rep=23, index=0): None
22.2606 	DATA 	Keypress: right
22.2729 	EXP 	trial_image: autoDraw = False
22.2729 	EXP 	fixation_cross: autoDraw = True
22.8340 	EXP 	fixation_cross: autoDraw = False
22.8340 	EXP 	fixation_cross: autoDraw = False
22.8340 	EXP 	trial_image: image = 'stimuli/A3.png'
22.8340 	EXP 	trial_image: autoDraw = True
23.0951 	EXP 	New trial (rep=24, index=0): None
23.0999 	DATA 	Keypress: right
23.1043 	EXP 	trial_image: autoDraw = False
23.1043 	EXP 	fixation_cross: autoDraw = True
23.7078 	EXP 	fixation_cross: autoDraw = False
23.7078 	EXP 	fixation_cross: autoDraw = False
23.7078 	EXP 	trial_image: image = 'stimuli/A8.png'
23.7078 	EXP 	trial_image: autoDraw = True
23.8682 	DATA 	Keypress: right
23.8721 	EXP 	trial_image: autoDraw = False
23.8721 	EXP 	fin_text: autoDraw = True
26.8759 	EXP 	fin_text: autoDraw = False
26.8759 	EXP 	fin_text: autoDraw = False
26.8760 	EXP 	randomisation: status = STOPPED
28.8785 	EXP 	window1: mouseVisible = True
