3.6992 	WARNING 	C:\Users\andre\AppData\Roaming\psychopy3\fonts\Times.truetype doesn't have valid font family name
3.8096 	WARNING 	C:\Users\andre\AppData\Roaming\psychopy3\fonts\Times.truetype doesn't have valid font family name
5.2304 	WARNING 	User requested fullscreen with size [1920 1080], but screen is actually [3840, 2160]. Using actual size
6.0916 	DATA 	Mouse: Left button down, pos=(1558,1821)
6.1743 	DATA 	Mouse:  Left button up, pos=(1558,1821)
6.3392 	EXP 	Created window1 = Window(allowGUI=True, allowStencil=False, autoLog=True, backendConf=UNKNOWN, backgroundFit=<method-wrapper '__getattribute__' of attributeSetter object at 0x000001C40234FE20>, backgroundImage=<method-wrapper '__getattribute__' of attributeSetter object at 0x000001C40234FDC0>, bitsMode=UNKNOWN, blendMode='avg', bpc=(8, 8, 8), color=array([0, 0, 0]), colorSpace='rgb', depthBits=8, fullscr=<method-wrapper '__getattribute__' of attributeSetter object at 0x000001C40234FBE0>, gamma=None, gammaErrorPolicy='raise', lms=UNKNOWN, monitor=<psychopy.monitors.calibTools.Monitor object at 0x000001C407C15D00>, multiSample=False, name='window1', numSamples=2, pos=(0, 0), screen=0, size=array([3840, 2160]), stencilBits=0, stereo=False, title='PsychoPy', units='height', useFBO=True, useRetina=False, viewOri=0.0, viewPos=None, viewScale=None, waitBlanking=True, winType='pyglet')
6.3395 	EXP 	window1: mouseVisible = True
6.3395 	EXP 	window1: backgroundImage = ''
6.3395 	EXP 	window1: backgroundFit = 'none'
6.3416 	EXP 	window1: Attempting to measure frame rate of screen (0) ...
6.3416 	EXP 	window1: recordFrameIntervals = False
6.5053 	EXP 	window1: recordFrameIntervals = True
6.6903 	EXP 	Screen (0) actual frame rate measured at 59.43Hz
6.6904 	EXP 	window1: recordFrameIntervals = False
6.6906 	EXP 	window1: mouseVisible = False
8.9735 	EXP 	randomisation: status = STARTED
0.0025 	DATA 	Mouse: Left button down, pos=(2183,1467)
0.0026 	DATA 	Mouse:  Left button up, pos=(2183,1467)
0.0030 	DATA 	Keypress: escape
0.0036 	DATA 	Keypress: escape
0.0040 	DATA 	Keypress: escape
0.0041 	DATA 	Keypress: escape
0.0043 	DATA 	Keypress: escape
0.0045 	DATA 	Keypress: escape
0.0107 	EXP 	randomisation: status = STOPPED
0.0425 	EXP 	randomisation: status = STOPPED
0.0914 	DATA 	Keypress: escape
0.1614 	EXP 	window1: mouseVisible = True
