4.0693 	WARNING 	C:\Users\andre\AppData\Roaming\psychopy3\fonts\Times.truetype doesn't have valid font family name
4.1815 	WARNING 	C:\Users\andre\AppData\Roaming\psychopy3\fonts\Times.truetype doesn't have valid font family name
5.6637 	WARNING 	User requested fullscreen with size [1920 1080], but screen is actually [3840, 2160]. Using actual size
7.0796 	EXP 	Created window1 = Window(allowGUI=True, allowStencil=True, autoLog=True, backendConf=UNKNOWN, backgroundFit=<method-wrapper '__getattribute__' of attributeSetter object at 0x00000201A7FE0F40>, backgroundImage=<method-wrapper '__getattribute__' of attributeSetter object at 0x00000201A7FE0FA0>, bitsMode=UNKNOWN, blendMode='avg', bpc=(8, 8, 8), color=array([-1, -1, -1]), colorSpace='rgb', depthBits=8, fullscr=<method-wrapper '__getattribute__' of attributeSetter object at 0x00000201A7FE0DC0>, gamma=None, gammaErrorPolicy='raise', lms=UNKNOWN, monitor=<psychopy.monitors.calibTools.Monitor object at 0x00000201B246C160>, multiSample=False, name='window1', numSamples=2, pos=(0, 0), screen=0, size=array([3840, 2160]), stencilBits=8, stereo=False, title='PsychoPy', units='height', useFBO=True, useRetina=False, viewOri=0.0, viewPos=None, viewScale=None, waitBlanking=True, winType='pyglet')
7.0797 	EXP 	window1: mouseVisible = True
7.0798 	EXP 	window1: backgroundImage = ''
7.0798 	EXP 	window1: backgroundFit = 'none'
7.0815 	EXP 	window1: Attempting to measure frame rate of screen (0) ...
7.0815 	EXP 	window1: recordFrameIntervals = False
7.4124 	EXP 	window1: recordFrameIntervals = True
7.7795 	EXP 	Screen (0) actual frame rate measured at 30.00Hz
7.7795 	EXP 	window1: recordFrameIntervals = False
7.7796 	EXP 	window1: mouseVisible = False
10.6281 	EXP 	coding: status = STARTED
10.6292 	EXP 	window1: mouseVisible = True
10.6433 	EXP 	Created 0 = ShapeStim(__class__=<class 'psychopy.visual.shape.ShapeStim'>, anchor=('center', 'center'), autoDraw=False, autoLog=True, closeShape=True, color=method-wrapper(...), colorSpace='rgb', contrast=None, depth=-6.0, draggable=False, fillColor=array([1, 1, 1]), fillColorSpace='rgb', fillRGB=array([1, 1, 1]), interpolate=True, lineColor=array([1., 1., 1.]), lineColorSpace='rgb', lineRGB=array([1, 1, 1]), lineWidth=1.0, name='0', opacity=1.0, ori=0.0, pos=array([0., 0.]), size=array([0.05, 0.05]), units='height', vertices=ndarray(...), win=Window(...), windingRule=None)
10.6436 	EXP 	window1: mouseVisible = True
10.6529 	EXP 	Created 1 = ShapeStim(__class__=<class 'psychopy.visual.shape.ShapeStim'>, anchor=('center', 'center'), autoDraw=False, autoLog=True, closeShape=True, color=method-wrapper(...), colorSpace='rgb', contrast=None, depth=-6.0, draggable=False, fillColor=array([1, 1, 1]), fillColorSpace='rgb', fillRGB=array([1, 1, 1]), interpolate=True, lineColor=array([1., 1., 1.]), lineColorSpace='rgb', lineRGB=array([1, 1, 1]), lineWidth=1.0, name='1', opacity=1.0, ori=0.0, pos=array([0., 0.]), size=array([0.05, 0.05]), units='height', vertices=ndarray(...), win=Window(...), windingRule=None)
10.6530 	EXP 	window1: mouseVisible = True
10.6548 	EXP 	Created 2 = ShapeStim(__class__=<class 'psychopy.visual.shape.ShapeStim'>, anchor=('center', 'center'), autoDraw=False, autoLog=True, closeShape=True, color=method-wrapper(...), colorSpace='rgb', contrast=None, depth=-6.0, draggable=False, fillColor=array([1, 1, 1]), fillColorSpace='rgb', fillRGB=array([1, 1, 1]), interpolate=True, lineColor=array([1., 1., 1.]), lineColorSpace='rgb', lineRGB=array([1, 1, 1]), lineWidth=1.0, name='2', opacity=1.0, ori=0.0, pos=array([0., 0.]), size=array([0.05, 0.05]), units='height', vertices=ndarray(...), win=Window(...), windingRule=None)
10.6548 	EXP 	window1: mouseVisible = True
10.6566 	EXP 	Created 3 = ShapeStim(__class__=<class 'psychopy.visual.shape.ShapeStim'>, anchor=('center', 'center'), autoDraw=False, autoLog=True, closeShape=True, color=method-wrapper(...), colorSpace='rgb', contrast=None, depth=-6.0, draggable=False, fillColor=array([1, 1, 1]), fillColorSpace='rgb', fillRGB=array([1, 1, 1]), interpolate=True, lineColor=array([1., 1., 1.]), lineColorSpace='rgb', lineRGB=array([1, 1, 1]), lineWidth=1.0, name='3', opacity=1.0, ori=0.0, pos=array([0., 0.]), size=array([0.05, 0.05]), units='height', vertices=ndarray(...), win=Window(...), windingRule=None)
10.6567 	EXP 	window1: mouseVisible = True
10.6585 	EXP 	Created 4 = ShapeStim(__class__=<class 'psychopy.visual.shape.ShapeStim'>, anchor=('center', 'center'), autoDraw=False, autoLog=True, closeShape=True, color=method-wrapper(...), colorSpace='rgb', contrast=None, depth=-6.0, draggable=False, fillColor=array([1, 1, 1]), fillColorSpace='rgb', fillRGB=array([1, 1, 1]), interpolate=True, lineColor=array([1., 1., 1.]), lineColorSpace='rgb', lineRGB=array([1, 1, 1]), lineWidth=1.0, name='4', opacity=1.0, ori=0.0, pos=array([0., 0.]), size=array([0.05, 0.05]), units='height', vertices=ndarray(...), win=Window(...), windingRule=None)
10.6586 	EXP 	window1: mouseVisible = True
10.6605 	EXP 	Created 5 = ShapeStim(__class__=<class 'psychopy.visual.shape.ShapeStim'>, anchor=('center', 'center'), autoDraw=False, autoLog=True, closeShape=True, color=method-wrapper(...), colorSpace='rgb', contrast=None, depth=-6.0, draggable=False, fillColor=array([1, 1, 1]), fillColorSpace='rgb', fillRGB=array([1, 1, 1]), interpolate=True, lineColor=array([1., 1., 1.]), lineColorSpace='rgb', lineRGB=array([1, 1, 1]), lineWidth=1.0, name='5', opacity=1.0, ori=0.0, pos=array([0., 0.]), size=array([0.05, 0.05]), units='height', vertices=ndarray(...), win=Window(...), windingRule=None)
10.6606 	EXP 	window1: mouseVisible = True
10.6624 	EXP 	Created 6 = ShapeStim(__class__=<class 'psychopy.visual.shape.ShapeStim'>, anchor=('center', 'center'), autoDraw=False, autoLog=True, closeShape=True, color=method-wrapper(...), colorSpace='rgb', contrast=None, depth=-6.0, draggable=False, fillColor=array([1, 1, 1]), fillColorSpace='rgb', fillRGB=array([1, 1, 1]), interpolate=True, lineColor=array([1., 1., 1.]), lineColorSpace='rgb', lineRGB=array([1, 1, 1]), lineWidth=1.0, name='6', opacity=1.0, ori=0.0, pos=array([0., 0.]), size=array([0.05, 0.05]), units='height', vertices=ndarray(...), win=Window(...), windingRule=None)
10.6625 	EXP 	window1: mouseVisible = True
10.6644 	EXP 	Created 7 = ShapeStim(__class__=<class 'psychopy.visual.shape.ShapeStim'>, anchor=('center', 'center'), autoDraw=False, autoLog=True, closeShape=True, color=method-wrapper(...), colorSpace='rgb', contrast=None, depth=-6.0, draggable=False, fillColor=array([1, 1, 1]), fillColorSpace='rgb', fillRGB=array([1, 1, 1]), interpolate=True, lineColor=array([1., 1., 1.]), lineColorSpace='rgb', lineRGB=array([1, 1, 1]), lineWidth=1.0, name='7', opacity=1.0, ori=0.0, pos=array([0., 0.]), size=array([0.05, 0.05]), units='height', vertices=ndarray(...), win=Window(...), windingRule=None)
10.6645 	EXP 	window1: mouseVisible = True
10.6663 	EXP 	Created 8 = ShapeStim(__class__=<class 'psychopy.visual.shape.ShapeStim'>, anchor=('center', 'center'), autoDraw=False, autoLog=True, closeShape=True, color=method-wrapper(...), colorSpace='rgb', contrast=None, depth=-6.0, draggable=False, fillColor=array([1, 1, 1]), fillColorSpace='rgb', fillRGB=array([1, 1, 1]), interpolate=True, lineColor=array([1., 1., 1.]), lineColorSpace='rgb', lineRGB=array([1, 1, 1]), lineWidth=1.0, name='8', opacity=1.0, ori=0.0, pos=array([0., 0.]), size=array([0.05, 0.05]), units='height', vertices=ndarray(...), win=Window(...), windingRule=None)
10.6663 	EXP 	window1: mouseVisible = True
10.6682 	EXP 	Created 9 = ShapeStim(__class__=<class 'psychopy.visual.shape.ShapeStim'>, anchor=('center', 'center'), autoDraw=False, autoLog=True, closeShape=True, color=method-wrapper(...), colorSpace='rgb', contrast=None, depth=-6.0, draggable=False, fillColor=array([1, 1, 1]), fillColorSpace='rgb', fillRGB=array([1, 1, 1]), interpolate=True, lineColor=array([1., 1., 1.]), lineColorSpace='rgb', lineRGB=array([1, 1, 1]), lineWidth=1.0, name='9', opacity=1.0, ori=0.0, pos=array([0., 0.]), size=array([0.05, 0.05]), units='height', vertices=ndarray(...), win=Window(...), windingRule=None)
10.6738 	EXP 	window1: mouseVisible = True
10.6742 	EXP 	window1: mouseVisible = True
10.6773 	EXP 	window1: mouseVisible = True
10.6787 	EXP 	window1: mouseVisible = True
10.6971 	EXP 	Created trial_slider = Slider(__class__=<class 'psychopy.visual.slider.Slider'>, autoDraw=False, autoLog=True, borderColor=None, color=None, colorSpace='rgb', depth=-3, fillColor=None, flip=False, font='Open Sans', granularity=0.0, labelColor=None, labelHeight=0.05, labelWrapWidth=None, labels=None, lineColor=None, markerColor=None, name='trial_slider', opacity=None, ori=0.0, pos=array([ 0. , -0.2]), readOnly=False, self=UNKNOWN, size=array([0.5 , 0.05]), startValue=0, style='slider', styleTweaks=[], ticks=array([0, 1]), units='height', win=Window(...))
10.6972 	EXP 	window1: mouseVisible = True
10.6974 	EXP 	window1: mouseVisible = True
10.6975 	EXP 	window1: mouseVisible = True
10.6979 	EXP 	window1: mouseVisible = True
10.6984 	EXP 	window1: mouseVisible = True
10.7022 	EXP 	window1: mouseVisible = True
10.7023 	EXP 	window1: mouseVisible = True
10.7027 	EXP 	window1: mouseVisible = True
10.7032 	EXP 	window1: mouseVisible = True
10.7611 	EXP 	window1: mouseVisible = True
10.7628 	EXP 	Created trial_reset = Rect(__class__=<class 'psychopy.visual.rect.Rect'>, anchor=('center', 'center'), autoDraw=False, autoLog=True, closeShape=True, color=method-wrapper(...), colorSpace='rgb', contrast=None, depth=-6.0, draggable=False, fillColor=array([-1, -1,  1]), fillColorSpace='rgb', fillRGB=array([-1, -1,  1]), interpolate=True, lineColor=array([-1., -1.,  1.]), lineColorSpace='rgb', lineRGB=array([-1, -1,  1]), lineWidth=1.0, name='trial_reset', opacity=1.0, ori=0.0, pos=array([ 0.5, -0.4]), size=array([0.15, 0.1 ]), units='height', vertices=ndarray(...), win=Window(...))
10.7630 	EXP 	window1: mouseVisible = True
10.7631 	EXP 	window1: mouseVisible = True
10.7636 	EXP 	window1: mouseVisible = True
10.7641 	EXP 	window1: mouseVisible = True
10.7803 	EXP 	window1: mouseVisible = True
10.7804 	EXP 	window1: mouseVisible = True
10.7809 	EXP 	window1: mouseVisible = True
10.7814 	EXP 	window1: mouseVisible = True
0.0173 	EXP 	0: autoDraw = True
0.0173 	EXP 	1: autoDraw = True
0.0173 	EXP 	2: autoDraw = True
0.0173 	EXP 	3: autoDraw = True
0.0173 	EXP 	4: autoDraw = True
0.0173 	EXP 	5: autoDraw = True
0.0173 	EXP 	6: autoDraw = True
0.0173 	EXP 	7: autoDraw = True
0.0173 	EXP 	8: autoDraw = True
0.0173 	EXP 	9: autoDraw = True
0.0173 	EXP 	trial_slider: autoLog = True
0.0173 	EXP 	trial_slider: styleTweaks = []
0.0173 	EXP 	trial_slider: styleTweaks = []
0.0173 	EXP 	trial_slider: styleTweaks = []
0.0173 	EXP 	trial_slider: styleTweaks = []
0.0173 	EXP 	trial_slider: contrast = 1.0
0.0173 	EXP 	trial_slider: markerPos = 0
0.0173 	EXP 	trial_slider: autoLog = True
0.0173 	EXP 	trial_textbox: autoLog = True
0.0173 	EXP 	trial_reset_text: autoLog = True
0.0185 	EXP 	Created sequence: sequential, trialTypes=1, nReps=9999, seed=None
0.0473 	EXP 	New trial (rep=0, index=0): None
0.1650 	EXP 	trial_slider: markerPos = None
0.1650 	EXP 	trial_slider: markerPos = 0
0.1650 	EXP 	trial_slider: autoDraw = True
0.1650 	EXP 	trial_textbox: autoDraw = True
0.1650 	EXP 	trial_reset: autoDraw = True
0.1650 	EXP 	trial_reset_text: autoDraw = True
1.7102 	DATA 	Mouse: Left button down, pos=(1393,632)
1.7368 	EXP 	trial_slider: markerPos = 0.012037037037037013
1.7709 	EXP 	trial_slider: markerPos = 0.012037037037037013
1.8034 	EXP 	trial_slider: markerPos = 0.012037037037037013
1.8368 	EXP 	trial_slider: markerPos = 0.0222222222222222
1.8705 	EXP 	trial_slider: markerPos = 0.03888888888888886
1.9035 	EXP 	trial_slider: markerPos = 0.04814814814814816
1.9711 	EXP 	trial_slider: markerPos = 0.05277777777777776
2.0917 	EXP 	trial_slider: markerPos = 0.060185185185185175
2.2020 	EXP 	trial_slider: markerPos = 0.07222222222222224
2.3121 	EXP 	trial_slider: markerPos = 0.07314814814814813
2.4216 	EXP 	trial_slider: markerPos = 0.08148148148148149
2.5306 	EXP 	trial_slider: markerPos = 0.09166666666666667
2.6359 	EXP 	trial_slider: markerPos = 0.10370370370370369
2.7407 	EXP 	trial_slider: markerPos = 0.1287037037037037
2.8553 	EXP 	trial_slider: markerPos = 0.15000000000000002
2.9659 	EXP 	trial_slider: markerPos = 0.1648148148148148
3.0720 	EXP 	trial_slider: markerPos = 0.18425925925925923
3.1847 	EXP 	trial_slider: markerPos = 0.20833333333333331
3.2903 	EXP 	trial_slider: markerPos = 0.2287037037037037
3.4029 	EXP 	trial_slider: markerPos = 0.2509259259259259
3.5180 	EXP 	trial_slider: markerPos = 0.2685185185185185
3.6268 	EXP 	trial_slider: markerPos = 0.30462962962962964
3.7392 	EXP 	trial_slider: markerPos = 0.33796296296296297
3.8557 	EXP 	trial_slider: markerPos = 0.3740740740740741
3.9694 	EXP 	trial_slider: markerPos = 0.41203703703703703
4.0849 	EXP 	trial_slider: markerPos = 0.4277777777777778
4.1948 	EXP 	trial_slider: markerPos = 0.43703703703703706
4.3069 	EXP 	trial_slider: markerPos = 0.4601851851851852
4.4216 	EXP 	trial_slider: markerPos = 0.5064814814814815
4.5382 	EXP 	trial_slider: markerPos = 0.5527777777777778
4.6496 	EXP 	trial_slider: markerPos = 0.612037037037037
4.7584 	EXP 	trial_slider: markerPos = 0.6898148148148149
4.8691 	EXP 	trial_slider: markerPos = 0.7555555555555555
4.9882 	EXP 	trial_slider: markerPos = 0.8009259259259259
5.1039 	EXP 	trial_slider: markerPos = 0.8435185185185186
5.2149 	EXP 	trial_slider: markerPos = 0.8712962962962962
5.3316 	EXP 	trial_slider: markerPos = 0.8990740740740741
5.4558 	EXP 	trial_slider: markerPos = 0.9407407407407408
5.5851 	EXP 	trial_slider: markerPos = 0.9916666666666667
5.7000 	EXP 	trial_slider: markerPos = 1.0175925925925926
5.8160 	EXP 	trial_slider: markerPos = 1.039814814814815
5.9350 	EXP 	trial_slider: markerPos = 1.050925925925926
6.0524 	EXP 	trial_slider: markerPos = 1.0555555555555556
6.1711 	EXP 	trial_slider: markerPos = 1.0592592592592593
6.3129 	EXP 	trial_slider: markerPos = 1.0592592592592593
6.4451 	EXP 	trial_slider: markerPos = 1.0592592592592593
6.5783 	EXP 	trial_slider: markerPos = 0.9268518518518518
6.6984 	EXP 	trial_slider: markerPos = 0.6814814814814815
6.8164 	EXP 	trial_slider: markerPos = 0.4787037037037037
6.9514 	EXP 	trial_slider: markerPos = 0.3787037037037037
6.9863 	EXP 	trial_slider: markerPos = 0.31666666666666665
7.0236 	EXP 	trial_slider: markerPos = 0.3027777777777778
7.0745 	EXP 	trial_slider: markerPos = 0.29166666666666663
7.1224 	EXP 	trial_slider: markerPos = 0.2833333333333333
7.1601 	EXP 	trial_slider: markerPos = 0.2777777777777778
7.1984 	EXP 	trial_slider: markerPos = 0.27314814814814814
7.2320 	EXP 	trial_slider: markerPos = 0.26944444444444443
7.2650 	EXP 	trial_slider: markerPos = 0.26481481481481484
7.2982 	EXP 	trial_slider: markerPos = 0.26203703703703707
7.3317 	EXP 	trial_slider: markerPos = 0.2564814814814815
7.3650 	EXP 	trial_slider: markerPos = 0.25
7.3985 	EXP 	trial_slider: markerPos = 0.23981481481481481
7.4311 	EXP 	trial_slider: markerPos = 0.2324074074074074
7.4661 	EXP 	trial_slider: markerPos = 0.22499999999999998
7.4983 	EXP 	trial_slider: markerPos = 0.22129629629629627
7.5319 	EXP 	trial_slider: markerPos = 0.21666666666666667
7.5649 	EXP 	trial_slider: markerPos = 0.21111111111111114
7.5983 	EXP 	trial_slider: markerPos = 0.20555555555555555
7.6314 	EXP 	trial_slider: markerPos = 0.20092592592592595
7.6650 	EXP 	trial_slider: markerPos = 0.19907407407407407
7.6986 	EXP 	trial_slider: markerPos = 0.19537037037037036
7.7317 	EXP 	trial_slider: markerPos = 0.19166666666666665
7.7650 	EXP 	trial_slider: markerPos = 0.18981481481481483
7.7984 	EXP 	trial_slider: markerPos = 0.18611111111111112
7.8319 	EXP 	trial_slider: markerPos = 0.18518518518518517
7.8645 	EXP 	trial_slider: markerPos = 0.18148148148148147
7.8981 	EXP 	trial_slider: markerPos = 0.17777777777777776
7.9312 	EXP 	trial_slider: markerPos = 0.17129629629629628
7.9650 	EXP 	trial_slider: markerPos = 0.1685185185185185
7.9983 	EXP 	trial_slider: markerPos = 0.16388888888888886
8.0314 	EXP 	trial_slider: markerPos = 0.15925925925925927
8.0646 	EXP 	trial_slider: markerPos = 0.15555555555555556
8.0979 	EXP 	trial_slider: markerPos = 0.1509259259259259
8.1318 	EXP 	trial_slider: markerPos = 0.1472222222222222
8.1641 	EXP 	trial_slider: markerPos = 0.13518518518518519
8.2265 	EXP 	trial_slider: markerPos = 0.12129629629629629
8.2604 	EXP 	trial_slider: markerPos = 0.09722222222222221
8.2935 	EXP 	trial_slider: markerPos = 0.08981481481481479
8.3714 	EXP 	trial_slider: markerPos = 0.08240740740740743
8.4044 	EXP 	trial_slider: markerPos = 0.06203703703703706
8.4377 	EXP 	trial_slider: markerPos = 0.05740740740740741
8.4710 	EXP 	trial_slider: markerPos = 0.0537037037037037
8.5046 	EXP 	trial_slider: markerPos = 0.04999999999999999
8.5663 	EXP 	trial_slider: markerPos = 0.04907407407407405
8.5996 	EXP 	trial_slider: markerPos = 0.04351851851851851
8.6335 	EXP 	trial_slider: markerPos = 0.040740740740740744
8.6667 	EXP 	trial_slider: markerPos = 0.036111111111111094
8.6995 	EXP 	trial_slider: markerPos = 0.03425925925925927
8.7357 	EXP 	trial_slider: markerPos = 0.0314814814814815
8.8030 	EXP 	trial_slider: markerPos = 0.029629629629629617
8.8745 	EXP 	trial_slider: markerPos = 0.025925925925925908
8.9478 	EXP 	trial_slider: markerPos = 0.0222222222222222
9.0177 	EXP 	trial_slider: markerPos = 0.017592592592592604
9.0696 	EXP 	trial_slider: markerPos = 0.012962962962962954
9.1275 	EXP 	trial_slider: markerPos = 0.011111111111111127
9.1859 	EXP 	trial_slider: markerPos = 0.00833333333333336
9.2398 	EXP 	trial_slider: markerPos = 0.007407407407407418
9.2834 	EXP 	trial_slider: markerPos = 0.00462962962962965
9.3203 	EXP 	trial_slider: markerPos = 0.003703703703703709
9.3577 	EXP 	trial_slider: markerPos = 0.002777777777777768
9.4008 	EXP 	trial_slider: markerPos = 0.0009259259259259411
9.4414 	EXP 	trial_slider: markerPos = 0.0009259259259259411
9.4825 	EXP 	trial_slider: markerPos = 0.0
9.5228 	EXP 	trial_slider: markerPos = -0.0009259259259258856
9.5620 	EXP 	trial_slider: markerPos = -0.0018518518518518823
9.5995 	EXP 	trial_slider: markerPos = -0.0018518518518518823
9.6297 	EXP 	trial_slider: markerPos = -0.0037037037037036535
9.6630 	EXP 	trial_slider: markerPos = -0.0037037037037036535
9.6965 	EXP 	trial_slider: markerPos = -0.0037037037037036535
9.7297 	EXP 	trial_slider: markerPos = -0.00462962962962965
9.7632 	EXP 	trial_slider: markerPos = -0.005555555555555536
9.7967 	EXP 	trial_slider: markerPos = -0.005555555555555536
9.8301 	EXP 	trial_slider: markerPos = -0.005555555555555536
9.8858 	EXP 	trial_slider: markerPos = -0.005555555555555536
9.9175 	EXP 	trial_slider: markerPos = -0.005555555555555536
9.9509 	EXP 	trial_slider: markerPos = -0.005555555555555536
9.9843 	EXP 	trial_slider: markerPos = -0.005555555555555536
10.0178 	EXP 	trial_slider: markerPos = -0.0009259259259258856
10.0511 	EXP 	trial_slider: markerPos = 0.00833333333333336
10.0843 	EXP 	trial_slider: markerPos = 0.017592592592592604
10.1182 	EXP 	trial_slider: markerPos = 0.0222222222222222
10.1578 	EXP 	trial_slider: markerPos = 0.02407407407407408
10.2066 	EXP 	trial_slider: markerPos = 0.025000000000000022
10.2371 	EXP 	trial_slider: markerPos = 0.02870370370370373
10.2707 	EXP 	trial_slider: markerPos = 0.030555555555555558
10.3040 	EXP 	trial_slider: markerPos = 0.033333333333333326
10.3439 	EXP 	trial_slider: markerPos = 0.03518518518518521
10.3920 	EXP 	trial_slider: markerPos = 0.036111111111111094
10.4403 	EXP 	trial_slider: markerPos = 0.037962962962962976
10.4882 	EXP 	trial_slider: markerPos = 0.03888888888888886
10.5382 	EXP 	trial_slider: markerPos = 0.0398148148148148
10.5873 	EXP 	trial_slider: markerPos = 0.045370370370370394
10.6358 	EXP 	trial_slider: markerPos = 0.04999999999999999
10.6842 	EXP 	trial_slider: markerPos = 0.0537037037037037
10.7334 	EXP 	trial_slider: markerPos = 0.060185185185185175
10.7827 	EXP 	trial_slider: markerPos = 0.06574074074074077
10.8312 	EXP 	trial_slider: markerPos = 0.06944444444444442
10.8800 	EXP 	trial_slider: markerPos = 0.07500000000000001
10.9284 	EXP 	trial_slider: markerPos = 0.07870370370370372
10.9772 	EXP 	trial_slider: markerPos = 0.08148148148148149
11.0264 	EXP 	trial_slider: markerPos = 0.08425925925925926
11.0568 	EXP 	trial_slider: markerPos = 0.08796296296296297
11.0901 	EXP 	trial_slider: markerPos = 0.0888888888888889
11.1235 	EXP 	trial_slider: markerPos = 0.0888888888888889
11.1568 	EXP 	trial_slider: markerPos = 0.0888888888888889
11.1908 	EXP 	trial_slider: markerPos = 0.0888888888888889
11.2233 	EXP 	trial_slider: markerPos = 0.0888888888888889
11.2567 	EXP 	trial_slider: markerPos = 0.0888888888888889
11.2900 	EXP 	trial_slider: markerPos = 0.0888888888888889
11.3236 	EXP 	trial_slider: markerPos = 0.0888888888888889
11.3568 	EXP 	trial_slider: markerPos = 0.09259259259259262
11.3901 	EXP 	trial_slider: markerPos = 0.09444444444444444
11.4244 	EXP 	trial_slider: markerPos = 0.09537037037037038
11.4578 	EXP 	trial_slider: markerPos = 0.09537037037037038
11.4901 	EXP 	trial_slider: markerPos = 0.09537037037037038
11.5235 	EXP 	trial_slider: markerPos = 0.09537037037037038
11.5568 	EXP 	trial_slider: markerPos = 0.09537037037037038
11.5901 	EXP 	trial_slider: markerPos = 0.09444444444444444
11.6234 	EXP 	trial_slider: markerPos = 0.09444444444444444
11.6568 	EXP 	trial_slider: markerPos = 0.0935185185185185
11.6900 	EXP 	trial_slider: markerPos = 0.09074074074074073
11.7235 	EXP 	trial_slider: markerPos = 0.0888888888888889
11.7586 	EXP 	trial_slider: markerPos = 0.0851851851851852
11.7906 	EXP 	trial_slider: markerPos = 0.07870370370370372
11.8239 	EXP 	trial_slider: markerPos = 0.07685185185185184
11.8574 	EXP 	trial_slider: markerPos = 0.07592592592592595
11.9202 	EXP 	trial_slider: markerPos = 0.07407407407407407
11.9952 	EXP 	trial_slider: markerPos = 0.06851851851851853
12.0697 	EXP 	trial_slider: markerPos = 0.060185185185185175
12.1460 	EXP 	trial_slider: markerPos = 0.05092592592592593
12.2197 	EXP 	trial_slider: markerPos = 0.04259259259259257
12.2928 	EXP 	trial_slider: markerPos = 0.03888888888888886
12.3631 	EXP 	trial_slider: markerPos = 0.03425925925925927
12.4002 	EXP 	trial_slider: markerPos = 0.03425925925925927
12.4316 	EXP 	trial_slider: markerPos = 0.03425925925925927
12.4659 	EXP 	trial_slider: markerPos = 0.033333333333333326
12.4984 	EXP 	trial_slider: markerPos = 0.029629629629629617
12.5320 	EXP 	trial_slider: markerPos = 0.02777777777777779
12.5652 	EXP 	trial_slider: markerPos = 0.02685185185185185
12.6276 	EXP 	trial_slider: markerPos = 0.02314814814814814
12.6951 	EXP 	trial_slider: markerPos = 0.018518518518518545
12.7382 	EXP 	trial_slider: markerPos = 0.017592592592592604
12.7807 	EXP 	trial_slider: markerPos = 0.015740740740740722
12.8245 	EXP 	trial_slider: markerPos = 0.017592592592592604
12.8694 	EXP 	trial_slider: markerPos = 0.021296296296296313
12.9125 	EXP 	trial_slider: markerPos = 0.03518518518518521
12.9446 	EXP 	trial_slider: markerPos = 0.05740740740740741
12.9779 	EXP 	trial_slider: markerPos = 0.07870370370370372
13.0112 	EXP 	trial_slider: markerPos = 0.10185185185185186
13.0447 	EXP 	trial_slider: markerPos = 0.11666666666666664
13.0781 	EXP 	trial_slider: markerPos = 0.12407407407407406
13.1233 	EXP 	trial_slider: markerPos = 0.13333333333333336
13.1955 	EXP 	trial_slider: markerPos = 0.14537037037037037
13.2685 	EXP 	trial_slider: markerPos = 0.1564814814814815
13.3295 	EXP 	trial_slider: markerPos = 0.15740740740740738
13.3651 	EXP 	trial_slider: markerPos = 0.15370370370370373
13.3965 	EXP 	trial_slider: markerPos = 0.13333333333333336
13.4298 	EXP 	trial_slider: markerPos = 0.11203703703703705
13.4630 	EXP 	trial_slider: markerPos = 0.07777777777777778
13.4962 	EXP 	trial_slider: markerPos = 0.05462962962962964
13.5589 	EXP 	trial_slider: markerPos = 0.04629629629629628
13.5914 	EXP 	trial_slider: markerPos = 0.0314814814814815
13.6245 	EXP 	trial_slider: markerPos = 0.02685185185185185
13.6592 	EXP 	trial_slider: markerPos = 0.0222222222222222
13.7107 	EXP 	trial_slider: markerPos = 0.020370370370370372
13.7694 	EXP 	trial_slider: markerPos = 0.017592592592592604
13.8241 	EXP 	trial_slider: markerPos = 0.015740740740740722
13.8612 	EXP 	trial_slider: markerPos = 0.013888888888888895
13.9061 	EXP 	trial_slider: markerPos = 0.013888888888888895
13.9797 	EXP 	trial_slider: markerPos = 0.012962962962962954
14.0556 	EXP 	trial_slider: markerPos = 0.00833333333333336
14.1295 	EXP 	trial_slider: markerPos = -0.0009259259259258856
14.2022 	EXP 	trial_slider: markerPos = -0.008333333333333304
14.2721 	EXP 	trial_slider: markerPos = -0.012037037037037068
14.3088 	EXP 	trial_slider: markerPos = -0.012037037037037068
14.3412 	EXP 	trial_slider: markerPos = -0.012037037037037068
14.3912 	EXP 	trial_slider: markerPos = -0.012037037037037068
14.4240 	EXP 	trial_slider: markerPos = -0.0092592592592593
14.4568 	EXP 	trial_slider: markerPos = -0.005555555555555536
14.4898 	EXP 	trial_slider: markerPos = -0.0037037037037036535
14.5232 	EXP 	trial_slider: markerPos = 0.0009259259259259411
14.5562 	EXP 	trial_slider: markerPos = 0.00462962962962965
14.5917 	EXP 	trial_slider: markerPos = 0.009259259259259245
14.6586 	EXP 	trial_slider: markerPos = 0.012037037037037013
14.7244 	EXP 	trial_slider: markerPos = 0.013888888888888895
14.7563 	EXP 	trial_slider: markerPos = 0.013888888888888895
14.7900 	EXP 	trial_slider: markerPos = 0.013888888888888895
14.8470 	EXP 	trial_slider: markerPos = 0.013888888888888895
14.8785 	EXP 	trial_slider: markerPos = 0.013888888888888895
14.9124 	EXP 	trial_slider: markerPos = 0.013888888888888895
14.9715 	EXP 	trial_slider: markerPos = 0.013888888888888895
15.0029 	EXP 	trial_slider: markerPos = 0.013888888888888895
15.0375 	EXP 	trial_slider: markerPos = 0.013888888888888895
15.0704 	EXP 	trial_slider: markerPos = 0.013888888888888895
15.1458 	EXP 	trial_slider: markerPos = 0.012962962962962954
15.1780 	EXP 	trial_slider: markerPos = 0.010185185185185186
15.2114 	EXP 	trial_slider: markerPos = 0.010185185185185186
15.2448 	EXP 	trial_slider: markerPos = 0.010185185185185186
15.2780 	EXP 	trial_slider: markerPos = 0.009259259259259245
15.3114 	EXP 	trial_slider: markerPos = 0.009259259259259245
15.3448 	EXP 	trial_slider: markerPos = 0.00833333333333336
15.3782 	EXP 	trial_slider: markerPos = 0.00833333333333336
15.4114 	EXP 	trial_slider: markerPos = 0.00833333333333336
15.4449 	EXP 	trial_slider: markerPos = 0.007407407407407418
15.4816 	EXP 	trial_slider: markerPos = 0.007407407407407418
15.5196 	EXP 	trial_slider: markerPos = 0.007407407407407418
15.5564 	EXP 	trial_slider: markerPos = 0.007407407407407418
15.5887 	EXP 	trial_slider: markerPos = 0.007407407407407418
15.6218 	EXP 	trial_slider: markerPos = 0.007407407407407418
15.6552 	EXP 	trial_slider: markerPos = 0.007407407407407418
15.6884 	EXP 	trial_slider: markerPos = 0.007407407407407418
15.7217 	EXP 	trial_slider: markerPos = 0.005555555555555536
15.7549 	EXP 	trial_slider: markerPos = 0.00462962962962965
15.7883 	EXP 	trial_slider: markerPos = 0.003703703703703709
15.8218 	EXP 	trial_slider: markerPos = 0.002777777777777768
15.8644 	EXP 	trial_slider: markerPos = 0.0009259259259259411
15.9098 	EXP 	trial_slider: markerPos = 0.0
15.9549 	EXP 	trial_slider: markerPos = -0.0009259259259258856
16.0017 	EXP 	trial_slider: markerPos = -0.002777777777777768
16.0487 	EXP 	trial_slider: markerPos = -0.0037037037037036535
16.0955 	EXP 	trial_slider: markerPos = -0.005555555555555536
16.1422 	EXP 	trial_slider: markerPos = -0.007407407407407418
16.1897 	EXP 	trial_slider: markerPos = -0.0092592592592593
16.2369 	EXP 	trial_slider: markerPos = -0.012037037037037068
16.2837 	EXP 	trial_slider: markerPos = -0.012962962962962954
16.3313 	EXP 	trial_slider: markerPos = -0.014814814814814836
16.3787 	EXP 	trial_slider: markerPos = -0.017592592592592604
16.4239 	EXP 	trial_slider: markerPos = -0.01851851851851849
16.4651 	EXP 	trial_slider: markerPos = -0.01851851851851849
16.4968 	EXP 	trial_slider: markerPos = -0.01851851851851849
16.5443 	EXP 	trial_slider: markerPos = -0.01851851851851849
16.5761 	EXP 	trial_slider: markerPos = -0.019444444444444486
16.6090 	EXP 	trial_slider: markerPos = -0.019444444444444486
16.6425 	EXP 	trial_slider: markerPos = -0.019444444444444486
16.6757 	EXP 	trial_slider: markerPos = -0.019444444444444486
16.7091 	EXP 	trial_slider: markerPos = -0.017592592592592604
16.7425 	EXP 	trial_slider: markerPos = -0.015740740740740722
16.7758 	EXP 	trial_slider: markerPos = -0.015740740740740722
16.8092 	EXP 	trial_slider: markerPos = -0.014814814814814836
16.8424 	EXP 	trial_slider: markerPos = -0.01388888888888884
16.8759 	EXP 	trial_slider: markerPos = -0.01388888888888884
16.9092 	EXP 	trial_slider: markerPos = -0.012962962962962954
16.9427 	EXP 	trial_slider: markerPos = -0.012962962962962954
16.9758 	EXP 	trial_slider: markerPos = -0.011111111111111072
17.0093 	EXP 	trial_slider: markerPos = -0.011111111111111072
17.0426 	EXP 	trial_slider: markerPos = -0.011111111111111072
17.0762 	EXP 	trial_slider: markerPos = -0.010185185185185186
17.1098 	EXP 	trial_slider: markerPos = -0.0092592592592593
17.1428 	EXP 	trial_slider: markerPos = -0.008333333333333304
17.1758 	EXP 	trial_slider: markerPos = -0.0064814814814815325
17.2096 	EXP 	trial_slider: markerPos = -0.0064814814814815325
17.2434 	EXP 	trial_slider: markerPos = -0.0064814814814815325
17.2761 	EXP 	trial_slider: markerPos = -0.005555555555555536
17.3091 	EXP 	trial_slider: markerPos = -0.005555555555555536
17.3427 	EXP 	trial_slider: markerPos = -0.005555555555555536
17.3760 	EXP 	trial_slider: markerPos = -0.005555555555555536
17.4091 	EXP 	trial_slider: markerPos = -0.005555555555555536
17.4426 	EXP 	trial_slider: markerPos = -0.005555555555555536
17.4758 	EXP 	trial_slider: markerPos = -0.005555555555555536
17.5092 	EXP 	trial_slider: markerPos = -0.005555555555555536
17.5427 	EXP 	trial_slider: markerPos = -0.005555555555555536
17.5759 	EXP 	trial_slider: markerPos = -0.005555555555555536
17.6091 	EXP 	trial_slider: markerPos = -0.005555555555555536
17.6426 	EXP 	trial_slider: markerPos = -0.005555555555555536
17.6758 	EXP 	trial_slider: markerPos = -0.005555555555555536
17.7092 	EXP 	trial_slider: markerPos = -0.005555555555555536
17.7425 	EXP 	trial_slider: markerPos = -0.005555555555555536
17.7757 	EXP 	trial_slider: markerPos = -0.005555555555555536
17.8092 	EXP 	trial_slider: markerPos = -0.005555555555555536
17.8426 	EXP 	trial_slider: markerPos = -0.005555555555555536
17.8759 	EXP 	trial_slider: markerPos = -0.005555555555555536
17.9092 	EXP 	trial_slider: markerPos = -0.005555555555555536
17.9426 	EXP 	trial_slider: markerPos = -0.005555555555555536
17.9760 	EXP 	trial_slider: markerPos = -0.005555555555555536
18.0091 	EXP 	trial_slider: markerPos = -0.005555555555555536
18.0426 	EXP 	trial_slider: markerPos = -0.005555555555555536
18.0757 	EXP 	trial_slider: markerPos = -0.005555555555555536
18.1092 	EXP 	trial_slider: markerPos = -0.005555555555555536
18.1424 	EXP 	trial_slider: markerPos = -0.005555555555555536
18.1759 	EXP 	trial_slider: markerPos = -0.005555555555555536
18.2092 	EXP 	trial_slider: markerPos = -0.005555555555555536
18.2425 	EXP 	trial_slider: markerPos = -0.005555555555555536
18.2758 	EXP 	trial_slider: markerPos = -0.005555555555555536
18.3092 	EXP 	trial_slider: markerPos = -0.005555555555555536
18.3426 	EXP 	trial_slider: markerPos = -0.005555555555555536
18.3757 	EXP 	trial_slider: markerPos = -0.005555555555555536
18.4093 	EXP 	trial_slider: markerPos = -0.005555555555555536
18.4425 	EXP 	trial_slider: markerPos = -0.005555555555555536
18.4668 	DATA 	Mouse:  Left button up, pos=(1374,645)
18.4759 	EXP 	trial_slider: markerPos = -0.005555555555555536
18.5092 	EXP 	trial_slider: markerPos = 0.0
20.3289 	DATA 	Mouse: Left button down, pos=(1374,645)
20.3761 	EXP 	trial_slider: markerPos = -0.005555555555555536
20.4101 	EXP 	trial_slider: markerPos = -0.005555555555555536
20.4438 	EXP 	trial_slider: markerPos = -0.005555555555555536
20.4763 	EXP 	trial_slider: markerPos = -0.005555555555555536
20.5091 	EXP 	trial_slider: markerPos = -0.00462962962962965
20.5425 	EXP 	trial_slider: markerPos = -0.0009259259259258856
20.5757 	EXP 	trial_slider: markerPos = 0.002777777777777768
20.6103 	EXP 	trial_slider: markerPos = 0.006481481481481477
20.6425 	EXP 	trial_slider: markerPos = 0.007407407407407418
20.6901 	EXP 	trial_slider: markerPos = 0.00833333333333336
20.7451 	EXP 	trial_slider: markerPos = 0.009259259259259245
20.7774 	EXP 	trial_slider: markerPos = 0.011111111111111127
20.8105 	EXP 	trial_slider: markerPos = 0.012962962962962954
20.8438 	EXP 	trial_slider: markerPos = 0.012962962962962954
20.8771 	EXP 	trial_slider: markerPos = 0.016666666666666663
20.9104 	EXP 	trial_slider: markerPos = 0.016666666666666663
20.9437 	EXP 	trial_slider: markerPos = 0.016666666666666663
20.9462 	DATA 	Mouse:  Left button up, pos=(1398,649)
20.9771 	EXP 	trial_slider: markerPos = 0.016666666666666663
21.4730 	DATA 	Mouse: Left button down, pos=(1402,645)
21.5116 	EXP 	trial_slider: markerPos = 0.020370370370370372
21.5440 	EXP 	trial_slider: markerPos = 0.020370370370370372
21.5772 	EXP 	trial_slider: markerPos = 0.020370370370370372
21.6104 	EXP 	trial_slider: markerPos = 0.056481481481481466
21.6440 	EXP 	trial_slider: markerPos = 0.12407407407407406
21.6770 	EXP 	trial_slider: markerPos = 0.22314814814814815
21.7104 	EXP 	trial_slider: markerPos = 0.3037037037037037
21.7438 	EXP 	trial_slider: markerPos = 0.3592592592592593
21.7815 	EXP 	trial_slider: markerPos = 0.37592592592592594
21.8171 	DATA 	Mouse:  Left button up, pos=(1786,627)
21.8208 	EXP 	trial_slider: markerPos = 0.37592592592592594
21.8547 	EXP 	trial_slider: markerPos = 0.37592592592592594
22.7618 	DATA 	Mouse: Left button down, pos=(1789,627)
22.8068 	EXP 	trial_slider: markerPos = 0.3787037037037037
22.8422 	EXP 	trial_slider: markerPos = 0.3787037037037037
22.8737 	EXP 	trial_slider: markerPos = 0.3787037037037037
22.9077 	EXP 	trial_slider: markerPos = 0.3787037037037037
22.9406 	EXP 	trial_slider: markerPos = 0.37962962962962965
22.9738 	EXP 	trial_slider: markerPos = 0.37962962962962965
23.0076 	EXP 	trial_slider: markerPos = 0.38055555555555554
23.0406 	EXP 	trial_slider: markerPos = 0.38055555555555554
23.0738 	EXP 	trial_slider: markerPos = 0.38055555555555554
23.1071 	EXP 	trial_slider: markerPos = 0.38055555555555554
23.1428 	EXP 	trial_slider: markerPos = 0.3814814814814815
23.1761 	EXP 	trial_slider: markerPos = 0.3833333333333333
23.2084 	EXP 	trial_slider: markerPos = 0.3833333333333333
23.2415 	EXP 	trial_slider: markerPos = 0.3833333333333333
23.2998 	EXP 	trial_slider: markerPos = 0.3833333333333333
23.3317 	EXP 	trial_slider: markerPos = 0.3833333333333333
23.3339 	DATA 	Mouse:  Left button up, pos=(1794,630)
23.3657 	EXP 	trial_slider: markerPos = 0.3833333333333333
23.7036 	DATA 	Mouse: Left button down, pos=(1795,631)
23.7405 	EXP 	trial_slider: markerPos = 0.38425925925925924
23.7738 	EXP 	trial_slider: markerPos = 0.38425925925925924
23.8072 	EXP 	trial_slider: markerPos = 0.38425925925925924
23.8404 	EXP 	trial_slider: markerPos = 0.3888888888888889
23.8738 	EXP 	trial_slider: markerPos = 0.4009259259259259
23.9073 	EXP 	trial_slider: markerPos = 0.4148148148148148
23.9406 	EXP 	trial_slider: markerPos = 0.42314814814814816
23.9738 	EXP 	trial_slider: markerPos = 0.42962962962962964
24.0075 	EXP 	trial_slider: markerPos = 0.4388888888888889
24.0405 	EXP 	trial_slider: markerPos = 0.44814814814814813
24.0738 	EXP 	trial_slider: markerPos = 0.45740740740740743
24.1074 	EXP 	trial_slider: markerPos = 0.4638888888888889
24.1110 	DATA 	Mouse:  Left button up, pos=(1883,638)
24.1409 	EXP 	trial_slider: markerPos = 0.4638888888888889
24.4735 	DATA 	Mouse: Left button down, pos=(1883,638)
24.5213 	EXP 	trial_slider: markerPos = 0.46574074074074073
24.5568 	EXP 	trial_slider: markerPos = 0.46574074074074073
24.5882 	EXP 	trial_slider: markerPos = 0.46574074074074073
24.6223 	EXP 	trial_slider: markerPos = 0.46574074074074073
24.6563 	EXP 	trial_slider: markerPos = 0.46574074074074073
24.7295 	EXP 	trial_slider: markerPos = 0.4759259259259259
24.8029 	EXP 	trial_slider: markerPos = 0.49537037037037035
24.8361 	EXP 	trial_slider: markerPos = 0.5120370370370371
24.9177 	EXP 	trial_slider: markerPos = 0.5194444444444445
24.9920 	EXP 	trial_slider: markerPos = 0.5351851851851852
25.0242 	EXP 	trial_slider: markerPos = 0.5481481481481482
25.0577 	EXP 	trial_slider: markerPos = 0.5518518518518518
25.0911 	EXP 	trial_slider: markerPos = 0.5555555555555556
25.1247 	EXP 	trial_slider: markerPos = 0.5583333333333333
25.1576 	EXP 	trial_slider: markerPos = 0.562037037037037
25.1909 	EXP 	trial_slider: markerPos = 0.5685185185185185
25.2244 	EXP 	trial_slider: markerPos = 0.5731481481481482
25.2577 	EXP 	trial_slider: markerPos = 0.5768518518518518
25.3212 	EXP 	trial_slider: markerPos = 0.5833333333333334
25.3933 	EXP 	trial_slider: markerPos = 0.5907407407407408
25.4631 	EXP 	trial_slider: markerPos = 0.5925925925925926
25.5171 	EXP 	trial_slider: markerPos = 0.5953703703703703
25.5722 	EXP 	trial_slider: markerPos = 0.6018518518518519
25.6244 	EXP 	trial_slider: markerPos = 0.6055555555555555
25.6931 	EXP 	trial_slider: markerPos = 0.6092592592592593
25.7703 	EXP 	trial_slider: markerPos = 0.6157407407407407
25.8408 	EXP 	trial_slider: markerPos = 0.6185185185185185
25.9089 	EXP 	trial_slider: markerPos = 0.6194444444444445
25.9492 	EXP 	trial_slider: markerPos = 0.6194444444444445
25.9835 	EXP 	trial_slider: markerPos = 0.6194444444444445
26.0166 	EXP 	trial_slider: markerPos = 0.6203703703703703
26.0499 	EXP 	trial_slider: markerPos = 0.6222222222222222
26.0829 	EXP 	trial_slider: markerPos = 0.6268518518518519
26.1194 	EXP 	trial_slider: markerPos = 0.6277777777777778
26.1561 	EXP 	trial_slider: markerPos = 0.6296296296296297
26.1951 	EXP 	trial_slider: markerPos = 0.6324074074074074
26.2354 	EXP 	trial_slider: markerPos = 0.6324074074074074
26.2725 	EXP 	trial_slider: markerPos = 0.6333333333333333
26.3041 	EXP 	trial_slider: markerPos = 0.6333333333333333
26.3376 	EXP 	trial_slider: markerPos = 0.6333333333333333
26.3721 	EXP 	trial_slider: markerPos = 0.6333333333333333
26.3752 	DATA 	Mouse:  Left button up, pos=(2064,640)
26.4068 	EXP 	trial_slider: markerPos = 0.6333333333333333
28.9565 	DATA 	Keypress: escape
29.0925 	EXP 	coding: status = STOPPED
29.1233 	EXP 	trial_slider: autoDraw = False
29.1233 	EXP 	trial_textbox: autoDraw = False
29.1233 	EXP 	0: autoDraw = False
29.1233 	EXP 	1: autoDraw = False
29.1233 	EXP 	2: autoDraw = False
29.1233 	EXP 	3: autoDraw = False
29.1233 	EXP 	4: autoDraw = False
29.1233 	EXP 	5: autoDraw = False
29.1233 	EXP 	6: autoDraw = False
29.1233 	EXP 	7: autoDraw = False
29.1233 	EXP 	8: autoDraw = False
29.1233 	EXP 	9: autoDraw = False
29.1233 	EXP 	trial_reset: autoDraw = False
29.1233 	EXP 	trial_reset_text: autoDraw = False
29.1234 	EXP 	coding: status = STOPPED
29.2457 	EXP 	window1: mouseVisible = True
