4.2327 	WARNING 	C:\Users\andre\AppData\Roaming\psychopy3\fonts\Times.truetype doesn't have valid font family name
4.3504 	WARNING 	C:\Users\andre\AppData\Roaming\psychopy3\fonts\Times.truetype doesn't have valid font family name
8.4357 	WARNING 	User requested fullscreen with size [1920 1080], but screen is actually [3840, 2160]. Using actual size
9.8688 	EXP 	Created window1 = Window(allowGUI=True, allowStencil=True, autoLog=True, backendConf=UNKNOWN, backgroundFit=<method-wrapper '__getattribute__' of attributeSetter object at 0x00000271CF34E130>, backgroundImage=<method-wrapper '__getattribute__' of attributeSetter object at 0x00000271CF34E0D0>, bitsMode=UNKNOWN, blendMode='avg', bpc=(8, 8, 8), color=array([-1, -1, -1]), colorSpace='rgb', depthBits=8, fullscr=<method-wrapper '__getattribute__' of attributeSetter object at 0x00000271D935AF70>, gamma=None, gammaErrorPolicy='raise', lms=UNKNOWN, monitor=<psychopy.monitors.calibTools.Monitor object at 0x00000271D968C190>, multiSample=False, name='window1', numSamples=2, pos=(0, 0), screen=0, size=array([3840, 2160]), stencilBits=8, stereo=False, title='PsychoPy', units='height', useFBO=True, useRetina=False, viewOri=0.0, viewPos=None, viewScale=None, waitBlanking=True, winType='pyglet')
9.8689 	EXP 	window1: mouseVisible = True
9.8689 	EXP 	window1: backgroundImage = ''
9.8689 	EXP 	window1: backgroundFit = 'none'
9.8704 	EXP 	window1: Attempting to measure frame rate of screen (0) ...
9.8704 	EXP 	window1: recordFrameIntervals = False
10.2001 	EXP 	window1: recordFrameIntervals = True
10.6002 	EXP 	Screen (0) actual frame rate measured at 30.07Hz
10.6002 	EXP 	window1: recordFrameIntervals = False
10.6004 	EXP 	window1: mouseVisible = False
13.3859 	EXP 	template: status = STARTED
13.3865 	EXP 	window1: mouseVisible = True
13.3897 	EXP 	Created 0 = ShapeStim(__class__=<class 'psychopy.visual.shape.ShapeStim'>, anchor=('center', 'center'), autoDraw=False, autoLog=True, closeShape=True, color=method-wrapper(...), colorSpace='rgb', contrast=None, depth=-6.0, draggable=False, fillColor=array([1, 1, 1]), fillColorSpace='rgb', fillRGB=array([1, 1, 1]), interpolate=True, lineColor=array([1., 1., 1.]), lineColorSpace='rgb', lineRGB=array([1, 1, 1]), lineWidth=1.0, name='0', opacity=1.0, ori=0.0, pos=array([0., 0.]), size=array([0.05, 0.05]), units='height', vertices=ndarray(...), win=Window(...), windingRule=None)
13.3898 	EXP 	window1: mouseVisible = True
13.3929 	EXP 	Created 1 = ShapeStim(__class__=<class 'psychopy.visual.shape.ShapeStim'>, anchor=('center', 'center'), autoDraw=False, autoLog=True, closeShape=True, color=method-wrapper(...), colorSpace='rgb', contrast=None, depth=-6.0, draggable=False, fillColor=array([1, 1, 1]), fillColorSpace='rgb', fillRGB=array([1, 1, 1]), interpolate=True, lineColor=array([1., 1., 1.]), lineColorSpace='rgb', lineRGB=array([1, 1, 1]), lineWidth=1.0, name='1', opacity=1.0, ori=0.0, pos=array([0., 0.]), size=array([0.05, 0.05]), units='height', vertices=ndarray(...), win=Window(...), windingRule=None)
13.3930 	EXP 	window1: mouseVisible = True
13.3960 	EXP 	Created 2 = ShapeStim(__class__=<class 'psychopy.visual.shape.ShapeStim'>, anchor=('center', 'center'), autoDraw=False, autoLog=True, closeShape=True, color=method-wrapper(...), colorSpace='rgb', contrast=None, depth=-6.0, draggable=False, fillColor=array([1, 1, 1]), fillColorSpace='rgb', fillRGB=array([1, 1, 1]), interpolate=True, lineColor=array([1., 1., 1.]), lineColorSpace='rgb', lineRGB=array([1, 1, 1]), lineWidth=1.0, name='2', opacity=1.0, ori=0.0, pos=array([0., 0.]), size=array([0.05, 0.05]), units='height', vertices=ndarray(...), win=Window(...), windingRule=None)
13.3961 	EXP 	window1: mouseVisible = True
13.3990 	EXP 	Created 3 = ShapeStim(__class__=<class 'psychopy.visual.shape.ShapeStim'>, anchor=('center', 'center'), autoDraw=False, autoLog=True, closeShape=True, color=method-wrapper(...), colorSpace='rgb', contrast=None, depth=-6.0, draggable=False, fillColor=array([1, 1, 1]), fillColorSpace='rgb', fillRGB=array([1, 1, 1]), interpolate=True, lineColor=array([1., 1., 1.]), lineColorSpace='rgb', lineRGB=array([1, 1, 1]), lineWidth=1.0, name='3', opacity=1.0, ori=0.0, pos=array([0., 0.]), size=array([0.05, 0.05]), units='height', vertices=ndarray(...), win=Window(...), windingRule=None)
13.3991 	EXP 	window1: mouseVisible = True
13.4020 	EXP 	Created 4 = ShapeStim(__class__=<class 'psychopy.visual.shape.ShapeStim'>, anchor=('center', 'center'), autoDraw=False, autoLog=True, closeShape=True, color=method-wrapper(...), colorSpace='rgb', contrast=None, depth=-6.0, draggable=False, fillColor=array([1, 1, 1]), fillColorSpace='rgb', fillRGB=array([1, 1, 1]), interpolate=True, lineColor=array([1., 1., 1.]), lineColorSpace='rgb', lineRGB=array([1, 1, 1]), lineWidth=1.0, name='4', opacity=1.0, ori=0.0, pos=array([0., 0.]), size=array([0.05, 0.05]), units='height', vertices=ndarray(...), win=Window(...), windingRule=None)
13.4020 	EXP 	window1: mouseVisible = True
13.4050 	EXP 	Created 5 = ShapeStim(__class__=<class 'psychopy.visual.shape.ShapeStim'>, anchor=('center', 'center'), autoDraw=False, autoLog=True, closeShape=True, color=method-wrapper(...), colorSpace='rgb', contrast=None, depth=-6.0, draggable=False, fillColor=array([1, 1, 1]), fillColorSpace='rgb', fillRGB=array([1, 1, 1]), interpolate=True, lineColor=array([1., 1., 1.]), lineColorSpace='rgb', lineRGB=array([1, 1, 1]), lineWidth=1.0, name='5', opacity=1.0, ori=0.0, pos=array([0., 0.]), size=array([0.05, 0.05]), units='height', vertices=ndarray(...), win=Window(...), windingRule=None)
13.4051 	EXP 	window1: mouseVisible = True
13.4081 	EXP 	Created 6 = ShapeStim(__class__=<class 'psychopy.visual.shape.ShapeStim'>, anchor=('center', 'center'), autoDraw=False, autoLog=True, closeShape=True, color=method-wrapper(...), colorSpace='rgb', contrast=None, depth=-6.0, draggable=False, fillColor=array([1, 1, 1]), fillColorSpace='rgb', fillRGB=array([1, 1, 1]), interpolate=True, lineColor=array([1., 1., 1.]), lineColorSpace='rgb', lineRGB=array([1, 1, 1]), lineWidth=1.0, name='6', opacity=1.0, ori=0.0, pos=array([0., 0.]), size=array([0.05, 0.05]), units='height', vertices=ndarray(...), win=Window(...), windingRule=None)
13.4082 	EXP 	window1: mouseVisible = True
13.4112 	EXP 	Created 7 = ShapeStim(__class__=<class 'psychopy.visual.shape.ShapeStim'>, anchor=('center', 'center'), autoDraw=False, autoLog=True, closeShape=True, color=method-wrapper(...), colorSpace='rgb', contrast=None, depth=-6.0, draggable=False, fillColor=array([1, 1, 1]), fillColorSpace='rgb', fillRGB=array([1, 1, 1]), interpolate=True, lineColor=array([1., 1., 1.]), lineColorSpace='rgb', lineRGB=array([1, 1, 1]), lineWidth=1.0, name='7', opacity=1.0, ori=0.0, pos=array([0., 0.]), size=array([0.05, 0.05]), units='height', vertices=ndarray(...), win=Window(...), windingRule=None)
13.4113 	EXP 	window1: mouseVisible = True
13.4144 	EXP 	Created 8 = ShapeStim(__class__=<class 'psychopy.visual.shape.ShapeStim'>, anchor=('center', 'center'), autoDraw=False, autoLog=True, closeShape=True, color=method-wrapper(...), colorSpace='rgb', contrast=None, depth=-6.0, draggable=False, fillColor=array([1, 1, 1]), fillColorSpace='rgb', fillRGB=array([1, 1, 1]), interpolate=True, lineColor=array([1., 1., 1.]), lineColorSpace='rgb', lineRGB=array([1, 1, 1]), lineWidth=1.0, name='8', opacity=1.0, ori=0.0, pos=array([0., 0.]), size=array([0.05, 0.05]), units='height', vertices=ndarray(...), win=Window(...), windingRule=None)
13.4145 	EXP 	window1: mouseVisible = True
13.4176 	EXP 	Created 9 = ShapeStim(__class__=<class 'psychopy.visual.shape.ShapeStim'>, anchor=('center', 'center'), autoDraw=False, autoLog=True, closeShape=True, color=method-wrapper(...), colorSpace='rgb', contrast=None, depth=-6.0, draggable=False, fillColor=array([1, 1, 1]), fillColorSpace='rgb', fillRGB=array([1, 1, 1]), interpolate=True, lineColor=array([1., 1., 1.]), lineColorSpace='rgb', lineRGB=array([1, 1, 1]), lineWidth=1.0, name='9', opacity=1.0, ori=0.0, pos=array([0., 0.]), size=array([0.05, 0.05]), units='height', vertices=ndarray(...), win=Window(...), windingRule=None)
13.4233 	EXP 	window1: mouseVisible = True
13.4236 	EXP 	window1: mouseVisible = True
13.4268 	EXP 	window1: mouseVisible = True
13.4282 	EXP 	window1: mouseVisible = True
13.4469 	EXP 	Created trial_slider = Slider(__class__=<class 'psychopy.visual.slider.Slider'>, autoDraw=False, autoLog=True, borderColor=None, color=None, colorSpace='rgb', depth=-3, fillColor=None, flip=False, font='Open Sans', granularity=0.0, labelColor=None, labelHeight=0.05, labelWrapWidth=None, labels=None, lineColor=None, markerColor=None, name='trial_slider', opacity=None, ori=0.0, pos=array([ 0. , -0.2]), readOnly=False, self=UNKNOWN, size=array([0.5 , 0.05]), startValue=0, style='slider', styleTweaks=[], ticks=array([0, 1]), units='height', win=Window(...))
13.4469 	EXP 	window1: mouseVisible = True
13.4471 	EXP 	window1: mouseVisible = True
13.4472 	EXP 	window1: mouseVisible = True
13.4477 	EXP 	window1: mouseVisible = True
13.4482 	EXP 	window1: mouseVisible = True
13.4519 	EXP 	window1: mouseVisible = True
13.4521 	EXP 	window1: mouseVisible = True
13.4526 	EXP 	window1: mouseVisible = True
13.4531 	EXP 	window1: mouseVisible = True
13.4898 	EXP 	window1: mouseVisible = True
13.4912 	EXP 	Created trial_reset = Rect(__class__=<class 'psychopy.visual.rect.Rect'>, anchor=('center', 'center'), autoDraw=False, autoLog=True, closeShape=True, color=method-wrapper(...), colorSpace='rgb', contrast=None, depth=-6.0, draggable=False, fillColor=array([-1, -1,  1]), fillColorSpace='rgb', fillRGB=array([-1, -1,  1]), interpolate=True, lineColor=array([-1., -1.,  1.]), lineColorSpace='rgb', lineRGB=array([-1, -1,  1]), lineWidth=1.0, name='trial_reset', opacity=1.0, ori=0.0, pos=array([ 0.5, -0.4]), size=array([0.15, 0.1 ]), units='height', vertices=ndarray(...), win=Window(...))
13.4914 	EXP 	window1: mouseVisible = True
13.4915 	EXP 	window1: mouseVisible = True
13.4919 	EXP 	window1: mouseVisible = True
13.4924 	EXP 	window1: mouseVisible = True
13.5042 	EXP 	window1: mouseVisible = True
13.5043 	EXP 	window1: mouseVisible = True
13.5047 	EXP 	window1: mouseVisible = True
13.5051 	EXP 	window1: mouseVisible = True
0.0191 	EXP 	0: autoDraw = True
0.0191 	EXP 	1: autoDraw = True
0.0191 	EXP 	2: autoDraw = True
0.0191 	EXP 	3: autoDraw = True
0.0191 	EXP 	4: autoDraw = True
0.0191 	EXP 	5: autoDraw = True
0.0191 	EXP 	6: autoDraw = True
0.0191 	EXP 	7: autoDraw = True
0.0191 	EXP 	8: autoDraw = True
0.0191 	EXP 	9: autoDraw = True
0.0191 	EXP 	trial_slider: autoLog = True
0.0191 	EXP 	trial_slider: styleTweaks = []
0.0191 	EXP 	trial_slider: styleTweaks = []
0.0191 	EXP 	trial_slider: styleTweaks = []
0.0191 	EXP 	trial_slider: styleTweaks = []
0.0191 	EXP 	trial_slider: contrast = 1.0
0.0191 	EXP 	trial_slider: markerPos = 0
0.0191 	EXP 	trial_slider: autoLog = True
0.0191 	EXP 	trial_textbox: autoLog = True
0.0191 	EXP 	trial_reset_text: autoLog = True
0.0198 	EXP 	Created sequence: sequential, trialTypes=1, nReps=9999, seed=None
0.0396 	EXP 	New trial (rep=0, index=0): None
0.1278 	EXP 	trial_slider: markerPos = None
0.1278 	EXP 	trial_slider: markerPos = 0
0.1278 	EXP 	trial_slider: autoDraw = True
0.1278 	EXP 	trial_textbox: autoDraw = True
0.1278 	EXP 	trial_reset: autoDraw = True
0.1278 	EXP 	trial_reset_text: autoDraw = True
1.1430 	EXP 	trial_reset_text: autoDraw = False
2.0055 	DATA 	Mouse: Left button down, pos=(1379,631)
2.0693 	EXP 	trial_slider: markerPos = -0.0009259259259258856
2.1017 	EXP 	trial_slider: markerPos = -0.0009259259259258856
2.1358 	EXP 	trial_slider: markerPos = 0.0009259259259259411
2.1684 	EXP 	trial_slider: markerPos = 0.010185185185185186
2.2018 	EXP 	trial_slider: markerPos = 0.020370370370370372
2.2354 	EXP 	trial_slider: markerPos = 0.029629629629629617
2.3089 	EXP 	trial_slider: markerPos = 0.040740740740740744
2.3527 	EXP 	trial_slider: markerPos = 0.06759259259259259
2.3959 	EXP 	trial_slider: markerPos = 0.07685185185185184
2.4356 	EXP 	trial_slider: markerPos = 0.08333333333333331
2.4969 	EXP 	trial_slider: markerPos = 0.0935185185185185
2.5486 	EXP 	trial_slider: markerPos = 0.10648148148148145
2.6077 	EXP 	trial_slider: markerPos = 0.11203703703703705
2.6545 	EXP 	trial_slider: markerPos = 0.11666666666666664
2.6998 	EXP 	trial_slider: markerPos = 0.11666666666666664
2.7339 	EXP 	trial_slider: markerPos = 0.12314814814814817
2.7703 	EXP 	trial_slider: markerPos = 0.13518518518518519
2.8051 	EXP 	trial_slider: markerPos = 0.15000000000000002
2.8371 	EXP 	trial_slider: markerPos = 0.1564814814814815
2.8807 	EXP 	trial_slider: markerPos = 0.1611111111111111
2.9150 	EXP 	trial_slider: markerPos = 0.17777777777777776
2.9529 	EXP 	trial_slider: markerPos = 0.19351851851851853
2.9913 	EXP 	trial_slider: markerPos = 0.20740740740740743
3.0263 	EXP 	trial_slider: markerPos = 0.2101851851851852
3.0697 	EXP 	trial_slider: markerPos = 0.2101851851851852
3.0760 	DATA 	Mouse:  Left button up, pos=(1607,627)
3.1030 	EXP 	trial_slider: markerPos = 0.2101851851851852
3.4770 	DATA 	Mouse: Left button down, pos=(1602,623)
3.5166 	EXP 	trial_slider: markerPos = 0.20555555555555555
3.5500 	EXP 	trial_slider: markerPos = 0.20925925925925926
3.5833 	EXP 	trial_slider: markerPos = 0.23981481481481481
3.6304 	EXP 	trial_slider: markerPos = 0.2787037037037037
3.6828 	EXP 	trial_slider: markerPos = 0.3324074074074074
3.6866 	DATA 	Mouse:  Left button up, pos=(1807,614)
3.7158 	EXP 	trial_slider: markerPos = 0.3324074074074074
4.1996 	DATA 	Mouse: Left button down, pos=(1934,633)
4.2389 	EXP 	trial_slider: markerPos = 0.512962962962963
4.2721 	EXP 	trial_slider: markerPos = 0.5435185185185185
4.3056 	EXP 	trial_slider: markerPos = 0.6018518518518519
4.3389 	EXP 	trial_slider: markerPos = 0.6703703703703704
4.3722 	EXP 	trial_slider: markerPos = 0.7212962962962963
4.4056 	EXP 	trial_slider: markerPos = 0.7787037037037037
4.4389 	EXP 	trial_slider: markerPos = 0.8314814814814815
4.4723 	EXP 	trial_slider: markerPos = 0.875925925925926
4.5064 	EXP 	trial_slider: markerPos = 0.9231481481481482
4.5595 	EXP 	trial_slider: markerPos = 0.9611111111111111
4.6369 	EXP 	trial_slider: markerPos = 1.0148148148148148
4.6707 	EXP 	trial_slider: markerPos = 1.0916666666666668
4.7031 	EXP 	trial_slider: markerPos = 1.1287037037037035
4.7366 	EXP 	trial_slider: markerPos = 1.1601851851851852
4.7699 	EXP 	trial_slider: markerPos = 1.1777777777777778
4.7719 	DATA 	Mouse:  Left button up, pos=(2654,601)
4.8032 	EXP 	trial_slider: markerPos = 1.0
5.4947 	DATA 	Mouse: Left button down, pos=(2448,635)
5.5308 	EXP 	trial_slider: markerPos = 0.9888888888888889
5.5651 	EXP 	trial_slider: markerPos = 0.9879629629629629
5.5981 	EXP 	trial_slider: markerPos = 0.9768518518518519
5.6315 	EXP 	trial_slider: markerPos = 0.9287037037037037
5.6649 	EXP 	trial_slider: markerPos = 0.9027777777777778
5.7063 	EXP 	trial_slider: markerPos = 0.8648148148148148
5.7411 	EXP 	trial_slider: markerPos = 0.8333333333333333
5.7712 	EXP 	trial_slider: markerPos = 0.8129629629629629
5.8052 	EXP 	trial_slider: markerPos = 0.7842592592592592
5.8748 	EXP 	trial_slider: markerPos = 0.7490740740740741
5.9532 	EXP 	trial_slider: markerPos = 0.6796296296296296
5.9895 	EXP 	trial_slider: markerPos = 0.575
6.0199 	EXP 	trial_slider: markerPos = 0.5527777777777778
6.0531 	EXP 	trial_slider: markerPos = 0.5055555555555555
6.0864 	EXP 	trial_slider: markerPos = 0.4703703703703704
6.1196 	EXP 	trial_slider: markerPos = 0.44907407407407407
6.1531 	EXP 	trial_slider: markerPos = 0.41574074074074074
6.1862 	EXP 	trial_slider: markerPos = 0.37962962962962965
6.2196 	EXP 	trial_slider: markerPos = 0.35462962962962963
6.2529 	EXP 	trial_slider: markerPos = 0.32407407407407407
6.2863 	EXP 	trial_slider: markerPos = 0.29814814814814816
6.3197 	EXP 	trial_slider: markerPos = 0.2759259259259259
6.3528 	EXP 	trial_slider: markerPos = 0.2564814814814815
6.3861 	EXP 	trial_slider: markerPos = 0.2361111111111111
6.4194 	EXP 	trial_slider: markerPos = 0.20925925925925926
6.4529 	EXP 	trial_slider: markerPos = 0.17777777777777776
6.4868 	EXP 	trial_slider: markerPos = 0.15555555555555556
6.5197 	EXP 	trial_slider: markerPos = 0.13611111111111113
6.5528 	EXP 	trial_slider: markerPos = 0.10648148148148145
6.5862 	EXP 	trial_slider: markerPos = 0.07407407407407407
6.6203 	EXP 	trial_slider: markerPos = 0.03518518518518521
6.6530 	EXP 	trial_slider: markerPos = 0.00833333333333336
6.6873 	EXP 	trial_slider: markerPos = -0.025925925925925908
6.7196 	EXP 	trial_slider: markerPos = -0.062037037037037
6.7531 	EXP 	trial_slider: markerPos = -0.08981481481481479
6.7863 	EXP 	trial_slider: markerPos = -0.10833333333333328
6.8197 	EXP 	trial_slider: markerPos = -0.11018518518518516
6.8531 	EXP 	trial_slider: markerPos = -0.11018518518518516
6.8866 	EXP 	trial_slider: markerPos = -0.08518518518518514
6.9197 	EXP 	trial_slider: markerPos = 0.012037037037037013
6.9530 	EXP 	trial_slider: markerPos = 0.2925925925925926
6.9872 	EXP 	trial_slider: markerPos = 0.562037037037037
7.0197 	EXP 	trial_slider: markerPos = 0.6907407407407408
7.0533 	EXP 	trial_slider: markerPos = 0.8074074074074074
7.1033 	EXP 	trial_slider: markerPos = 0.9074074074074074
7.1828 	EXP 	trial_slider: markerPos = 1.0592592592592593
7.2521 	EXP 	trial_slider: markerPos = 1.1935185185185184
7.3214 	EXP 	trial_slider: markerPos = 1.248148148148148
7.3255 	DATA 	Mouse:  Left button up, pos=(2776,607)
7.3538 	EXP 	trial_slider: markerPos = 1.0
7.8944 	DATA 	Mouse: Left button down, pos=(2994,205)
8.1114 	EXP 	New trial (rep=1, index=0): None
8.1195 	DATA 	Mouse:  Left button up, pos=(2994,205)
8.1352 	EXP 	trial_slider: autoDraw = False
8.1352 	EXP 	trial_textbox: autoDraw = False
8.1352 	EXP 	trial_reset: autoDraw = False
8.1352 	EXP 	trial_reset_text: autoDraw = False
8.1352 	EXP 	trial_slider: markerPos = None
8.1352 	EXP 	trial_slider: markerPos = 0
8.1352 	EXP 	trial_slider: autoDraw = True
8.1352 	EXP 	trial_textbox: autoDraw = True
8.1352 	EXP 	trial_reset: autoDraw = True
8.1352 	EXP 	trial_reset_text: autoDraw = True
9.1620 	EXP 	trial_reset_text: autoDraw = False
10.0780 	DATA 	Mouse: Left button down, pos=(2977,209)
10.2572 	EXP 	New trial (rep=2, index=0): None
10.2650 	DATA 	Mouse:  Left button up, pos=(2977,209)
10.2804 	EXP 	trial_slider: autoDraw = False
10.2804 	EXP 	trial_textbox: autoDraw = False
10.2804 	EXP 	trial_reset: autoDraw = False
10.2804 	EXP 	trial_reset_text: autoDraw = False
10.2804 	EXP 	trial_slider: markerPos = None
10.2804 	EXP 	trial_slider: markerPos = 0
10.2804 	EXP 	trial_slider: autoDraw = True
10.2804 	EXP 	trial_textbox: autoDraw = True
10.2804 	EXP 	trial_reset: autoDraw = True
10.2804 	EXP 	trial_reset_text: autoDraw = True
11.3230 	EXP 	trial_reset_text: autoDraw = False
14.7412 	DATA 	Mouse: Left button down, pos=(3043,247)
14.9129 	EXP 	New trial (rep=3, index=0): None
14.9227 	DATA 	Mouse:  Left button up, pos=(3043,247)
14.9384 	EXP 	trial_slider: autoDraw = False
14.9384 	EXP 	trial_textbox: autoDraw = False
14.9384 	EXP 	trial_reset: autoDraw = False
14.9384 	EXP 	trial_reset_text: autoDraw = False
14.9384 	EXP 	trial_slider: markerPos = None
14.9384 	EXP 	trial_slider: markerPos = 0
14.9384 	EXP 	trial_slider: autoDraw = True
14.9384 	EXP 	trial_textbox: autoDraw = True
14.9384 	EXP 	trial_reset: autoDraw = True
14.9384 	EXP 	trial_reset_text: autoDraw = True
15.9538 	EXP 	trial_reset_text: autoDraw = False
17.3563 	DATA 	Keypress: escape
17.4503 	EXP 	template: status = STOPPED
17.4792 	EXP 	trial_slider: autoDraw = False
17.4792 	EXP 	trial_textbox: autoDraw = False
17.4792 	EXP 	0: autoDraw = False
17.4792 	EXP 	1: autoDraw = False
17.4792 	EXP 	2: autoDraw = False
17.4792 	EXP 	3: autoDraw = False
17.4792 	EXP 	4: autoDraw = False
17.4792 	EXP 	5: autoDraw = False
17.4792 	EXP 	6: autoDraw = False
17.4792 	EXP 	7: autoDraw = False
17.4792 	EXP 	8: autoDraw = False
17.4792 	EXP 	9: autoDraw = False
17.4792 	EXP 	trial_reset: autoDraw = False
17.4796 	EXP 	template: status = STOPPED
17.5995 	EXP 	window1: mouseVisible = True
