4.3459 	WARNING 	C:\Users\andre\AppData\Roaming\psychopy3\fonts\Times.truetype doesn't have valid font family name
4.4606 	WARNING 	C:\Users\andre\AppData\Roaming\psychopy3\fonts\Times.truetype doesn't have valid font family name
23.4918 	WARNING 	User requested fullscreen with size [1920 1080], but screen is actually [3840, 2160]. Using actual size
26.3347 	EXP 	Created window1 = Window(allowGUI=True, allowStencil=False, autoLog=True, backendConf=UNKNOWN, backgroundFit=<method-wrapper '__getattribute__' of attributeSetter object at 0x0000020B1469F070>, backgroundImage=<method-wrapper '__getattribute__' of attributeSetter object at 0x0000020B1EAB8670>, bitsMode=UNKNOWN, blendMode='avg', bpc=(8, 8, 8), color=array([-1, -1, -1]), colorSpace='rgb', depthBits=8, fullscr=<method-wrapper '__getattribute__' of attributeSetter object at 0x0000020B1EAB8EB0>, gamma=None, gammaErrorPolicy='raise', lms=UNKNOWN, monitor=<psychopy.monitors.calibTools.Monitor object at 0x0000020B1ED9D100>, multiSample=False, name='window1', numSamples=2, pos=(0, 0), screen=0, size=array([3840, 2160]), stencilBits=0, stereo=False, title='PsychoPy', units='height', useFBO=True, useRetina=False, viewOri=0.0, viewPos=None, viewScale=None, waitBlanking=True, winType='pyglet')
26.3348 	EXP 	window1: mouseVisible = True
26.3348 	EXP 	window1: backgroundImage = ''
26.3348 	EXP 	window1: backgroundFit = 'none'
26.3361 	EXP 	window1: Attempting to measure frame rate of screen (0) ...
26.3361 	EXP 	window1: recordFrameIntervals = False
26.6675 	EXP 	window1: recordFrameIntervals = True
27.0347 	EXP 	Screen (0) actual frame rate measured at 29.97Hz
27.0347 	EXP 	window1: recordFrameIntervals = False
27.0348 	EXP 	window1: mouseVisible = False
29.5864 	EXP 	template: status = STARTED
29.5873 	EXP 	window1: mouseVisible = True
29.6000 	EXP 	Created 0 = ShapeStim(__class__=<class 'psychopy.visual.shape.ShapeStim'>, anchor=('center', 'center'), autoDraw=False, autoLog=True, closeShape=True, color=method-wrapper(...), colorSpace='rgb', contrast=None, depth=-6.0, draggable=False, fillColor=array([1, 1, 1]), fillColorSpace='rgb', fillRGB=array([1, 1, 1]), interpolate=True, lineColor=array([1., 1., 1.]), lineColorSpace='rgb', lineRGB=array([1, 1, 1]), lineWidth=1.0, name='0', opacity=1.0, ori=0.0, pos=array([0., 0.]), size=array([0.05, 0.05]), units='height', vertices=ndarray(...), win=Window(...), windingRule=None)
29.6001 	EXP 	window1: mouseVisible = True
29.6031 	EXP 	Created 1 = ShapeStim(__class__=<class 'psychopy.visual.shape.ShapeStim'>, anchor=('center', 'center'), autoDraw=False, autoLog=True, closeShape=True, color=method-wrapper(...), colorSpace='rgb', contrast=None, depth=-6.0, draggable=False, fillColor=array([1, 1, 1]), fillColorSpace='rgb', fillRGB=array([1, 1, 1]), interpolate=True, lineColor=array([1., 1., 1.]), lineColorSpace='rgb', lineRGB=array([1, 1, 1]), lineWidth=1.0, name='1', opacity=1.0, ori=0.0, pos=array([0., 0.]), size=array([0.05, 0.05]), units='height', vertices=ndarray(...), win=Window(...), windingRule=None)
29.6032 	EXP 	window1: mouseVisible = True
29.6062 	EXP 	Created 2 = ShapeStim(__class__=<class 'psychopy.visual.shape.ShapeStim'>, anchor=('center', 'center'), autoDraw=False, autoLog=True, closeShape=True, color=method-wrapper(...), colorSpace='rgb', contrast=None, depth=-6.0, draggable=False, fillColor=array([1, 1, 1]), fillColorSpace='rgb', fillRGB=array([1, 1, 1]), interpolate=True, lineColor=array([1., 1., 1.]), lineColorSpace='rgb', lineRGB=array([1, 1, 1]), lineWidth=1.0, name='2', opacity=1.0, ori=0.0, pos=array([0., 0.]), size=array([0.05, 0.05]), units='height', vertices=ndarray(...), win=Window(...), windingRule=None)
29.6063 	EXP 	window1: mouseVisible = True
29.6092 	EXP 	Created 3 = ShapeStim(__class__=<class 'psychopy.visual.shape.ShapeStim'>, anchor=('center', 'center'), autoDraw=False, autoLog=True, closeShape=True, color=method-wrapper(...), colorSpace='rgb', contrast=None, depth=-6.0, draggable=False, fillColor=array([1, 1, 1]), fillColorSpace='rgb', fillRGB=array([1, 1, 1]), interpolate=True, lineColor=array([1., 1., 1.]), lineColorSpace='rgb', lineRGB=array([1, 1, 1]), lineWidth=1.0, name='3', opacity=1.0, ori=0.0, pos=array([0., 0.]), size=array([0.05, 0.05]), units='height', vertices=ndarray(...), win=Window(...), windingRule=None)
29.6093 	EXP 	window1: mouseVisible = True
29.6123 	EXP 	Created 4 = ShapeStim(__class__=<class 'psychopy.visual.shape.ShapeStim'>, anchor=('center', 'center'), autoDraw=False, autoLog=True, closeShape=True, color=method-wrapper(...), colorSpace='rgb', contrast=None, depth=-6.0, draggable=False, fillColor=array([1, 1, 1]), fillColorSpace='rgb', fillRGB=array([1, 1, 1]), interpolate=True, lineColor=array([1., 1., 1.]), lineColorSpace='rgb', lineRGB=array([1, 1, 1]), lineWidth=1.0, name='4', opacity=1.0, ori=0.0, pos=array([0., 0.]), size=array([0.05, 0.05]), units='height', vertices=ndarray(...), win=Window(...), windingRule=None)
29.6125 	EXP 	window1: mouseVisible = True
29.6155 	EXP 	Created 5 = ShapeStim(__class__=<class 'psychopy.visual.shape.ShapeStim'>, anchor=('center', 'center'), autoDraw=False, autoLog=True, closeShape=True, color=method-wrapper(...), colorSpace='rgb', contrast=None, depth=-6.0, draggable=False, fillColor=array([1, 1, 1]), fillColorSpace='rgb', fillRGB=array([1, 1, 1]), interpolate=True, lineColor=array([1., 1., 1.]), lineColorSpace='rgb', lineRGB=array([1, 1, 1]), lineWidth=1.0, name='5', opacity=1.0, ori=0.0, pos=array([0., 0.]), size=array([0.05, 0.05]), units='height', vertices=ndarray(...), win=Window(...), windingRule=None)
29.6155 	EXP 	window1: mouseVisible = True
29.6185 	EXP 	Created 6 = ShapeStim(__class__=<class 'psychopy.visual.shape.ShapeStim'>, anchor=('center', 'center'), autoDraw=False, autoLog=True, closeShape=True, color=method-wrapper(...), colorSpace='rgb', contrast=None, depth=-6.0, draggable=False, fillColor=array([1, 1, 1]), fillColorSpace='rgb', fillRGB=array([1, 1, 1]), interpolate=True, lineColor=array([1., 1., 1.]), lineColorSpace='rgb', lineRGB=array([1, 1, 1]), lineWidth=1.0, name='6', opacity=1.0, ori=0.0, pos=array([0., 0.]), size=array([0.05, 0.05]), units='height', vertices=ndarray(...), win=Window(...), windingRule=None)
29.6186 	EXP 	window1: mouseVisible = True
29.6215 	EXP 	Created 7 = ShapeStim(__class__=<class 'psychopy.visual.shape.ShapeStim'>, anchor=('center', 'center'), autoDraw=False, autoLog=True, closeShape=True, color=method-wrapper(...), colorSpace='rgb', contrast=None, depth=-6.0, draggable=False, fillColor=array([1, 1, 1]), fillColorSpace='rgb', fillRGB=array([1, 1, 1]), interpolate=True, lineColor=array([1., 1., 1.]), lineColorSpace='rgb', lineRGB=array([1, 1, 1]), lineWidth=1.0, name='7', opacity=1.0, ori=0.0, pos=array([0., 0.]), size=array([0.05, 0.05]), units='height', vertices=ndarray(...), win=Window(...), windingRule=None)
29.6216 	EXP 	window1: mouseVisible = True
29.6245 	EXP 	Created 8 = ShapeStim(__class__=<class 'psychopy.visual.shape.ShapeStim'>, anchor=('center', 'center'), autoDraw=False, autoLog=True, closeShape=True, color=method-wrapper(...), colorSpace='rgb', contrast=None, depth=-6.0, draggable=False, fillColor=array([1, 1, 1]), fillColorSpace='rgb', fillRGB=array([1, 1, 1]), interpolate=True, lineColor=array([1., 1., 1.]), lineColorSpace='rgb', lineRGB=array([1, 1, 1]), lineWidth=1.0, name='8', opacity=1.0, ori=0.0, pos=array([0., 0.]), size=array([0.05, 0.05]), units='height', vertices=ndarray(...), win=Window(...), windingRule=None)
29.6246 	EXP 	window1: mouseVisible = True
29.6276 	EXP 	Created 9 = ShapeStim(__class__=<class 'psychopy.visual.shape.ShapeStim'>, anchor=('center', 'center'), autoDraw=False, autoLog=True, closeShape=True, color=method-wrapper(...), colorSpace='rgb', contrast=None, depth=-6.0, draggable=False, fillColor=array([1, 1, 1]), fillColorSpace='rgb', fillRGB=array([1, 1, 1]), interpolate=True, lineColor=array([1., 1., 1.]), lineColorSpace='rgb', lineRGB=array([1, 1, 1]), lineWidth=1.0, name='9', opacity=1.0, ori=0.0, pos=array([0., 0.]), size=array([0.05, 0.05]), units='height', vertices=ndarray(...), win=Window(...), windingRule=None)
29.6353 	EXP 	window1: mouseVisible = True
29.6357 	EXP 	window1: mouseVisible = True
29.6391 	EXP 	window1: mouseVisible = True
29.6405 	EXP 	window1: mouseVisible = True
29.6582 	EXP 	Created trial_slider = Slider(__class__=<class 'psychopy.visual.slider.Slider'>, autoDraw=False, autoLog=True, borderColor=None, color=None, colorSpace='rgb', depth=-3, fillColor=None, flip=False, font='Open Sans', granularity=0.0, labelColor=None, labelHeight=0.05, labelWrapWidth=None, labels=None, lineColor=None, markerColor=None, name='trial_slider', opacity=None, ori=0.0, pos=array([ 0. , -0.2]), readOnly=False, self=UNKNOWN, size=array([0.5 , 0.05]), startValue=0, style='slider', styleTweaks=[], ticks=array([  0, 360]), units='height', win=Window(...))
29.6583 	EXP 	window1: mouseVisible = True
29.6584 	EXP 	window1: mouseVisible = True
29.6733 	EXP 	Created trial_text = TextStim(__class__=<class 'psychopy.visual.text.TextStim'>, alignHoriz=method-wrapper(...), alignText='center', alignVert=method-wrapper(...), anchorHoriz='center', anchorVert='center', antialias=True, autoDraw=False, autoLog=True, bold=False, color=array([1., 1., 1.]), colorSpace='rgb', contrast=1.0, depth=-5.0, draggable=False, flipHoriz=False, flipVert=False, font='Open Sans', fontFiles=[], height=0.05, italic=False, languageStyle='LTR', name='trial_text', opacity=1.0, ori=0.0, pos=array([0., 0.]), rgb=UNKNOWN, text='', units='height', win=Window(...), wrapWidth=1)
29.6734 	EXP 	window1: mouseVisible = True
29.6774 	EXP 	Created dot = ShapeStim(__class__=<class 'psychopy.visual.shape.ShapeStim'>, anchor=('center', 'center'), autoDraw=False, autoLog=True, closeShape=True, color=method-wrapper(...), colorSpace='rgb', contrast=None, depth=-6.0, draggable=False, fillColor=array([1, 1, 1]), fillColorSpace='rgb', fillRGB=array([1, 1, 1]), interpolate=True, lineColor=array([1., 1., 1.]), lineColorSpace='rgb', lineRGB=array([1, 1, 1]), lineWidth=1.0, name='dot', opacity=1.0, ori=0.0, pos=array([0., 0.]), size=array([0.05, 0.05]), units='height', vertices=ndarray(...), win=Window(...), windingRule=None)
0.0159 	EXP 	0: autoDraw = True
0.0159 	EXP 	1: autoDraw = True
0.0159 	EXP 	2: autoDraw = True
0.0159 	EXP 	3: autoDraw = True
0.0159 	EXP 	4: autoDraw = True
0.0159 	EXP 	5: autoDraw = True
0.0159 	EXP 	6: autoDraw = True
0.0159 	EXP 	7: autoDraw = True
0.0159 	EXP 	8: autoDraw = True
0.0159 	EXP 	9: autoDraw = True
0.0159 	EXP 	trial_slider: autoLog = True
0.0159 	EXP 	trial_slider: styleTweaks = []
0.0159 	EXP 	trial_slider: styleTweaks = []
0.0159 	EXP 	trial_slider: styleTweaks = []
0.0159 	EXP 	trial_slider: styleTweaks = []
0.0159 	EXP 	trial_slider: contrast = 1.0
0.0159 	EXP 	trial_slider: markerPos = 0
0.0159 	EXP 	trial_slider: autoLog = True
0.0165 	EXP 	Created sequence: sequential, trialTypes=1, nReps=9999, seed=None
0.0359 	EXP 	New trial (rep=0, index=0): None
0.1168 	EXP 	trial_slider: markerPos = None
0.1168 	EXP 	trial_slider: markerPos = 0
0.1168 	EXP 	trial_slider: autoDraw = True
0.1168 	EXP 	trial_text: autoDraw = True
0.1168 	EXP 	dot: autoDraw = True
2.4785 	DATA 	Mouse: Left button down, pos=(1383,641)
2.6142 	EXP 	New trial (rep=1, index=0): None
2.6373 	EXP 	trial_slider: autoDraw = False
2.6373 	EXP 	trial_text: autoDraw = False
2.6373 	EXP 	dot: autoDraw = False
2.6373 	EXP 	trial_slider: markerPos = None
2.6373 	EXP 	trial_slider: markerPos = 0
2.6373 	EXP 	trial_slider: autoDraw = True
2.6373 	EXP 	trial_text: autoDraw = True
2.6373 	EXP 	dot: autoDraw = True
2.6373 	EXP 	trial_slider: markerPos = 0.9999999999999964
2.6697 	EXP 	trial_slider: markerPos = 0.9999999999999964
2.7030 	EXP 	trial_slider: markerPos = 0.9999999999999964
2.7363 	EXP 	trial_slider: markerPos = 0.9999999999999964
2.7697 	EXP 	trial_slider: markerPos = 2.3333333333333317
2.8029 	EXP 	trial_slider: markerPos = 4.333333333333325
2.8363 	EXP 	trial_slider: markerPos = 6.666666666666677
2.8696 	EXP 	trial_slider: markerPos = 8.33333333333333
2.9030 	EXP 	trial_slider: markerPos = 9.000000000000007
2.9365 	EXP 	trial_slider: markerPos = 9.666666666666666
2.9956 	EXP 	trial_slider: markerPos = 10.666666666666663
3.0280 	EXP 	trial_slider: markerPos = 14.666666666666668
3.0618 	EXP 	trial_slider: markerPos = 16.333333333333343
3.0946 	EXP 	trial_slider: markerPos = 17.666666666666657
3.1282 	EXP 	trial_slider: markerPos = 20.000000000000007
3.1615 	EXP 	trial_slider: markerPos = 23.333333333333336
3.1948 	EXP 	trial_slider: markerPos = 25.33333333333333
3.2281 	EXP 	trial_slider: markerPos = 28.0
3.2614 	EXP 	trial_slider: markerPos = 31.00000000000001
3.2950 	EXP 	trial_slider: markerPos = 34.66666666666666
3.3651 	EXP 	trial_slider: markerPos = 35.99999999999999
3.4455 	EXP 	trial_slider: markerPos = 40.66666666666668
3.5206 	EXP 	trial_slider: markerPos = 42.33333333333333
3.5973 	EXP 	trial_slider: markerPos = 48.33333333333333
3.6600 	EXP 	trial_slider: markerPos = 48.666666666666664
3.6948 	EXP 	trial_slider: markerPos = 48.666666666666664
3.7499 	EXP 	trial_slider: markerPos = 48.666666666666664
3.7817 	EXP 	trial_slider: markerPos = 48.666666666666664
3.8137 	EXP 	trial_slider: markerPos = 50.0
3.8470 	EXP 	trial_slider: markerPos = 51.0
3.8804 	EXP 	trial_slider: markerPos = 51.66666666666668
3.9155 	EXP 	trial_slider: markerPos = 51.66666666666668
3.9517 	EXP 	trial_slider: markerPos = 51.66666666666668
3.9854 	EXP 	trial_slider: markerPos = 51.66666666666668
4.0053 	DATA 	Mouse:  Left button up, pos=(1535,627)
4.0155 	EXP 	trial_slider: markerPos = 51.66666666666668
4.0488 	EXP 	trial_slider: markerPos = 51.66666666666668
4.2836 	DATA 	Mouse: Left button down, pos=(1531,631)
4.4726 	EXP 	New trial (rep=2, index=0): None
4.4994 	EXP 	trial_slider: autoDraw = False
4.4994 	EXP 	trial_text: autoDraw = False
4.4994 	EXP 	dot: autoDraw = False
4.4994 	EXP 	trial_slider: markerPos = None
4.4994 	EXP 	trial_slider: markerPos = 0
4.4994 	EXP 	trial_slider: autoDraw = True
4.4994 	EXP 	trial_text: autoDraw = True
4.4994 	EXP 	dot: autoDraw = True
4.4994 	EXP 	trial_slider: markerPos = 82.66666666666667
4.5295 	EXP 	trial_slider: markerPos = 89.33333333333334
4.5627 	EXP 	trial_slider: markerPos = 102.33333333333334
4.5963 	EXP 	trial_slider: markerPos = 114.0
4.6292 	EXP 	trial_slider: markerPos = 132.0
4.6628 	EXP 	trial_slider: markerPos = 143.33333333333334
4.6978 	EXP 	trial_slider: markerPos = 157.66666666666666
4.7683 	EXP 	trial_slider: markerPos = 172.0
4.8512 	EXP 	trial_slider: markerPos = 202.0
4.9336 	EXP 	trial_slider: markerPos = 240.66666666666666
5.0138 	EXP 	trial_slider: markerPos = 260.3333333333333
5.0937 	EXP 	trial_slider: markerPos = 281.6666666666667
5.1555 	EXP 	trial_slider: markerPos = 301.3333333333333
5.2132 	EXP 	trial_slider: markerPos = 317.33333333333337
5.2727 	EXP 	trial_slider: markerPos = 334.66666666666663
5.3303 	EXP 	trial_slider: markerPos = 341.0
5.3729 	EXP 	trial_slider: markerPos = 341.0
5.4028 	EXP 	trial_slider: markerPos = 341.0
5.4362 	EXP 	trial_slider: markerPos = 341.0
5.4696 	EXP 	trial_slider: markerPos = 341.0
5.5028 	EXP 	trial_slider: markerPos = 341.0
5.5368 	EXP 	trial_slider: markerPos = 341.0
5.5694 	EXP 	trial_slider: markerPos = 341.0
5.6040 	EXP 	trial_slider: markerPos = 352.3333333333333
5.6361 	EXP 	trial_slider: markerPos = 377.0
5.6695 	EXP 	trial_slider: markerPos = 390.3333333333333
5.7029 	EXP 	trial_slider: markerPos = 392.00000000000006
5.7507 	EXP 	trial_slider: markerPos = 392.6666666666667
5.8101 	EXP 	trial_slider: markerPos = 398.0
5.8736 	EXP 	trial_slider: markerPos = 405.0
5.9286 	EXP 	trial_slider: markerPos = 405.0
5.9618 	EXP 	trial_slider: markerPos = 405.0
5.9944 	EXP 	trial_slider: markerPos = 403.33333333333326
6.0273 	EXP 	trial_slider: markerPos = 392.6666666666667
6.0606 	EXP 	trial_slider: markerPos = 372.6666666666667
6.0939 	EXP 	trial_slider: markerPos = 349.3333333333333
6.1280 	EXP 	trial_slider: markerPos = 331.6666666666667
6.2128 	EXP 	trial_slider: markerPos = 302.3333333333333
6.2454 	EXP 	trial_slider: markerPos = 272.6666666666667
6.2784 	EXP 	trial_slider: markerPos = 254.66666666666666
6.3117 	EXP 	trial_slider: markerPos = 242.66666666666666
6.3467 	EXP 	trial_slider: markerPos = 229.99999999999997
6.4185 	EXP 	trial_slider: markerPos = 216.0
6.4985 	EXP 	trial_slider: markerPos = 184.0
6.5767 	EXP 	trial_slider: markerPos = 154.33333333333334
6.6567 	EXP 	trial_slider: markerPos = 121.00000000000001
6.7355 	EXP 	trial_slider: markerPos = 90.33333333333331
6.8138 	EXP 	trial_slider: markerPos = 57.66666666666667
6.8936 	EXP 	trial_slider: markerPos = 36.66666666666667
6.9696 	EXP 	trial_slider: markerPos = 31.33333333333333
7.0057 	EXP 	trial_slider: markerPos = 31.33333333333333
7.0371 	EXP 	trial_slider: markerPos = 31.33333333333333
7.0712 	EXP 	trial_slider: markerPos = 31.666666666666668
7.1526 	EXP 	trial_slider: markerPos = 53.66666666666667
7.2317 	EXP 	trial_slider: markerPos = 108.66666666666666
7.3085 	EXP 	trial_slider: markerPos = 177.33333333333334
7.3410 	EXP 	trial_slider: markerPos = 222.66666666666666
7.3751 	EXP 	trial_slider: markerPos = 242.66666666666666
7.4077 	EXP 	trial_slider: markerPos = 259.3333333333333
7.4411 	EXP 	trial_slider: markerPos = 277.3333333333333
7.4744 	EXP 	trial_slider: markerPos = 292.0
7.5305 	EXP 	trial_slider: markerPos = 305.3333333333333
7.5999 	EXP 	trial_slider: markerPos = 331.0
7.6690 	EXP 	trial_slider: markerPos = 354.6666666666667
7.7369 	EXP 	trial_slider: markerPos = 372.3333333333333
7.8044 	EXP 	trial_slider: markerPos = 390.3333333333333
7.8749 	EXP 	trial_slider: markerPos = 403.0
7.9475 	EXP 	trial_slider: markerPos = 411.3333333333333
8.0234 	EXP 	trial_slider: markerPos = 411.3333333333333
8.1047 	EXP 	trial_slider: markerPos = 405.66666666666674
8.1838 	EXP 	trial_slider: markerPos = 349.6666666666667
8.2666 	EXP 	trial_slider: markerPos = 223.33333333333331
8.3469 	EXP 	trial_slider: markerPos = 188.66666666666666
8.4282 	EXP 	trial_slider: markerPos = 158.33333333333334
8.5109 	EXP 	trial_slider: markerPos = 141.0
8.5944 	EXP 	trial_slider: markerPos = 111.33333333333333
8.6752 	EXP 	trial_slider: markerPos = 92.0
8.7491 	EXP 	trial_slider: markerPos = 85.0
8.7835 	EXP 	trial_slider: markerPos = 85.0
8.8179 	EXP 	trial_slider: markerPos = 85.0
8.8951 	EXP 	trial_slider: markerPos = 85.0
8.9051 	DATA 	Mouse:  Left button up, pos=(1635,681)
8.9268 	EXP 	trial_slider: markerPos = 85.0
10.1399 	DATA 	Mouse: Left button down, pos=(2409,833)
10.2954 	EXP 	New trial (rep=3, index=0): None
10.3025 	DATA 	Mouse:  Left button up, pos=(2409,833)
10.3186 	EXP 	trial_slider: autoDraw = False
10.3186 	EXP 	trial_text: autoDraw = False
10.3186 	EXP 	dot: autoDraw = False
10.3186 	EXP 	trial_slider: markerPos = None
10.3186 	EXP 	trial_slider: markerPos = 0
10.3186 	EXP 	trial_slider: autoDraw = True
10.3186 	EXP 	trial_text: autoDraw = True
10.3186 	EXP 	dot: autoDraw = True
10.6341 	DATA 	Mouse: Left button down, pos=(1797,649)
10.7920 	EXP 	New trial (rep=4, index=0): None
10.8000 	DATA 	Mouse:  Left button up, pos=(1797,649)
10.8165 	EXP 	trial_slider: autoDraw = False
10.8165 	EXP 	trial_text: autoDraw = False
10.8165 	EXP 	dot: autoDraw = False
10.8165 	EXP 	trial_slider: markerPos = None
10.8165 	EXP 	trial_slider: markerPos = 0
10.8165 	EXP 	trial_slider: autoDraw = True
10.8165 	EXP 	trial_text: autoDraw = True
10.8165 	EXP 	dot: autoDraw = True
11.5021 	DATA 	Mouse: Left button down, pos=(3170,1081)
11.6845 	EXP 	New trial (rep=5, index=0): None
11.6927 	DATA 	Mouse:  Left button up, pos=(3165,1084)
11.7078 	EXP 	trial_slider: autoDraw = False
11.7078 	EXP 	trial_text: autoDraw = False
11.7078 	EXP 	dot: autoDraw = False
11.7078 	EXP 	trial_slider: markerPos = None
11.7078 	EXP 	trial_slider: markerPos = 0
11.7078 	EXP 	trial_slider: autoDraw = True
11.7078 	EXP 	trial_text: autoDraw = True
11.7078 	EXP 	dot: autoDraw = True
14.1725 	DATA 	Mouse: Left button down, pos=(1377,663)
14.1952 	EXP 	trial_slider: markerPos = -0.9999999999999964
14.3452 	EXP 	New trial (rep=6, index=0): None
14.3698 	EXP 	trial_slider: autoDraw = False
14.3698 	EXP 	trial_text: autoDraw = False
14.3698 	EXP 	dot: autoDraw = False
14.3698 	EXP 	trial_slider: markerPos = None
14.3698 	EXP 	trial_slider: markerPos = 0
14.3698 	EXP 	trial_slider: autoDraw = True
14.3698 	EXP 	trial_text: autoDraw = True
14.3698 	EXP 	dot: autoDraw = True
14.3698 	EXP 	trial_slider: markerPos = 18.999999999999993
14.4020 	EXP 	trial_slider: markerPos = 23.0
14.4350 	EXP 	trial_slider: markerPos = 28.666666666666657
14.4683 	EXP 	trial_slider: markerPos = 38.33333333333332
14.5068 	EXP 	trial_slider: markerPos = 46.0
14.5857 	EXP 	trial_slider: markerPos = 62.66666666666666
14.6690 	EXP 	trial_slider: markerPos = 95.0
14.7494 	EXP 	trial_slider: markerPos = 129.66666666666666
14.8304 	EXP 	trial_slider: markerPos = 157.0
14.9106 	EXP 	trial_slider: markerPos = 187.66666666666666
14.9912 	EXP 	trial_slider: markerPos = 222.0
15.0707 	EXP 	trial_slider: markerPos = 251.0
15.1533 	EXP 	trial_slider: markerPos = 278.3333333333333
15.2372 	EXP 	trial_slider: markerPos = 306.6666666666667
15.3200 	EXP 	trial_slider: markerPos = 335.3333333333333
15.4026 	EXP 	trial_slider: markerPos = 352.0
15.4865 	EXP 	trial_slider: markerPos = 365.0
15.5354 	DATA 	Mouse:  Left button up, pos=(2490,654)
15.5411 	EXP 	trial_slider: markerPos = 369.6666666666667
15.5719 	EXP 	trial_slider: markerPos = 360
16.7379 	DATA 	Mouse: Left button down, pos=(2456,658)
16.8470 	EXP 	New trial (rep=7, index=0): None
16.8705 	EXP 	trial_slider: autoDraw = False
16.8705 	EXP 	trial_text: autoDraw = False
16.8705 	EXP 	dot: autoDraw = False
16.8705 	EXP 	trial_slider: markerPos = None
16.8705 	EXP 	trial_slider: markerPos = 0
16.8705 	EXP 	trial_slider: autoDraw = True
16.8705 	EXP 	trial_text: autoDraw = True
16.8705 	EXP 	dot: autoDraw = True
16.8705 	EXP 	trial_slider: markerPos = 332.66666666666663
16.9029 	EXP 	trial_slider: markerPos = 325.3333333333333
16.9361 	EXP 	trial_slider: markerPos = 298.6666666666667
16.9697 	EXP 	trial_slider: markerPos = 274.0
17.0028 	EXP 	trial_slider: markerPos = 250.33333333333334
17.0669 	EXP 	trial_slider: markerPos = 229.33333333333334
17.0999 	EXP 	trial_slider: markerPos = 183.33333333333334
17.1331 	EXP 	trial_slider: markerPos = 165.66666666666666
17.1665 	EXP 	trial_slider: markerPos = 144.0
17.1999 	EXP 	trial_slider: markerPos = 112.66666666666669
17.2332 	EXP 	trial_slider: markerPos = 98.66666666666667
17.2665 	EXP 	trial_slider: markerPos = 84.66666666666666
17.2999 	EXP 	trial_slider: markerPos = 66.66666666666666
17.3330 	EXP 	trial_slider: markerPos = 57.0
17.3667 	EXP 	trial_slider: markerPos = 48.666666666666664
17.3998 	EXP 	trial_slider: markerPos = 42.66666666666667
17.4332 	EXP 	trial_slider: markerPos = 33.33333333333334
17.4666 	EXP 	trial_slider: markerPos = 22.0
17.5071 	DATA 	Mouse:  Left button up, pos=(1412,630)
17.5097 	EXP 	trial_slider: markerPos = 11.666666666666659
17.5425 	EXP 	trial_slider: markerPos = 11.666666666666659
23.4350 	DATA 	Mouse: Left button down, pos=(1415,651)
23.5444 	EXP 	New trial (rep=8, index=0): None
23.5691 	EXP 	trial_slider: autoDraw = False
23.5691 	EXP 	trial_text: autoDraw = False
23.5691 	EXP 	dot: autoDraw = False
23.5691 	EXP 	trial_slider: markerPos = None
23.5691 	EXP 	trial_slider: markerPos = 0
23.5691 	EXP 	trial_slider: autoDraw = True
23.5691 	EXP 	trial_text: autoDraw = True
23.5691 	EXP 	dot: autoDraw = True
23.5691 	EXP 	trial_slider: markerPos = 55.33333333333334
23.6004 	EXP 	trial_slider: markerPos = 63.333333333333336
23.6341 	EXP 	trial_slider: markerPos = 76.66666666666667
23.6672 	EXP 	trial_slider: markerPos = 96.33333333333334
23.7005 	EXP 	trial_slider: markerPos = 111.33333333333333
23.7391 	EXP 	trial_slider: markerPos = 132.66666666666666
23.7706 	EXP 	trial_slider: markerPos = 151.33333333333334
23.8035 	EXP 	trial_slider: markerPos = 171.33333333333334
23.8370 	EXP 	trial_slider: markerPos = 186.33333333333334
23.8704 	EXP 	trial_slider: markerPos = 199.66666666666666
23.9036 	EXP 	trial_slider: markerPos = 213.66666666666669
23.9370 	EXP 	trial_slider: markerPos = 230.99999999999997
23.9705 	EXP 	trial_slider: markerPos = 240.66666666666666
24.0037 	EXP 	trial_slider: markerPos = 259.0
24.0558 	EXP 	trial_slider: markerPos = 280.0
24.1410 	EXP 	trial_slider: markerPos = 312.3333333333333
24.2219 	EXP 	trial_slider: markerPos = 352.0
24.2991 	EXP 	trial_slider: markerPos = 369.99999999999994
24.3791 	EXP 	trial_slider: markerPos = 362.6666666666667
24.4590 	EXP 	trial_slider: markerPos = 244.33333333333334
24.4903 	EXP 	trial_slider: markerPos = 180.33333333333331
24.5237 	EXP 	trial_slider: markerPos = 161.33333333333331
24.5571 	EXP 	trial_slider: markerPos = 134.66666666666669
24.5903 	EXP 	trial_slider: markerPos = 119.0
24.6238 	EXP 	trial_slider: markerPos = 104.66666666666667
24.6571 	EXP 	trial_slider: markerPos = 93.99999999999999
24.7192 	EXP 	trial_slider: markerPos = 83.66666666666666
24.8040 	EXP 	trial_slider: markerPos = 60.666666666666664
24.8798 	EXP 	trial_slider: markerPos = 46.99999999999999
24.9210 	EXP 	trial_slider: markerPos = 46.99999999999999
24.9530 	EXP 	trial_slider: markerPos = 62.99999999999999
24.9863 	EXP 	trial_slider: markerPos = 103.33333333333333
25.0489 	EXP 	trial_slider: markerPos = 154.66666666666666
25.1356 	EXP 	trial_slider: markerPos = 245.66666666666666
25.2140 	EXP 	trial_slider: markerPos = 336.0
25.2939 	EXP 	trial_slider: markerPos = 403.33333333333326
25.3692 	EXP 	trial_slider: markerPos = 411.0
25.4057 	EXP 	trial_slider: markerPos = 411.0
25.4390 	EXP 	trial_slider: markerPos = 386.33333333333337
25.4726 	EXP 	trial_slider: markerPos = 303.0
25.5102 	EXP 	trial_slider: markerPos = 233.66666666666669
25.5553 	EXP 	trial_slider: markerPos = 172.66666666666666
25.6085 	EXP 	trial_slider: markerPos = 125.33333333333333
25.6673 	EXP 	trial_slider: markerPos = 89.0
25.7263 	EXP 	trial_slider: markerPos = 57.333333333333336
25.7576 	EXP 	trial_slider: markerPos = 34.0
25.7911 	EXP 	trial_slider: markerPos = 26.333333333333325
25.8244 	EXP 	trial_slider: markerPos = 21.666666666666664
25.8578 	EXP 	trial_slider: markerPos = 16.333333333333343
25.8913 	EXP 	trial_slider: markerPos = 11.666666666666659
25.9245 	EXP 	trial_slider: markerPos = 10.333333333333343
25.9781 	EXP 	trial_slider: markerPos = 9.666666666666666
26.0156 	EXP 	trial_slider: markerPos = 22.66666666666666
26.0485 	EXP 	trial_slider: markerPos = 82.00000000000001
26.0820 	EXP 	trial_slider: markerPos = 124.0
26.1153 	EXP 	trial_slider: markerPos = 153.33333333333334
26.1537 	EXP 	trial_slider: markerPos = 184.99999999999997
26.2368 	EXP 	trial_slider: markerPos = 225.66666666666669
26.3146 	EXP 	trial_slider: markerPos = 294.33333333333337
26.3954 	EXP 	trial_slider: markerPos = 359.66666666666663
26.4709 	EXP 	trial_slider: markerPos = 381.66666666666663
26.5292 	EXP 	trial_slider: markerPos = 367.0
26.5619 	EXP 	trial_slider: markerPos = 292.66666666666663
26.5948 	EXP 	trial_slider: markerPos = 256.3333333333333
26.6279 	EXP 	trial_slider: markerPos = 225.66666666666669
26.6611 	EXP 	trial_slider: markerPos = 201.0
26.6945 	EXP 	trial_slider: markerPos = 170.66666666666669
26.7277 	EXP 	trial_slider: markerPos = 149.0
26.7617 	EXP 	trial_slider: markerPos = 121.33333333333333
26.7945 	EXP 	trial_slider: markerPos = 100.33333333333333
26.8279 	EXP 	trial_slider: markerPos = 86.33333333333333
26.8610 	EXP 	trial_slider: markerPos = 73.0
26.8950 	EXP 	trial_slider: markerPos = 67.33333333333334
26.9279 	EXP 	trial_slider: markerPos = 57.99999999999999
26.9821 	EXP 	trial_slider: markerPos = 49.33333333333332
27.0663 	EXP 	trial_slider: markerPos = 27.000000000000004
27.1461 	EXP 	trial_slider: markerPos = 18.666666666666675
27.2259 	EXP 	trial_slider: markerPos = 6.3333333333333375
27.3034 	EXP 	trial_slider: markerPos = -1.999999999999993
27.3511 	EXP 	trial_slider: markerPos = -5.66666666666666
27.3846 	EXP 	trial_slider: markerPos = -5.66666666666666
27.4279 	EXP 	trial_slider: markerPos = -5.66666666666666
27.4602 	EXP 	trial_slider: markerPos = 0.3333333333333388
27.5456 	EXP 	trial_slider: markerPos = 22.0
27.6264 	EXP 	trial_slider: markerPos = 52.99999999999999
27.7036 	EXP 	trial_slider: markerPos = 108.33333333333333
27.7827 	EXP 	trial_slider: markerPos = 167.0
27.8619 	EXP 	trial_slider: markerPos = 231.33333333333334
27.9406 	EXP 	trial_slider: markerPos = 296.33333333333337
28.0171 	EXP 	trial_slider: markerPos = 328.0
28.0992 	EXP 	trial_slider: markerPos = 345.6666666666667
28.1780 	EXP 	trial_slider: markerPos = 356.3333333333333
28.2588 	EXP 	trial_slider: markerPos = 368.6666666666667
28.3409 	EXP 	trial_slider: markerPos = 373.99999999999994
28.3899 	DATA 	Mouse:  Left button up, pos=(2510,697)
28.3954 	EXP 	trial_slider: markerPos = 376.33333333333337
28.4353 	EXP 	trial_slider: markerPos = 360
29.3809 	DATA 	Keypress: escape
29.4882 	EXP 	template: status = STOPPED
29.5117 	EXP 	trial_slider: autoDraw = False
29.5117 	EXP 	trial_text: autoDraw = False
29.5117 	EXP 	0: autoDraw = False
29.5117 	EXP 	1: autoDraw = False
29.5117 	EXP 	2: autoDraw = False
29.5117 	EXP 	3: autoDraw = False
29.5117 	EXP 	4: autoDraw = False
29.5117 	EXP 	5: autoDraw = False
29.5117 	EXP 	6: autoDraw = False
29.5117 	EXP 	7: autoDraw = False
29.5117 	EXP 	8: autoDraw = False
29.5117 	EXP 	9: autoDraw = False
29.5117 	EXP 	dot: autoDraw = False
29.5118 	EXP 	template: status = STOPPED
29.6409 	EXP 	window1: mouseVisible = True
