4.3147 	WARNING 	C:\Users\andre\AppData\Roaming\psychopy3\fonts\Times.truetype doesn't have valid font family name
4.4260 	WARNING 	C:\Users\andre\AppData\Roaming\psychopy3\fonts\Times.truetype doesn't have valid font family name
12.4208 	WARNING 	User requested fullscreen with size [1920 1080], but screen is actually [3840, 2160]. Using actual size
13.8392 	EXP 	Created window1 = Window(allowGUI=True, allowStencil=True, autoLog=True, backendConf=UNKNOWN, backgroundFit=<method-wrapper '__getattribute__' of attributeSetter object at 0x000001FF4733D160>, backgroundImage=<method-wrapper '__getattribute__' of attributeSetter object at 0x000001FF4733D100>, bitsMode=UNKNOWN, blendMode='avg', bpc=(8, 8, 8), color=array([-1, -1, -1]), colorSpace='rgb', depthBits=8, fullscr=<method-wrapper '__getattribute__' of attributeSetter object at 0x000001FF5131AFA0>, gamma=None, gammaErrorPolicy='raise', lms=UNKNOWN, monitor=<psychopy.monitors.calibTools.Monitor object at 0x000001FF5164C1C0>, multiSample=False, name='window1', numSamples=2, pos=(0, 0), screen=0, size=array([3840, 2160]), stencilBits=8, stereo=False, title='PsychoPy', units='height', useFBO=True, useRetina=False, viewOri=0.0, viewPos=None, viewScale=None, waitBlanking=True, winType='pyglet')
13.8393 	EXP 	window1: mouseVisible = True
13.8393 	EXP 	window1: backgroundImage = ''
13.8393 	EXP 	window1: backgroundFit = 'none'
13.8407 	EXP 	window1: Attempting to measure frame rate of screen (0) ...
13.8407 	EXP 	window1: recordFrameIntervals = False
14.1727 	EXP 	window1: recordFrameIntervals = True
14.5405 	EXP 	Screen (0) actual frame rate measured at 29.86Hz
14.5406 	EXP 	window1: recordFrameIntervals = False
14.5406 	EXP 	window1: mouseVisible = False
17.0950 	EXP 	template: status = STARTED
17.0953 	EXP 	window1: mouseVisible = True
17.0988 	EXP 	Created 0 = ShapeStim(__class__=<class 'psychopy.visual.shape.ShapeStim'>, anchor=('center', 'center'), autoDraw=False, autoLog=True, closeShape=True, color=method-wrapper(...), colorSpace='rgb', contrast=None, depth=-6.0, draggable=False, fillColor=array([1, 1, 1]), fillColorSpace='rgb', fillRGB=array([1, 1, 1]), interpolate=True, lineColor=array([1., 1., 1.]), lineColorSpace='rgb', lineRGB=array([1, 1, 1]), lineWidth=1.0, name='0', opacity=1.0, ori=0.0, pos=array([0., 0.]), size=array([0.05, 0.05]), units='height', vertices=ndarray(...), win=Window(...), windingRule=None)
17.0989 	EXP 	window1: mouseVisible = True
17.1019 	EXP 	Created 1 = ShapeStim(__class__=<class 'psychopy.visual.shape.ShapeStim'>, anchor=('center', 'center'), autoDraw=False, autoLog=True, closeShape=True, color=method-wrapper(...), colorSpace='rgb', contrast=None, depth=-6.0, draggable=False, fillColor=array([1, 1, 1]), fillColorSpace='rgb', fillRGB=array([1, 1, 1]), interpolate=True, lineColor=array([1., 1., 1.]), lineColorSpace='rgb', lineRGB=array([1, 1, 1]), lineWidth=1.0, name='1', opacity=1.0, ori=0.0, pos=array([0., 0.]), size=array([0.05, 0.05]), units='height', vertices=ndarray(...), win=Window(...), windingRule=None)
17.1020 	EXP 	window1: mouseVisible = True
17.1049 	EXP 	Created 2 = ShapeStim(__class__=<class 'psychopy.visual.shape.ShapeStim'>, anchor=('center', 'center'), autoDraw=False, autoLog=True, closeShape=True, color=method-wrapper(...), colorSpace='rgb', contrast=None, depth=-6.0, draggable=False, fillColor=array([1, 1, 1]), fillColorSpace='rgb', fillRGB=array([1, 1, 1]), interpolate=True, lineColor=array([1., 1., 1.]), lineColorSpace='rgb', lineRGB=array([1, 1, 1]), lineWidth=1.0, name='2', opacity=1.0, ori=0.0, pos=array([0., 0.]), size=array([0.05, 0.05]), units='height', vertices=ndarray(...), win=Window(...), windingRule=None)
17.1050 	EXP 	window1: mouseVisible = True
17.1080 	EXP 	Created 3 = ShapeStim(__class__=<class 'psychopy.visual.shape.ShapeStim'>, anchor=('center', 'center'), autoDraw=False, autoLog=True, closeShape=True, color=method-wrapper(...), colorSpace='rgb', contrast=None, depth=-6.0, draggable=False, fillColor=array([1, 1, 1]), fillColorSpace='rgb', fillRGB=array([1, 1, 1]), interpolate=True, lineColor=array([1., 1., 1.]), lineColorSpace='rgb', lineRGB=array([1, 1, 1]), lineWidth=1.0, name='3', opacity=1.0, ori=0.0, pos=array([0., 0.]), size=array([0.05, 0.05]), units='height', vertices=ndarray(...), win=Window(...), windingRule=None)
17.1083 	EXP 	window1: mouseVisible = True
17.1114 	EXP 	Created 4 = ShapeStim(__class__=<class 'psychopy.visual.shape.ShapeStim'>, anchor=('center', 'center'), autoDraw=False, autoLog=True, closeShape=True, color=method-wrapper(...), colorSpace='rgb', contrast=None, depth=-6.0, draggable=False, fillColor=array([1, 1, 1]), fillColorSpace='rgb', fillRGB=array([1, 1, 1]), interpolate=True, lineColor=array([1., 1., 1.]), lineColorSpace='rgb', lineRGB=array([1, 1, 1]), lineWidth=1.0, name='4', opacity=1.0, ori=0.0, pos=array([0., 0.]), size=array([0.05, 0.05]), units='height', vertices=ndarray(...), win=Window(...), windingRule=None)
17.1114 	EXP 	window1: mouseVisible = True
17.1145 	EXP 	Created 5 = ShapeStim(__class__=<class 'psychopy.visual.shape.ShapeStim'>, anchor=('center', 'center'), autoDraw=False, autoLog=True, closeShape=True, color=method-wrapper(...), colorSpace='rgb', contrast=None, depth=-6.0, draggable=False, fillColor=array([1, 1, 1]), fillColorSpace='rgb', fillRGB=array([1, 1, 1]), interpolate=True, lineColor=array([1., 1., 1.]), lineColorSpace='rgb', lineRGB=array([1, 1, 1]), lineWidth=1.0, name='5', opacity=1.0, ori=0.0, pos=array([0., 0.]), size=array([0.05, 0.05]), units='height', vertices=ndarray(...), win=Window(...), windingRule=None)
17.1146 	EXP 	window1: mouseVisible = True
17.1175 	EXP 	Created 6 = ShapeStim(__class__=<class 'psychopy.visual.shape.ShapeStim'>, anchor=('center', 'center'), autoDraw=False, autoLog=True, closeShape=True, color=method-wrapper(...), colorSpace='rgb', contrast=None, depth=-6.0, draggable=False, fillColor=array([1, 1, 1]), fillColorSpace='rgb', fillRGB=array([1, 1, 1]), interpolate=True, lineColor=array([1., 1., 1.]), lineColorSpace='rgb', lineRGB=array([1, 1, 1]), lineWidth=1.0, name='6', opacity=1.0, ori=0.0, pos=array([0., 0.]), size=array([0.05, 0.05]), units='height', vertices=ndarray(...), win=Window(...), windingRule=None)
17.1176 	EXP 	window1: mouseVisible = True
17.1205 	EXP 	Created 7 = ShapeStim(__class__=<class 'psychopy.visual.shape.ShapeStim'>, anchor=('center', 'center'), autoDraw=False, autoLog=True, closeShape=True, color=method-wrapper(...), colorSpace='rgb', contrast=None, depth=-6.0, draggable=False, fillColor=array([1, 1, 1]), fillColorSpace='rgb', fillRGB=array([1, 1, 1]), interpolate=True, lineColor=array([1., 1., 1.]), lineColorSpace='rgb', lineRGB=array([1, 1, 1]), lineWidth=1.0, name='7', opacity=1.0, ori=0.0, pos=array([0., 0.]), size=array([0.05, 0.05]), units='height', vertices=ndarray(...), win=Window(...), windingRule=None)
17.1206 	EXP 	window1: mouseVisible = True
17.1235 	EXP 	Created 8 = ShapeStim(__class__=<class 'psychopy.visual.shape.ShapeStim'>, anchor=('center', 'center'), autoDraw=False, autoLog=True, closeShape=True, color=method-wrapper(...), colorSpace='rgb', contrast=None, depth=-6.0, draggable=False, fillColor=array([1, 1, 1]), fillColorSpace='rgb', fillRGB=array([1, 1, 1]), interpolate=True, lineColor=array([1., 1., 1.]), lineColorSpace='rgb', lineRGB=array([1, 1, 1]), lineWidth=1.0, name='8', opacity=1.0, ori=0.0, pos=array([0., 0.]), size=array([0.05, 0.05]), units='height', vertices=ndarray(...), win=Window(...), windingRule=None)
17.1236 	EXP 	window1: mouseVisible = True
17.1266 	EXP 	Created 9 = ShapeStim(__class__=<class 'psychopy.visual.shape.ShapeStim'>, anchor=('center', 'center'), autoDraw=False, autoLog=True, closeShape=True, color=method-wrapper(...), colorSpace='rgb', contrast=None, depth=-6.0, draggable=False, fillColor=array([1, 1, 1]), fillColorSpace='rgb', fillRGB=array([1, 1, 1]), interpolate=True, lineColor=array([1., 1., 1.]), lineColorSpace='rgb', lineRGB=array([1, 1, 1]), lineWidth=1.0, name='9', opacity=1.0, ori=0.0, pos=array([0., 0.]), size=array([0.05, 0.05]), units='height', vertices=ndarray(...), win=Window(...), windingRule=None)
17.1322 	EXP 	window1: mouseVisible = True
17.1325 	EXP 	window1: mouseVisible = True
17.1357 	EXP 	window1: mouseVisible = True
17.1370 	EXP 	window1: mouseVisible = True
17.1557 	EXP 	Created trial_slider = Slider(__class__=<class 'psychopy.visual.slider.Slider'>, autoDraw=False, autoLog=True, borderColor=None, color=None, colorSpace='rgb', depth=-3, fillColor=None, flip=False, font='Open Sans', granularity=0.0, labelColor=None, labelHeight=0.05, labelWrapWidth=None, labels=None, lineColor=None, markerColor=None, name='trial_slider', opacity=None, ori=0.0, pos=array([ 0. , -0.2]), readOnly=False, self=UNKNOWN, size=array([0.5 , 0.05]), startValue=0, style='slider', styleTweaks=[], ticks=array([0, 1]), units='height', win=Window(...))
17.1558 	EXP 	window1: mouseVisible = True
17.1561 	EXP 	window1: mouseVisible = True
17.1562 	EXP 	window1: mouseVisible = True
17.1566 	EXP 	window1: mouseVisible = True
17.1570 	EXP 	window1: mouseVisible = True
17.1604 	EXP 	window1: mouseVisible = True
17.1605 	EXP 	window1: mouseVisible = True
17.1610 	EXP 	window1: mouseVisible = True
17.1614 	EXP 	window1: mouseVisible = True
17.2016 	EXP 	window1: mouseVisible = True
17.2034 	EXP 	Created trial_reset = Rect(__class__=<class 'psychopy.visual.rect.Rect'>, anchor=('center', 'center'), autoDraw=False, autoLog=True, closeShape=True, color=method-wrapper(...), colorSpace='rgb', contrast=None, depth=-6.0, draggable=False, fillColor=array([-1, -1,  1]), fillColorSpace='rgb', fillRGB=array([-1, -1,  1]), interpolate=True, lineColor=array([-1., -1.,  1.]), lineColorSpace='rgb', lineRGB=array([-1, -1,  1]), lineWidth=1.0, name='trial_reset', opacity=1.0, ori=0.0, pos=array([ 0.5, -0.4]), size=array([0.15, 0.1 ]), units='height', vertices=ndarray(...), win=Window(...))
17.2036 	EXP 	window1: mouseVisible = True
17.2037 	EXP 	window1: mouseVisible = True
17.2042 	EXP 	window1: mouseVisible = True
17.2050 	EXP 	window1: mouseVisible = True
17.2176 	EXP 	window1: mouseVisible = True
17.2177 	EXP 	window1: mouseVisible = True
17.2182 	EXP 	window1: mouseVisible = True
17.2186 	EXP 	window1: mouseVisible = True
0.0189 	EXP 	0: autoDraw = True
0.0189 	EXP 	1: autoDraw = True
0.0189 	EXP 	2: autoDraw = True
0.0189 	EXP 	3: autoDraw = True
0.0189 	EXP 	4: autoDraw = True
0.0189 	EXP 	5: autoDraw = True
0.0189 	EXP 	6: autoDraw = True
0.0189 	EXP 	7: autoDraw = True
0.0189 	EXP 	8: autoDraw = True
0.0189 	EXP 	9: autoDraw = True
0.0189 	EXP 	trial_slider: autoLog = True
0.0189 	EXP 	trial_slider: styleTweaks = []
0.0189 	EXP 	trial_slider: styleTweaks = []
0.0189 	EXP 	trial_slider: styleTweaks = []
0.0189 	EXP 	trial_slider: styleTweaks = []
0.0189 	EXP 	trial_slider: contrast = 1.0
0.0189 	EXP 	trial_slider: markerPos = 0
0.0189 	EXP 	trial_slider: autoLog = True
0.0189 	EXP 	trial_textbox: autoLog = True
0.0189 	EXP 	trial_reset_text: autoLog = True
0.0197 	EXP 	Created sequence: sequential, trialTypes=1, nReps=9999, seed=None
0.0413 	EXP 	New trial (rep=0, index=0): None
0.1365 	EXP 	trial_slider: markerPos = None
0.1365 	EXP 	trial_slider: markerPos = 0
0.1365 	EXP 	trial_slider: autoDraw = True
0.1365 	EXP 	trial_textbox: autoDraw = True
0.1365 	EXP 	trial_reset: autoDraw = True
0.1365 	EXP 	trial_reset_text: autoDraw = True
1.9292 	DATA 	Mouse: Left button down, pos=(1388,636)
1.9583 	EXP 	trial_slider: markerPos = 0.007407407407407418
1.9916 	EXP 	trial_slider: markerPos = 0.007407407407407418
2.0251 	EXP 	trial_slider: markerPos = 0.007407407407407418
2.0582 	EXP 	trial_slider: markerPos = 0.007407407407407418
2.0914 	EXP 	trial_slider: markerPos = 0.02685185185185185
2.1248 	EXP 	trial_slider: markerPos = 0.061111111111111116
2.1581 	EXP 	trial_slider: markerPos = 0.09537037037037038
2.1915 	EXP 	trial_slider: markerPos = 0.10648148148148145
2.2250 	EXP 	trial_slider: markerPos = 0.11203703703703705
2.2584 	EXP 	trial_slider: markerPos = 0.11851851851851852
2.2940 	EXP 	trial_slider: markerPos = 0.13148148148148148
2.4125 	EXP 	trial_slider: markerPos = 0.15000000000000002
2.4815 	EXP 	trial_slider: markerPos = 0.18796296296296294
2.5173 	EXP 	trial_slider: markerPos = 0.18796296296296294
2.5581 	EXP 	trial_slider: markerPos = 0.18796296296296294
2.5929 	EXP 	trial_slider: markerPos = 0.18796296296296294
2.6716 	EXP 	trial_slider: markerPos = 0.18796296296296294
2.7063 	EXP 	trial_slider: markerPos = 0.18796296296296294
2.7399 	EXP 	trial_slider: markerPos = 0.18796296296296294
2.7752 	EXP 	trial_slider: markerPos = 0.18796296296296294
2.8099 	EXP 	trial_slider: markerPos = 0.1925925925925926
2.8422 	EXP 	trial_slider: markerPos = 0.19907407407407407
2.8750 	EXP 	trial_slider: markerPos = 0.2138888888888889
2.9129 	EXP 	trial_slider: markerPos = 0.23333333333333334
2.9503 	EXP 	trial_slider: markerPos = 0.25462962962962965
2.9854 	EXP 	trial_slider: markerPos = 0.275
3.0324 	EXP 	trial_slider: markerPos = 0.29814814814814816
3.0878 	EXP 	trial_slider: markerPos = 0.325
3.1552 	EXP 	trial_slider: markerPos = 0.36296296296296293
3.2268 	EXP 	trial_slider: markerPos = 0.4398148148148148
3.2931 	EXP 	trial_slider: markerPos = 0.5166666666666667
3.3380 	EXP 	trial_slider: markerPos = 0.5712962962962963
3.3701 	EXP 	trial_slider: markerPos = 0.5944444444444444
3.4040 	EXP 	trial_slider: markerPos = 0.6046296296296296
3.4375 	EXP 	trial_slider: markerPos = 0.6138888888888889
3.4707 	EXP 	trial_slider: markerPos = 0.6185185185185185
3.5478 	EXP 	trial_slider: markerPos = 0.637962962962963
3.6247 	EXP 	trial_slider: markerPos = 0.7064814814814815
3.7030 	EXP 	trial_slider: markerPos = 0.7564814814814815
3.7820 	EXP 	trial_slider: markerPos = 0.8046296296296296
3.8594 	EXP 	trial_slider: markerPos = 0.837037037037037
3.9412 	EXP 	trial_slider: markerPos = 0.8583333333333334
4.0221 	EXP 	trial_slider: markerPos = 0.8796296296296297
4.1005 	EXP 	trial_slider: markerPos = 0.9287037037037037
4.1827 	EXP 	trial_slider: markerPos = 0.9611111111111111
4.2542 	EXP 	trial_slider: markerPos = 0.9722222222222222
4.2869 	EXP 	trial_slider: markerPos = 0.9842592592592593
4.3209 	EXP 	trial_slider: markerPos = 0.9907407407407407
4.3542 	EXP 	trial_slider: markerPos = 0.9962962962962962
4.3877 	EXP 	trial_slider: markerPos = 1.0009259259259258
4.4208 	EXP 	trial_slider: markerPos = 1.0074074074074075
4.4589 	EXP 	trial_slider: markerPos = 1.0101851851851853
4.5262 	EXP 	trial_slider: markerPos = 1.0138888888888888
4.5992 	EXP 	trial_slider: markerPos = 1.0212962962962964
4.6764 	EXP 	trial_slider: markerPos = 1.0277777777777777
4.7421 	EXP 	trial_slider: markerPos = 1.0342592592592592
4.7849 	EXP 	trial_slider: markerPos = 1.0370370370370372
4.8251 	EXP 	trial_slider: markerPos = 1.0370370370370372
4.8564 	EXP 	trial_slider: markerPos = 1.0370370370370372
4.8981 	DATA 	Mouse:  Left button up, pos=(2500,651)
4.9032 	EXP 	trial_slider: markerPos = 1.0370370370370372
4.9337 	EXP 	trial_slider: markerPos = 1
5.5467 	DATA 	Mouse: Left button down, pos=(2465,656)
5.5979 	EXP 	trial_slider: markerPos = 1.0046296296296298
5.6686 	EXP 	trial_slider: markerPos = 1.0027777777777778
5.7427 	EXP 	trial_slider: markerPos = 0.9981481481481482
5.8224 	EXP 	trial_slider: markerPos = 0.9916666666666667
5.8966 	EXP 	trial_slider: markerPos = 0.987037037037037
5.9300 	EXP 	trial_slider: markerPos = 0.9842592592592593
5.9626 	EXP 	trial_slider: markerPos = 0.9833333333333334
5.9960 	EXP 	trial_slider: markerPos = 0.9824074074074074
6.0293 	EXP 	trial_slider: markerPos = 0.9824074074074074
6.0627 	EXP 	trial_slider: markerPos = 0.9796296296296296
6.0959 	EXP 	trial_slider: markerPos = 0.9787037037037036
6.1364 	EXP 	trial_slider: markerPos = 0.9777777777777779
6.1775 	EXP 	trial_slider: markerPos = 0.9759259259259259
6.2098 	EXP 	trial_slider: markerPos = 0.975
6.2431 	EXP 	trial_slider: markerPos = 0.9712962962962963
6.2766 	EXP 	trial_slider: markerPos = 0.9685185185185186
6.3428 	EXP 	trial_slider: markerPos = 0.9648148148148148
6.4195 	EXP 	trial_slider: markerPos = 0.9601851851851853
6.4973 	EXP 	trial_slider: markerPos = 0.9546296296296296
6.5794 	EXP 	trial_slider: markerPos = 0.9453703703703704
6.6563 	EXP 	trial_slider: markerPos = 0.9379629629629629
6.7280 	EXP 	trial_slider: markerPos = 0.9314814814814815
6.7723 	EXP 	trial_slider: markerPos = 0.9231481481481482
6.8177 	EXP 	trial_slider: markerPos = 0.9157407407407407
6.8628 	EXP 	trial_slider: markerPos = 0.9064814814814814
6.9035 	EXP 	trial_slider: markerPos = 0.9018518518518519
6.9357 	EXP 	trial_slider: markerPos = 0.8962962962962964
6.9698 	EXP 	trial_slider: markerPos = 0.8907407407407407
7.0486 	EXP 	trial_slider: markerPos = 0.8851851851851852
7.1290 	EXP 	trial_slider: markerPos = 0.8712962962962962
7.2057 	EXP 	trial_slider: markerPos = 0.8574074074074074
7.2631 	EXP 	trial_slider: markerPos = 0.8388888888888889
7.3220 	EXP 	trial_slider: markerPos = 0.8222222222222222
7.3547 	EXP 	trial_slider: markerPos = 0.8064814814814815
7.3881 	EXP 	trial_slider: markerPos = 0.7925925925925925
7.4219 	EXP 	trial_slider: markerPos = 0.775
7.4635 	EXP 	trial_slider: markerPos = 0.7694444444444444
7.5355 	EXP 	trial_slider: markerPos = 0.75
7.6124 	EXP 	trial_slider: markerPos = 0.725
7.6857 	EXP 	trial_slider: markerPos = 0.6990740740740741
7.7440 	EXP 	trial_slider: markerPos = 0.674074074074074
7.7749 	EXP 	trial_slider: markerPos = 0.6537037037037037
7.8083 	EXP 	trial_slider: markerPos = 0.6425925925925926
7.8413 	EXP 	trial_slider: markerPos = 0.6175925925925926
7.8743 	EXP 	trial_slider: markerPos = 0.5981481481481481
7.9136 	EXP 	trial_slider: markerPos = 0.5833333333333334
7.9692 	EXP 	trial_slider: markerPos = 0.5740740740740741
8.0297 	EXP 	trial_slider: markerPos = 0.5472222222222223
8.0917 	EXP 	trial_slider: markerPos = 0.5259259259259259
8.1540 	EXP 	trial_slider: markerPos = 0.5064814814814815
8.2174 	EXP 	trial_slider: markerPos = 0.4925925925925926
8.2780 	EXP 	trial_slider: markerPos = 0.48518518518518516
8.3389 	EXP 	trial_slider: markerPos = 0.47685185185185186
8.4000 	EXP 	trial_slider: markerPos = 0.4638888888888889
8.4627 	EXP 	trial_slider: markerPos = 0.44907407407407407
8.5255 	EXP 	trial_slider: markerPos = 0.43333333333333335
8.5861 	EXP 	trial_slider: markerPos = 0.425
8.6432 	EXP 	trial_slider: markerPos = 0.41944444444444445
8.7043 	EXP 	trial_slider: markerPos = 0.4148148148148148
8.7659 	EXP 	trial_slider: markerPos = 0.40555555555555556
8.8267 	EXP 	trial_slider: markerPos = 0.3962962962962963
8.8889 	EXP 	trial_slider: markerPos = 0.38425925925925924
8.9527 	EXP 	trial_slider: markerPos = 0.3712962962962963
9.0133 	EXP 	trial_slider: markerPos = 0.3657407407407407
9.0782 	EXP 	trial_slider: markerPos = 0.35833333333333334
9.1494 	EXP 	trial_slider: markerPos = 0.3472222222222222
9.2302 	EXP 	trial_slider: markerPos = 0.3148148148148148
9.3104 	EXP 	trial_slider: markerPos = 0.2898148148148148
9.3884 	EXP 	trial_slider: markerPos = 0.27129629629629626
9.4657 	EXP 	trial_slider: markerPos = 0.25555555555555554
9.5219 	EXP 	trial_slider: markerPos = 0.2361111111111111
9.5783 	EXP 	trial_slider: markerPos = 0.21944444444444444
9.6355 	EXP 	trial_slider: markerPos = 0.20370370370370372
9.6965 	EXP 	trial_slider: markerPos = 0.17962962962962964
9.7560 	EXP 	trial_slider: markerPos = 0.15740740740740738
9.8160 	EXP 	trial_slider: markerPos = 0.14074074074074072
9.8745 	EXP 	trial_slider: markerPos = 0.13148148148148148
9.9353 	EXP 	trial_slider: markerPos = 0.12407407407407406
9.9970 	EXP 	trial_slider: markerPos = 0.11481481481481481
10.0644 	EXP 	trial_slider: markerPos = 0.10555555555555557
10.1393 	EXP 	trial_slider: markerPos = 0.09629629629629627
10.2152 	EXP 	trial_slider: markerPos = 0.08425925925925926
10.2871 	EXP 	trial_slider: markerPos = 0.07500000000000001
10.3415 	EXP 	trial_slider: markerPos = 0.06574074074074077
10.3962 	EXP 	trial_slider: markerPos = 0.05555555555555558
10.4511 	EXP 	trial_slider: markerPos = 0.037037037037037035
10.5063 	EXP 	trial_slider: markerPos = 0.02685185185185185
10.5631 	EXP 	trial_slider: markerPos = 0.01944444444444443
10.6177 	EXP 	trial_slider: markerPos = 0.015740740740740722
10.6702 	EXP 	trial_slider: markerPos = 0.011111111111111127
10.7236 	EXP 	trial_slider: markerPos = 0.005555555555555536
10.7762 	EXP 	trial_slider: markerPos = 0.0009259259259259411
10.8302 	EXP 	trial_slider: markerPos = -0.0037037037037036535
10.8807 	EXP 	trial_slider: markerPos = -0.008333333333333304
10.9324 	EXP 	trial_slider: markerPos = -0.015740740740740722
10.9848 	EXP 	trial_slider: markerPos = -0.02314814814814814
11.0367 	EXP 	trial_slider: markerPos = -0.028703703703703676
11.0915 	EXP 	trial_slider: markerPos = -0.040740740740740744
11.1425 	EXP 	trial_slider: markerPos = -0.051851851851851816
11.1929 	EXP 	trial_slider: markerPos = -0.061111111111111116
11.2440 	EXP 	trial_slider: markerPos = -0.06851851851851853
11.2938 	EXP 	trial_slider: markerPos = -0.0712962962962963
11.3345 	EXP 	trial_slider: markerPos = -0.0712962962962963
11.3657 	EXP 	trial_slider: markerPos = -0.0712962962962963
11.3993 	EXP 	trial_slider: markerPos = -0.0712962962962963
11.4324 	EXP 	trial_slider: markerPos = -0.0712962962962963
11.4660 	EXP 	trial_slider: markerPos = -0.0712962962962963
11.4989 	EXP 	trial_slider: markerPos = -0.07037037037037042
11.5325 	EXP 	trial_slider: markerPos = -0.062962962962963
11.5657 	EXP 	trial_slider: markerPos = -0.05277777777777781
11.6103 	EXP 	trial_slider: markerPos = -0.03518518518518521
11.6678 	EXP 	trial_slider: markerPos = -0.010185185185185186
11.6993 	EXP 	trial_slider: markerPos = 0.00833333333333336
11.7327 	EXP 	trial_slider: markerPos = 0.02407407407407408
11.7661 	EXP 	trial_slider: markerPos = 0.04629629629629628
11.7992 	EXP 	trial_slider: markerPos = 0.08796296296296297
11.8326 	EXP 	trial_slider: markerPos = 0.12222222222222223
11.8662 	EXP 	trial_slider: markerPos = 0.13518518518518519
11.9222 	EXP 	trial_slider: markerPos = 0.1509259259259259
12.0023 	EXP 	trial_slider: markerPos = 0.20925925925925926
12.0845 	EXP 	trial_slider: markerPos = 0.2537037037037037
12.1685 	EXP 	trial_slider: markerPos = 0.30092592592592593
12.2492 	EXP 	trial_slider: markerPos = 0.33333333333333337
12.3293 	EXP 	trial_slider: markerPos = 0.375
12.4034 	EXP 	trial_slider: markerPos = 0.425
12.4787 	EXP 	trial_slider: markerPos = 0.5037037037037037
12.5619 	EXP 	trial_slider: markerPos = 0.5740740740740741
12.6436 	EXP 	trial_slider: markerPos = 0.6472222222222223
12.6797 	EXP 	trial_slider: markerPos = 0.7055555555555555
12.7132 	EXP 	trial_slider: markerPos = 0.7453703703703703
12.7465 	EXP 	trial_slider: markerPos = 0.7925925925925925
12.7797 	EXP 	trial_slider: markerPos = 0.8203703703703704
12.8134 	EXP 	trial_slider: markerPos = 0.862037037037037
12.8465 	EXP 	trial_slider: markerPos = 0.8925925925925926
12.8800 	EXP 	trial_slider: markerPos = 0.9379629629629629
12.9134 	EXP 	trial_slider: markerPos = 0.9564814814814815
12.9460 	EXP 	trial_slider: markerPos = 0.9694444444444444
12.9798 	EXP 	trial_slider: markerPos = 0.9851851851851852
13.0134 	EXP 	trial_slider: markerPos = 0.9981481481481482
13.0589 	EXP 	trial_slider: markerPos = 1.0064814814814815
13.1298 	EXP 	trial_slider: markerPos = 1.026851851851852
13.2024 	EXP 	trial_slider: markerPos = 1.0407407407407407
13.2582 	DATA 	Mouse:  Left button up, pos=(2576,562)
13.2605 	EXP 	trial_slider: markerPos = 1.0814814814814815
13.2930 	EXP 	trial_slider: markerPos = 1.0
13.8696 	DATA 	Mouse: Left button down, pos=(2977,240)
14.0225 	EXP 	New trial (rep=1, index=0): None
14.0313 	DATA 	Mouse:  Left button up, pos=(2977,240)
14.0441 	EXP 	trial_slider: autoDraw = False
14.0441 	EXP 	trial_textbox: autoDraw = False
14.0441 	EXP 	trial_reset: autoDraw = False
14.0441 	EXP 	trial_reset_text: autoDraw = False
14.0441 	EXP 	trial_slider: markerPos = None
14.0441 	EXP 	trial_slider: markerPos = 0
14.0441 	EXP 	trial_slider: autoDraw = True
14.0441 	EXP 	trial_textbox: autoDraw = True
14.0441 	EXP 	trial_reset: autoDraw = True
14.0441 	EXP 	trial_reset_text: autoDraw = True
18.7147 	DATA 	Mouse: Left button down, pos=(2470,663)
18.7428 	EXP 	trial_slider: markerPos = 1.0074074074074075
18.7762 	EXP 	trial_slider: markerPos = 1.0055555555555555
18.8094 	EXP 	trial_slider: markerPos = 1.0055555555555555
18.8429 	EXP 	trial_slider: markerPos = 1.0055555555555555
18.8763 	EXP 	trial_slider: markerPos = 1.0055555555555555
18.9096 	EXP 	trial_slider: markerPos = 1.0055555555555555
18.9428 	EXP 	trial_slider: markerPos = 1.0027777777777778
18.9761 	EXP 	trial_slider: markerPos = 1.0
19.0095 	EXP 	trial_slider: markerPos = 0.9916666666666667
19.0427 	EXP 	trial_slider: markerPos = 0.9824074074074074
19.0896 	EXP 	trial_slider: markerPos = 0.9675925925925926
19.1677 	EXP 	trial_slider: markerPos = 0.950925925925926
19.2482 	EXP 	trial_slider: markerPos = 0.9231481481481482
19.3304 	EXP 	trial_slider: markerPos = 0.8666666666666667
19.3629 	EXP 	trial_slider: markerPos = 0.8111111111111111
19.3961 	EXP 	trial_slider: markerPos = 0.7777777777777778
19.4387 	EXP 	trial_slider: markerPos = 0.7527777777777778
19.5188 	EXP 	trial_slider: markerPos = 0.7277777777777777
19.5995 	EXP 	trial_slider: markerPos = 0.6481481481481481
19.6311 	EXP 	trial_slider: markerPos = 0.5546296296296296
19.6647 	EXP 	trial_slider: markerPos = 0.5212962962962963
19.6980 	EXP 	trial_slider: markerPos = 0.4537037037037037
19.7312 	EXP 	trial_slider: markerPos = 0.3990740740740741
19.7643 	EXP 	trial_slider: markerPos = 0.3472222222222222
19.7979 	EXP 	trial_slider: markerPos = 0.29444444444444445
19.8311 	EXP 	trial_slider: markerPos = 0.24166666666666664
19.8646 	EXP 	trial_slider: markerPos = 0.2064814814814815
19.8977 	EXP 	trial_slider: markerPos = 0.17777777777777776
19.9310 	EXP 	trial_slider: markerPos = 0.15555555555555556
19.9644 	EXP 	trial_slider: markerPos = 0.1425925925925926
19.9980 	EXP 	trial_slider: markerPos = 0.11944444444444446
20.0624 	EXP 	trial_slider: markerPos = 0.10185185185185186
20.1413 	EXP 	trial_slider: markerPos = 0.060185185185185175
20.2172 	EXP 	trial_slider: markerPos = 0.00833333333333336
20.2740 	EXP 	trial_slider: markerPos = -0.03888888888888886
20.3337 	EXP 	trial_slider: markerPos = -0.06944444444444442
20.4136 	EXP 	trial_slider: markerPos = -0.08981481481481479
20.4901 	EXP 	trial_slider: markerPos = -0.11944444444444446
20.5691 	EXP 	trial_slider: markerPos = -0.12962962962962965
20.6423 	EXP 	trial_slider: markerPos = -0.13148148148148153
20.6883 	EXP 	trial_slider: markerPos = -0.1333333333333333
20.7206 	EXP 	trial_slider: markerPos = -0.1333333333333333
20.7540 	EXP 	trial_slider: markerPos = -0.1333333333333333
20.7877 	EXP 	trial_slider: markerPos = -0.1333333333333333
20.8211 	EXP 	trial_slider: markerPos = -0.1333333333333333
20.8543 	EXP 	trial_slider: markerPos = -0.1333333333333333
20.8877 	EXP 	trial_slider: markerPos = -0.12870370370370365
20.9241 	EXP 	trial_slider: markerPos = -0.09629629629629632
20.9828 	EXP 	trial_slider: markerPos = -0.0444444444444444
21.0517 	EXP 	trial_slider: markerPos = 0.08703703703703702
21.1255 	EXP 	trial_slider: markerPos = 0.2564814814814815
21.1995 	EXP 	trial_slider: markerPos = 0.35277777777777775
21.2717 	EXP 	trial_slider: markerPos = 0.4546296296296296
21.3047 	EXP 	trial_slider: markerPos = 0.5305555555555556
21.3387 	EXP 	trial_slider: markerPos = 0.5462962962962963
21.3714 	EXP 	trial_slider: markerPos = 0.5675925925925926
21.4048 	EXP 	trial_slider: markerPos = 0.5953703703703703
21.4382 	EXP 	trial_slider: markerPos = 0.6342592592592593
21.4714 	EXP 	trial_slider: markerPos = 0.6648148148148147
21.5048 	EXP 	trial_slider: markerPos = 0.7074074074074074
21.5388 	EXP 	trial_slider: markerPos = 0.7342592592592593
21.5721 	EXP 	trial_slider: markerPos = 0.7592592592592593
21.6047 	EXP 	trial_slider: markerPos = 0.7842592592592592
21.6380 	EXP 	trial_slider: markerPos = 0.8268518518518518
21.6720 	EXP 	trial_slider: markerPos = 0.8722222222222222
21.7055 	EXP 	trial_slider: markerPos = 0.8990740740740741
21.7480 	EXP 	trial_slider: markerPos = 0.9287037037037037
21.7812 	EXP 	trial_slider: markerPos = 0.9564814814814815
21.8146 	EXP 	trial_slider: markerPos = 0.975
21.8482 	EXP 	trial_slider: markerPos = 0.9861111111111112
21.9090 	EXP 	trial_slider: markerPos = 0.9935185185185185
21.9890 	EXP 	trial_slider: markerPos = 1.0101851851851853
22.0625 	EXP 	trial_slider: markerPos = 1.0157407407407408
22.1360 	EXP 	trial_slider: markerPos = 1.0222222222222221
22.1896 	EXP 	trial_slider: markerPos = 1.0296296296296297
22.2427 	EXP 	trial_slider: markerPos = 1.0333333333333332
22.2759 	EXP 	trial_slider: markerPos = 1.037962962962963
22.3093 	EXP 	trial_slider: markerPos = 1.0425925925925927
22.3427 	EXP 	trial_slider: markerPos = 1.0435185185185185
22.3779 	EXP 	trial_slider: markerPos = 1.0435185185185185
22.4298 	EXP 	trial_slider: markerPos = 1.0444444444444443
22.4792 	EXP 	trial_slider: markerPos = 1.0444444444444443
22.5119 	EXP 	trial_slider: markerPos = 1.0444444444444443
22.5451 	EXP 	trial_slider: markerPos = 1.0444444444444443
22.5784 	EXP 	trial_slider: markerPos = 1.0444444444444443
22.6117 	EXP 	trial_slider: markerPos = 1.0444444444444443
22.6285 	DATA 	Mouse:  Left button up, pos=(2508,688)
22.6451 	EXP 	trial_slider: markerPos = 1.0444444444444443
22.6784 	EXP 	trial_slider: markerPos = 1
22.9325 	DATA 	Keypress: escape
23.0565 	EXP 	template: status = STOPPED
23.0839 	EXP 	trial_slider: autoDraw = False
23.0839 	EXP 	trial_textbox: autoDraw = False
23.0839 	EXP 	0: autoDraw = False
23.0839 	EXP 	1: autoDraw = False
23.0839 	EXP 	2: autoDraw = False
23.0839 	EXP 	3: autoDraw = False
23.0839 	EXP 	4: autoDraw = False
23.0839 	EXP 	5: autoDraw = False
23.0839 	EXP 	6: autoDraw = False
23.0839 	EXP 	7: autoDraw = False
23.0839 	EXP 	8: autoDraw = False
23.0839 	EXP 	9: autoDraw = False
23.0839 	EXP 	trial_reset: autoDraw = False
23.0839 	EXP 	trial_reset_text: autoDraw = False
23.0843 	EXP 	template: status = STOPPED
23.2257 	EXP 	window1: mouseVisible = True
