6.1217 	WARNING 	C:\Users\andre\AppData\Roaming\psychopy3\fonts\Times.truetype doesn't have valid font family name
6.2428 	WARNING 	C:\Users\andre\AppData\Roaming\psychopy3\fonts\Times.truetype doesn't have valid font family name
23.1296 	WARNING 	User requested fullscreen with size [1920 1080], but screen is actually [3840, 2160]. Using actual size
26.6391 	EXP 	Created window1 = Window(allowGUI=True, allowStencil=True, autoLog=True, backendConf=UNKNOWN, backgroundFit=<method-wrapper '__getattribute__' of attributeSetter object at 0x00000200C6E8ADC0>, backgroundImage=<method-wrapper '__getattribute__' of attributeSetter object at 0x00000200C6E8AD60>, bitsMode=UNKNOWN, blendMode='avg', bpc=(8, 8, 8), color=array([-1, -1, -1]), colorSpace='rgb', depthBits=8, fullscr=<method-wrapper '__getattribute__' of attributeSetter object at 0x00000200C6E8AB80>, gamma=None, gammaErrorPolicy='raise', lms=UNKNOWN, monitor=<psychopy.monitors.calibTools.Monitor object at 0x00000200C7090EB0>, multiSample=False, name='window1', numSamples=2, pos=(0, 0), screen=0, size=array([3840, 2160]), stencilBits=8, stereo=False, title='PsychoPy', units='height', useFBO=True, useRetina=False, viewOri=0.0, viewPos=None, viewScale=None, waitBlanking=True, winType='pyglet')
26.6397 	EXP 	window1: mouseVisible = True
26.6398 	EXP 	window1: backgroundImage = ''
26.6398 	EXP 	window1: backgroundFit = 'none'
26.6464 	EXP 	window1: Attempting to measure frame rate of screen (0) ...
26.6465 	EXP 	window1: recordFrameIntervals = False
26.8050 	EXP 	window1: recordFrameIntervals = True
26.9884 	EXP 	Screen (0) actual frame rate measured at 59.99Hz
26.9885 	EXP 	window1: recordFrameIntervals = False
26.9887 	EXP 	window1: mouseVisible = False
31.4458 	EXP 	coding: status = STARTED
31.4462 	EXP 	window1: mouseVisible = True
31.4491 	EXP 	Created 0 = ShapeStim(__class__=<class 'psychopy.visual.shape.ShapeStim'>, anchor=('center', 'center'), autoDraw=False, autoLog=True, closeShape=True, color=method-wrapper(...), colorSpace='rgb', contrast=None, depth=-6.0, draggable=False, fillColor=array([1, 1, 1]), fillColorSpace='rgb', fillRGB=array([1, 1, 1]), interpolate=True, lineColor=array([1., 1., 1.]), lineColorSpace='rgb', lineRGB=array([1, 1, 1]), lineWidth=1.0, name='0', opacity=1.0, ori=0.0, pos=array([0., 0.]), size=array([0.075, 0.075]), units='height', vertices=ndarray(...), win=Window(...), windingRule=None)
31.4493 	EXP 	window1: mouseVisible = True
31.4519 	EXP 	Created 1 = ShapeStim(__class__=<class 'psychopy.visual.shape.ShapeStim'>, anchor=('center', 'center'), autoDraw=False, autoLog=True, closeShape=True, color=method-wrapper(...), colorSpace='rgb', contrast=None, depth=-6.0, draggable=False, fillColor=array([1, 1, 1]), fillColorSpace='rgb', fillRGB=array([1, 1, 1]), interpolate=True, lineColor=array([1., 1., 1.]), lineColorSpace='rgb', lineRGB=array([1, 1, 1]), lineWidth=1.0, name='1', opacity=1.0, ori=0.0, pos=array([0., 0.]), size=array([0.075, 0.075]), units='height', vertices=ndarray(...), win=Window(...), windingRule=None)
31.4604 	EXP 	window1: mouseVisible = True
31.4609 	EXP 	window1: mouseVisible = True
31.4635 	EXP 	window1: mouseVisible = True
31.4657 	EXP 	window1: mouseVisible = True
31.4946 	EXP 	Created trial_slider = Slider(__class__=<class 'psychopy.visual.slider.Slider'>, autoDraw=False, autoLog=True, borderColor=None, color=None, colorSpace='rgb', depth=-6, fillColor=None, flip=False, font='Open Sans', granularity=0.0, labelColor=None, labelHeight=0.05, labelWrapWidth=None, labels=None, lineColor=None, markerColor=None, name='trial_slider', opacity=None, ori=0.0, pos=array([ 0. , -0.2]), readOnly=False, self=UNKNOWN, size=array([0.5 , 0.05]), startValue=0, style='rating', styleTweaks=[], ticks=array([0, 1]), units='height', win=Window(...))
31.4947 	EXP 	window1: mouseVisible = True
31.4950 	EXP 	window1: mouseVisible = True
31.4953 	EXP 	window1: mouseVisible = True
31.4961 	EXP 	window1: mouseVisible = True
31.4968 	EXP 	window1: mouseVisible = True
31.5122 	EXP 	window1: mouseVisible = True
31.5124 	EXP 	window1: mouseVisible = True
31.5131 	EXP 	window1: mouseVisible = True
31.5137 	EXP 	window1: mouseVisible = True
31.5715 	EXP 	window1: mouseVisible = True
31.5732 	EXP 	Created trial_reset = Rect(__class__=<class 'psychopy.visual.rect.Rect'>, anchor=('center', 'center'), autoDraw=False, autoLog=True, closeShape=True, color=method-wrapper(...), colorSpace='rgb', contrast=None, depth=-9.0, draggable=False, fillColor=array([-1, -1,  1]), fillColorSpace='rgb', fillRGB=array([-1, -1,  1]), interpolate=True, lineColor=array([-1., -1.,  1.]), lineColorSpace='rgb', lineRGB=array([-1, -1,  1]), lineWidth=1.0, name='trial_reset', opacity=1.0, ori=0.0, pos=array([ 0.5, -0.4]), size=array([0.15, 0.1 ]), units='height', vertices=ndarray(...), win=Window(...))
31.5735 	EXP 	window1: mouseVisible = True
31.5736 	EXP 	window1: mouseVisible = True
31.5742 	EXP 	window1: mouseVisible = True
31.5747 	EXP 	window1: mouseVisible = True
31.5950 	EXP 	window1: mouseVisible = True
31.5951 	EXP 	window1: mouseVisible = True
31.5956 	EXP 	window1: mouseVisible = True
31.5961 	EXP 	window1: mouseVisible = True
0.0101 	EXP 	0: autoDraw = True
0.0101 	EXP 	1: autoDraw = True
0.0101 	EXP 	trial_slider: autoLog = True
0.0101 	EXP 	trial_slider: styleTweaks = []
0.0101 	EXP 	trial_slider: styleTweaks = []
0.0101 	EXP 	trial_slider: styleTweaks = []
0.0101 	EXP 	trial_slider: styleTweaks = []
0.0101 	EXP 	trial_slider: contrast = 1.0
0.0101 	EXP 	trial_slider: markerPos = 0
0.0101 	EXP 	trial_slider: autoLog = True
0.0101 	EXP 	trial_textbox: autoLog = True
0.0101 	EXP 	trial_reset_text: autoLog = True
0.0114 	EXP 	Created sequence: sequential, trialTypes=1, nReps=9999, seed=None
0.0376 	EXP 	New trial (rep=0, index=0): None
0.1607 	EXP 	trial_slider: markerPos = None
0.1607 	EXP 	trial_slider: markerPos = 0
0.1607 	EXP 	0: ori = 0
0.1607 	EXP 	1: ori = 0
0.1607 	EXP 	trial_slider: autoDraw = True
0.1607 	EXP 	trial_textbox: autoDraw = True
0.1607 	EXP 	trial_reset: autoDraw = True
0.1607 	EXP 	trial_reset_text: autoDraw = True
0.2081 	EXP 	0: ori = 1
0.2081 	EXP 	1: ori = 1
0.2280 	EXP 	0: ori = 2
0.2280 	EXP 	1: ori = 2
0.2396 	EXP 	0: ori = 3
0.2396 	EXP 	1: ori = 3
0.2509 	EXP 	0: ori = 4
0.2509 	EXP 	1: ori = 4
0.2623 	EXP 	0: ori = 5
0.2623 	EXP 	1: ori = 5
0.2781 	EXP 	0: ori = 6
0.2781 	EXP 	1: ori = 6
0.3177 	EXP 	0: ori = 7
0.3177 	EXP 	1: ori = 7
0.3341 	EXP 	0: ori = 8
0.3341 	EXP 	1: ori = 8
0.3505 	EXP 	0: ori = 9
0.3505 	EXP 	1: ori = 9
0.3668 	EXP 	0: ori = 10
0.3668 	EXP 	1: ori = 10
0.3830 	EXP 	0: ori = 11
0.3830 	EXP 	1: ori = 11
0.3992 	EXP 	0: ori = 12
0.3992 	EXP 	1: ori = 12
0.4280 	EXP 	0: ori = 13
0.4280 	EXP 	1: ori = 13
0.4443 	EXP 	0: ori = 14
0.4443 	EXP 	1: ori = 14
0.4605 	EXP 	0: ori = 15
0.4605 	EXP 	1: ori = 15
0.4769 	EXP 	0: ori = 16
0.4769 	EXP 	1: ori = 16
0.4932 	EXP 	0: ori = 17
0.4932 	EXP 	1: ori = 17
0.5095 	EXP 	0: ori = 18
0.5095 	EXP 	1: ori = 18
0.5260 	EXP 	0: ori = 19
0.5260 	EXP 	1: ori = 19
0.5422 	EXP 	0: ori = 20
0.5422 	EXP 	1: ori = 20
0.5604 	EXP 	0: ori = 21
0.5604 	EXP 	1: ori = 21
0.5737 	EXP 	0: ori = 22
0.5737 	EXP 	1: ori = 22
0.5838 	EXP 	0: ori = 23
0.5838 	EXP 	1: ori = 23
0.6025 	EXP 	0: ori = 24
0.6025 	EXP 	1: ori = 24
0.6172 	EXP 	0: ori = 25
0.6172 	EXP 	1: ori = 25
0.6318 	EXP 	0: ori = 26
0.6318 	EXP 	1: ori = 26
0.6502 	EXP 	0: ori = 27
0.6502 	EXP 	1: ori = 27
0.6648 	EXP 	0: ori = 28
0.6648 	EXP 	1: ori = 28
0.6789 	EXP 	0: ori = 29
0.6789 	EXP 	1: ori = 29
0.6967 	EXP 	0: ori = 30
0.6967 	EXP 	1: ori = 30
0.7127 	EXP 	0: ori = 31
0.7127 	EXP 	1: ori = 31
0.7294 	EXP 	0: ori = 32
0.7294 	EXP 	1: ori = 32
0.7461 	EXP 	0: ori = 33
0.7461 	EXP 	1: ori = 33
0.7650 	EXP 	0: ori = 34
0.7650 	EXP 	1: ori = 34
0.7792 	EXP 	0: ori = 35
0.7792 	EXP 	1: ori = 35
0.7965 	EXP 	0: ori = 36
0.7965 	EXP 	1: ori = 36
0.8118 	EXP 	0: ori = 37
0.8118 	EXP 	1: ori = 37
0.8285 	EXP 	0: ori = 38
0.8285 	EXP 	1: ori = 38
0.8472 	EXP 	0: ori = 39
0.8472 	EXP 	1: ori = 39
0.8626 	EXP 	0: ori = 40
0.8626 	EXP 	1: ori = 40
0.8796 	EXP 	0: ori = 41
0.8796 	EXP 	1: ori = 41
0.8981 	EXP 	0: ori = 42
0.8981 	EXP 	1: ori = 42
0.9118 	EXP 	0: ori = 43
0.9118 	EXP 	1: ori = 43
0.9290 	EXP 	0: ori = 44
0.9290 	EXP 	1: ori = 44
0.9503 	EXP 	0: ori = 45
0.9503 	EXP 	1: ori = 45
0.9666 	EXP 	0: ori = 46
0.9666 	EXP 	1: ori = 46
0.9796 	EXP 	0: ori = 47
0.9796 	EXP 	1: ori = 47
1.0031 	EXP 	0: ori = 48
1.0031 	EXP 	1: ori = 48
1.0207 	EXP 	0: ori = 49
1.0207 	EXP 	1: ori = 49
1.0329 	EXP 	0: ori = 50
1.0329 	EXP 	1: ori = 50
1.0465 	EXP 	0: ori = 51
1.0465 	EXP 	1: ori = 51
1.0625 	EXP 	0: ori = 52
1.0625 	EXP 	1: ori = 52
1.0789 	EXP 	0: ori = 53
1.0789 	EXP 	1: ori = 53
1.0961 	EXP 	0: ori = 54
1.0961 	EXP 	1: ori = 54
1.1125 	EXP 	0: ori = 55
1.1125 	EXP 	1: ori = 55
1.1292 	EXP 	0: ori = 56
1.1292 	EXP 	1: ori = 56
1.1485 	EXP 	0: ori = 57
1.1485 	EXP 	1: ori = 57
1.1651 	EXP 	0: ori = 58
1.1651 	EXP 	1: ori = 58
1.1800 	EXP 	0: ori = 59
1.1800 	EXP 	1: ori = 59
1.1957 	EXP 	0: ori = 60
1.1957 	EXP 	1: ori = 60
1.2122 	EXP 	0: ori = 61
1.2122 	EXP 	1: ori = 61
1.2292 	EXP 	0: ori = 62
1.2292 	EXP 	1: ori = 62
1.2457 	EXP 	0: ori = 63
1.2457 	EXP 	1: ori = 63
1.2620 	EXP 	0: ori = 64
1.2620 	EXP 	1: ori = 64
1.2787 	EXP 	0: ori = 65
1.2787 	EXP 	1: ori = 65
1.2953 	EXP 	0: ori = 66
1.2953 	EXP 	1: ori = 66
1.3124 	EXP 	0: ori = 67
1.3124 	EXP 	1: ori = 67
1.3161 	DATA 	Mouse: Left button down, pos=(1424,637)
1.3296 	EXP 	0: ori = 68
1.3296 	EXP 	1: ori = 68
1.3296 	EXP 	trial_slider: markerPos = 0.040740740740740744
1.3455 	EXP 	0: ori = 69
1.3455 	EXP 	1: ori = 69
1.3455 	EXP 	trial_slider: markerPos = 0.040740740740740744
1.3622 	EXP 	0: ori = 70
1.3622 	EXP 	1: ori = 70
1.3622 	EXP 	trial_slider: markerPos = 0.040740740740740744
1.3788 	EXP 	0: ori = 71
1.3788 	EXP 	1: ori = 71
1.3788 	EXP 	trial_slider: markerPos = 0.040740740740740744
1.3986 	EXP 	0: ori = 72
1.3986 	EXP 	1: ori = 72
1.3986 	EXP 	trial_slider: markerPos = 0.040740740740740744
1.4246 	EXP 	0: ori = 73
1.4246 	EXP 	1: ori = 73
1.4246 	EXP 	trial_slider: markerPos = 0.04351851851851851
1.4658 	EXP 	0: ori = 74
1.4658 	EXP 	1: ori = 74
1.4658 	EXP 	trial_slider: markerPos = 0.0537037037037037
1.4831 	EXP 	0: ori = 75
1.4831 	EXP 	1: ori = 75
1.4831 	EXP 	trial_slider: markerPos = 0.06481481481481483
1.4994 	EXP 	0: ori = 76
1.4994 	EXP 	1: ori = 76
1.4994 	EXP 	trial_slider: markerPos = 0.06944444444444442
1.5186 	EXP 	0: ori = 77
1.5186 	EXP 	1: ori = 77
1.5186 	EXP 	trial_slider: markerPos = 0.07314814814814813
1.5348 	EXP 	0: ori = 78
1.5348 	EXP 	1: ori = 78
1.5348 	EXP 	trial_slider: markerPos = 0.07407407407407407
1.5528 	EXP 	0: ori = 79
1.5528 	EXP 	1: ori = 79
1.5528 	EXP 	trial_slider: markerPos = 0.0796296296296296
1.5682 	EXP 	0: ori = 80
1.5682 	EXP 	1: ori = 80
1.5682 	EXP 	trial_slider: markerPos = 0.08148148148148149
1.5838 	EXP 	0: ori = 81
1.5838 	EXP 	1: ori = 81
1.5838 	EXP 	trial_slider: markerPos = 0.08240740740740743
1.5990 	EXP 	0: ori = 82
1.5990 	EXP 	1: ori = 82
1.5990 	EXP 	trial_slider: markerPos = 0.0851851851851852
1.6171 	EXP 	0: ori = 83
1.6171 	EXP 	1: ori = 83
1.6171 	EXP 	trial_slider: markerPos = 0.0851851851851852
1.6406 	EXP 	0: ori = 84
1.6406 	EXP 	1: ori = 84
1.6406 	EXP 	trial_slider: markerPos = 0.08981481481481479
1.6785 	EXP 	0: ori = 85
1.6785 	EXP 	1: ori = 85
1.6785 	EXP 	trial_slider: markerPos = 0.09259259259259262
1.7242 	EXP 	0: ori = 86
1.7242 	EXP 	1: ori = 86
1.7242 	EXP 	trial_slider: markerPos = 0.09814814814814815
1.7691 	EXP 	0: ori = 87
1.7691 	EXP 	1: ori = 87
1.7691 	EXP 	trial_slider: markerPos = 0.10370370370370369
1.8138 	EXP 	0: ori = 88
1.8138 	EXP 	1: ori = 88
1.8138 	EXP 	trial_slider: markerPos = 0.1074074074074074
1.8620 	EXP 	0: ori = 89
1.8620 	EXP 	1: ori = 89
1.8620 	EXP 	trial_slider: markerPos = 0.11296296296296299
1.9126 	EXP 	0: ori = 90
1.9126 	EXP 	1: ori = 90
1.9126 	EXP 	trial_slider: markerPos = 0.11759259259259258
1.9624 	EXP 	0: ori = 91
1.9624 	EXP 	1: ori = 91
1.9624 	EXP 	trial_slider: markerPos = 0.12592592592592594
2.0124 	EXP 	0: ori = 92
2.0124 	EXP 	1: ori = 92
2.0124 	EXP 	trial_slider: markerPos = 0.14444444444444443
2.0631 	EXP 	0: ori = 93
2.0631 	EXP 	1: ori = 93
2.0631 	EXP 	trial_slider: markerPos = 0.17129629629629628
2.1127 	EXP 	0: ori = 94
2.1127 	EXP 	1: ori = 94
2.1127 	EXP 	trial_slider: markerPos = 0.19814814814814813
2.1612 	EXP 	0: ori = 95
2.1612 	EXP 	1: ori = 95
2.1612 	EXP 	trial_slider: markerPos = 0.22685185185185186
2.2116 	EXP 	0: ori = 96
2.2116 	EXP 	1: ori = 96
2.2116 	EXP 	trial_slider: markerPos = 0.25
2.2579 	EXP 	0: ori = 97
2.2579 	EXP 	1: ori = 97
2.2579 	EXP 	trial_slider: markerPos = 0.28055555555555556
2.3093 	EXP 	0: ori = 98
2.3093 	EXP 	1: ori = 98
2.3093 	EXP 	trial_slider: markerPos = 0.30925925925925923
2.3589 	EXP 	0: ori = 99
2.3589 	EXP 	1: ori = 99
2.3589 	EXP 	trial_slider: markerPos = 0.3462962962962963
2.4083 	EXP 	0: ori = 100
2.4083 	EXP 	1: ori = 100
2.4083 	EXP 	trial_slider: markerPos = 0.36296296296296293
2.4545 	EXP 	0: ori = 101
2.4545 	EXP 	1: ori = 101
2.4545 	EXP 	trial_slider: markerPos = 0.3814814814814815
2.4738 	EXP 	0: ori = 102
2.4738 	EXP 	1: ori = 102
2.4738 	EXP 	trial_slider: markerPos = 0.40555555555555556
2.4902 	EXP 	0: ori = 103
2.4902 	EXP 	1: ori = 103
2.4902 	EXP 	trial_slider: markerPos = 0.4111111111111111
2.5054 	EXP 	0: ori = 104
2.5054 	EXP 	1: ori = 104
2.5054 	EXP 	trial_slider: markerPos = 0.4175925925925926
2.5242 	EXP 	0: ori = 105
2.5242 	EXP 	1: ori = 105
2.5242 	EXP 	trial_slider: markerPos = 0.42592592592592593
2.5396 	EXP 	0: ori = 106
2.5396 	EXP 	1: ori = 106
2.5396 	EXP 	trial_slider: markerPos = 0.44814814814814813
2.5560 	EXP 	0: ori = 107
2.5560 	EXP 	1: ori = 107
2.5560 	EXP 	trial_slider: markerPos = 0.4564814814814815
2.5707 	EXP 	0: ori = 108
2.5707 	EXP 	1: ori = 108
2.5707 	EXP 	trial_slider: markerPos = 0.4648148148148148
2.5874 	EXP 	0: ori = 109
2.5874 	EXP 	1: ori = 109
2.5874 	EXP 	trial_slider: markerPos = 0.47962962962962963
2.6084 	EXP 	0: ori = 110
2.6084 	EXP 	1: ori = 110
2.6084 	EXP 	trial_slider: markerPos = 0.48518518518518516
2.6237 	EXP 	0: ori = 111
2.6237 	EXP 	1: ori = 111
2.6237 	EXP 	trial_slider: markerPos = 0.5018518518518519
2.6420 	EXP 	0: ori = 112
2.6420 	EXP 	1: ori = 112
2.6420 	EXP 	trial_slider: markerPos = 0.5101851851851852
2.6584 	EXP 	0: ori = 113
2.6584 	EXP 	1: ori = 113
2.6584 	EXP 	trial_slider: markerPos = 0.5324074074074074
2.6745 	EXP 	0: ori = 114
2.6745 	EXP 	1: ori = 114
2.6745 	EXP 	trial_slider: markerPos = 0.5416666666666666
2.6897 	EXP 	0: ori = 115
2.6897 	EXP 	1: ori = 115
2.6897 	EXP 	trial_slider: markerPos = 0.5611111111111111
2.7041 	EXP 	0: ori = 116
2.7041 	EXP 	1: ori = 116
2.7041 	EXP 	trial_slider: markerPos = 0.5777777777777777
2.7196 	EXP 	0: ori = 117
2.7196 	EXP 	1: ori = 117
2.7196 	EXP 	trial_slider: markerPos = 0.5777777777777777
2.7370 	EXP 	0: ori = 118
2.7370 	EXP 	1: ori = 118
2.7370 	EXP 	trial_slider: markerPos = 0.6027777777777777
2.7601 	EXP 	0: ori = 119
2.7601 	EXP 	1: ori = 119
2.7601 	EXP 	trial_slider: markerPos = 0.6138888888888889
2.8003 	EXP 	0: ori = 120
2.8003 	EXP 	1: ori = 120
2.8003 	EXP 	trial_slider: markerPos = 0.6444444444444444
2.8499 	EXP 	0: ori = 121
2.8499 	EXP 	1: ori = 121
2.8499 	EXP 	trial_slider: markerPos = 0.6722222222222223
2.9019 	EXP 	0: ori = 122
2.9019 	EXP 	1: ori = 122
2.9019 	EXP 	trial_slider: markerPos = 0.7074074074074074
2.9529 	EXP 	0: ori = 123
2.9529 	EXP 	1: ori = 123
2.9529 	EXP 	trial_slider: markerPos = 0.7379629629629629
3.0041 	EXP 	0: ori = 124
3.0041 	EXP 	1: ori = 124
3.0041 	EXP 	trial_slider: markerPos = 0.7694444444444444
3.0552 	EXP 	0: ori = 125
3.0552 	EXP 	1: ori = 125
3.0552 	EXP 	trial_slider: markerPos = 0.8083333333333333
3.1041 	EXP 	0: ori = 126
3.1041 	EXP 	1: ori = 126
3.1041 	EXP 	trial_slider: markerPos = 0.85
3.1528 	EXP 	0: ori = 127
3.1528 	EXP 	1: ori = 127
3.1528 	EXP 	trial_slider: markerPos = 0.9083333333333333
3.1811 	EXP 	0: ori = 128
3.1811 	EXP 	1: ori = 128
3.1811 	EXP 	trial_slider: markerPos = 0.9666666666666667
3.1981 	EXP 	0: ori = 129
3.1981 	EXP 	1: ori = 129
3.1981 	EXP 	trial_slider: markerPos = 0.9796296296296296
3.2176 	EXP 	0: ori = 130
3.2176 	EXP 	1: ori = 130
3.2176 	EXP 	trial_slider: markerPos = 0.9944444444444445
3.2339 	EXP 	0: ori = 131
3.2339 	EXP 	1: ori = 131
3.2339 	EXP 	trial_slider: markerPos = 0.9981481481481482
3.2512 	EXP 	0: ori = 132
3.2512 	EXP 	1: ori = 132
3.2512 	EXP 	trial_slider: markerPos = 1.0037037037037035
3.2683 	EXP 	0: ori = 133
3.2683 	EXP 	1: ori = 133
3.2683 	EXP 	trial_slider: markerPos = 1.0074074074074075
3.2833 	EXP 	0: ori = 134
3.2833 	EXP 	1: ori = 134
3.2833 	EXP 	trial_slider: markerPos = 1.0083333333333333
3.2999 	EXP 	0: ori = 135
3.2999 	EXP 	1: ori = 135
3.2999 	EXP 	trial_slider: markerPos = 1.0083333333333333
3.3201 	EXP 	0: ori = 136
3.3201 	EXP 	1: ori = 136
3.3201 	EXP 	trial_slider: markerPos = 1.0083333333333333
3.3476 	EXP 	0: ori = 137
3.3476 	EXP 	1: ori = 137
3.3476 	EXP 	trial_slider: markerPos = 1.0083333333333333
3.3767 	EXP 	0: ori = 138
3.3767 	EXP 	1: ori = 138
3.3767 	EXP 	trial_slider: markerPos = 1.0083333333333333
3.4072 	EXP 	0: ori = 139
3.4072 	EXP 	1: ori = 139
3.4072 	EXP 	trial_slider: markerPos = 1.0101851851851853
3.4362 	EXP 	0: ori = 140
3.4362 	EXP 	1: ori = 140
3.4362 	EXP 	trial_slider: markerPos = 1.0101851851851853
3.4680 	EXP 	0: ori = 141
3.4680 	EXP 	1: ori = 141
3.4680 	EXP 	trial_slider: markerPos = 1.0101851851851853
3.4934 	EXP 	0: ori = 142
3.4934 	EXP 	1: ori = 142
3.4934 	EXP 	trial_slider: markerPos = 1.0101851851851853
3.5137 	EXP 	0: ori = 143
3.5137 	EXP 	1: ori = 143
3.5137 	EXP 	trial_slider: markerPos = 1.0101851851851853
3.5317 	EXP 	0: ori = 144
3.5317 	EXP 	1: ori = 144
3.5317 	EXP 	trial_slider: markerPos = 1.0101851851851853
3.5498 	EXP 	0: ori = 145
3.5498 	EXP 	1: ori = 145
3.5498 	EXP 	trial_slider: markerPos = 1.0101851851851853
3.5679 	EXP 	0: ori = 146
3.5679 	EXP 	1: ori = 146
3.5679 	EXP 	trial_slider: markerPos = 1.0101851851851853
3.5859 	EXP 	0: ori = 147
3.5859 	EXP 	1: ori = 147
3.5859 	EXP 	trial_slider: markerPos = 1.0101851851851853
3.6040 	EXP 	0: ori = 148
3.6040 	EXP 	1: ori = 148
3.6040 	EXP 	trial_slider: markerPos = 1.0101851851851853
3.6231 	EXP 	0: ori = 149
3.6231 	EXP 	1: ori = 149
3.6231 	EXP 	trial_slider: markerPos = 1.0101851851851853
3.6411 	EXP 	0: ori = 150
3.6411 	EXP 	1: ori = 150
3.6411 	EXP 	trial_slider: markerPos = 1.0101851851851853
3.6592 	EXP 	0: ori = 151
3.6592 	EXP 	1: ori = 151
3.6592 	EXP 	trial_slider: markerPos = 1.0101851851851853
3.6783 	EXP 	0: ori = 152
3.6783 	EXP 	1: ori = 152
3.6783 	EXP 	trial_slider: markerPos = 1.0101851851851853
3.6971 	EXP 	0: ori = 153
3.6971 	EXP 	1: ori = 153
3.6971 	EXP 	trial_slider: markerPos = 1.0092592592592593
3.7215 	EXP 	0: ori = 154
3.7215 	EXP 	1: ori = 154
3.7215 	EXP 	trial_slider: markerPos = 1.0083333333333333
3.7645 	EXP 	0: ori = 155
3.7645 	EXP 	1: ori = 155
3.7645 	EXP 	trial_slider: markerPos = 1.0055555555555555
3.8126 	EXP 	0: ori = 156
3.8126 	EXP 	1: ori = 156
3.8126 	EXP 	trial_slider: markerPos = 1.0
3.8628 	EXP 	0: ori = 157
3.8628 	EXP 	1: ori = 157
3.8628 	EXP 	trial_slider: markerPos = 0.9861111111111112
3.9118 	EXP 	0: ori = 158
3.9118 	EXP 	1: ori = 158
3.9118 	EXP 	trial_slider: markerPos = 0.9777777777777779
3.9614 	EXP 	0: ori = 159
3.9614 	EXP 	1: ori = 159
3.9614 	EXP 	trial_slider: markerPos = 0.9722222222222222
3.9833 	EXP 	0: ori = 160
3.9833 	EXP 	1: ori = 160
3.9833 	EXP 	trial_slider: markerPos = 0.9648148148148148
4.0115 	EXP 	0: ori = 161
4.0115 	EXP 	1: ori = 161
4.0115 	EXP 	trial_slider: markerPos = 0.962962962962963
4.0591 	EXP 	0: ori = 162
4.0591 	EXP 	1: ori = 162
4.0591 	EXP 	trial_slider: markerPos = 0.9574074074074075
4.1075 	EXP 	0: ori = 163
4.1075 	EXP 	1: ori = 163
4.1075 	EXP 	trial_slider: markerPos = 0.9546296296296296
4.1522 	EXP 	0: ori = 164
4.1522 	EXP 	1: ori = 164
4.1522 	EXP 	trial_slider: markerPos = 0.9490740740740741
4.1706 	EXP 	0: ori = 165
4.1706 	EXP 	1: ori = 165
4.1706 	EXP 	trial_slider: markerPos = 0.9416666666666667
4.1864 	EXP 	0: ori = 166
4.1864 	EXP 	1: ori = 166
4.1864 	EXP 	trial_slider: markerPos = 0.9407407407407408
4.2010 	EXP 	0: ori = 167
4.2010 	EXP 	1: ori = 167
4.2010 	EXP 	trial_slider: markerPos = 0.9379629629629629
4.2176 	EXP 	0: ori = 168
4.2176 	EXP 	1: ori = 168
4.2176 	EXP 	trial_slider: markerPos = 0.9361111111111111
4.2363 	EXP 	0: ori = 169
4.2363 	EXP 	1: ori = 169
4.2363 	EXP 	trial_slider: markerPos = 0.9314814814814815
4.2540 	EXP 	0: ori = 170
4.2540 	EXP 	1: ori = 170
4.2540 	EXP 	trial_slider: markerPos = 0.9277777777777778
4.2763 	EXP 	0: ori = 171
4.2763 	EXP 	1: ori = 171
4.2763 	EXP 	trial_slider: markerPos = 0.924074074074074
4.3146 	EXP 	0: ori = 172
4.3146 	EXP 	1: ori = 172
4.3146 	EXP 	trial_slider: markerPos = 0.9175925925925925
4.3641 	EXP 	0: ori = 173
4.3641 	EXP 	1: ori = 173
4.3641 	EXP 	trial_slider: markerPos = 0.9083333333333333
4.4123 	EXP 	0: ori = 174
4.4123 	EXP 	1: ori = 174
4.4123 	EXP 	trial_slider: markerPos = 0.8851851851851852
4.4319 	EXP 	0: ori = 175
4.4319 	EXP 	1: ori = 175
4.4319 	EXP 	trial_slider: markerPos = 0.8592592592592593
4.4495 	EXP 	0: ori = 176
4.4495 	EXP 	1: ori = 176
4.4495 	EXP 	trial_slider: markerPos = 0.8490740740740741
4.4675 	EXP 	0: ori = 177
4.4675 	EXP 	1: ori = 177
4.4675 	EXP 	trial_slider: markerPos = 0.8398148148148148
4.4857 	EXP 	0: ori = 178
4.4857 	EXP 	1: ori = 178
4.4857 	EXP 	trial_slider: markerPos = 0.8240740740740741
4.5025 	EXP 	0: ori = 179
4.5025 	EXP 	1: ori = 179
4.5025 	EXP 	trial_slider: markerPos = 0.8129629629629629
4.5201 	EXP 	0: ori = 180
4.5201 	EXP 	1: ori = 180
4.5201 	EXP 	trial_slider: markerPos = 0.8092592592592592
4.5391 	EXP 	0: ori = 181
4.5391 	EXP 	1: ori = 181
4.5391 	EXP 	trial_slider: markerPos = 0.7907407407407407
4.5560 	EXP 	0: ori = 182
4.5560 	EXP 	1: ori = 182
4.5560 	EXP 	trial_slider: markerPos = 0.7759259259259259
4.5777 	EXP 	0: ori = 183
4.5777 	EXP 	1: ori = 183
4.5777 	EXP 	trial_slider: markerPos = 0.7518518518518518
4.6121 	EXP 	0: ori = 184
4.6121 	EXP 	1: ori = 184
4.6121 	EXP 	trial_slider: markerPos = 0.7351851851851852
4.6558 	EXP 	0: ori = 185
4.6558 	EXP 	1: ori = 185
4.6558 	EXP 	trial_slider: markerPos = 0.6944444444444444
4.7000 	EXP 	0: ori = 186
4.7000 	EXP 	1: ori = 186
4.7000 	EXP 	trial_slider: markerPos = 0.65
4.7440 	EXP 	0: ori = 187
4.7440 	EXP 	1: ori = 187
4.7440 	EXP 	trial_slider: markerPos = 0.6027777777777777
4.7936 	EXP 	0: ori = 188
4.7936 	EXP 	1: ori = 188
4.7936 	EXP 	trial_slider: markerPos = 0.5638888888888889
4.8133 	EXP 	0: ori = 189
4.8133 	EXP 	1: ori = 189
4.8133 	EXP 	trial_slider: markerPos = 0.5185185185185185
4.8301 	EXP 	0: ori = 190
4.8301 	EXP 	1: ori = 190
4.8301 	EXP 	trial_slider: markerPos = 0.5074074074074074
4.8466 	EXP 	0: ori = 191
4.8466 	EXP 	1: ori = 191
4.8466 	EXP 	trial_slider: markerPos = 0.487962962962963
4.8636 	EXP 	0: ori = 192
4.8636 	EXP 	1: ori = 192
4.8636 	EXP 	trial_slider: markerPos = 0.4787037037037037
4.8803 	EXP 	0: ori = 193
4.8803 	EXP 	1: ori = 193
4.8803 	EXP 	trial_slider: markerPos = 0.45092592592592595
4.8970 	EXP 	0: ori = 194
4.8970 	EXP 	1: ori = 194
4.8970 	EXP 	trial_slider: markerPos = 0.4425925925925926
4.9146 	EXP 	0: ori = 195
4.9146 	EXP 	1: ori = 195
4.9146 	EXP 	trial_slider: markerPos = 0.42314814814814816
4.9302 	EXP 	0: ori = 196
4.9302 	EXP 	1: ori = 196
4.9302 	EXP 	trial_slider: markerPos = 0.41203703703703703
4.9471 	EXP 	0: ori = 197
4.9471 	EXP 	1: ori = 197
4.9471 	EXP 	trial_slider: markerPos = 0.3888888888888889
4.9634 	EXP 	0: ori = 198
4.9634 	EXP 	1: ori = 198
4.9634 	EXP 	trial_slider: markerPos = 0.3824074074074074
4.9780 	EXP 	0: ori = 199
4.9780 	EXP 	1: ori = 199
4.9780 	EXP 	trial_slider: markerPos = 0.37037037037037035
4.9945 	EXP 	0: ori = 200
4.9945 	EXP 	1: ori = 200
4.9945 	EXP 	trial_slider: markerPos = 0.36203703703703705
5.0085 	EXP 	0: ori = 201
5.0085 	EXP 	1: ori = 201
5.0085 	EXP 	trial_slider: markerPos = 0.34814814814814815
5.0257 	EXP 	0: ori = 202
5.0257 	EXP 	1: ori = 202
5.0257 	EXP 	trial_slider: markerPos = 0.3416666666666667
5.0457 	EXP 	0: ori = 203
5.0457 	EXP 	1: ori = 203
5.0457 	EXP 	trial_slider: markerPos = 0.3351851851851852
5.0789 	EXP 	0: ori = 204
5.0789 	EXP 	1: ori = 204
5.0789 	EXP 	trial_slider: markerPos = 0.3194444444444444
5.1275 	EXP 	0: ori = 205
5.1275 	EXP 	1: ori = 205
5.1275 	EXP 	trial_slider: markerPos = 0.3027777777777778
5.1764 	EXP 	0: ori = 206
5.1764 	EXP 	1: ori = 206
5.1764 	EXP 	trial_slider: markerPos = 0.275
5.2252 	EXP 	0: ori = 207
5.2252 	EXP 	1: ori = 207
5.2252 	EXP 	trial_slider: markerPos = 0.26481481481481484
5.2757 	EXP 	0: ori = 208
5.2757 	EXP 	1: ori = 208
5.2757 	EXP 	trial_slider: markerPos = 0.2518518518518519
5.3234 	EXP 	0: ori = 209
5.3234 	EXP 	1: ori = 209
5.3234 	EXP 	trial_slider: markerPos = 0.24537037037037035
5.3700 	EXP 	0: ori = 210
5.3700 	EXP 	1: ori = 210
5.3700 	EXP 	trial_slider: markerPos = 0.24351851851851852
5.4164 	EXP 	0: ori = 211
5.4164 	EXP 	1: ori = 211
5.4164 	EXP 	trial_slider: markerPos = 0.23981481481481481
5.4628 	EXP 	0: ori = 212
5.4628 	EXP 	1: ori = 212
5.4628 	EXP 	trial_slider: markerPos = 0.23981481481481481
5.5075 	EXP 	0: ori = 213
5.5075 	EXP 	1: ori = 213
5.5075 	EXP 	trial_slider: markerPos = 0.23888888888888887
5.5579 	EXP 	0: ori = 214
5.5579 	EXP 	1: ori = 214
5.5579 	EXP 	trial_slider: markerPos = 0.237962962962963
5.6082 	EXP 	0: ori = 215
5.6082 	EXP 	1: ori = 215
5.6082 	EXP 	trial_slider: markerPos = 0.23148148148148145
5.6246 	EXP 	0: ori = 216
5.6246 	EXP 	1: ori = 216
5.6246 	EXP 	trial_slider: markerPos = 0.22685185185185186
5.6392 	EXP 	0: ori = 217
5.6392 	EXP 	1: ori = 217
5.6392 	EXP 	trial_slider: markerPos = 0.22499999999999998
5.6566 	EXP 	0: ori = 218
5.6566 	EXP 	1: ori = 218
5.6566 	EXP 	trial_slider: markerPos = 0.2222222222222222
5.6715 	EXP 	0: ori = 219
5.6715 	EXP 	1: ori = 219
5.6715 	EXP 	trial_slider: markerPos = 0.21944444444444444
5.6863 	EXP 	0: ori = 220
5.6863 	EXP 	1: ori = 220
5.6863 	EXP 	trial_slider: markerPos = 0.2148148148148148
5.7018 	EXP 	0: ori = 221
5.7018 	EXP 	1: ori = 221
5.7018 	EXP 	trial_slider: markerPos = 0.21203703703703702
5.7166 	EXP 	0: ori = 222
5.7166 	EXP 	1: ori = 222
5.7166 	EXP 	trial_slider: markerPos = 0.2046296296296296
5.7317 	EXP 	0: ori = 223
5.7317 	EXP 	1: ori = 223
5.7317 	EXP 	trial_slider: markerPos = 0.2046296296296296
5.7494 	EXP 	0: ori = 224
5.7494 	EXP 	1: ori = 224
5.7494 	EXP 	trial_slider: markerPos = 0.19722222222222224
5.7727 	EXP 	0: ori = 225
5.7727 	EXP 	1: ori = 225
5.7727 	EXP 	trial_slider: markerPos = 0.19074074074074077
5.7888 	EXP 	0: ori = 226
5.7888 	EXP 	1: ori = 226
5.7888 	EXP 	trial_slider: markerPos = 0.17962962962962964
5.8032 	EXP 	0: ori = 227
5.8032 	EXP 	1: ori = 227
5.8032 	EXP 	trial_slider: markerPos = 0.16574074074074074
5.8206 	EXP 	0: ori = 228
5.8206 	EXP 	1: ori = 228
5.8206 	EXP 	trial_slider: markerPos = 0.15740740740740738
5.8354 	EXP 	0: ori = 229
5.8354 	EXP 	1: ori = 229
5.8354 	EXP 	trial_slider: markerPos = 0.1509259259259259
5.8538 	EXP 	0: ori = 230
5.8538 	EXP 	1: ori = 230
5.8538 	EXP 	trial_slider: markerPos = 0.1388888888888889
5.8789 	EXP 	0: ori = 231
5.8789 	EXP 	1: ori = 231
5.8789 	EXP 	trial_slider: markerPos = 0.13148148148148148
5.9156 	EXP 	0: ori = 232
5.9156 	EXP 	1: ori = 232
5.9156 	EXP 	trial_slider: markerPos = 0.12592592592592594
5.9304 	EXP 	0: ori = 233
5.9304 	EXP 	1: ori = 233
5.9304 	EXP 	trial_slider: markerPos = 0.11666666666666664
5.9452 	EXP 	0: ori = 234
5.9452 	EXP 	1: ori = 234
5.9452 	EXP 	trial_slider: markerPos = 0.11296296296296299
5.9609 	EXP 	0: ori = 235
5.9609 	EXP 	1: ori = 235
5.9609 	EXP 	trial_slider: markerPos = 0.11203703703703705
5.9789 	EXP 	0: ori = 236
5.9789 	EXP 	1: ori = 236
5.9789 	EXP 	trial_slider: markerPos = 0.10925925925925928
6.0024 	EXP 	0: ori = 237
6.0024 	EXP 	1: ori = 237
6.0024 	EXP 	trial_slider: markerPos = 0.1074074074074074
6.0252 	EXP 	0: ori = 238
6.0252 	EXP 	1: ori = 238
6.0252 	EXP 	trial_slider: markerPos = 0.10092592592592592
6.0429 	EXP 	0: ori = 239
6.0429 	EXP 	1: ori = 239
6.0429 	EXP 	trial_slider: markerPos = 0.09537037037037038
6.0641 	EXP 	0: ori = 240
6.0641 	EXP 	1: ori = 240
6.0641 	EXP 	trial_slider: markerPos = 0.09444444444444444
6.0953 	EXP 	0: ori = 241
6.0953 	EXP 	1: ori = 241
6.0953 	EXP 	trial_slider: markerPos = 0.08981481481481479
6.1445 	EXP 	0: ori = 242
6.1445 	EXP 	1: ori = 242
6.1445 	EXP 	trial_slider: markerPos = 0.08148148148148149
6.1942 	EXP 	0: ori = 243
6.1942 	EXP 	1: ori = 243
6.1942 	EXP 	trial_slider: markerPos = 0.06851851851851853
6.2429 	EXP 	0: ori = 244
6.2429 	EXP 	1: ori = 244
6.2429 	EXP 	trial_slider: markerPos = 0.05740740740740741
6.2920 	EXP 	0: ori = 245
6.2920 	EXP 	1: ori = 245
6.2920 	EXP 	trial_slider: markerPos = 0.045370370370370394
6.3395 	EXP 	0: ori = 246
6.3395 	EXP 	1: ori = 246
6.3395 	EXP 	trial_slider: markerPos = 0.0314814814814815
6.3867 	EXP 	0: ori = 247
6.3867 	EXP 	1: ori = 247
6.3867 	EXP 	trial_slider: markerPos = 0.025925925925925908
6.4364 	EXP 	0: ori = 248
6.4364 	EXP 	1: ori = 248
6.4364 	EXP 	trial_slider: markerPos = 0.0222222222222222
6.4823 	EXP 	0: ori = 249
6.4823 	EXP 	1: ori = 249
6.4823 	EXP 	trial_slider: markerPos = 0.018518518518518545
6.5268 	EXP 	0: ori = 250
6.5268 	EXP 	1: ori = 250
6.5268 	EXP 	trial_slider: markerPos = 0.017592592592592604
6.5726 	EXP 	0: ori = 251
6.5726 	EXP 	1: ori = 251
6.5726 	EXP 	trial_slider: markerPos = 0.017592592592592604
6.6096 	EXP 	0: ori = 252
6.6096 	EXP 	1: ori = 252
6.6096 	EXP 	trial_slider: markerPos = 0.021296296296296313
6.6271 	EXP 	0: ori = 253
6.6271 	EXP 	1: ori = 253
6.6271 	EXP 	trial_slider: markerPos = 0.04629629629629628
6.6470 	EXP 	0: ori = 254
6.6470 	EXP 	1: ori = 254
6.6470 	EXP 	trial_slider: markerPos = 0.06574074074074077
6.6636 	EXP 	0: ori = 255
6.6636 	EXP 	1: ori = 255
6.6636 	EXP 	trial_slider: markerPos = 0.07777777777777778
6.6833 	EXP 	0: ori = 256
6.6833 	EXP 	1: ori = 256
6.6833 	EXP 	trial_slider: markerPos = 0.11481481481481481
6.7017 	EXP 	0: ori = 257
6.7017 	EXP 	1: ori = 257
6.7017 	EXP 	trial_slider: markerPos = 0.125
6.7240 	EXP 	0: ori = 258
6.7240 	EXP 	1: ori = 258
6.7240 	EXP 	trial_slider: markerPos = 0.13981481481481484
6.7641 	EXP 	0: ori = 259
6.7641 	EXP 	1: ori = 259
6.7641 	EXP 	trial_slider: markerPos = 0.15925925925925927
6.7854 	EXP 	0: ori = 260
6.7854 	EXP 	1: ori = 260
6.7854 	EXP 	trial_slider: markerPos = 0.18981481481481483
6.8036 	EXP 	0: ori = 261
6.8036 	EXP 	1: ori = 261
6.8036 	EXP 	trial_slider: markerPos = 0.2064814814814815
6.8270 	EXP 	0: ori = 262
6.8270 	EXP 	1: ori = 262
6.8270 	EXP 	trial_slider: markerPos = 0.2148148148148148
6.8700 	EXP 	0: ori = 263
6.8700 	EXP 	1: ori = 263
6.8700 	EXP 	trial_slider: markerPos = 0.23888888888888887
6.9002 	EXP 	0: ori = 264
6.9002 	EXP 	1: ori = 264
6.9002 	EXP 	trial_slider: markerPos = 0.26666666666666666
6.9172 	EXP 	0: ori = 265
6.9172 	EXP 	1: ori = 265
6.9172 	EXP 	trial_slider: markerPos = 0.28888888888888886
6.9343 	EXP 	0: ori = 266
6.9343 	EXP 	1: ori = 266
6.9343 	EXP 	trial_slider: markerPos = 0.3018518518518518
6.9504 	EXP 	0: ori = 267
6.9504 	EXP 	1: ori = 267
6.9504 	EXP 	trial_slider: markerPos = 0.31574074074074077
6.9660 	EXP 	0: ori = 268
6.9660 	EXP 	1: ori = 268
6.9660 	EXP 	trial_slider: markerPos = 0.3324074074074074
6.9828 	EXP 	0: ori = 269
6.9828 	EXP 	1: ori = 269
6.9828 	EXP 	trial_slider: markerPos = 0.34259259259259256
6.9995 	EXP 	0: ori = 270
6.9995 	EXP 	1: ori = 270
6.9995 	EXP 	trial_slider: markerPos = 0.35277777777777775
7.0144 	EXP 	0: ori = 271
7.0144 	EXP 	1: ori = 271
7.0144 	EXP 	trial_slider: markerPos = 0.36203703703703705
7.0319 	EXP 	0: ori = 272
7.0319 	EXP 	1: ori = 272
7.0319 	EXP 	trial_slider: markerPos = 0.3740740740740741
7.0516 	EXP 	0: ori = 273
7.0516 	EXP 	1: ori = 273
7.0516 	EXP 	trial_slider: markerPos = 0.3907407407407407
7.0707 	EXP 	0: ori = 274
7.0707 	EXP 	1: ori = 274
7.0707 	EXP 	trial_slider: markerPos = 0.40925925925925927
7.0871 	EXP 	0: ori = 275
7.0871 	EXP 	1: ori = 275
7.0871 	EXP 	trial_slider: markerPos = 0.4212962962962963
7.1058 	EXP 	0: ori = 276
7.1058 	EXP 	1: ori = 276
7.1058 	EXP 	trial_slider: markerPos = 0.43333333333333335
7.1270 	EXP 	0: ori = 277
7.1270 	EXP 	1: ori = 277
7.1270 	EXP 	trial_slider: markerPos = 0.45185185185185184
7.1644 	EXP 	0: ori = 278
7.1644 	EXP 	1: ori = 278
7.1644 	EXP 	trial_slider: markerPos = 0.4638888888888889
7.1838 	EXP 	0: ori = 279
7.1838 	EXP 	1: ori = 279
7.1838 	EXP 	trial_slider: markerPos = 0.48703703703703705
7.2002 	EXP 	0: ori = 280
7.2002 	EXP 	1: ori = 280
7.2002 	EXP 	trial_slider: markerPos = 0.4962962962962963
7.2189 	EXP 	0: ori = 281
7.2189 	EXP 	1: ori = 281
7.2189 	EXP 	trial_slider: markerPos = 0.49907407407407406
7.2392 	EXP 	0: ori = 282
7.2392 	EXP 	1: ori = 282
7.2392 	EXP 	trial_slider: markerPos = 0.5101851851851852
7.2580 	EXP 	0: ori = 283
7.2580 	EXP 	1: ori = 283
7.2580 	EXP 	trial_slider: markerPos = 0.5305555555555556
7.2746 	EXP 	0: ori = 284
7.2746 	EXP 	1: ori = 284
7.2746 	EXP 	trial_slider: markerPos = 0.5361111111111111
7.2907 	EXP 	0: ori = 285
7.2907 	EXP 	1: ori = 285
7.2907 	EXP 	trial_slider: markerPos = 0.5555555555555556
7.3084 	EXP 	0: ori = 286
7.3084 	EXP 	1: ori = 286
7.3084 	EXP 	trial_slider: markerPos = 0.575
7.3317 	EXP 	0: ori = 287
7.3317 	EXP 	1: ori = 287
7.3317 	EXP 	trial_slider: markerPos = 0.5944444444444444
7.3721 	EXP 	0: ori = 288
7.3721 	EXP 	1: ori = 288
7.3721 	EXP 	trial_slider: markerPos = 0.625
7.4203 	EXP 	0: ori = 289
7.4203 	EXP 	1: ori = 289
7.4203 	EXP 	trial_slider: markerPos = 0.6703703703703704
7.4712 	EXP 	0: ori = 290
7.4712 	EXP 	1: ori = 290
7.4712 	EXP 	trial_slider: markerPos = 0.7148148148148148
7.5224 	EXP 	0: ori = 291
7.5224 	EXP 	1: ori = 291
7.5224 	EXP 	trial_slider: markerPos = 0.7453703703703703
7.5730 	EXP 	0: ori = 292
7.5730 	EXP 	1: ori = 292
7.5730 	EXP 	trial_slider: markerPos = 0.7685185185185186
7.5931 	EXP 	0: ori = 293
7.5931 	EXP 	1: ori = 293
7.5931 	EXP 	trial_slider: markerPos = 0.7888888888888889
7.6130 	EXP 	0: ori = 294
7.6130 	EXP 	1: ori = 294
7.6130 	EXP 	trial_slider: markerPos = 0.7972222222222223
7.6279 	EXP 	0: ori = 295
7.6279 	EXP 	1: ori = 295
7.6279 	EXP 	trial_slider: markerPos = 0.8046296296296296
7.6444 	EXP 	0: ori = 296
7.6444 	EXP 	1: ori = 296
7.6444 	EXP 	trial_slider: markerPos = 0.8092592592592592
7.6634 	EXP 	0: ori = 297
7.6634 	EXP 	1: ori = 297
7.6634 	EXP 	trial_slider: markerPos = 0.8175925925925926
7.6896 	EXP 	0: ori = 298
7.6896 	EXP 	1: ori = 298
7.6896 	EXP 	trial_slider: markerPos = 0.825925925925926
7.7321 	EXP 	0: ori = 299
7.7321 	EXP 	1: ori = 299
7.7321 	EXP 	trial_slider: markerPos = 0.8398148148148148
7.7802 	EXP 	0: ori = 300
7.7802 	EXP 	1: ori = 300
7.7802 	EXP 	trial_slider: markerPos = 0.8601851851851852
7.8092 	EXP 	0: ori = 301
7.8092 	EXP 	1: ori = 301
7.8092 	EXP 	trial_slider: markerPos = 0.8796296296296297
7.8284 	EXP 	0: ori = 302
7.8284 	EXP 	1: ori = 302
7.8284 	EXP 	trial_slider: markerPos = 0.887962962962963
7.8554 	EXP 	0: ori = 303
7.8554 	EXP 	1: ori = 303
7.8554 	EXP 	trial_slider: markerPos = 0.8972222222222221
7.9035 	EXP 	0: ori = 304
7.9035 	EXP 	1: ori = 304
7.9035 	EXP 	trial_slider: markerPos = 0.9138888888888889
7.9339 	EXP 	0: ori = 305
7.9339 	EXP 	1: ori = 305
7.9339 	EXP 	trial_slider: markerPos = 0.9370370370370371
7.9505 	EXP 	0: ori = 306
7.9505 	EXP 	1: ori = 306
7.9505 	EXP 	trial_slider: markerPos = 0.9490740740740741
7.9700 	EXP 	0: ori = 307
7.9700 	EXP 	1: ori = 307
7.9700 	EXP 	trial_slider: markerPos = 0.9555555555555555
7.9970 	EXP 	0: ori = 308
7.9970 	EXP 	1: ori = 308
7.9970 	EXP 	trial_slider: markerPos = 0.9675925925925926
8.0440 	EXP 	0: ori = 309
8.0440 	EXP 	1: ori = 309
8.0440 	EXP 	trial_slider: markerPos = 0.9842592592592593
8.0930 	EXP 	0: ori = 310
8.0930 	EXP 	1: ori = 310
8.0930 	EXP 	trial_slider: markerPos = 1.011111111111111
8.1415 	EXP 	0: ori = 311
8.1415 	EXP 	1: ori = 311
8.1415 	EXP 	trial_slider: markerPos = 1.0287037037037037
8.1806 	EXP 	0: ori = 312
8.1806 	EXP 	1: ori = 312
8.1806 	EXP 	trial_slider: markerPos = 1.0435185185185185
8.1956 	EXP 	0: ori = 313
8.1956 	EXP 	1: ori = 313
8.1956 	EXP 	trial_slider: markerPos = 1.0537037037037038
8.2125 	EXP 	0: ori = 314
8.2125 	EXP 	1: ori = 314
8.2125 	EXP 	trial_slider: markerPos = 1.0638888888888889
8.2312 	EXP 	0: ori = 315
8.2312 	EXP 	1: ori = 315
8.2312 	EXP 	trial_slider: markerPos = 1.0703703703703704
8.2562 	EXP 	0: ori = 316
8.2562 	EXP 	1: ori = 316
8.2562 	EXP 	trial_slider: markerPos = 1.0805555555555557
8.3000 	EXP 	0: ori = 317
8.3000 	EXP 	1: ori = 317
8.3000 	EXP 	trial_slider: markerPos = 1.0898148148148148
8.3193 	EXP 	0: ori = 318
8.3193 	EXP 	1: ori = 318
8.3193 	EXP 	trial_slider: markerPos = 1.1074074074074074
8.3339 	EXP 	0: ori = 319
8.3339 	EXP 	1: ori = 319
8.3339 	EXP 	trial_slider: markerPos = 1.1175925925925925
8.3487 	EXP 	0: ori = 320
8.3487 	EXP 	1: ori = 320
8.3487 	EXP 	trial_slider: markerPos = 1.123148148148148
8.3632 	EXP 	0: ori = 321
8.3632 	EXP 	1: ori = 321
8.3632 	EXP 	trial_slider: markerPos = 1.1342592592592593
8.3796 	EXP 	0: ori = 322
8.3796 	EXP 	1: ori = 322
8.3796 	EXP 	trial_slider: markerPos = 1.137962962962963
8.3961 	EXP 	0: ori = 323
8.3961 	EXP 	1: ori = 323
8.3961 	EXP 	trial_slider: markerPos = 1.1425925925925926
8.4022 	DATA 	Mouse:  Left button up, pos=(2622,615)
8.4144 	EXP 	0: ori = 324
8.4144 	EXP 	1: ori = 324
8.4144 	EXP 	trial_slider: markerPos = 1
8.4259 	EXP 	0: ori = 325
8.4259 	EXP 	1: ori = 325
8.4394 	EXP 	0: ori = 326
8.4394 	EXP 	1: ori = 326
8.4532 	EXP 	0: ori = 327
8.4532 	EXP 	1: ori = 327
8.4696 	EXP 	0: ori = 328
8.4696 	EXP 	1: ori = 328
8.4875 	EXP 	0: ori = 329
8.4875 	EXP 	1: ori = 329
8.5034 	EXP 	0: ori = 330
8.5034 	EXP 	1: ori = 330
8.5201 	EXP 	0: ori = 331
8.5201 	EXP 	1: ori = 331
8.5370 	EXP 	0: ori = 332
8.5370 	EXP 	1: ori = 332
8.5533 	EXP 	0: ori = 333
8.5533 	EXP 	1: ori = 333
8.5700 	EXP 	0: ori = 334
8.5700 	EXP 	1: ori = 334
8.5873 	EXP 	0: ori = 335
8.5873 	EXP 	1: ori = 335
8.6042 	EXP 	0: ori = 336
8.6042 	EXP 	1: ori = 336
8.6205 	EXP 	0: ori = 337
8.6205 	EXP 	1: ori = 337
8.6373 	EXP 	0: ori = 338
8.6373 	EXP 	1: ori = 338
8.6543 	EXP 	0: ori = 339
8.6543 	EXP 	1: ori = 339
8.6719 	EXP 	0: ori = 340
8.6719 	EXP 	1: ori = 340
8.6874 	EXP 	0: ori = 341
8.6874 	EXP 	1: ori = 341
8.7037 	EXP 	0: ori = 342
8.7037 	EXP 	1: ori = 342
8.7201 	EXP 	0: ori = 343
8.7201 	EXP 	1: ori = 343
8.7394 	EXP 	0: ori = 344
8.7394 	EXP 	1: ori = 344
8.7577 	EXP 	0: ori = 345
8.7577 	EXP 	1: ori = 345
8.7708 	EXP 	0: ori = 346
8.7708 	EXP 	1: ori = 346
8.7868 	EXP 	0: ori = 347
8.7868 	EXP 	1: ori = 347
8.8042 	EXP 	0: ori = 348
8.8042 	EXP 	1: ori = 348
8.8202 	EXP 	0: ori = 349
8.8202 	EXP 	1: ori = 349
8.8365 	EXP 	0: ori = 350
8.8365 	EXP 	1: ori = 350
8.8539 	EXP 	0: ori = 351
8.8539 	EXP 	1: ori = 351
8.8752 	EXP 	0: ori = 352
8.8752 	EXP 	1: ori = 352
8.9060 	DATA 	Mouse: Left button down, pos=(3014,256)
8.9098 	EXP 	0: ori = 353
8.9098 	EXP 	1: ori = 353
9.1442 	EXP 	New trial (rep=1, index=0): None
9.1540 	DATA 	Mouse:  Left button up, pos=(3014,256)
9.1668 	EXP 	0: ori = 354
9.1668 	EXP 	1: ori = 354
9.1668 	EXP 	trial_slider: autoDraw = False
9.1668 	EXP 	trial_textbox: autoDraw = False
9.1668 	EXP 	trial_reset: autoDraw = False
9.1668 	EXP 	trial_reset_text: autoDraw = False
9.1668 	EXP 	trial_slider: markerPos = None
9.1668 	EXP 	trial_slider: markerPos = 0
9.1668 	EXP 	0: ori = 355
9.1668 	EXP 	1: ori = 355
9.1668 	EXP 	trial_slider: autoDraw = True
9.1668 	EXP 	trial_textbox: autoDraw = True
9.1668 	EXP 	trial_reset: autoDraw = True
9.1668 	EXP 	trial_reset_text: autoDraw = True
9.1791 	EXP 	0: ori = 356
9.1791 	EXP 	1: ori = 356
9.1900 	EXP 	0: ori = 357
9.1900 	EXP 	1: ori = 357
9.2008 	EXP 	0: ori = 358
9.2008 	EXP 	1: ori = 358
9.2113 	EXP 	0: ori = 359
9.2113 	EXP 	1: ori = 359
9.2227 	EXP 	0: ori = 0
9.2227 	EXP 	1: ori = 0
9.2372 	EXP 	0: ori = 1
9.2372 	EXP 	1: ori = 1
9.2539 	EXP 	0: ori = 2
9.2539 	EXP 	1: ori = 2
9.2712 	EXP 	0: ori = 3
9.2712 	EXP 	1: ori = 3
9.2954 	EXP 	0: ori = 4
9.2954 	EXP 	1: ori = 4
9.3304 	EXP 	0: ori = 5
9.3304 	EXP 	1: ori = 5
9.3695 	EXP 	0: ori = 6
9.3695 	EXP 	1: ori = 6
9.3863 	EXP 	0: ori = 7
9.3863 	EXP 	1: ori = 7
9.3994 	EXP 	0: ori = 8
9.3994 	EXP 	1: ori = 8
9.4141 	EXP 	0: ori = 9
9.4141 	EXP 	1: ori = 9
9.4298 	EXP 	0: ori = 10
9.4298 	EXP 	1: ori = 10
9.4478 	EXP 	0: ori = 11
9.4478 	EXP 	1: ori = 11
9.4639 	EXP 	0: ori = 12
9.4639 	EXP 	1: ori = 12
9.4785 	EXP 	0: ori = 13
9.4785 	EXP 	1: ori = 13
9.4935 	EXP 	0: ori = 14
9.4935 	EXP 	1: ori = 14
9.5086 	EXP 	0: ori = 15
9.5086 	EXP 	1: ori = 15
9.5218 	EXP 	0: ori = 16
9.5218 	EXP 	1: ori = 16
9.5378 	EXP 	0: ori = 17
9.5378 	EXP 	1: ori = 17
9.5549 	EXP 	0: ori = 18
9.5549 	EXP 	1: ori = 18
9.5719 	EXP 	0: ori = 19
9.5719 	EXP 	1: ori = 19
9.5892 	EXP 	0: ori = 20
9.5892 	EXP 	1: ori = 20
9.6089 	EXP 	0: ori = 21
9.6089 	EXP 	1: ori = 21
9.6250 	EXP 	0: ori = 22
9.6250 	EXP 	1: ori = 22
9.6410 	EXP 	0: ori = 23
9.6410 	EXP 	1: ori = 23
9.6592 	EXP 	0: ori = 24
9.6592 	EXP 	1: ori = 24
9.6749 	EXP 	0: ori = 25
9.6749 	EXP 	1: ori = 25
9.6910 	EXP 	0: ori = 26
9.6910 	EXP 	1: ori = 26
9.7069 	EXP 	0: ori = 27
9.7069 	EXP 	1: ori = 27
9.7215 	EXP 	0: ori = 28
9.7215 	EXP 	1: ori = 28
9.7371 	EXP 	0: ori = 29
9.7371 	EXP 	1: ori = 29
9.7544 	EXP 	0: ori = 30
9.7544 	EXP 	1: ori = 30
9.7707 	EXP 	0: ori = 31
9.7707 	EXP 	1: ori = 31
9.7882 	EXP 	0: ori = 32
9.7882 	EXP 	1: ori = 32
9.8039 	EXP 	0: ori = 33
9.8039 	EXP 	1: ori = 33
9.8205 	EXP 	0: ori = 34
9.8205 	EXP 	1: ori = 34
9.8372 	EXP 	0: ori = 35
9.8372 	EXP 	1: ori = 35
9.8539 	EXP 	0: ori = 36
9.8539 	EXP 	1: ori = 36
9.8712 	EXP 	0: ori = 37
9.8712 	EXP 	1: ori = 37
9.8878 	EXP 	0: ori = 38
9.8878 	EXP 	1: ori = 38
9.9040 	EXP 	0: ori = 39
9.9040 	EXP 	1: ori = 39
9.9212 	EXP 	0: ori = 40
9.9212 	EXP 	1: ori = 40
9.9376 	EXP 	0: ori = 41
9.9376 	EXP 	1: ori = 41
9.9541 	EXP 	0: ori = 42
9.9541 	EXP 	1: ori = 42
9.9706 	EXP 	0: ori = 43
9.9706 	EXP 	1: ori = 43
9.9872 	EXP 	0: ori = 44
9.9872 	EXP 	1: ori = 44
10.0039 	EXP 	0: ori = 45
10.0039 	EXP 	1: ori = 45
10.0206 	DATA 	Keypress: escape
10.0239 	EXP 	0: ori = 46
10.0239 	EXP 	1: ori = 46
10.0526 	EXP 	0: ori = 47
10.0526 	EXP 	1: ori = 47
10.0811 	EXP 	0: ori = 48
10.0811 	EXP 	1: ori = 48
10.1097 	EXP 	0: ori = 49
10.1097 	EXP 	1: ori = 49
10.1383 	EXP 	0: ori = 50
10.1383 	EXP 	1: ori = 50
10.1698 	EXP 	0: ori = 51
10.1698 	EXP 	1: ori = 51
10.1746 	EXP 	coding: status = STOPPED
10.1883 	EXP 	0: ori = 52
10.1883 	EXP 	1: ori = 52
10.1883 	EXP 	0: autoDraw = False
10.1883 	EXP 	1: autoDraw = False
10.1883 	EXP 	trial_slider: autoDraw = False
10.1883 	EXP 	trial_textbox: autoDraw = False
10.1883 	EXP 	trial_reset: autoDraw = False
10.1883 	EXP 	trial_reset_text: autoDraw = False
10.1885 	EXP 	coding: status = STOPPED
12.4142 	EXP 	window1: mouseVisible = True
