4.1929 	WARNING 	C:\Users\andre\AppData\Roaming\psychopy3\fonts\Times.truetype doesn't have valid font family name
4.3021 	WARNING 	C:\Users\andre\AppData\Roaming\psychopy3\fonts\Times.truetype doesn't have valid font family name
67.8546 	WARNING 	User requested fullscreen with size [1920 1080], but screen is actually [3840, 2160]. Using actual size
69.2912 	EXP 	Created window1 = Window(allowGUI=True, allowStencil=True, autoLog=True, backendConf=UNKNOWN, backgroundFit=<method-wrapper '__getattribute__' of attributeSetter object at 0x000001F52A02AF70>, backgroundImage=<method-wrapper '__getattribute__' of attributeSetter object at 0x000001F52A02AF10>, bitsMode=UNKNOWN, blendMode='avg', bpc=(8, 8, 8), color=array([-1, -1, -1]), colorSpace='rgb', depthBits=8, fullscr=<method-wrapper '__getattribute__' of attributeSetter object at 0x000001F52A02AD30>, gamma=None, gammaErrorPolicy='raise', lms=UNKNOWN, monitor=<psychopy.monitors.calibTools.Monitor object at 0x000001F52A3BB070>, multiSample=False, name='window1', numSamples=2, pos=(0, 0), screen=0, size=array([3840, 2160]), stencilBits=8, stereo=False, title='PsychoPy', units='height', useFBO=True, useRetina=False, viewOri=0.0, viewPos=None, viewScale=None, waitBlanking=True, winType='pyglet')
69.2914 	EXP 	window1: mouseVisible = True
69.2914 	EXP 	window1: backgroundImage = ''
69.2914 	EXP 	window1: backgroundFit = 'none'
69.2930 	EXP 	window1: Attempting to measure frame rate of screen (0) ...
69.2930 	EXP 	window1: recordFrameIntervals = False
69.6231 	EXP 	window1: recordFrameIntervals = True
69.9896 	EXP 	Screen (0) actual frame rate measured at 29.96Hz
69.9896 	EXP 	window1: recordFrameIntervals = False
69.9897 	EXP 	window1: mouseVisible = False
74.3346 	EXP 	template: status = STARTED
74.3357 	EXP 	window1: mouseVisible = True
74.3483 	EXP 	Created 0 = ShapeStim(__class__=<class 'psychopy.visual.shape.ShapeStim'>, anchor=('center', 'center'), autoDraw=False, autoLog=True, closeShape=True, color=method-wrapper(...), colorSpace='rgb', contrast=None, depth=-6.0, draggable=False, fillColor=array([1, 1, 1]), fillColorSpace='rgb', fillRGB=array([1, 1, 1]), interpolate=True, lineColor=array([1., 1., 1.]), lineColorSpace='rgb', lineRGB=array([1, 1, 1]), lineWidth=1.0, name='0', opacity=1.0, ori=0.0, pos=array([0., 0.]), size=array([0.05, 0.05]), units='height', vertices=ndarray(...), win=Window(...), windingRule=None)
74.3484 	EXP 	window1: mouseVisible = True
74.3514 	EXP 	Created 1 = ShapeStim(__class__=<class 'psychopy.visual.shape.ShapeStim'>, anchor=('center', 'center'), autoDraw=False, autoLog=True, closeShape=True, color=method-wrapper(...), colorSpace='rgb', contrast=None, depth=-6.0, draggable=False, fillColor=array([1, 1, 1]), fillColorSpace='rgb', fillRGB=array([1, 1, 1]), interpolate=True, lineColor=array([1., 1., 1.]), lineColorSpace='rgb', lineRGB=array([1, 1, 1]), lineWidth=1.0, name='1', opacity=1.0, ori=0.0, pos=array([0., 0.]), size=array([0.05, 0.05]), units='height', vertices=ndarray(...), win=Window(...), windingRule=None)
74.3515 	EXP 	window1: mouseVisible = True
74.3545 	EXP 	Created 2 = ShapeStim(__class__=<class 'psychopy.visual.shape.ShapeStim'>, anchor=('center', 'center'), autoDraw=False, autoLog=True, closeShape=True, color=method-wrapper(...), colorSpace='rgb', contrast=None, depth=-6.0, draggable=False, fillColor=array([1, 1, 1]), fillColorSpace='rgb', fillRGB=array([1, 1, 1]), interpolate=True, lineColor=array([1., 1., 1.]), lineColorSpace='rgb', lineRGB=array([1, 1, 1]), lineWidth=1.0, name='2', opacity=1.0, ori=0.0, pos=array([0., 0.]), size=array([0.05, 0.05]), units='height', vertices=ndarray(...), win=Window(...), windingRule=None)
74.3546 	EXP 	window1: mouseVisible = True
74.3576 	EXP 	Created 3 = ShapeStim(__class__=<class 'psychopy.visual.shape.ShapeStim'>, anchor=('center', 'center'), autoDraw=False, autoLog=True, closeShape=True, color=method-wrapper(...), colorSpace='rgb', contrast=None, depth=-6.0, draggable=False, fillColor=array([1, 1, 1]), fillColorSpace='rgb', fillRGB=array([1, 1, 1]), interpolate=True, lineColor=array([1., 1., 1.]), lineColorSpace='rgb', lineRGB=array([1, 1, 1]), lineWidth=1.0, name='3', opacity=1.0, ori=0.0, pos=array([0., 0.]), size=array([0.05, 0.05]), units='height', vertices=ndarray(...), win=Window(...), windingRule=None)
74.3577 	EXP 	window1: mouseVisible = True
74.3605 	EXP 	Created 4 = ShapeStim(__class__=<class 'psychopy.visual.shape.ShapeStim'>, anchor=('center', 'center'), autoDraw=False, autoLog=True, closeShape=True, color=method-wrapper(...), colorSpace='rgb', contrast=None, depth=-6.0, draggable=False, fillColor=array([1, 1, 1]), fillColorSpace='rgb', fillRGB=array([1, 1, 1]), interpolate=True, lineColor=array([1., 1., 1.]), lineColorSpace='rgb', lineRGB=array([1, 1, 1]), lineWidth=1.0, name='4', opacity=1.0, ori=0.0, pos=array([0., 0.]), size=array([0.05, 0.05]), units='height', vertices=ndarray(...), win=Window(...), windingRule=None)
74.3606 	EXP 	window1: mouseVisible = True
74.3636 	EXP 	Created 5 = ShapeStim(__class__=<class 'psychopy.visual.shape.ShapeStim'>, anchor=('center', 'center'), autoDraw=False, autoLog=True, closeShape=True, color=method-wrapper(...), colorSpace='rgb', contrast=None, depth=-6.0, draggable=False, fillColor=array([1, 1, 1]), fillColorSpace='rgb', fillRGB=array([1, 1, 1]), interpolate=True, lineColor=array([1., 1., 1.]), lineColorSpace='rgb', lineRGB=array([1, 1, 1]), lineWidth=1.0, name='5', opacity=1.0, ori=0.0, pos=array([0., 0.]), size=array([0.05, 0.05]), units='height', vertices=ndarray(...), win=Window(...), windingRule=None)
74.3637 	EXP 	window1: mouseVisible = True
74.3667 	EXP 	Created 6 = ShapeStim(__class__=<class 'psychopy.visual.shape.ShapeStim'>, anchor=('center', 'center'), autoDraw=False, autoLog=True, closeShape=True, color=method-wrapper(...), colorSpace='rgb', contrast=None, depth=-6.0, draggable=False, fillColor=array([1, 1, 1]), fillColorSpace='rgb', fillRGB=array([1, 1, 1]), interpolate=True, lineColor=array([1., 1., 1.]), lineColorSpace='rgb', lineRGB=array([1, 1, 1]), lineWidth=1.0, name='6', opacity=1.0, ori=0.0, pos=array([0., 0.]), size=array([0.05, 0.05]), units='height', vertices=ndarray(...), win=Window(...), windingRule=None)
74.3668 	EXP 	window1: mouseVisible = True
74.3696 	EXP 	Created 7 = ShapeStim(__class__=<class 'psychopy.visual.shape.ShapeStim'>, anchor=('center', 'center'), autoDraw=False, autoLog=True, closeShape=True, color=method-wrapper(...), colorSpace='rgb', contrast=None, depth=-6.0, draggable=False, fillColor=array([1, 1, 1]), fillColorSpace='rgb', fillRGB=array([1, 1, 1]), interpolate=True, lineColor=array([1., 1., 1.]), lineColorSpace='rgb', lineRGB=array([1, 1, 1]), lineWidth=1.0, name='7', opacity=1.0, ori=0.0, pos=array([0., 0.]), size=array([0.05, 0.05]), units='height', vertices=ndarray(...), win=Window(...), windingRule=None)
74.3701 	EXP 	window1: mouseVisible = True
74.3731 	EXP 	Created 8 = ShapeStim(__class__=<class 'psychopy.visual.shape.ShapeStim'>, anchor=('center', 'center'), autoDraw=False, autoLog=True, closeShape=True, color=method-wrapper(...), colorSpace='rgb', contrast=None, depth=-6.0, draggable=False, fillColor=array([1, 1, 1]), fillColorSpace='rgb', fillRGB=array([1, 1, 1]), interpolate=True, lineColor=array([1., 1., 1.]), lineColorSpace='rgb', lineRGB=array([1, 1, 1]), lineWidth=1.0, name='8', opacity=1.0, ori=0.0, pos=array([0., 0.]), size=array([0.05, 0.05]), units='height', vertices=ndarray(...), win=Window(...), windingRule=None)
74.3731 	EXP 	window1: mouseVisible = True
74.3760 	EXP 	Created 9 = ShapeStim(__class__=<class 'psychopy.visual.shape.ShapeStim'>, anchor=('center', 'center'), autoDraw=False, autoLog=True, closeShape=True, color=method-wrapper(...), colorSpace='rgb', contrast=None, depth=-6.0, draggable=False, fillColor=array([1, 1, 1]), fillColorSpace='rgb', fillRGB=array([1, 1, 1]), interpolate=True, lineColor=array([1., 1., 1.]), lineColorSpace='rgb', lineRGB=array([1, 1, 1]), lineWidth=1.0, name='9', opacity=1.0, ori=0.0, pos=array([0., 0.]), size=array([0.05, 0.05]), units='height', vertices=ndarray(...), win=Window(...), windingRule=None)
74.3817 	EXP 	window1: mouseVisible = True
74.3820 	EXP 	window1: mouseVisible = True
74.3853 	EXP 	window1: mouseVisible = True
74.3867 	EXP 	window1: mouseVisible = True
74.4048 	EXP 	Created trial_slider = Slider(__class__=<class 'psychopy.visual.slider.Slider'>, autoDraw=False, autoLog=True, borderColor=None, color=None, colorSpace='rgb', depth=-3, fillColor=None, flip=False, font='Open Sans', granularity=0.0, labelColor=None, labelHeight=0.05, labelWrapWidth=None, labels=None, lineColor=None, markerColor=None, name='trial_slider', opacity=None, ori=0.0, pos=array([ 0. , -0.2]), readOnly=False, self=UNKNOWN, size=array([0.5 , 0.05]), startValue=0, style='slider', styleTweaks=[], ticks=array([0, 1]), units='height', win=Window(...))
74.4049 	EXP 	window1: mouseVisible = True
74.4051 	EXP 	window1: mouseVisible = True
74.4052 	EXP 	window1: mouseVisible = True
74.4057 	EXP 	window1: mouseVisible = True
74.4061 	EXP 	window1: mouseVisible = True
74.4096 	EXP 	window1: mouseVisible = True
74.4097 	EXP 	window1: mouseVisible = True
74.4103 	EXP 	window1: mouseVisible = True
74.4107 	EXP 	window1: mouseVisible = True
74.4465 	EXP 	window1: mouseVisible = True
74.4480 	EXP 	Created trial_reset = Rect(__class__=<class 'psychopy.visual.rect.Rect'>, anchor=('center', 'center'), autoDraw=False, autoLog=True, closeShape=True, color=method-wrapper(...), colorSpace='rgb', contrast=None, depth=-6.0, draggable=False, fillColor=array([-1, -1,  1]), fillColorSpace='rgb', fillRGB=array([-1, -1,  1]), interpolate=True, lineColor=array([-1., -1.,  1.]), lineColorSpace='rgb', lineRGB=array([-1, -1,  1]), lineWidth=1.0, name='trial_reset', opacity=1.0, ori=0.0, pos=array([ 0.5, -0.4]), size=array([0.15, 0.1 ]), units='height', vertices=ndarray(...), win=Window(...))
74.4481 	EXP 	window1: mouseVisible = True
74.4482 	EXP 	window1: mouseVisible = True
74.4487 	EXP 	window1: mouseVisible = True
74.4491 	EXP 	window1: mouseVisible = True
74.4607 	EXP 	window1: mouseVisible = True
74.4608 	EXP 	window1: mouseVisible = True
74.4613 	EXP 	window1: mouseVisible = True
74.4617 	EXP 	window1: mouseVisible = True
0.0236 	EXP 	0: autoDraw = True
0.0236 	EXP 	1: autoDraw = True
0.0236 	EXP 	2: autoDraw = True
0.0236 	EXP 	3: autoDraw = True
0.0236 	EXP 	4: autoDraw = True
0.0236 	EXP 	5: autoDraw = True
0.0236 	EXP 	6: autoDraw = True
0.0236 	EXP 	7: autoDraw = True
0.0236 	EXP 	8: autoDraw = True
0.0236 	EXP 	9: autoDraw = True
0.0236 	EXP 	trial_slider: autoLog = True
0.0236 	EXP 	trial_slider: styleTweaks = []
0.0236 	EXP 	trial_slider: styleTweaks = []
0.0236 	EXP 	trial_slider: styleTweaks = []
0.0236 	EXP 	trial_slider: styleTweaks = []
0.0236 	EXP 	trial_slider: contrast = 1.0
0.0236 	EXP 	trial_slider: markerPos = 0
0.0236 	EXP 	trial_slider: autoLog = True
0.0236 	EXP 	trial_textbox: autoLog = True
0.0236 	EXP 	trial_reset_text: autoLog = True
0.0243 	EXP 	Created sequence: sequential, trialTypes=1, nReps=9999, seed=None
0.0439 	EXP 	New trial (rep=0, index=0): None
0.1377 	EXP 	trial_slider: markerPos = None
0.1377 	EXP 	trial_slider: markerPos = 0
0.1377 	EXP 	trial_slider: autoDraw = True
0.1377 	EXP 	trial_textbox: autoDraw = True
0.1377 	EXP 	trial_reset: autoDraw = True
0.1377 	EXP 	trial_reset_text: autoDraw = True
6.4958 	DATA 	Mouse: Left button down, pos=(1380,664)
6.5484 	EXP 	trial_slider: markerPos = 0.0
6.5841 	EXP 	trial_slider: markerPos = 0.0
6.6161 	EXP 	trial_slider: markerPos = 0.0
6.6643 	EXP 	trial_slider: markerPos = 0.0
6.6958 	EXP 	trial_slider: markerPos = 0.012962962962962954
6.7294 	EXP 	trial_slider: markerPos = 0.030555555555555558
6.7625 	EXP 	trial_slider: markerPos = 0.037962962962962976
6.7962 	EXP 	trial_slider: markerPos = 0.040740740740740744
6.8307 	EXP 	trial_slider: markerPos = 0.041666666666666685
6.8626 	EXP 	trial_slider: markerPos = 0.04814814814814816
6.8960 	EXP 	trial_slider: markerPos = 0.05092592592592593
6.9320 	EXP 	trial_slider: markerPos = 0.05185185185185187
6.9769 	EXP 	trial_slider: markerPos = 0.056481481481481466
7.0241 	EXP 	trial_slider: markerPos = 0.06203703703703706
7.0709 	EXP 	trial_slider: markerPos = 0.06296296296296294
7.1189 	EXP 	trial_slider: markerPos = 0.06666666666666665
7.1665 	EXP 	trial_slider: markerPos = 0.07222222222222224
7.2137 	EXP 	trial_slider: markerPos = 0.07685185185185184
7.2606 	EXP 	trial_slider: markerPos = 0.09166666666666667
7.3091 	EXP 	trial_slider: markerPos = 0.12685185185185183
7.3561 	EXP 	trial_slider: markerPos = 0.15740740740740738
7.4031 	EXP 	trial_slider: markerPos = 0.16759259259259257
7.4362 	EXP 	trial_slider: markerPos = 0.18333333333333335
7.4691 	EXP 	trial_slider: markerPos = 0.1962962962962963
7.5026 	EXP 	trial_slider: markerPos = 0.21111111111111114
7.5484 	EXP 	trial_slider: markerPos = 0.22962962962962963
7.6198 	EXP 	trial_slider: markerPos = 0.25462962962962965
7.6940 	EXP 	trial_slider: markerPos = 0.28425925925925927
7.7685 	EXP 	trial_slider: markerPos = 0.31851851851851853
7.8015 	EXP 	trial_slider: markerPos = 0.35833333333333334
7.8350 	EXP 	trial_slider: markerPos = 0.37037037037037035
7.8680 	EXP 	trial_slider: markerPos = 0.38703703703703707
7.9011 	EXP 	trial_slider: markerPos = 0.38703703703703707
7.9344 	EXP 	trial_slider: markerPos = 0.38703703703703707
7.9679 	EXP 	trial_slider: markerPos = 0.38703703703703707
8.0010 	EXP 	trial_slider: markerPos = 0.38703703703703707
8.0345 	EXP 	trial_slider: markerPos = 0.38703703703703707
8.0680 	EXP 	trial_slider: markerPos = 0.38703703703703707
8.1307 	EXP 	trial_slider: markerPos = 0.38703703703703707
8.1624 	EXP 	trial_slider: markerPos = 0.38703703703703707
8.1958 	EXP 	trial_slider: markerPos = 0.38703703703703707
8.2291 	EXP 	trial_slider: markerPos = 0.38703703703703707
8.2625 	EXP 	trial_slider: markerPos = 0.3888888888888889
8.2958 	EXP 	trial_slider: markerPos = 0.3990740740740741
8.3292 	EXP 	trial_slider: markerPos = 0.412962962962963
8.3807 	EXP 	trial_slider: markerPos = 0.43148148148148147
8.4522 	EXP 	trial_slider: markerPos = 0.4546296296296296
8.4842 	EXP 	trial_slider: markerPos = 0.4898148148148148
8.5181 	EXP 	trial_slider: markerPos = 0.5027777777777778
8.5511 	EXP 	trial_slider: markerPos = 0.5175925925925926
8.5843 	EXP 	trial_slider: markerPos = 0.5296296296296297
8.6175 	EXP 	trial_slider: markerPos = 0.5472222222222223
8.6510 	EXP 	trial_slider: markerPos = 0.5583333333333333
8.6842 	EXP 	trial_slider: markerPos = 0.5722222222222222
8.7175 	EXP 	trial_slider: markerPos = 0.5944444444444444
8.7509 	EXP 	trial_slider: markerPos = 0.6064814814814815
8.7842 	EXP 	trial_slider: markerPos = 0.6185185185185185
8.8175 	EXP 	trial_slider: markerPos = 0.6268518518518519
8.8515 	EXP 	trial_slider: markerPos = 0.6324074074074074
8.9134 	EXP 	trial_slider: markerPos = 0.6398148148148148
8.9868 	EXP 	trial_slider: markerPos = 0.6638888888888889
9.0599 	EXP 	trial_slider: markerPos = 0.6953703703703704
9.1355 	EXP 	trial_slider: markerPos = 0.7231481481481481
9.1678 	EXP 	trial_slider: markerPos = 0.7490740740740741
9.2020 	EXP 	trial_slider: markerPos = 0.7601851851851852
9.2345 	EXP 	trial_slider: markerPos = 0.7796296296296297
9.2900 	EXP 	trial_slider: markerPos = 0.7925925925925925
9.3225 	EXP 	trial_slider: markerPos = 0.8148148148148149
9.3554 	EXP 	trial_slider: markerPos = 0.8296296296296296
9.3887 	EXP 	trial_slider: markerPos = 0.8564814814814814
9.4217 	EXP 	trial_slider: markerPos = 0.8694444444444445
9.4556 	EXP 	trial_slider: markerPos = 0.8787037037037038
9.4889 	EXP 	trial_slider: markerPos = 0.8861111111111111
9.5220 	EXP 	trial_slider: markerPos = 0.887962962962963
9.5552 	EXP 	trial_slider: markerPos = 0.887962962962963
9.5891 	EXP 	trial_slider: markerPos = 0.887962962962963
9.6224 	EXP 	trial_slider: markerPos = 0.887962962962963
9.6552 	EXP 	trial_slider: markerPos = 0.887962962962963
9.6885 	EXP 	trial_slider: markerPos = 0.887962962962963
9.7221 	EXP 	trial_slider: markerPos = 0.8851851851851852
9.7554 	EXP 	trial_slider: markerPos = 0.8842592592592593
9.7972 	EXP 	trial_slider: markerPos = 0.8833333333333333
9.8427 	EXP 	trial_slider: markerPos = 0.8824074074074074
9.8871 	EXP 	trial_slider: markerPos = 0.8805555555555555
9.9328 	EXP 	trial_slider: markerPos = 0.8731481481481482
9.9652 	EXP 	trial_slider: markerPos = 0.8537037037037036
9.9986 	EXP 	trial_slider: markerPos = 0.8268518518518518
10.0318 	EXP 	trial_slider: markerPos = 0.8092592592592592
10.0653 	EXP 	trial_slider: markerPos = 0.7842592592592592
10.0986 	EXP 	trial_slider: markerPos = 0.7666666666666666
10.1389 	EXP 	trial_slider: markerPos = 0.7518518518518518
10.2145 	EXP 	trial_slider: markerPos = 0.7379629629629629
10.2815 	EXP 	trial_slider: markerPos = 0.7064814814814815
10.3127 	EXP 	trial_slider: markerPos = 0.675
10.3462 	EXP 	trial_slider: markerPos = 0.6657407407407407
10.3796 	EXP 	trial_slider: markerPos = 0.6527777777777778
10.4128 	EXP 	trial_slider: markerPos = 0.6398148148148148
10.4804 	EXP 	trial_slider: markerPos = 0.6287037037037038
10.5582 	EXP 	trial_slider: markerPos = 0.6175925925925926
10.6107 	EXP 	trial_slider: markerPos = 0.6083333333333334
10.6430 	EXP 	trial_slider: markerPos = 0.6083333333333334
10.6758 	EXP 	trial_slider: markerPos = 0.6083333333333334
10.7092 	EXP 	trial_slider: markerPos = 0.6083333333333334
10.7427 	EXP 	trial_slider: markerPos = 0.6083333333333334
10.7760 	EXP 	trial_slider: markerPos = 0.6083333333333334
10.8185 	EXP 	trial_slider: markerPos = 0.6083333333333334
10.8583 	DATA 	Mouse:  Left button up, pos=(2037,670)
10.8609 	EXP 	trial_slider: markerPos = 0.6083333333333334
10.8934 	EXP 	trial_slider: markerPos = 0.6083333333333334
12.2420 	DATA 	Mouse: Left button down, pos=(2036,667)
12.2778 	EXP 	trial_slider: markerPos = 0.6074074074074074
12.3496 	EXP 	trial_slider: markerPos = 0.6074074074074074
12.3896 	EXP 	trial_slider: markerPos = 0.5731481481481482
12.4239 	EXP 	trial_slider: markerPos = 0.5388888888888889
12.4566 	EXP 	trial_slider: markerPos = 0.5203703703703704
12.4899 	EXP 	trial_slider: markerPos = 0.5092592592592593
12.5238 	EXP 	trial_slider: markerPos = 0.48518518518518516
12.5771 	EXP 	trial_slider: markerPos = 0.45555555555555555
12.6109 	EXP 	trial_slider: markerPos = 0.4185185185185185
12.6918 	EXP 	trial_slider: markerPos = 0.37962962962962965
12.7705 	EXP 	trial_slider: markerPos = 0.30462962962962964
12.8091 	EXP 	trial_slider: markerPos = 0.1925925925925926
12.8425 	EXP 	trial_slider: markerPos = 0.1472222222222222
12.8757 	EXP 	trial_slider: markerPos = 0.125
12.9091 	EXP 	trial_slider: markerPos = 0.1027777777777778
12.9423 	EXP 	trial_slider: markerPos = 0.0888888888888889
12.9762 	EXP 	trial_slider: markerPos = 0.07777777777777778
13.0444 	EXP 	trial_slider: markerPos = 0.06944444444444442
13.1223 	EXP 	trial_slider: markerPos = 0.04629629629629628
13.1555 	EXP 	trial_slider: markerPos = 0.033333333333333326
13.1888 	EXP 	trial_slider: markerPos = 0.025925925925925908
13.2229 	EXP 	trial_slider: markerPos = 0.0222222222222222
13.3006 	EXP 	trial_slider: markerPos = 0.014814814814814836
13.3743 	EXP 	trial_slider: markerPos = 0.0018518518518518268
13.4442 	EXP 	trial_slider: markerPos = -0.00462962962962965
13.4797 	EXP 	trial_slider: markerPos = -0.00462962962962965
13.5126 	EXP 	trial_slider: markerPos = -0.00462962962962965
13.5459 	EXP 	trial_slider: markerPos = -0.00462962962962965
13.6092 	EXP 	trial_slider: markerPos = -0.00462962962962965
13.6415 	EXP 	trial_slider: markerPos = -0.00462962962962965
13.6758 	EXP 	trial_slider: markerPos = -0.00462962962962965
13.7093 	EXP 	trial_slider: markerPos = 0.018518518518518545
13.7423 	EXP 	trial_slider: markerPos = 0.06481481481481483
13.7755 	EXP 	trial_slider: markerPos = 0.08703703703703702
13.8085 	EXP 	trial_slider: markerPos = 0.13148148148148148
13.8420 	EXP 	trial_slider: markerPos = 0.1685185185185185
13.8758 	EXP 	trial_slider: markerPos = 0.20925925925925926
13.9083 	EXP 	trial_slider: markerPos = 0.2462962962962963
13.9429 	EXP 	trial_slider: markerPos = 0.3018518518518518
13.9758 	EXP 	trial_slider: markerPos = 0.3324074074074074
14.0086 	EXP 	trial_slider: markerPos = 0.35370370370370374
14.0418 	EXP 	trial_slider: markerPos = 0.3833333333333333
14.0752 	EXP 	trial_slider: markerPos = 0.4064814814814815
14.1088 	EXP 	trial_slider: markerPos = 0.46296296296296297
14.1416 	EXP 	trial_slider: markerPos = 0.5027777777777778
14.1751 	EXP 	trial_slider: markerPos = 0.5324074074074074
14.2091 	EXP 	trial_slider: markerPos = 0.5453703703703704
14.2432 	EXP 	trial_slider: markerPos = 0.549074074074074
14.2981 	EXP 	trial_slider: markerPos = 0.549074074074074
14.3398 	EXP 	trial_slider: markerPos = 0.549074074074074
14.3727 	EXP 	trial_slider: markerPos = 0.549074074074074
14.4182 	EXP 	trial_slider: markerPos = 0.549074074074074
14.4510 	EXP 	trial_slider: markerPos = 0.549074074074074
14.4843 	EXP 	trial_slider: markerPos = 0.55
14.5570 	EXP 	trial_slider: markerPos = 0.5546296296296296
14.6318 	EXP 	trial_slider: markerPos = 0.5981481481481481
14.7071 	EXP 	trial_slider: markerPos = 0.6694444444444445
14.7811 	EXP 	trial_slider: markerPos = 0.7361111111111112
14.8532 	EXP 	trial_slider: markerPos = 0.8
14.9295 	EXP 	trial_slider: markerPos = 0.8453703703703703
15.0059 	EXP 	trial_slider: markerPos = 0.8953703703703704
15.0835 	EXP 	trial_slider: markerPos = 0.9305555555555556
15.1626 	EXP 	trial_slider: markerPos = 0.9824074074074074
15.2403 	EXP 	trial_slider: markerPos = 1.0009259259259258
15.3108 	EXP 	trial_slider: markerPos = 1.0046296296296298
15.3593 	EXP 	trial_slider: markerPos = 1.0064814814814815
15.3941 	EXP 	trial_slider: markerPos = 1.0064814814814815
15.4303 	EXP 	trial_slider: markerPos = 1.0064814814814815
15.5002 	EXP 	trial_slider: markerPos = 1.0064814814814815
15.5343 	EXP 	trial_slider: markerPos = 1.0064814814814815
15.5645 	EXP 	trial_slider: markerPos = 1.0046296296296298
15.5977 	EXP 	trial_slider: markerPos = 0.9962962962962962
15.6310 	EXP 	trial_slider: markerPos = 0.9601851851851853
15.6644 	EXP 	trial_slider: markerPos = 0.9342592592592592
15.6980 	EXP 	trial_slider: markerPos = 0.912037037037037
15.7306 	EXP 	trial_slider: markerPos = 0.8870370370370371
15.7651 	EXP 	trial_slider: markerPos = 0.8638888888888889
15.7972 	EXP 	trial_slider: markerPos = 0.8351851851851853
15.8313 	EXP 	trial_slider: markerPos = 0.8231481481481482
15.9099 	EXP 	trial_slider: markerPos = 0.7972222222222223
15.9834 	EXP 	trial_slider: markerPos = 0.712962962962963
16.0568 	EXP 	trial_slider: markerPos = 0.6527777777777778
16.1325 	EXP 	trial_slider: markerPos = 0.5694444444444444
16.1653 	EXP 	trial_slider: markerPos = 0.4935185185185185
16.1986 	EXP 	trial_slider: markerPos = 0.46296296296296297
16.2320 	EXP 	trial_slider: markerPos = 0.4111111111111111
16.2654 	EXP 	trial_slider: markerPos = 0.375
16.2985 	EXP 	trial_slider: markerPos = 0.34351851851851856
16.3320 	EXP 	trial_slider: markerPos = 0.3212962962962963
16.3653 	EXP 	trial_slider: markerPos = 0.27685185185185185
16.3986 	EXP 	trial_slider: markerPos = 0.24537037037037035
16.4320 	EXP 	trial_slider: markerPos = 0.2287037037037037
16.4653 	EXP 	trial_slider: markerPos = 0.2101851851851852
16.4986 	EXP 	trial_slider: markerPos = 0.18703703703703706
16.5319 	EXP 	trial_slider: markerPos = 0.15462962962962962
16.5653 	EXP 	trial_slider: markerPos = 0.13333333333333336
16.5985 	EXP 	trial_slider: markerPos = 0.11296296296296299
16.6319 	EXP 	trial_slider: markerPos = 0.09074074074074073
16.6653 	EXP 	trial_slider: markerPos = 0.07407407407407407
16.6986 	EXP 	trial_slider: markerPos = 0.0537037037037037
16.7320 	EXP 	trial_slider: markerPos = 0.037962962962962976
16.7653 	EXP 	trial_slider: markerPos = 0.02314814814814814
16.7988 	EXP 	trial_slider: markerPos = 0.009259259259259245
16.8327 	EXP 	trial_slider: markerPos = 0.0
16.9096 	EXP 	trial_slider: markerPos = -0.012962962962962954
16.9432 	EXP 	trial_slider: markerPos = -0.04629629629629628
16.9761 	EXP 	trial_slider: markerPos = -0.05277777777777781
17.0093 	EXP 	trial_slider: markerPos = -0.06018518518518523
17.0429 	EXP 	trial_slider: markerPos = -0.06018518518518523
17.0753 	DATA 	Mouse:  Left button up, pos=(1313,642)
17.0779 	EXP 	trial_slider: markerPos = -0.062037037037037
17.1102 	EXP 	trial_slider: markerPos = 0.0
19.2255 	DATA 	Mouse: Left button down, pos=(2949,211)
19.4396 	EXP 	New trial (rep=1, index=0): None
19.4480 	DATA 	Mouse:  Left button up, pos=(2949,211)
19.4613 	EXP 	trial_slider: autoDraw = False
19.4613 	EXP 	trial_textbox: autoDraw = False
19.4613 	EXP 	trial_reset: autoDraw = False
19.4613 	EXP 	trial_reset_text: autoDraw = False
19.4613 	EXP 	trial_slider: markerPos = None
19.4613 	EXP 	trial_slider: markerPos = 0
19.4613 	EXP 	trial_slider: autoDraw = True
19.4613 	EXP 	trial_textbox: autoDraw = True
19.4613 	EXP 	trial_reset: autoDraw = True
19.4613 	EXP 	trial_reset_text: autoDraw = True
20.9616 	DATA 	Mouse: Left button down, pos=(1387,667)
20.9925 	EXP 	trial_slider: markerPos = 0.007407407407407418
21.0749 	EXP 	trial_slider: markerPos = 0.014814814814814836
21.1515 	EXP 	trial_slider: markerPos = 0.18518518518518517
21.2079 	DATA 	Mouse:  Left button up, pos=(1697,654)
21.2118 	EXP 	trial_slider: markerPos = 0.2925925925925926
21.2433 	EXP 	trial_slider: markerPos = 0.2925925925925926
21.8956 	DATA 	Mouse: Left button down, pos=(3071,241)
22.0567 	EXP 	New trial (rep=2, index=0): None
22.0656 	DATA 	Mouse:  Left button up, pos=(3071,241)
22.0832 	EXP 	trial_slider: autoDraw = False
22.0832 	EXP 	trial_textbox: autoDraw = False
22.0832 	EXP 	trial_reset: autoDraw = False
22.0832 	EXP 	trial_reset_text: autoDraw = False
22.0832 	EXP 	trial_slider: markerPos = None
22.0832 	EXP 	trial_slider: markerPos = 0
22.0832 	EXP 	trial_slider: autoDraw = True
22.0832 	EXP 	trial_textbox: autoDraw = True
22.0832 	EXP 	trial_reset: autoDraw = True
22.0832 	EXP 	trial_reset_text: autoDraw = True
23.8411 	DATA 	Mouse: Left button down, pos=(1373,658)
23.8729 	EXP 	trial_slider: markerPos = -0.005555555555555536
23.9062 	EXP 	trial_slider: markerPos = -0.00462962962962965
23.9390 	EXP 	trial_slider: markerPos = -0.0037037037037036535
23.9723 	EXP 	trial_slider: markerPos = 0.0
24.0061 	EXP 	trial_slider: markerPos = 0.012037037037037013
24.0460 	EXP 	trial_slider: markerPos = 0.021296296296296313
24.0866 	EXP 	trial_slider: markerPos = 0.02870370370370373
24.1274 	EXP 	trial_slider: markerPos = 0.03888888888888886
24.1677 	EXP 	trial_slider: markerPos = 0.05462962962962964
24.2093 	EXP 	trial_slider: markerPos = 0.06851851851851853
24.2501 	EXP 	trial_slider: markerPos = 0.08981481481481479
24.2823 	EXP 	trial_slider: markerPos = 0.1027777777777778
24.3159 	EXP 	trial_slider: markerPos = 0.12037037037037035
24.3492 	EXP 	trial_slider: markerPos = 0.13518518518518519
24.3852 	EXP 	trial_slider: markerPos = 0.14814814814814814
24.4601 	EXP 	trial_slider: markerPos = 0.175
24.5322 	EXP 	trial_slider: markerPos = 0.19722222222222224
24.5917 	EXP 	trial_slider: markerPos = 0.20092592592592595
24.6233 	EXP 	trial_slider: markerPos = 0.20092592592592595
24.6576 	EXP 	trial_slider: markerPos = 0.20092592592592595
24.7094 	EXP 	trial_slider: markerPos = 0.20092592592592595
24.7422 	EXP 	trial_slider: markerPos = 0.20185185185185184
24.7746 	EXP 	trial_slider: markerPos = 0.2064814814814815
24.8084 	EXP 	trial_slider: markerPos = 0.2101851851851852
24.8924 	EXP 	trial_slider: markerPos = 0.22037037037037038
24.9647 	EXP 	trial_slider: markerPos = 0.22592592592592592
25.0380 	EXP 	trial_slider: markerPos = 0.23703703703703705
25.1153 	EXP 	trial_slider: markerPos = 0.2675925925925926
25.1921 	EXP 	trial_slider: markerPos = 0.2898148148148148
25.2681 	EXP 	trial_slider: markerPos = 0.325
25.3431 	EXP 	trial_slider: markerPos = 0.35462962962962963
25.3737 	EXP 	trial_slider: markerPos = 0.37777777777777777
25.4068 	EXP 	trial_slider: markerPos = 0.38796296296296295
25.4403 	EXP 	trial_slider: markerPos = 0.4
25.4823 	EXP 	trial_slider: markerPos = 0.4148148148148148
25.5499 	EXP 	trial_slider: markerPos = 0.4277777777777778
25.6240 	EXP 	trial_slider: markerPos = 0.45092592592592595
25.6571 	EXP 	trial_slider: markerPos = 0.4777777777777778
25.6905 	EXP 	trial_slider: markerPos = 0.4842592592592593
25.7233 	EXP 	trial_slider: markerPos = 0.49444444444444446
25.7565 	EXP 	trial_slider: markerPos = 0.5083333333333333
25.7902 	EXP 	trial_slider: markerPos = 0.5166666666666667
25.8233 	EXP 	trial_slider: markerPos = 0.5268518518518519
25.8565 	EXP 	trial_slider: markerPos = 0.5398148148148149
25.8915 	EXP 	trial_slider: markerPos = 0.562962962962963
25.9580 	EXP 	trial_slider: markerPos = 0.5814814814814815
26.0336 	EXP 	trial_slider: markerPos = 0.6138888888888889
26.1084 	EXP 	trial_slider: markerPos = 0.637962962962963
26.1810 	EXP 	trial_slider: markerPos = 0.6685185185185185
26.2357 	EXP 	trial_slider: markerPos = 0.7148148148148148
26.2836 	EXP 	trial_slider: markerPos = 0.7518518518518518
26.3160 	EXP 	trial_slider: markerPos = 0.7712962962962964
26.3489 	EXP 	trial_slider: markerPos = 0.7861111111111111
26.3825 	EXP 	trial_slider: markerPos = 0.7962962962962963
26.4158 	EXP 	trial_slider: markerPos = 0.8101851851851851
26.4493 	EXP 	trial_slider: markerPos = 0.8194444444444444
26.4823 	EXP 	trial_slider: markerPos = 0.8333333333333333
26.5157 	EXP 	trial_slider: markerPos = 0.8416666666666667
26.5488 	EXP 	trial_slider: markerPos = 0.8518518518518519
26.5825 	EXP 	trial_slider: markerPos = 0.8555555555555556
26.6155 	EXP 	trial_slider: markerPos = 0.8601851851851852
26.6502 	EXP 	trial_slider: markerPos = 0.8675925925925926
26.6822 	EXP 	trial_slider: markerPos = 0.8768518518518518
26.7156 	EXP 	trial_slider: markerPos = 0.8814814814814815
26.7491 	EXP 	trial_slider: markerPos = 0.8916666666666666
26.7822 	EXP 	trial_slider: markerPos = 0.9
26.8425 	EXP 	trial_slider: markerPos = 0.9055555555555556
26.9204 	EXP 	trial_slider: markerPos = 0.912037037037037
26.9611 	EXP 	trial_slider: markerPos = 0.9175925925925925
26.9934 	EXP 	trial_slider: markerPos = 0.924074074074074
27.0275 	EXP 	trial_slider: markerPos = 0.9287037037037037
27.0600 	EXP 	trial_slider: markerPos = 0.9333333333333333
27.0934 	EXP 	trial_slider: markerPos = 0.9361111111111111
27.1267 	EXP 	trial_slider: markerPos = 0.9388888888888889
27.1615 	EXP 	trial_slider: markerPos = 0.9425925925925926
27.1940 	EXP 	trial_slider: markerPos = 0.9462962962962963
27.2281 	EXP 	trial_slider: markerPos = 0.95
27.2607 	EXP 	trial_slider: markerPos = 0.9546296296296296
27.2941 	EXP 	trial_slider: markerPos = 0.9564814814814815
27.3276 	EXP 	trial_slider: markerPos = 0.9648148148148148
27.3607 	EXP 	trial_slider: markerPos = 0.9824074074074074
27.3940 	EXP 	trial_slider: markerPos = 1.0027777777777778
27.4273 	EXP 	trial_slider: markerPos = 1.0138888888888888
27.4643 	EXP 	trial_slider: markerPos = 1.0138888888888888
27.5000 	EXP 	trial_slider: markerPos = 1.0138888888888888
27.5323 	EXP 	trial_slider: markerPos = 1.0138888888888888
27.5663 	EXP 	trial_slider: markerPos = 1.0138888888888888
27.6379 	EXP 	trial_slider: markerPos = 1.012962962962963
27.7119 	EXP 	trial_slider: markerPos = 0.9731481481481481
27.7450 	EXP 	trial_slider: markerPos = 0.8972222222222221
27.7781 	EXP 	trial_slider: markerPos = 0.8675925925925926
27.8117 	EXP 	trial_slider: markerPos = 0.8388888888888889
27.8477 	EXP 	trial_slider: markerPos = 0.7842592592592592
27.9105 	EXP 	trial_slider: markerPos = 0.737037037037037
27.9890 	EXP 	trial_slider: markerPos = 0.6462962962962963
28.0630 	EXP 	trial_slider: markerPos = 0.549074074074074
28.1378 	EXP 	trial_slider: markerPos = 0.4601851851851852
28.2133 	EXP 	trial_slider: markerPos = 0.3675925925925926
28.2911 	EXP 	trial_slider: markerPos = 0.29166666666666663
28.3635 	EXP 	trial_slider: markerPos = 0.19074074074074077
28.4385 	EXP 	trial_slider: markerPos = 0.13611111111111113
28.4713 	EXP 	trial_slider: markerPos = 0.08611111111111114
28.5046 	EXP 	trial_slider: markerPos = 0.07500000000000001
28.5378 	EXP 	trial_slider: markerPos = 0.060185185185185175
28.5718 	EXP 	trial_slider: markerPos = 0.04722222222222222
28.6050 	EXP 	trial_slider: markerPos = 0.020370370370370372
28.6414 	EXP 	trial_slider: markerPos = -0.0009259259259258856
28.6763 	EXP 	trial_slider: markerPos = -0.020370370370370372
28.7091 	EXP 	trial_slider: markerPos = -0.030555555555555558
28.7423 	EXP 	trial_slider: markerPos = -0.037962962962962976
28.7810 	EXP 	trial_slider: markerPos = -0.04166666666666663
28.8477 	EXP 	trial_slider: markerPos = -0.042592592592592626
28.8903 	DATA 	Mouse:  Left button up, pos=(1334,676)
28.8935 	EXP 	trial_slider: markerPos = -0.042592592592592626
28.9266 	EXP 	trial_slider: markerPos = 0
31.5716 	DATA 	Keypress: escape
31.6657 	EXP 	template: status = STOPPED
31.6950 	EXP 	trial_slider: autoDraw = False
31.6950 	EXP 	trial_textbox: autoDraw = False
31.6950 	EXP 	0: autoDraw = False
31.6950 	EXP 	1: autoDraw = False
31.6950 	EXP 	2: autoDraw = False
31.6950 	EXP 	3: autoDraw = False
31.6950 	EXP 	4: autoDraw = False
31.6950 	EXP 	5: autoDraw = False
31.6950 	EXP 	6: autoDraw = False
31.6950 	EXP 	7: autoDraw = False
31.6950 	EXP 	8: autoDraw = False
31.6950 	EXP 	9: autoDraw = False
31.6950 	EXP 	trial_reset: autoDraw = False
31.6950 	EXP 	trial_reset_text: autoDraw = False
31.6957 	EXP 	template: status = STOPPED
31.8214 	EXP 	window1: mouseVisible = True
