3.8372 	WARNING 	C:\Users\andre\AppData\Roaming\psychopy3\fonts\Times.truetype doesn't have valid font family name
3.9436 	WARNING 	C:\Users\andre\AppData\Roaming\psychopy3\fonts\Times.truetype doesn't have valid font family name
6.8768 	WARNING 	User requested fullscreen with size [1920 1080], but screen is actually [3840, 2160]. Using actual size
8.0594 	EXP 	Created window1 = Window(allowGUI=True, allowStencil=True, autoLog=True, backendConf=UNKNOWN, backgroundFit=<method-wrapper '__getattribute__' of attributeSetter object at 0x0000022822E41E20>, backgroundImage=<method-wrapper '__getattribute__' of attributeSetter object at 0x0000022822E41DC0>, bitsMode=UNKNOWN, blendMode='avg', bpc=(8, 8, 8), color=array([-1, -1, -1]), colorSpace='rgb', depthBits=8, fullscr=<method-wrapper '__getattribute__' of attributeSetter object at 0x0000022822E41BE0>, gamma=None, gammaErrorPolicy='raise', lms=UNKNOWN, monitor=<psychopy.monitors.calibTools.Monitor object at 0x0000022827FCAF10>, multiSample=False, name='window1', numSamples=2, pos=(0, 0), screen=0, size=array([3840, 2160]), stencilBits=8, stereo=False, title='PsychoPy', units='height', useFBO=True, useRetina=False, viewOri=0.0, viewPos=None, viewScale=None, waitBlanking=True, winType='pyglet')
8.0598 	EXP 	window1: mouseVisible = True
8.0599 	EXP 	window1: backgroundImage = ''
8.0599 	EXP 	window1: backgroundFit = 'none'
8.0629 	EXP 	window1: Attempting to measure frame rate of screen (0) ...
8.0629 	EXP 	window1: recordFrameIntervals = False
8.2419 	EXP 	window1: recordFrameIntervals = True
8.4752 	WARNING 	t of last frame was 31.20ms (=1/32)
8.4995 	WARNING 	t of last frame was 24.36ms (=1/41)
8.5254 	WARNING 	t of last frame was 25.86ms (=1/38)
8.5970 	WARNING 	t of last frame was 21.17ms (=1/47)
8.6255 	WARNING 	Multiple dropped frames have occurred - I'll stop bothering you about them!
8.7936 	EXP 	Screen (0) actual frame rate measured at 59.73Hz
8.7937 	EXP 	window1: recordFrameIntervals = False
8.7942 	EXP 	window1: mouseVisible = False
11.0772 	EXP 	coding: status = STARTED
11.0775 	EXP 	window1: mouseVisible = True
11.0795 	EXP 	Created 0 = ShapeStim(__class__=<class 'psychopy.visual.shape.ShapeStim'>, anchor=('center', 'center'), autoDraw=False, autoLog=True, closeShape=True, color=method-wrapper(...), colorSpace='rgb', contrast=None, depth=-6.0, draggable=False, fillColor=array([1, 1, 1]), fillColorSpace='rgb', fillRGB=array([1, 1, 1]), interpolate=True, lineColor=array([1., 1., 1.]), lineColorSpace='rgb', lineRGB=array([1, 1, 1]), lineWidth=1.0, name='0', opacity=1.0, ori=0.0, pos=array([0., 0.]), size=array([0.05, 0.05]), units='height', vertices=ndarray(...), win=Window(...), windingRule=None)
11.0796 	EXP 	window1: mouseVisible = True
11.0813 	EXP 	Created 1 = ShapeStim(__class__=<class 'psychopy.visual.shape.ShapeStim'>, anchor=('center', 'center'), autoDraw=False, autoLog=True, closeShape=True, color=method-wrapper(...), colorSpace='rgb', contrast=None, depth=-6.0, draggable=False, fillColor=array([1, 1, 1]), fillColorSpace='rgb', fillRGB=array([1, 1, 1]), interpolate=True, lineColor=array([1., 1., 1.]), lineColorSpace='rgb', lineRGB=array([1, 1, 1]), lineWidth=1.0, name='1', opacity=1.0, ori=0.0, pos=array([0., 0.]), size=array([0.05, 0.05]), units='height', vertices=ndarray(...), win=Window(...), windingRule=None)
11.0814 	EXP 	window1: mouseVisible = True
11.0831 	EXP 	Created 2 = ShapeStim(__class__=<class 'psychopy.visual.shape.ShapeStim'>, anchor=('center', 'center'), autoDraw=False, autoLog=True, closeShape=True, color=method-wrapper(...), colorSpace='rgb', contrast=None, depth=-6.0, draggable=False, fillColor=array([1, 1, 1]), fillColorSpace='rgb', fillRGB=array([1, 1, 1]), interpolate=True, lineColor=array([1., 1., 1.]), lineColorSpace='rgb', lineRGB=array([1, 1, 1]), lineWidth=1.0, name='2', opacity=1.0, ori=0.0, pos=array([0., 0.]), size=array([0.05, 0.05]), units='height', vertices=ndarray(...), win=Window(...), windingRule=None)
11.0832 	EXP 	window1: mouseVisible = True
11.0849 	EXP 	Created 3 = ShapeStim(__class__=<class 'psychopy.visual.shape.ShapeStim'>, anchor=('center', 'center'), autoDraw=False, autoLog=True, closeShape=True, color=method-wrapper(...), colorSpace='rgb', contrast=None, depth=-6.0, draggable=False, fillColor=array([1, 1, 1]), fillColorSpace='rgb', fillRGB=array([1, 1, 1]), interpolate=True, lineColor=array([1., 1., 1.]), lineColorSpace='rgb', lineRGB=array([1, 1, 1]), lineWidth=1.0, name='3', opacity=1.0, ori=0.0, pos=array([0., 0.]), size=array([0.05, 0.05]), units='height', vertices=ndarray(...), win=Window(...), windingRule=None)
11.0850 	EXP 	window1: mouseVisible = True
11.0866 	EXP 	Created 4 = ShapeStim(__class__=<class 'psychopy.visual.shape.ShapeStim'>, anchor=('center', 'center'), autoDraw=False, autoLog=True, closeShape=True, color=method-wrapper(...), colorSpace='rgb', contrast=None, depth=-6.0, draggable=False, fillColor=array([1, 1, 1]), fillColorSpace='rgb', fillRGB=array([1, 1, 1]), interpolate=True, lineColor=array([1., 1., 1.]), lineColorSpace='rgb', lineRGB=array([1, 1, 1]), lineWidth=1.0, name='4', opacity=1.0, ori=0.0, pos=array([0., 0.]), size=array([0.05, 0.05]), units='height', vertices=ndarray(...), win=Window(...), windingRule=None)
11.0867 	EXP 	window1: mouseVisible = True
11.0884 	EXP 	Created 5 = ShapeStim(__class__=<class 'psychopy.visual.shape.ShapeStim'>, anchor=('center', 'center'), autoDraw=False, autoLog=True, closeShape=True, color=method-wrapper(...), colorSpace='rgb', contrast=None, depth=-6.0, draggable=False, fillColor=array([1, 1, 1]), fillColorSpace='rgb', fillRGB=array([1, 1, 1]), interpolate=True, lineColor=array([1., 1., 1.]), lineColorSpace='rgb', lineRGB=array([1, 1, 1]), lineWidth=1.0, name='5', opacity=1.0, ori=0.0, pos=array([0., 0.]), size=array([0.05, 0.05]), units='height', vertices=ndarray(...), win=Window(...), windingRule=None)
11.0884 	EXP 	window1: mouseVisible = True
11.0901 	EXP 	Created 6 = ShapeStim(__class__=<class 'psychopy.visual.shape.ShapeStim'>, anchor=('center', 'center'), autoDraw=False, autoLog=True, closeShape=True, color=method-wrapper(...), colorSpace='rgb', contrast=None, depth=-6.0, draggable=False, fillColor=array([1, 1, 1]), fillColorSpace='rgb', fillRGB=array([1, 1, 1]), interpolate=True, lineColor=array([1., 1., 1.]), lineColorSpace='rgb', lineRGB=array([1, 1, 1]), lineWidth=1.0, name='6', opacity=1.0, ori=0.0, pos=array([0., 0.]), size=array([0.05, 0.05]), units='height', vertices=ndarray(...), win=Window(...), windingRule=None)
11.0902 	EXP 	window1: mouseVisible = True
11.0918 	EXP 	Created 7 = ShapeStim(__class__=<class 'psychopy.visual.shape.ShapeStim'>, anchor=('center', 'center'), autoDraw=False, autoLog=True, closeShape=True, color=method-wrapper(...), colorSpace='rgb', contrast=None, depth=-6.0, draggable=False, fillColor=array([1, 1, 1]), fillColorSpace='rgb', fillRGB=array([1, 1, 1]), interpolate=True, lineColor=array([1., 1., 1.]), lineColorSpace='rgb', lineRGB=array([1, 1, 1]), lineWidth=1.0, name='7', opacity=1.0, ori=0.0, pos=array([0., 0.]), size=array([0.05, 0.05]), units='height', vertices=ndarray(...), win=Window(...), windingRule=None)
11.0919 	EXP 	window1: mouseVisible = True
11.0937 	EXP 	Created 8 = ShapeStim(__class__=<class 'psychopy.visual.shape.ShapeStim'>, anchor=('center', 'center'), autoDraw=False, autoLog=True, closeShape=True, color=method-wrapper(...), colorSpace='rgb', contrast=None, depth=-6.0, draggable=False, fillColor=array([1, 1, 1]), fillColorSpace='rgb', fillRGB=array([1, 1, 1]), interpolate=True, lineColor=array([1., 1., 1.]), lineColorSpace='rgb', lineRGB=array([1, 1, 1]), lineWidth=1.0, name='8', opacity=1.0, ori=0.0, pos=array([0., 0.]), size=array([0.05, 0.05]), units='height', vertices=ndarray(...), win=Window(...), windingRule=None)
11.0938 	EXP 	window1: mouseVisible = True
11.0955 	EXP 	Created 9 = ShapeStim(__class__=<class 'psychopy.visual.shape.ShapeStim'>, anchor=('center', 'center'), autoDraw=False, autoLog=True, closeShape=True, color=method-wrapper(...), colorSpace='rgb', contrast=None, depth=-6.0, draggable=False, fillColor=array([1, 1, 1]), fillColorSpace='rgb', fillRGB=array([1, 1, 1]), interpolate=True, lineColor=array([1., 1., 1.]), lineColorSpace='rgb', lineRGB=array([1, 1, 1]), lineWidth=1.0, name='9', opacity=1.0, ori=0.0, pos=array([0., 0.]), size=array([0.05, 0.05]), units='height', vertices=ndarray(...), win=Window(...), windingRule=None)
11.1010 	EXP 	window1: mouseVisible = True
11.1013 	EXP 	window1: mouseVisible = True
11.1044 	EXP 	window1: mouseVisible = True
11.1055 	EXP 	window1: mouseVisible = True
11.1242 	EXP 	Created trial_slider = Slider(__class__=<class 'psychopy.visual.slider.Slider'>, autoDraw=False, autoLog=True, borderColor=None, color=None, colorSpace='rgb', depth=-3, fillColor=None, flip=False, font='Open Sans', granularity=0.0, labelColor=None, labelHeight=0.05, labelWrapWidth=None, labels=None, lineColor=None, markerColor=None, name='trial_slider', opacity=None, ori=0.0, pos=array([ 0. , -0.2]), readOnly=False, self=UNKNOWN, size=array([0.5 , 0.05]), startValue=0, style='rating', styleTweaks=[], ticks=array([0, 1]), units='height', win=Window(...))
11.1243 	EXP 	window1: mouseVisible = True
11.1245 	EXP 	window1: mouseVisible = True
11.1246 	EXP 	window1: mouseVisible = True
11.1251 	EXP 	window1: mouseVisible = True
11.1255 	EXP 	window1: mouseVisible = True
11.1287 	EXP 	window1: mouseVisible = True
11.1288 	EXP 	window1: mouseVisible = True
11.1292 	EXP 	window1: mouseVisible = True
11.1296 	EXP 	window1: mouseVisible = True
11.1780 	EXP 	window1: mouseVisible = True
11.1798 	EXP 	Created trial_reset = Rect(__class__=<class 'psychopy.visual.rect.Rect'>, anchor=('center', 'center'), autoDraw=False, autoLog=True, closeShape=True, color=method-wrapper(...), colorSpace='rgb', contrast=None, depth=-6.0, draggable=False, fillColor=array([-1, -1,  1]), fillColorSpace='rgb', fillRGB=array([-1, -1,  1]), interpolate=True, lineColor=array([-1., -1.,  1.]), lineColorSpace='rgb', lineRGB=array([-1, -1,  1]), lineWidth=1.0, name='trial_reset', opacity=1.0, ori=0.0, pos=array([ 0.5, -0.4]), size=array([0.15, 0.1 ]), units='height', vertices=ndarray(...), win=Window(...))
11.1800 	EXP 	window1: mouseVisible = True
11.1801 	EXP 	window1: mouseVisible = True
11.1805 	EXP 	window1: mouseVisible = True
11.1809 	EXP 	window1: mouseVisible = True
11.1954 	EXP 	window1: mouseVisible = True
11.1956 	EXP 	window1: mouseVisible = True
11.1960 	EXP 	window1: mouseVisible = True
11.1964 	EXP 	window1: mouseVisible = True
0.0065 	DATA 	Keypress: escape
0.0067 	DATA 	Keypress: escape
0.0085 	DATA 	Keypress: escape
0.0100 	DATA 	Keypress: escape
0.0115 	DATA 	Mouse: Left button down, pos=(2280,1483)
0.0119 	DATA 	Mouse:  Left button up, pos=(2306,1483)
0.0200 	EXP 	0: autoDraw = True
0.0200 	EXP 	1: autoDraw = True
0.0200 	EXP 	2: autoDraw = True
0.0200 	EXP 	3: autoDraw = True
0.0200 	EXP 	4: autoDraw = True
0.0200 	EXP 	5: autoDraw = True
0.0200 	EXP 	6: autoDraw = True
0.0200 	EXP 	7: autoDraw = True
0.0200 	EXP 	8: autoDraw = True
0.0200 	EXP 	9: autoDraw = True
0.0200 	EXP 	trial_slider: autoLog = True
0.0200 	EXP 	trial_slider: styleTweaks = []
0.0200 	EXP 	trial_slider: styleTweaks = []
0.0200 	EXP 	trial_slider: styleTweaks = []
0.0200 	EXP 	trial_slider: styleTweaks = []
0.0200 	EXP 	trial_slider: contrast = 1.0
0.0200 	EXP 	trial_slider: markerPos = 0
0.0200 	EXP 	trial_slider: autoLog = True
0.0200 	EXP 	trial_textbox: autoLog = True
0.0200 	EXP 	trial_reset_text: autoLog = True
0.0211 	EXP 	Created sequence: sequential, trialTypes=1, nReps=9999, seed=None
0.0549 	EXP 	New trial (rep=0, index=0): None
0.1509 	EXP 	window1: mouseVisible = True
