4.4521 	WARNING 	C:\Users\andre\AppData\Roaming\psychopy3\fonts\Times.truetype doesn't have valid font family name
4.5652 	WARNING 	C:\Users\andre\AppData\Roaming\psychopy3\fonts\Times.truetype doesn't have valid font family name
6.1431 	WARNING 	User requested fullscreen with size [1920 1080], but screen is actually [3840, 2160]. Using actual size
7.6096 	EXP 	Created window1 = Window(allowGUI=True, allowStencil=False, autoLog=True, backendConf=UNKNOWN, backgroundFit=<method-wrapper '__getattribute__' of attributeSetter object at 0x000002B7C884BF40>, backgroundImage=<method-wrapper '__getattribute__' of attributeSetter object at 0x000002B7C884BEE0>, bitsMode=UNKNOWN, blendMode='avg', bpc=(8, 8, 8), color=array([-1, -1, -1]), colorSpace='rgb', depthBits=8, fullscr=<method-wrapper '__getattribute__' of attributeSetter object at 0x000002B7C884BD00>, gamma=None, gammaErrorPolicy='raise', lms=UNKNOWN, monitor=<psychopy.monitors.calibTools.Monitor object at 0x000002B7C8C75EB0>, multiSample=False, name='window1', numSamples=2, pos=(0, 0), screen=0, size=array([3840, 2160]), stencilBits=0, stereo=False, title='PsychoPy', units='height', useFBO=True, useRetina=False, viewOri=0.0, viewPos=None, viewScale=None, waitBlanking=True, winType='pyglet')
7.6097 	EXP 	window1: mouseVisible = True
7.6097 	EXP 	window1: backgroundImage = ''
7.6097 	EXP 	window1: backgroundFit = 'none'
7.6111 	EXP 	window1: Attempting to measure frame rate of screen (0) ...
7.6111 	EXP 	window1: recordFrameIntervals = False
7.9423 	EXP 	window1: recordFrameIntervals = True
8.3096 	EXP 	Screen (0) actual frame rate measured at 29.93Hz
8.3097 	EXP 	window1: recordFrameIntervals = False
8.3099 	EXP 	window1: mouseVisible = False
11.6992 	EXP 	template: status = STARTED
11.7008 	EXP 	window1: mouseVisible = True
11.7029 	EXP 	Created unnamed Circle = Circle(__class__=<class 'psychopy.visual.circle.Circle'>, anchor=('center', 'center'), autoDraw=False, autoLog=True, closeShape=True, color=method-wrapper(...), colorSpace='rgb', contrast=None, depth=0, draggable=False, fillColor=array([ 1, -1, -1]), fillColorSpace='rgb', fillRGB=array([ 1, -1, -1]), interpolate=True, lineColor=array([0., 0., 0.]), lineColorSpace='rgb', lineRGB=array([0, 0, 0]), lineWidth=1.5, name='unnamed Circle', opacity=0.5, ori=0.0, pos=array([0., 0.]), size=array([1., 1.]), units='height', vertices=ndarray(...), win=Window(...))
11.7034 	EXP 	window1: mouseVisible = True
11.7051 	EXP 	Created unnamed Circle = Circle(__class__=<class 'psychopy.visual.circle.Circle'>, anchor=('center', 'center'), autoDraw=False, autoLog=True, closeShape=True, color=method-wrapper(...), colorSpace='rgb', contrast=None, depth=0, draggable=False, fillColor=array([ 1, -1, -1]), fillColorSpace='rgb', fillRGB=array([ 1, -1, -1]), interpolate=True, lineColor=array([0., 0., 0.]), lineColorSpace='rgb', lineRGB=array([0, 0, 0]), lineWidth=1.5, name='unnamed Circle', opacity=0.5, ori=0.0, pos=array([0., 0.]), size=array([1., 1.]), units='height', vertices=ndarray(...), win=Window(...))
11.7055 	EXP 	window1: mouseVisible = True
11.7079 	EXP 	Created unnamed Circle = Circle(__class__=<class 'psychopy.visual.circle.Circle'>, anchor=('center', 'center'), autoDraw=False, autoLog=True, closeShape=True, color=method-wrapper(...), colorSpace='rgb', contrast=None, depth=0, draggable=False, fillColor=array([ 1, -1, -1]), fillColorSpace='rgb', fillRGB=array([ 1, -1, -1]), interpolate=True, lineColor=array([0., 0., 0.]), lineColorSpace='rgb', lineRGB=array([0, 0, 0]), lineWidth=1.5, name='unnamed Circle', opacity=0.5, ori=0.0, pos=array([0., 0.]), size=array([1., 1.]), units='height', vertices=ndarray(...), win=Window(...))
11.7084 	EXP 	window1: mouseVisible = True
11.7103 	EXP 	Created unnamed Circle = Circle(__class__=<class 'psychopy.visual.circle.Circle'>, anchor=('center', 'center'), autoDraw=False, autoLog=True, closeShape=True, color=method-wrapper(...), colorSpace='rgb', contrast=None, depth=0, draggable=False, fillColor=array([ 1, -1, -1]), fillColorSpace='rgb', fillRGB=array([ 1, -1, -1]), interpolate=True, lineColor=array([0., 0., 0.]), lineColorSpace='rgb', lineRGB=array([0, 0, 0]), lineWidth=1.5, name='unnamed Circle', opacity=0.5, ori=0.0, pos=array([0., 0.]), size=array([1., 1.]), units='height', vertices=ndarray(...), win=Window(...))
11.7109 	EXP 	window1: mouseVisible = True
11.7128 	EXP 	Created unnamed Circle = Circle(__class__=<class 'psychopy.visual.circle.Circle'>, anchor=('center', 'center'), autoDraw=False, autoLog=True, closeShape=True, color=method-wrapper(...), colorSpace='rgb', contrast=None, depth=0, draggable=False, fillColor=array([ 1, -1, -1]), fillColorSpace='rgb', fillRGB=array([ 1, -1, -1]), interpolate=True, lineColor=array([0., 0., 0.]), lineColorSpace='rgb', lineRGB=array([0, 0, 0]), lineWidth=1.5, name='unnamed Circle', opacity=0.5, ori=0.0, pos=array([0., 0.]), size=array([1., 1.]), units='height', vertices=ndarray(...), win=Window(...))
11.7132 	EXP 	window1: mouseVisible = True
11.7149 	EXP 	Created unnamed Circle = Circle(__class__=<class 'psychopy.visual.circle.Circle'>, anchor=('center', 'center'), autoDraw=False, autoLog=True, closeShape=True, color=method-wrapper(...), colorSpace='rgb', contrast=None, depth=0, draggable=False, fillColor=array([ 1, -1, -1]), fillColorSpace='rgb', fillRGB=array([ 1, -1, -1]), interpolate=True, lineColor=array([0., 0., 0.]), lineColorSpace='rgb', lineRGB=array([0, 0, 0]), lineWidth=1.5, name='unnamed Circle', opacity=0.5, ori=0.0, pos=array([0., 0.]), size=array([1., 1.]), units='height', vertices=ndarray(...), win=Window(...))
11.7153 	EXP 	window1: mouseVisible = True
11.7170 	EXP 	Created unnamed Circle = Circle(__class__=<class 'psychopy.visual.circle.Circle'>, anchor=('center', 'center'), autoDraw=False, autoLog=True, closeShape=True, color=method-wrapper(...), colorSpace='rgb', contrast=None, depth=0, draggable=False, fillColor=array([ 1, -1, -1]), fillColorSpace='rgb', fillRGB=array([ 1, -1, -1]), interpolate=True, lineColor=array([0., 0., 0.]), lineColorSpace='rgb', lineRGB=array([0, 0, 0]), lineWidth=1.5, name='unnamed Circle', opacity=0.5, ori=0.0, pos=array([0., 0.]), size=array([1., 1.]), units='height', vertices=ndarray(...), win=Window(...))
11.7174 	EXP 	window1: mouseVisible = True
11.7193 	EXP 	Created unnamed Circle = Circle(__class__=<class 'psychopy.visual.circle.Circle'>, anchor=('center', 'center'), autoDraw=False, autoLog=True, closeShape=True, color=method-wrapper(...), colorSpace='rgb', contrast=None, depth=0, draggable=False, fillColor=array([ 1, -1, -1]), fillColorSpace='rgb', fillRGB=array([ 1, -1, -1]), interpolate=True, lineColor=array([0., 0., 0.]), lineColorSpace='rgb', lineRGB=array([0, 0, 0]), lineWidth=1.5, name='unnamed Circle', opacity=0.5, ori=0.0, pos=array([0., 0.]), size=array([1., 1.]), units='height', vertices=ndarray(...), win=Window(...))
11.7196 	EXP 	window1: mouseVisible = True
11.7213 	EXP 	Created unnamed Circle = Circle(__class__=<class 'psychopy.visual.circle.Circle'>, anchor=('center', 'center'), autoDraw=False, autoLog=True, closeShape=True, color=method-wrapper(...), colorSpace='rgb', contrast=None, depth=0, draggable=False, fillColor=array([ 1, -1, -1]), fillColorSpace='rgb', fillRGB=array([ 1, -1, -1]), interpolate=True, lineColor=array([0., 0., 0.]), lineColorSpace='rgb', lineRGB=array([0, 0, 0]), lineWidth=1.5, name='unnamed Circle', opacity=0.5, ori=0.0, pos=array([0., 0.]), size=array([1., 1.]), units='height', vertices=ndarray(...), win=Window(...))
11.7216 	EXP 	window1: mouseVisible = True
11.7235 	EXP 	Created unnamed Circle = Circle(__class__=<class 'psychopy.visual.circle.Circle'>, anchor=('center', 'center'), autoDraw=False, autoLog=True, closeShape=True, color=method-wrapper(...), colorSpace='rgb', contrast=None, depth=0, draggable=False, fillColor=array([ 1, -1, -1]), fillColorSpace='rgb', fillRGB=array([ 1, -1, -1]), interpolate=True, lineColor=array([0., 0., 0.]), lineColorSpace='rgb', lineRGB=array([0, 0, 0]), lineWidth=1.5, name='unnamed Circle', opacity=0.5, ori=0.0, pos=array([0., 0.]), size=array([1., 1.]), units='height', vertices=ndarray(...), win=Window(...))
11.7280 	EXP 	window1: mouseVisible = True
11.7283 	EXP 	window1: mouseVisible = True
11.7325 	EXP 	window1: mouseVisible = True
11.7341 	EXP 	window1: mouseVisible = True
11.7525 	EXP 	Created trial_slider = Slider(__class__=<class 'psychopy.visual.slider.Slider'>, autoDraw=False, autoLog=True, borderColor=None, color=None, colorSpace='rgb', depth=-3, fillColor=None, flip=False, font='Open Sans', granularity=0.0, labelColor=None, labelHeight=0.05, labelWrapWidth=None, labels=None, lineColor=None, markerColor=None, name='trial_slider', opacity=None, ori=0.0, pos=array([ 0. , -0.2]), readOnly=False, self=UNKNOWN, size=array([0.5 , 0.05]), startValue=0, style='slider', styleTweaks=[], ticks=array([  0, 360]), units='height', win=Window(...))
11.7525 	EXP 	window1: mouseVisible = True
11.7527 	EXP 	window1: mouseVisible = True
11.7746 	EXP 	Created trial_text = TextStim(__class__=<class 'psychopy.visual.text.TextStim'>, alignHoriz=method-wrapper(...), alignText='center', alignVert=method-wrapper(...), anchorHoriz='center', anchorVert='center', antialias=True, autoDraw=False, autoLog=True, bold=False, color=array([1., 1., 1.]), colorSpace='rgb', contrast=1.0, depth=-5.0, draggable=False, flipHoriz=False, flipVert=False, font='Open Sans', fontFiles=[], height=0.05, italic=False, languageStyle='LTR', name='trial_text', opacity=1.0, ori=0.0, pos=array([0., 0.]), rgb=UNKNOWN, text='', units='height', win=Window(...), wrapWidth=1)
0.1037 	EXP 	unnamed Circle: autoDraw = True
0.1037 	EXP 	unnamed Circle: autoDraw = True
0.1037 	EXP 	unnamed Circle: autoDraw = True
0.1037 	EXP 	unnamed Circle: autoDraw = True
0.1037 	EXP 	unnamed Circle: autoDraw = True
0.1037 	EXP 	unnamed Circle: autoDraw = True
0.1037 	EXP 	unnamed Circle: autoDraw = True
0.1037 	EXP 	unnamed Circle: autoDraw = True
0.1037 	EXP 	unnamed Circle: autoDraw = True
0.1037 	EXP 	unnamed Circle: autoDraw = True
0.1037 	EXP 	trial_slider: autoLog = True
0.1037 	EXP 	trial_slider: styleTweaks = []
0.1037 	EXP 	trial_slider: styleTweaks = []
0.1037 	EXP 	trial_slider: styleTweaks = []
0.1037 	EXP 	trial_slider: styleTweaks = []
0.1037 	EXP 	trial_slider: contrast = 1.0
0.1037 	EXP 	trial_slider: markerPos = 0
0.1037 	EXP 	trial_slider: autoLog = True
0.1047 	EXP 	Created sequence: sequential, trialTypes=1, nReps=9999, seed=None
0.1275 	EXP 	New trial (rep=0, index=0): None
0.2397 	EXP 	trial_slider: markerPos = None
0.2397 	EXP 	trial_slider: markerPos = 0
0.2397 	EXP 	trial_slider: autoDraw = True
0.2397 	EXP 	trial_text: autoDraw = True
1.7935 	DATA 	Mouse: Left button down, pos=(1384,647)
1.8224 	EXP 	trial_slider: markerPos = 1.3333333333333353
1.9833 	EXP 	New trial (rep=1, index=0): None
2.0251 	EXP 	trial_slider: autoDraw = False
2.0251 	EXP 	trial_text: autoDraw = False
2.0251 	EXP 	trial_slider: markerPos = None
2.0251 	EXP 	trial_slider: markerPos = 0
2.0251 	EXP 	trial_slider: autoDraw = True
2.0251 	EXP 	trial_text: autoDraw = True
2.0251 	EXP 	trial_slider: markerPos = 45.333333333333336
2.0624 	EXP 	trial_slider: markerPos = 48.00000000000001
2.1000 	EXP 	trial_slider: markerPos = 56.66666666666666
2.1386 	EXP 	trial_slider: markerPos = 68.66666666666667
2.1802 	EXP 	trial_slider: markerPos = 82.66666666666667
2.2343 	EXP 	trial_slider: markerPos = 103.0
2.3146 	EXP 	trial_slider: markerPos = 148.0
2.3932 	EXP 	trial_slider: markerPos = 191.0
2.4719 	EXP 	trial_slider: markerPos = 206.0
2.5505 	EXP 	trial_slider: markerPos = 214.33333333333331
2.6429 	EXP 	trial_slider: markerPos = 215.0
2.6808 	EXP 	trial_slider: markerPos = 231.66666666666666
2.7197 	EXP 	trial_slider: markerPos = 238.0
2.7583 	EXP 	trial_slider: markerPos = 246.0
2.7968 	EXP 	trial_slider: markerPos = 255.66666666666669
2.8413 	EXP 	trial_slider: markerPos = 265.66666666666663
2.8784 	EXP 	trial_slider: markerPos = 273.6666666666667
2.9162 	EXP 	trial_slider: markerPos = 285.0
2.9549 	EXP 	trial_slider: markerPos = 292.33333333333337
2.9929 	EXP 	trial_slider: markerPos = 301.3333333333333
3.0327 	EXP 	trial_slider: markerPos = 308.0
3.0885 	EXP 	trial_slider: markerPos = 314.0
3.1661 	EXP 	trial_slider: markerPos = 326.3333333333333
3.2438 	EXP 	trial_slider: markerPos = 333.3333333333333
3.3227 	EXP 	trial_slider: markerPos = 335.0
3.3799 	EXP 	trial_slider: markerPos = 335.0
3.4182 	EXP 	trial_slider: markerPos = 335.0
3.4548 	EXP 	trial_slider: markerPos = 335.0
3.4914 	EXP 	trial_slider: markerPos = 335.0
3.5280 	EXP 	trial_slider: markerPos = 335.0
3.5644 	EXP 	trial_slider: markerPos = 335.0
3.6010 	EXP 	trial_slider: markerPos = 335.0
3.6373 	EXP 	trial_slider: markerPos = 335.0
3.6741 	EXP 	trial_slider: markerPos = 335.0
3.6896 	DATA 	Mouse:  Left button up, pos=(2385,643)
3.7115 	EXP 	trial_slider: markerPos = 335.0
3.7478 	EXP 	trial_slider: markerPos = 335.0
4.7519 	DATA 	Mouse: Left button down, pos=(2385,635)
4.8613 	EXP 	New trial (rep=2, index=0): None
4.9037 	EXP 	trial_slider: autoDraw = False
4.9037 	EXP 	trial_text: autoDraw = False
4.9037 	EXP 	trial_slider: markerPos = None
4.9037 	EXP 	trial_slider: markerPos = 0
4.9037 	EXP 	trial_slider: autoDraw = True
4.9037 	EXP 	trial_text: autoDraw = True
4.9037 	EXP 	trial_slider: markerPos = 338.33333333333337
4.9416 	EXP 	trial_slider: markerPos = 347.3333333333333
4.9791 	EXP 	trial_slider: markerPos = 354.0
5.0166 	EXP 	trial_slider: markerPos = 355.3333333333333
5.0573 	EXP 	trial_slider: markerPos = 356.3333333333333
5.0975 	EXP 	trial_slider: markerPos = 358.0
5.1368 	EXP 	trial_slider: markerPos = 358.66666666666663
5.1740 	EXP 	trial_slider: markerPos = 358.66666666666663
5.2109 	EXP 	trial_slider: markerPos = 358.66666666666663
5.2474 	EXP 	trial_slider: markerPos = 358.66666666666663
5.2837 	EXP 	trial_slider: markerPos = 358.66666666666663
5.3226 	EXP 	trial_slider: markerPos = 359.0
5.3586 	EXP 	trial_slider: markerPos = 359.0
5.3948 	EXP 	trial_slider: markerPos = 359.0
5.4314 	EXP 	trial_slider: markerPos = 359.0
5.4677 	EXP 	trial_slider: markerPos = 359.0
5.5061 	EXP 	trial_slider: markerPos = 358.0
5.5436 	EXP 	trial_slider: markerPos = 356.3333333333333
5.5812 	EXP 	trial_slider: markerPos = 351.0
5.6190 	EXP 	trial_slider: markerPos = 347.0
5.6564 	EXP 	trial_slider: markerPos = 343.6666666666667
5.6942 	EXP 	trial_slider: markerPos = 337.33333333333337
5.7336 	EXP 	trial_slider: markerPos = 330.6666666666667
5.7757 	EXP 	trial_slider: markerPos = 322.6666666666667
5.8239 	EXP 	trial_slider: markerPos = 311.0
5.8696 	EXP 	trial_slider: markerPos = 292.0
5.9069 	EXP 	trial_slider: markerPos = 278.6666666666667
5.9474 	EXP 	trial_slider: markerPos = 255.66666666666669
5.9866 	EXP 	trial_slider: markerPos = 231.99999999999997
6.0244 	EXP 	trial_slider: markerPos = 211.0
6.0623 	EXP 	trial_slider: markerPos = 170.0
6.1011 	EXP 	trial_slider: markerPos = 133.66666666666666
6.1585 	EXP 	trial_slider: markerPos = 68.33333333333334
6.2093 	EXP 	trial_slider: markerPos = 19.333333333333332
6.2623 	EXP 	trial_slider: markerPos = -6.666666666666656
6.3350 	EXP 	trial_slider: markerPos = -11.666666666666679
6.3991 	EXP 	trial_slider: markerPos = -11.999999999999996
6.4518 	EXP 	trial_slider: markerPos = -11.999999999999996
6.4955 	EXP 	trial_slider: markerPos = -11.999999999999996
6.5402 	EXP 	trial_slider: markerPos = -11.999999999999996
6.5882 	EXP 	trial_slider: markerPos = -11.999999999999996
6.5934 	DATA 	Mouse:  Left button up, pos=(1344,656)
6.6382 	EXP 	trial_slider: markerPos = 0
6.9637 	DATA 	Mouse: Left button down, pos=(1376,652)
7.0906 	EXP 	New trial (rep=3, index=0): None
7.1324 	EXP 	trial_slider: autoDraw = False
7.1324 	EXP 	trial_text: autoDraw = False
7.1324 	EXP 	trial_slider: markerPos = None
7.1324 	EXP 	trial_slider: markerPos = 0
7.1324 	EXP 	trial_slider: autoDraw = True
7.1324 	EXP 	trial_text: autoDraw = True
7.1324 	EXP 	trial_slider: markerPos = 0.0
7.1704 	EXP 	trial_slider: markerPos = 18.999999999999993
7.2090 	EXP 	trial_slider: markerPos = 38.00000000000001
7.2474 	EXP 	trial_slider: markerPos = 46.333333333333336
7.2884 	EXP 	trial_slider: markerPos = 57.333333333333336
7.3314 	EXP 	trial_slider: markerPos = 64.33333333333333
7.3766 	EXP 	trial_slider: markerPos = 76.66666666666667
7.4141 	EXP 	trial_slider: markerPos = 86.99999999999999
7.4531 	EXP 	trial_slider: markerPos = 96.33333333333334
7.4926 	EXP 	trial_slider: markerPos = 104.33333333333333
7.5305 	EXP 	trial_slider: markerPos = 112.66666666666669
7.5700 	EXP 	trial_slider: markerPos = 121.66666666666667
7.6103 	EXP 	trial_slider: markerPos = 128.0
7.6481 	EXP 	trial_slider: markerPos = 140.33333333333334
7.6859 	EXP 	trial_slider: markerPos = 154.66666666666666
7.7249 	EXP 	trial_slider: markerPos = 176.33333333333334
7.7627 	EXP 	trial_slider: markerPos = 201.66666666666669
7.8052 	EXP 	trial_slider: markerPos = 231.33333333333334
7.8573 	EXP 	trial_slider: markerPos = 250.33333333333334
7.9400 	EXP 	trial_slider: markerPos = 278.6666666666667
7.9928 	EXP 	trial_slider: markerPos = 290.66666666666663
8.0296 	EXP 	trial_slider: markerPos = 295.33333333333337
8.0675 	EXP 	trial_slider: markerPos = 303.0
8.1056 	EXP 	trial_slider: markerPos = 311.66666666666663
8.1445 	EXP 	trial_slider: markerPos = 316.33333333333337
8.1825 	EXP 	trial_slider: markerPos = 322.6666666666667
8.2205 	EXP 	trial_slider: markerPos = 327.3333333333333
8.2635 	EXP 	trial_slider: markerPos = 333.0
8.3151 	EXP 	trial_slider: markerPos = 336.66666666666663
8.3951 	EXP 	trial_slider: markerPos = 344.0
8.4753 	EXP 	trial_slider: markerPos = 350.6666666666667
8.5539 	EXP 	trial_slider: markerPos = 355.3333333333333
8.6330 	EXP 	trial_slider: markerPos = 359.0
8.7122 	EXP 	trial_slider: markerPos = 360.66666666666674
8.7763 	EXP 	trial_slider: markerPos = 360.66666666666674
8.8157 	EXP 	trial_slider: markerPos = 360.66666666666674
8.8619 	EXP 	trial_slider: markerPos = 360.66666666666674
8.8988 	EXP 	trial_slider: markerPos = 360.66666666666674
8.9475 	EXP 	trial_slider: markerPos = 360.66666666666674
8.9908 	EXP 	trial_slider: markerPos = 354.6666666666667
9.0345 	EXP 	trial_slider: markerPos = 349.3333333333333
9.0792 	EXP 	trial_slider: markerPos = 345.0
9.1173 	EXP 	trial_slider: markerPos = 340.0
9.1558 	EXP 	trial_slider: markerPos = 335.3333333333333
9.1966 	EXP 	trial_slider: markerPos = 330.6666666666667
9.2455 	EXP 	trial_slider: markerPos = 321.6666666666667
9.3269 	EXP 	trial_slider: markerPos = 304.6666666666667
9.4056 	EXP 	trial_slider: markerPos = 266.3333333333333
9.4846 	EXP 	trial_slider: markerPos = 237.66666666666669
9.5632 	EXP 	trial_slider: markerPos = 197.33333333333334
9.6423 	EXP 	trial_slider: markerPos = 150.0
9.7218 	EXP 	trial_slider: markerPos = 70.66666666666667
9.8015 	EXP 	trial_slider: markerPos = 40.66666666666668
9.8795 	EXP 	trial_slider: markerPos = 29.666666666666675
9.9595 	EXP 	trial_slider: markerPos = 15.666666666666664
10.0395 	EXP 	trial_slider: markerPos = 7.333333333333334
10.1181 	EXP 	trial_slider: markerPos = 3.666666666666667
10.1900 	EXP 	trial_slider: markerPos = 3.0000000000000093
10.2319 	EXP 	trial_slider: markerPos = 2.6666666666666705
10.2680 	EXP 	trial_slider: markerPos = 2.6666666666666705
10.3046 	EXP 	trial_slider: markerPos = 2.6666666666666705
10.3414 	EXP 	trial_slider: markerPos = 2.6666666666666705
10.3779 	EXP 	trial_slider: markerPos = 2.6666666666666705
10.4149 	EXP 	trial_slider: markerPos = 2.6666666666666705
10.4516 	EXP 	trial_slider: markerPos = 2.6666666666666705
10.4882 	EXP 	trial_slider: markerPos = 2.6666666666666705
10.5251 	EXP 	trial_slider: markerPos = 2.6666666666666705
10.5619 	EXP 	trial_slider: markerPos = 2.6666666666666705
10.5999 	EXP 	trial_slider: markerPos = 4.000000000000005
10.6413 	EXP 	trial_slider: markerPos = 27.66666666666666
10.6860 	EXP 	trial_slider: markerPos = 86.0
10.7428 	EXP 	trial_slider: markerPos = 136.0
10.8127 	EXP 	trial_slider: markerPos = 170.33333333333334
10.8802 	EXP 	trial_slider: markerPos = 195.33333333333334
10.9481 	EXP 	trial_slider: markerPos = 234.66666666666669
11.0159 	EXP 	trial_slider: markerPos = 278.3333333333333
11.0829 	EXP 	trial_slider: markerPos = 299.0
11.1505 	EXP 	trial_slider: markerPos = 304.3333333333333
11.2176 	EXP 	trial_slider: markerPos = 308.3333333333333
11.2842 	EXP 	trial_slider: markerPos = 322.3333333333333
11.3522 	EXP 	trial_slider: markerPos = 342.33333333333337
11.4182 	EXP 	trial_slider: markerPos = 344.3333333333333
11.4619 	EXP 	trial_slider: markerPos = 344.3333333333333
11.4978 	EXP 	trial_slider: markerPos = 344.3333333333333
11.5346 	EXP 	trial_slider: markerPos = 344.3333333333333
11.5711 	EXP 	trial_slider: markerPos = 344.3333333333333
11.6078 	EXP 	trial_slider: markerPos = 344.3333333333333
11.6457 	EXP 	trial_slider: markerPos = 344.3333333333333
11.6819 	EXP 	trial_slider: markerPos = 344.3333333333333
11.7185 	EXP 	trial_slider: markerPos = 344.6666666666667
11.7555 	EXP 	trial_slider: markerPos = 345.3333333333333
11.7926 	EXP 	trial_slider: markerPos = 346.3333333333333
11.8288 	EXP 	trial_slider: markerPos = 347.6666666666667
11.8666 	EXP 	trial_slider: markerPos = 348.6666666666667
11.9040 	EXP 	trial_slider: markerPos = 350.0
11.9422 	EXP 	trial_slider: markerPos = 351.6666666666667
11.9811 	EXP 	trial_slider: markerPos = 353.6666666666667
12.0184 	EXP 	trial_slider: markerPos = 355.0
12.0577 	EXP 	trial_slider: markerPos = 356.0
12.1003 	EXP 	trial_slider: markerPos = 356.66666666666663
12.1409 	EXP 	trial_slider: markerPos = 356.66666666666663
12.1825 	EXP 	trial_slider: markerPos = 356.66666666666663
12.2188 	EXP 	trial_slider: markerPos = 356.66666666666663
12.2552 	EXP 	trial_slider: markerPos = 356.66666666666663
12.3066 	EXP 	trial_slider: markerPos = 356.66666666666663
12.3439 	EXP 	trial_slider: markerPos = 356.66666666666663
12.3798 	EXP 	trial_slider: markerPos = 356.66666666666663
12.4159 	EXP 	trial_slider: markerPos = 356.66666666666663
12.4528 	EXP 	trial_slider: markerPos = 356.66666666666663
12.5225 	EXP 	trial_slider: markerPos = 356.66666666666663
12.5594 	EXP 	trial_slider: markerPos = 348.3333333333333
12.5973 	EXP 	trial_slider: markerPos = 319.0
12.6342 	EXP 	trial_slider: markerPos = 289.66666666666663
12.6726 	EXP 	trial_slider: markerPos = 245.0
12.7127 	EXP 	trial_slider: markerPos = 217.33333333333334
12.7529 	EXP 	trial_slider: markerPos = 195.66666666666666
12.7978 	EXP 	trial_slider: markerPos = 174.33333333333334
12.8484 	EXP 	trial_slider: markerPos = 144.66666666666666
12.9139 	EXP 	trial_slider: markerPos = 100.0
12.9918 	EXP 	trial_slider: markerPos = 44.666666666666664
13.0732 	EXP 	trial_slider: markerPos = 11.0
13.1517 	EXP 	trial_slider: markerPos = 0.9999999999999964
13.2305 	EXP 	trial_slider: markerPos = -4.999999999999982
13.3057 	EXP 	trial_slider: markerPos = -5.66666666666666
13.3513 	EXP 	trial_slider: markerPos = -5.66666666666666
13.3886 	EXP 	trial_slider: markerPos = -4.999999999999982
13.4253 	EXP 	trial_slider: markerPos = -3.999999999999986
13.4628 	EXP 	trial_slider: markerPos = -3.333333333333348
13.5004 	EXP 	trial_slider: markerPos = -1.999999999999993
13.5375 	EXP 	trial_slider: markerPos = -1.666666666666674
13.5759 	EXP 	trial_slider: markerPos = -0.9999999999999964
13.6196 	EXP 	trial_slider: markerPos = -0.6666666666666776
13.6630 	EXP 	trial_slider: markerPos = -0.6666666666666776
13.7034 	EXP 	trial_slider: markerPos = -0.6666666666666776
13.7443 	EXP 	trial_slider: markerPos = -0.6666666666666776
13.7840 	EXP 	trial_slider: markerPos = -0.6666666666666776
13.8219 	EXP 	trial_slider: markerPos = -0.3333333333333188
13.8592 	EXP 	trial_slider: markerPos = 0.9999999999999964
13.8980 	EXP 	trial_slider: markerPos = 1.666666666666674
13.9352 	EXP 	trial_slider: markerPos = 2.3333333333333317
13.9731 	EXP 	trial_slider: markerPos = 2.6666666666666705
14.0112 	EXP 	trial_slider: markerPos = 3.0000000000000093
14.0479 	EXP 	trial_slider: markerPos = 3.0000000000000093
14.1171 	EXP 	trial_slider: markerPos = 3.0000000000000093
14.1576 	EXP 	trial_slider: markerPos = 3.0000000000000093
14.1938 	EXP 	trial_slider: markerPos = 3.0000000000000093
14.2310 	EXP 	trial_slider: markerPos = 3.0000000000000093
14.2671 	EXP 	trial_slider: markerPos = 3.0000000000000093
14.3031 	EXP 	trial_slider: markerPos = 3.0000000000000093
14.3394 	EXP 	trial_slider: markerPos = 3.0000000000000093
14.3763 	EXP 	trial_slider: markerPos = 3.0000000000000093
14.4163 	EXP 	trial_slider: markerPos = 3.0000000000000093
14.4531 	EXP 	trial_slider: markerPos = 3.0000000000000093
14.4897 	EXP 	trial_slider: markerPos = 3.0000000000000093
14.5263 	EXP 	trial_slider: markerPos = 3.0000000000000093
14.5656 	EXP 	trial_slider: markerPos = 65.00000000000001
14.6027 	EXP 	trial_slider: markerPos = 140.0
14.6405 	EXP 	trial_slider: markerPos = 169.66666666666669
14.6786 	EXP 	trial_slider: markerPos = 189.66666666666669
14.7180 	EXP 	trial_slider: markerPos = 216.33333333333334
14.7561 	EXP 	trial_slider: markerPos = 246.66666666666663
14.7957 	EXP 	trial_slider: markerPos = 274.0
14.8362 	EXP 	trial_slider: markerPos = 294.6666666666667
14.8775 	EXP 	trial_slider: markerPos = 314.33333333333337
14.9163 	EXP 	trial_slider: markerPos = 324.0
14.9585 	EXP 	trial_slider: markerPos = 331.6666666666667
14.9982 	EXP 	trial_slider: markerPos = 335.66666666666663
15.0381 	EXP 	trial_slider: markerPos = 340.6666666666667
15.0766 	EXP 	trial_slider: markerPos = 343.6666666666667
15.1214 	EXP 	trial_slider: markerPos = 345.6666666666667
15.1696 	EXP 	trial_slider: markerPos = 348.3333333333333
15.2357 	EXP 	trial_slider: markerPos = 352.0
15.3025 	EXP 	trial_slider: markerPos = 355.3333333333333
15.3700 	EXP 	trial_slider: markerPos = 356.66666666666663
15.4279 	EXP 	trial_slider: markerPos = 357.0
15.4769 	EXP 	trial_slider: markerPos = 357.0
15.5277 	EXP 	trial_slider: markerPos = 358.3333333333333
15.5772 	EXP 	trial_slider: markerPos = 358.3333333333333
15.6186 	EXP 	trial_slider: markerPos = 358.3333333333333
15.6548 	EXP 	trial_slider: markerPos = 358.3333333333333
15.6918 	EXP 	trial_slider: markerPos = 358.3333333333333
15.7331 	EXP 	trial_slider: markerPos = 347.0
15.7709 	EXP 	trial_slider: markerPos = 310.66666666666663
15.8085 	EXP 	trial_slider: markerPos = 283.0
15.8459 	EXP 	trial_slider: markerPos = 257.3333333333333
15.8844 	EXP 	trial_slider: markerPos = 235.33333333333331
15.9239 	EXP 	trial_slider: markerPos = 208.66666666666666
15.9658 	EXP 	trial_slider: markerPos = 172.66666666666666
16.0047 	EXP 	trial_slider: markerPos = 146.33333333333334
16.0476 	EXP 	trial_slider: markerPos = 129.66666666666666
16.0921 	EXP 	trial_slider: markerPos = 117.66666666666666
16.1314 	EXP 	trial_slider: markerPos = 109.00000000000001
16.1714 	EXP 	trial_slider: markerPos = 97.0
16.2194 	EXP 	trial_slider: markerPos = 88.66666666666667
16.2952 	EXP 	trial_slider: markerPos = 75.66666666666667
16.3757 	EXP 	trial_slider: markerPos = 55.33333333333334
16.4551 	EXP 	trial_slider: markerPos = 35.333333333333336
16.5348 	EXP 	trial_slider: markerPos = 26.000000000000007
16.6138 	EXP 	trial_slider: markerPos = 19.333333333333332
16.6923 	EXP 	trial_slider: markerPos = 14.666666666666668
16.7704 	EXP 	trial_slider: markerPos = 11.999999999999996
16.8499 	EXP 	trial_slider: markerPos = 10.333333333333343
16.9135 	EXP 	trial_slider: markerPos = 10.333333333333343
16.9533 	EXP 	trial_slider: markerPos = 10.333333333333343
16.9688 	DATA 	Mouse:  Left button up, pos=(1411,642)
16.9905 	EXP 	trial_slider: markerPos = 10.333333333333343
17.0266 	EXP 	trial_slider: markerPos = 10.333333333333343
17.4672 	DATA 	Mouse: Left button down, pos=(2835,1442)
17.5827 	EXP 	New trial (rep=4, index=0): None
17.5904 	DATA 	Mouse:  Left button up, pos=(2835,1442)
17.6231 	EXP 	trial_slider: autoDraw = False
17.6231 	EXP 	trial_text: autoDraw = False
17.6231 	EXP 	trial_slider: markerPos = None
17.6231 	EXP 	trial_slider: markerPos = 0
17.6231 	EXP 	trial_slider: autoDraw = True
17.6231 	EXP 	trial_text: autoDraw = True
17.8439 	DATA 	Mouse: Left button down, pos=(3253,1254)
17.9598 	EXP 	New trial (rep=5, index=0): None
17.9684 	DATA 	Mouse:  Left button up, pos=(3253,1256)
18.0008 	EXP 	trial_slider: autoDraw = False
18.0008 	EXP 	trial_text: autoDraw = False
18.0008 	EXP 	trial_slider: markerPos = None
18.0008 	EXP 	trial_slider: markerPos = 0
18.0008 	EXP 	trial_slider: autoDraw = True
18.0008 	EXP 	trial_text: autoDraw = True
18.0854 	DATA 	Mouse: Left button down, pos=(3232,731)
18.2347 	EXP 	New trial (rep=6, index=0): None
18.2435 	DATA 	Mouse:  Left button up, pos=(3234,728)
18.2767 	EXP 	trial_slider: autoDraw = False
18.2767 	EXP 	trial_text: autoDraw = False
18.2767 	EXP 	trial_slider: markerPos = None
18.2767 	EXP 	trial_slider: markerPos = 0
18.2767 	EXP 	trial_slider: autoDraw = True
18.2767 	EXP 	trial_text: autoDraw = True
18.3144 	DATA 	Mouse: Left button down, pos=(3189,1179)
18.4229 	EXP 	New trial (rep=7, index=0): None
18.4325 	DATA 	Mouse:  Left button up, pos=(3171,1216)
18.4650 	EXP 	trial_slider: autoDraw = False
18.4650 	EXP 	trial_text: autoDraw = False
18.4650 	EXP 	trial_slider: markerPos = None
18.4650 	EXP 	trial_slider: markerPos = 0
18.4650 	EXP 	trial_slider: autoDraw = True
18.4650 	EXP 	trial_text: autoDraw = True
18.7283 	DATA 	Mouse: Left button down, pos=(3264,987)
18.8364 	EXP 	New trial (rep=8, index=0): None
18.8458 	DATA 	Mouse:  Left button up, pos=(3265,994)
18.8782 	EXP 	trial_slider: autoDraw = False
18.8782 	EXP 	trial_text: autoDraw = False
18.8782 	EXP 	trial_slider: markerPos = None
18.8782 	EXP 	trial_slider: markerPos = 0
18.8782 	EXP 	trial_slider: autoDraw = True
18.8782 	EXP 	trial_text: autoDraw = True
19.0168 	DATA 	Keypress: escape
19.1283 	EXP 	template: status = STOPPED
19.1356 	EXP 	unnamed Circle: autoDraw = False
19.1356 	EXP 	unnamed Circle: autoDraw = False
19.1356 	EXP 	unnamed Circle: autoDraw = False
19.1356 	EXP 	unnamed Circle: autoDraw = False
19.1356 	EXP 	unnamed Circle: autoDraw = False
19.1356 	EXP 	unnamed Circle: autoDraw = False
19.1356 	EXP 	unnamed Circle: autoDraw = False
19.1356 	EXP 	unnamed Circle: autoDraw = False
19.1356 	EXP 	unnamed Circle: autoDraw = False
19.1356 	EXP 	unnamed Circle: autoDraw = False
19.1356 	EXP 	trial_slider: autoDraw = False
19.1356 	EXP 	trial_text: autoDraw = False
19.1357 	EXP 	template: status = STOPPED
19.2523 	EXP 	window1: mouseVisible = True
