5.2806 	WARNING 	C:\Users\andre\AppData\Roaming\psychopy3\fonts\Times.truetype doesn't have valid font family name
5.4244 	WARNING 	C:\Users\andre\AppData\Roaming\psychopy3\fonts\Times.truetype doesn't have valid font family name
7.4420 	WARNING 	User requested fullscreen with size [1920 1080], but screen is actually [3840, 2160]. Using actual size
10.9220 	EXP 	Created window1 = Window(allowGUI=True, allowStencil=True, autoLog=True, backendConf=UNKNOWN, backgroundFit=<method-wrapper '__getattribute__' of attributeSetter object at 0x0000016A1E989CD0>, backgroundImage=<method-wrapper '__getattribute__' of attributeSetter object at 0x0000016A1E989C70>, bitsMode=UNKNOWN, blendMode='avg', bpc=(8, 8, 8), color=array([-1, -1, -1]), colorSpace='rgb', depthBits=8, fullscr=<method-wrapper '__getattribute__' of attributeSetter object at 0x0000016A1E989A90>, gamma=None, gammaErrorPolicy='raise', lms=UNKNOWN, monitor=<psychopy.monitors.calibTools.Monitor object at 0x0000016A1EE56DC0>, multiSample=False, name='window1', numSamples=2, pos=(0, 0), screen=0, size=array([3840, 2160]), stencilBits=8, stereo=False, title='PsychoPy', units='height', useFBO=True, useRetina=False, viewOri=0.0, viewPos=None, viewScale=None, waitBlanking=True, winType='pyglet')
10.9222 	EXP 	window1: mouseVisible = True
10.9223 	EXP 	window1: backgroundImage = ''
10.9224 	EXP 	window1: backgroundFit = 'none'
10.9295 	EXP 	window1: Attempting to measure frame rate of screen (0) ...
10.9296 	EXP 	window1: recordFrameIntervals = False
11.0878 	EXP 	window1: recordFrameIntervals = True
11.2717 	EXP 	Screen (0) actual frame rate measured at 59.93Hz
11.2718 	EXP 	window1: recordFrameIntervals = False
11.2721 	EXP 	window1: mouseVisible = False
14.7826 	EXP 	coding: status = STARTED
14.7835 	EXP 	window1: mouseVisible = True
14.7919 	EXP 	Created 0 = ShapeStim(__class__=<class 'psychopy.visual.shape.ShapeStim'>, anchor=('center', 'center'), autoDraw=False, autoLog=True, closeShape=True, color=method-wrapper(...), colorSpace='rgb', contrast=None, depth=-6.0, draggable=False, fillColor=array([1, 1, 1]), fillColorSpace='rgb', fillRGB=array([1, 1, 1]), interpolate=True, lineColor=array([1., 1., 1.]), lineColorSpace='rgb', lineRGB=array([1, 1, 1]), lineWidth=1.0, name='0', opacity=1.0, ori=0.0, pos=array([0., 0.]), size=array([0.05, 0.05]), units='height', vertices=ndarray(...), win=Window(...), windingRule=None)
14.7924 	EXP 	window1: mouseVisible = True
14.7999 	EXP 	Created 1 = ShapeStim(__class__=<class 'psychopy.visual.shape.ShapeStim'>, anchor=('center', 'center'), autoDraw=False, autoLog=True, closeShape=True, color=method-wrapper(...), colorSpace='rgb', contrast=None, depth=-6.0, draggable=False, fillColor=array([1, 1, 1]), fillColorSpace='rgb', fillRGB=array([1, 1, 1]), interpolate=True, lineColor=array([1., 1., 1.]), lineColorSpace='rgb', lineRGB=array([1, 1, 1]), lineWidth=1.0, name='1', opacity=1.0, ori=0.0, pos=array([0., 0.]), size=array([0.05, 0.05]), units='height', vertices=ndarray(...), win=Window(...), windingRule=None)
14.8003 	EXP 	window1: mouseVisible = True
14.8083 	EXP 	Created 2 = ShapeStim(__class__=<class 'psychopy.visual.shape.ShapeStim'>, anchor=('center', 'center'), autoDraw=False, autoLog=True, closeShape=True, color=method-wrapper(...), colorSpace='rgb', contrast=None, depth=-6.0, draggable=False, fillColor=array([1, 1, 1]), fillColorSpace='rgb', fillRGB=array([1, 1, 1]), interpolate=True, lineColor=array([1., 1., 1.]), lineColorSpace='rgb', lineRGB=array([1, 1, 1]), lineWidth=1.0, name='2', opacity=1.0, ori=0.0, pos=array([0., 0.]), size=array([0.05, 0.05]), units='height', vertices=ndarray(...), win=Window(...), windingRule=None)
14.8087 	EXP 	window1: mouseVisible = True
14.8165 	EXP 	Created 3 = ShapeStim(__class__=<class 'psychopy.visual.shape.ShapeStim'>, anchor=('center', 'center'), autoDraw=False, autoLog=True, closeShape=True, color=method-wrapper(...), colorSpace='rgb', contrast=None, depth=-6.0, draggable=False, fillColor=array([1, 1, 1]), fillColorSpace='rgb', fillRGB=array([1, 1, 1]), interpolate=True, lineColor=array([1., 1., 1.]), lineColorSpace='rgb', lineRGB=array([1, 1, 1]), lineWidth=1.0, name='3', opacity=1.0, ori=0.0, pos=array([0., 0.]), size=array([0.05, 0.05]), units='height', vertices=ndarray(...), win=Window(...), windingRule=None)
14.8168 	EXP 	window1: mouseVisible = True
14.8245 	EXP 	Created 4 = ShapeStim(__class__=<class 'psychopy.visual.shape.ShapeStim'>, anchor=('center', 'center'), autoDraw=False, autoLog=True, closeShape=True, color=method-wrapper(...), colorSpace='rgb', contrast=None, depth=-6.0, draggable=False, fillColor=array([1, 1, 1]), fillColorSpace='rgb', fillRGB=array([1, 1, 1]), interpolate=True, lineColor=array([1., 1., 1.]), lineColorSpace='rgb', lineRGB=array([1, 1, 1]), lineWidth=1.0, name='4', opacity=1.0, ori=0.0, pos=array([0., 0.]), size=array([0.05, 0.05]), units='height', vertices=ndarray(...), win=Window(...), windingRule=None)
14.8248 	EXP 	window1: mouseVisible = True
14.8323 	EXP 	Created 5 = ShapeStim(__class__=<class 'psychopy.visual.shape.ShapeStim'>, anchor=('center', 'center'), autoDraw=False, autoLog=True, closeShape=True, color=method-wrapper(...), colorSpace='rgb', contrast=None, depth=-6.0, draggable=False, fillColor=array([1, 1, 1]), fillColorSpace='rgb', fillRGB=array([1, 1, 1]), interpolate=True, lineColor=array([1., 1., 1.]), lineColorSpace='rgb', lineRGB=array([1, 1, 1]), lineWidth=1.0, name='5', opacity=1.0, ori=0.0, pos=array([0., 0.]), size=array([0.05, 0.05]), units='height', vertices=ndarray(...), win=Window(...), windingRule=None)
14.8327 	EXP 	window1: mouseVisible = True
14.8398 	EXP 	Created 6 = ShapeStim(__class__=<class 'psychopy.visual.shape.ShapeStim'>, anchor=('center', 'center'), autoDraw=False, autoLog=True, closeShape=True, color=method-wrapper(...), colorSpace='rgb', contrast=None, depth=-6.0, draggable=False, fillColor=array([1, 1, 1]), fillColorSpace='rgb', fillRGB=array([1, 1, 1]), interpolate=True, lineColor=array([1., 1., 1.]), lineColorSpace='rgb', lineRGB=array([1, 1, 1]), lineWidth=1.0, name='6', opacity=1.0, ori=0.0, pos=array([0., 0.]), size=array([0.05, 0.05]), units='height', vertices=ndarray(...), win=Window(...), windingRule=None)
14.8402 	EXP 	window1: mouseVisible = True
14.8472 	EXP 	Created 7 = ShapeStim(__class__=<class 'psychopy.visual.shape.ShapeStim'>, anchor=('center', 'center'), autoDraw=False, autoLog=True, closeShape=True, color=method-wrapper(...), colorSpace='rgb', contrast=None, depth=-6.0, draggable=False, fillColor=array([1, 1, 1]), fillColorSpace='rgb', fillRGB=array([1, 1, 1]), interpolate=True, lineColor=array([1., 1., 1.]), lineColorSpace='rgb', lineRGB=array([1, 1, 1]), lineWidth=1.0, name='7', opacity=1.0, ori=0.0, pos=array([0., 0.]), size=array([0.05, 0.05]), units='height', vertices=ndarray(...), win=Window(...), windingRule=None)
14.8476 	EXP 	window1: mouseVisible = True
14.8548 	EXP 	Created 8 = ShapeStim(__class__=<class 'psychopy.visual.shape.ShapeStim'>, anchor=('center', 'center'), autoDraw=False, autoLog=True, closeShape=True, color=method-wrapper(...), colorSpace='rgb', contrast=None, depth=-6.0, draggable=False, fillColor=array([1, 1, 1]), fillColorSpace='rgb', fillRGB=array([1, 1, 1]), interpolate=True, lineColor=array([1., 1., 1.]), lineColorSpace='rgb', lineRGB=array([1, 1, 1]), lineWidth=1.0, name='8', opacity=1.0, ori=0.0, pos=array([0., 0.]), size=array([0.05, 0.05]), units='height', vertices=ndarray(...), win=Window(...), windingRule=None)
14.8552 	EXP 	window1: mouseVisible = True
14.8625 	EXP 	Created 9 = ShapeStim(__class__=<class 'psychopy.visual.shape.ShapeStim'>, anchor=('center', 'center'), autoDraw=False, autoLog=True, closeShape=True, color=method-wrapper(...), colorSpace='rgb', contrast=None, depth=-6.0, draggable=False, fillColor=array([1, 1, 1]), fillColorSpace='rgb', fillRGB=array([1, 1, 1]), interpolate=True, lineColor=array([1., 1., 1.]), lineColorSpace='rgb', lineRGB=array([1, 1, 1]), lineWidth=1.0, name='9', opacity=1.0, ori=0.0, pos=array([0., 0.]), size=array([0.05, 0.05]), units='height', vertices=ndarray(...), win=Window(...), windingRule=None)
14.8852 	EXP 	window1: mouseVisible = True
14.8869 	EXP 	window1: mouseVisible = True
14.8919 	EXP 	window1: mouseVisible = True
14.8929 	EXP 	window1: mouseVisible = True
14.9118 	EXP 	Created trial_slider = Slider(__class__=<class 'psychopy.visual.slider.Slider'>, autoDraw=False, autoLog=True, borderColor=None, color=None, colorSpace='rgb', depth=-3, fillColor=None, flip=False, font='Open Sans', granularity=0.0, labelColor=None, labelHeight=0.05, labelWrapWidth=None, labels=None, lineColor=None, markerColor=None, name='trial_slider', opacity=None, ori=0.0, pos=array([ 0. , -0.2]), readOnly=False, self=UNKNOWN, size=array([0.5 , 0.05]), startValue=0, style='slider', styleTweaks=[], ticks=array([0, 1]), units='height', win=Window(...))
14.9119 	EXP 	window1: mouseVisible = True
14.9120 	EXP 	window1: mouseVisible = True
14.9122 	EXP 	window1: mouseVisible = True
14.9127 	EXP 	window1: mouseVisible = True
14.9131 	EXP 	window1: mouseVisible = True
14.9243 	EXP 	window1: mouseVisible = True
14.9245 	EXP 	window1: mouseVisible = True
14.9249 	EXP 	window1: mouseVisible = True
14.9254 	EXP 	window1: mouseVisible = True
14.9874 	EXP 	window1: mouseVisible = True
14.9892 	EXP 	Created trial_reset = Rect(__class__=<class 'psychopy.visual.rect.Rect'>, anchor=('center', 'center'), autoDraw=False, autoLog=True, closeShape=True, color=method-wrapper(...), colorSpace='rgb', contrast=None, depth=-6.0, draggable=False, fillColor=array([-1, -1,  1]), fillColorSpace='rgb', fillRGB=array([-1, -1,  1]), interpolate=True, lineColor=array([-1., -1.,  1.]), lineColorSpace='rgb', lineRGB=array([-1, -1,  1]), lineWidth=1.0, name='trial_reset', opacity=1.0, ori=0.0, pos=array([ 0.5, -0.4]), size=array([0.15, 0.1 ]), units='height', vertices=ndarray(...), win=Window(...))
14.9894 	EXP 	window1: mouseVisible = True
14.9895 	EXP 	window1: mouseVisible = True
14.9900 	EXP 	window1: mouseVisible = True
14.9906 	EXP 	window1: mouseVisible = True
15.0136 	EXP 	window1: mouseVisible = True
15.0137 	EXP 	window1: mouseVisible = True
15.0142 	EXP 	window1: mouseVisible = True
15.0146 	EXP 	window1: mouseVisible = True
0.0170 	EXP 	0: autoDraw = True
0.0170 	EXP 	1: autoDraw = True
0.0170 	EXP 	2: autoDraw = True
0.0170 	EXP 	3: autoDraw = True
0.0170 	EXP 	4: autoDraw = True
0.0170 	EXP 	5: autoDraw = True
0.0170 	EXP 	6: autoDraw = True
0.0170 	EXP 	7: autoDraw = True
0.0170 	EXP 	8: autoDraw = True
0.0170 	EXP 	9: autoDraw = True
0.0170 	EXP 	trial_slider: autoLog = True
0.0170 	EXP 	trial_slider: styleTweaks = []
0.0170 	EXP 	trial_slider: styleTweaks = []
0.0170 	EXP 	trial_slider: styleTweaks = []
0.0170 	EXP 	trial_slider: styleTweaks = []
0.0170 	EXP 	trial_slider: contrast = 1.0
0.0170 	EXP 	trial_slider: markerPos = 0
0.0170 	EXP 	trial_slider: autoLog = True
0.0170 	EXP 	trial_textbox: autoLog = True
0.0170 	EXP 	trial_reset_text: autoLog = True
0.0182 	EXP 	Created sequence: sequential, trialTypes=1, nReps=9999, seed=None
0.0422 	EXP 	New trial (rep=0, index=0): None
2.0669 	EXP 	window1: mouseVisible = True
