5.3955 	WARNING 	C:\Users\andre\AppData\Roaming\psychopy3\fonts\Times.truetype doesn't have valid font family name
5.5356 	WARNING 	C:\Users\andre\AppData\Roaming\psychopy3\fonts\Times.truetype doesn't have valid font family name
7.1968 	WARNING 	User requested fullscreen with size [1920 1080], but screen is actually [3840, 2160]. Using actual size
10.7331 	EXP 	Created window1 = Window(allowGUI=True, allowStencil=True, autoLog=True, backendConf=UNKNOWN, backgroundFit=<method-wrapper '__getattribute__' of attributeSetter object at 0x0000024690908E20>, backgroundImage=<method-wrapper '__getattribute__' of attributeSetter object at 0x0000024690908DC0>, bitsMode=UNKNOWN, blendMode='avg', bpc=(8, 8, 8), color=array([-1, -1, -1]), colorSpace='rgb', depthBits=8, fullscr=<method-wrapper '__getattribute__' of attributeSetter object at 0x0000024690908BE0>, gamma=None, gammaErrorPolicy='raise', lms=UNKNOWN, monitor=<psychopy.monitors.calibTools.Monitor object at 0x0000024690CD0F10>, multiSample=False, name='window1', numSamples=2, pos=(0, 0), screen=0, size=array([3840, 2160]), stencilBits=8, stereo=False, title='PsychoPy', units='height', useFBO=True, useRetina=False, viewOri=0.0, viewPos=None, viewScale=None, waitBlanking=True, winType='pyglet')
10.7333 	EXP 	window1: mouseVisible = True
10.7334 	EXP 	window1: backgroundImage = ''
10.7334 	EXP 	window1: backgroundFit = 'none'
10.7402 	EXP 	window1: Attempting to measure frame rate of screen (0) ...
10.7403 	EXP 	window1: recordFrameIntervals = False
10.8993 	EXP 	window1: recordFrameIntervals = True
11.0825 	EXP 	Screen (0) actual frame rate measured at 60.20Hz
11.0825 	EXP 	window1: recordFrameIntervals = False
11.0827 	EXP 	window1: mouseVisible = False
15.0653 	EXP 	coding: status = STARTED
15.0663 	EXP 	window1: mouseVisible = True
15.0754 	EXP 	Created 0 = ShapeStim(__class__=<class 'psychopy.visual.shape.ShapeStim'>, anchor=('center', 'center'), autoDraw=False, autoLog=True, closeShape=True, color=method-wrapper(...), colorSpace='rgb', contrast=None, depth=-6.0, draggable=False, fillColor=array([1, 1, 1]), fillColorSpace='rgb', fillRGB=array([1, 1, 1]), interpolate=True, lineColor=array([1., 1., 1.]), lineColorSpace='rgb', lineRGB=array([1, 1, 1]), lineWidth=1.0, name='0', opacity=1.0, ori=0.0, pos=array([0., 0.]), size=array([0.05, 0.05]), units='height', vertices=ndarray(...), win=Window(...), windingRule=None)
15.0759 	EXP 	window1: mouseVisible = True
15.0844 	EXP 	Created 1 = ShapeStim(__class__=<class 'psychopy.visual.shape.ShapeStim'>, anchor=('center', 'center'), autoDraw=False, autoLog=True, closeShape=True, color=method-wrapper(...), colorSpace='rgb', contrast=None, depth=-6.0, draggable=False, fillColor=array([1, 1, 1]), fillColorSpace='rgb', fillRGB=array([1, 1, 1]), interpolate=True, lineColor=array([1., 1., 1.]), lineColorSpace='rgb', lineRGB=array([1, 1, 1]), lineWidth=1.0, name='1', opacity=1.0, ori=0.0, pos=array([0., 0.]), size=array([0.05, 0.05]), units='height', vertices=ndarray(...), win=Window(...), windingRule=None)
15.0848 	EXP 	window1: mouseVisible = True
15.0936 	EXP 	Created 2 = ShapeStim(__class__=<class 'psychopy.visual.shape.ShapeStim'>, anchor=('center', 'center'), autoDraw=False, autoLog=True, closeShape=True, color=method-wrapper(...), colorSpace='rgb', contrast=None, depth=-6.0, draggable=False, fillColor=array([1, 1, 1]), fillColorSpace='rgb', fillRGB=array([1, 1, 1]), interpolate=True, lineColor=array([1., 1., 1.]), lineColorSpace='rgb', lineRGB=array([1, 1, 1]), lineWidth=1.0, name='2', opacity=1.0, ori=0.0, pos=array([0., 0.]), size=array([0.05, 0.05]), units='height', vertices=ndarray(...), win=Window(...), windingRule=None)
15.0940 	EXP 	window1: mouseVisible = True
15.1022 	EXP 	Created 3 = ShapeStim(__class__=<class 'psychopy.visual.shape.ShapeStim'>, anchor=('center', 'center'), autoDraw=False, autoLog=True, closeShape=True, color=method-wrapper(...), colorSpace='rgb', contrast=None, depth=-6.0, draggable=False, fillColor=array([1, 1, 1]), fillColorSpace='rgb', fillRGB=array([1, 1, 1]), interpolate=True, lineColor=array([1., 1., 1.]), lineColorSpace='rgb', lineRGB=array([1, 1, 1]), lineWidth=1.0, name='3', opacity=1.0, ori=0.0, pos=array([0., 0.]), size=array([0.05, 0.05]), units='height', vertices=ndarray(...), win=Window(...), windingRule=None)
15.1026 	EXP 	window1: mouseVisible = True
15.1104 	EXP 	Created 4 = ShapeStim(__class__=<class 'psychopy.visual.shape.ShapeStim'>, anchor=('center', 'center'), autoDraw=False, autoLog=True, closeShape=True, color=method-wrapper(...), colorSpace='rgb', contrast=None, depth=-6.0, draggable=False, fillColor=array([1, 1, 1]), fillColorSpace='rgb', fillRGB=array([1, 1, 1]), interpolate=True, lineColor=array([1., 1., 1.]), lineColorSpace='rgb', lineRGB=array([1, 1, 1]), lineWidth=1.0, name='4', opacity=1.0, ori=0.0, pos=array([0., 0.]), size=array([0.05, 0.05]), units='height', vertices=ndarray(...), win=Window(...), windingRule=None)
15.1107 	EXP 	window1: mouseVisible = True
15.1185 	EXP 	Created 5 = ShapeStim(__class__=<class 'psychopy.visual.shape.ShapeStim'>, anchor=('center', 'center'), autoDraw=False, autoLog=True, closeShape=True, color=method-wrapper(...), colorSpace='rgb', contrast=None, depth=-6.0, draggable=False, fillColor=array([1, 1, 1]), fillColorSpace='rgb', fillRGB=array([1, 1, 1]), interpolate=True, lineColor=array([1., 1., 1.]), lineColorSpace='rgb', lineRGB=array([1, 1, 1]), lineWidth=1.0, name='5', opacity=1.0, ori=0.0, pos=array([0., 0.]), size=array([0.05, 0.05]), units='height', vertices=ndarray(...), win=Window(...), windingRule=None)
15.1188 	EXP 	window1: mouseVisible = True
15.1266 	EXP 	Created 6 = ShapeStim(__class__=<class 'psychopy.visual.shape.ShapeStim'>, anchor=('center', 'center'), autoDraw=False, autoLog=True, closeShape=True, color=method-wrapper(...), colorSpace='rgb', contrast=None, depth=-6.0, draggable=False, fillColor=array([1, 1, 1]), fillColorSpace='rgb', fillRGB=array([1, 1, 1]), interpolate=True, lineColor=array([1., 1., 1.]), lineColorSpace='rgb', lineRGB=array([1, 1, 1]), lineWidth=1.0, name='6', opacity=1.0, ori=0.0, pos=array([0., 0.]), size=array([0.05, 0.05]), units='height', vertices=ndarray(...), win=Window(...), windingRule=None)
15.1270 	EXP 	window1: mouseVisible = True
15.1348 	EXP 	Created 7 = ShapeStim(__class__=<class 'psychopy.visual.shape.ShapeStim'>, anchor=('center', 'center'), autoDraw=False, autoLog=True, closeShape=True, color=method-wrapper(...), colorSpace='rgb', contrast=None, depth=-6.0, draggable=False, fillColor=array([1, 1, 1]), fillColorSpace='rgb', fillRGB=array([1, 1, 1]), interpolate=True, lineColor=array([1., 1., 1.]), lineColorSpace='rgb', lineRGB=array([1, 1, 1]), lineWidth=1.0, name='7', opacity=1.0, ori=0.0, pos=array([0., 0.]), size=array([0.05, 0.05]), units='height', vertices=ndarray(...), win=Window(...), windingRule=None)
15.1351 	EXP 	window1: mouseVisible = True
15.1429 	EXP 	Created 8 = ShapeStim(__class__=<class 'psychopy.visual.shape.ShapeStim'>, anchor=('center', 'center'), autoDraw=False, autoLog=True, closeShape=True, color=method-wrapper(...), colorSpace='rgb', contrast=None, depth=-6.0, draggable=False, fillColor=array([1, 1, 1]), fillColorSpace='rgb', fillRGB=array([1, 1, 1]), interpolate=True, lineColor=array([1., 1., 1.]), lineColorSpace='rgb', lineRGB=array([1, 1, 1]), lineWidth=1.0, name='8', opacity=1.0, ori=0.0, pos=array([0., 0.]), size=array([0.05, 0.05]), units='height', vertices=ndarray(...), win=Window(...), windingRule=None)
15.1433 	EXP 	window1: mouseVisible = True
15.1502 	EXP 	Created 9 = ShapeStim(__class__=<class 'psychopy.visual.shape.ShapeStim'>, anchor=('center', 'center'), autoDraw=False, autoLog=True, closeShape=True, color=method-wrapper(...), colorSpace='rgb', contrast=None, depth=-6.0, draggable=False, fillColor=array([1, 1, 1]), fillColorSpace='rgb', fillRGB=array([1, 1, 1]), interpolate=True, lineColor=array([1., 1., 1.]), lineColorSpace='rgb', lineRGB=array([1, 1, 1]), lineWidth=1.0, name='9', opacity=1.0, ori=0.0, pos=array([0., 0.]), size=array([0.05, 0.05]), units='height', vertices=ndarray(...), win=Window(...), windingRule=None)
15.1675 	EXP 	window1: mouseVisible = True
15.1686 	EXP 	window1: mouseVisible = True
15.1738 	EXP 	window1: mouseVisible = True
15.1776 	EXP 	window1: mouseVisible = True
15.2326 	EXP 	Created trial_slider = Slider(__class__=<class 'psychopy.visual.slider.Slider'>, autoDraw=False, autoLog=True, borderColor=None, color=None, colorSpace='rgb', depth=-3, fillColor=None, flip=False, font='Open Sans', granularity=0.0, labelColor=None, labelHeight=0.05, labelWrapWidth=None, labels=None, lineColor=None, markerColor=None, name='trial_slider', opacity=None, ori=0.0, pos=array([ 0. , -0.2]), readOnly=False, self=UNKNOWN, size=array([0.5 , 0.05]), startValue=0, style='slider', styleTweaks=[], ticks=array([0, 1]), units='height', win=Window(...))
15.2327 	EXP 	window1: mouseVisible = True
15.2331 	EXP 	window1: mouseVisible = True
15.2333 	EXP 	window1: mouseVisible = True
15.2342 	EXP 	window1: mouseVisible = True
15.2351 	EXP 	window1: mouseVisible = True
15.2520 	EXP 	window1: mouseVisible = True
15.2522 	EXP 	window1: mouseVisible = True
15.2529 	EXP 	window1: mouseVisible = True
15.2535 	EXP 	window1: mouseVisible = True
15.3086 	EXP 	window1: mouseVisible = True
15.3102 	EXP 	Created trial_reset = Rect(__class__=<class 'psychopy.visual.rect.Rect'>, anchor=('center', 'center'), autoDraw=False, autoLog=True, closeShape=True, color=method-wrapper(...), colorSpace='rgb', contrast=None, depth=-6.0, draggable=False, fillColor=array([-1, -1,  1]), fillColorSpace='rgb', fillRGB=array([-1, -1,  1]), interpolate=True, lineColor=array([-1., -1.,  1.]), lineColorSpace='rgb', lineRGB=array([-1, -1,  1]), lineWidth=1.0, name='trial_reset', opacity=1.0, ori=0.0, pos=array([ 0.5, -0.4]), size=array([0.15, 0.1 ]), units='height', vertices=ndarray(...), win=Window(...))
15.3104 	EXP 	window1: mouseVisible = True
15.3106 	EXP 	window1: mouseVisible = True
15.3111 	EXP 	window1: mouseVisible = True
15.3119 	EXP 	window1: mouseVisible = True
15.3329 	EXP 	window1: mouseVisible = True
15.3330 	EXP 	window1: mouseVisible = True
15.3336 	EXP 	window1: mouseVisible = True
15.3342 	EXP 	window1: mouseVisible = True
0.0174 	EXP 	0: autoDraw = True
0.0174 	EXP 	1: autoDraw = True
0.0174 	EXP 	2: autoDraw = True
0.0174 	EXP 	3: autoDraw = True
0.0174 	EXP 	4: autoDraw = True
0.0174 	EXP 	5: autoDraw = True
0.0174 	EXP 	6: autoDraw = True
0.0174 	EXP 	7: autoDraw = True
0.0174 	EXP 	8: autoDraw = True
0.0174 	EXP 	9: autoDraw = True
0.0174 	EXP 	trial_slider: autoLog = True
0.0174 	EXP 	trial_slider: styleTweaks = []
0.0174 	EXP 	trial_slider: styleTweaks = []
0.0174 	EXP 	trial_slider: styleTweaks = []
0.0174 	EXP 	trial_slider: styleTweaks = []
0.0174 	EXP 	trial_slider: contrast = 1.0
0.0174 	EXP 	trial_slider: markerPos = 0
0.0174 	EXP 	trial_slider: autoLog = True
0.0174 	EXP 	trial_textbox: autoLog = True
0.0174 	EXP 	trial_reset_text: autoLog = True
0.0185 	EXP 	Created sequence: sequential, trialTypes=1, nReps=9999, seed=None
0.0425 	EXP 	New trial (rep=0, index=0): None
0.1715 	EXP 	trial_slider: markerPos = None
0.1715 	EXP 	trial_slider: markerPos = 0
0.1715 	EXP 	0: ori = 0
0.1715 	EXP 	1: ori = 0
0.1715 	EXP 	2: ori = 0
0.1715 	EXP 	3: ori = 0
0.1715 	EXP 	4: ori = 0
0.1715 	EXP 	5: ori = 0
0.1715 	EXP 	6: ori = 0
0.1715 	EXP 	7: ori = 0
0.1715 	EXP 	8: ori = 0
0.1715 	EXP 	9: ori = 0
0.1715 	EXP 	trial_slider: autoDraw = True
0.1715 	EXP 	trial_textbox: autoDraw = True
0.1715 	EXP 	trial_reset: autoDraw = True
0.1715 	EXP 	trial_reset_text: autoDraw = True
0.2248 	EXP 	0: ori = 1
0.2248 	EXP 	1: ori = 1
0.2248 	EXP 	2: ori = 1
0.2248 	EXP 	3: ori = 1
0.2248 	EXP 	4: ori = 1
0.2248 	EXP 	5: ori = 1
0.2248 	EXP 	6: ori = 1
0.2248 	EXP 	7: ori = 1
0.2248 	EXP 	8: ori = 1
0.2248 	EXP 	9: ori = 1
0.2657 	EXP 	0: ori = 2
0.2657 	EXP 	1: ori = 2
0.2657 	EXP 	2: ori = 2
0.2657 	EXP 	3: ori = 2
0.2657 	EXP 	4: ori = 2
0.2657 	EXP 	5: ori = 2
0.2657 	EXP 	6: ori = 2
0.2657 	EXP 	7: ori = 2
0.2657 	EXP 	8: ori = 2
0.2657 	EXP 	9: ori = 2
0.2835 	EXP 	0: ori = 3
0.2835 	EXP 	1: ori = 3
0.2835 	EXP 	2: ori = 3
0.2835 	EXP 	3: ori = 3
0.2835 	EXP 	4: ori = 3
0.2835 	EXP 	5: ori = 3
0.2835 	EXP 	6: ori = 3
0.2835 	EXP 	7: ori = 3
0.2835 	EXP 	8: ori = 3
0.2835 	EXP 	9: ori = 3
0.3064 	EXP 	0: ori = 4
0.3064 	EXP 	1: ori = 4
0.3064 	EXP 	2: ori = 4
0.3064 	EXP 	3: ori = 4
0.3064 	EXP 	4: ori = 4
0.3064 	EXP 	5: ori = 4
0.3064 	EXP 	6: ori = 4
0.3064 	EXP 	7: ori = 4
0.3064 	EXP 	8: ori = 4
0.3064 	EXP 	9: ori = 4
0.3610 	EXP 	0: ori = 5
0.3610 	EXP 	1: ori = 5
0.3610 	EXP 	2: ori = 5
0.3610 	EXP 	3: ori = 5
0.3610 	EXP 	4: ori = 5
0.3610 	EXP 	5: ori = 5
0.3610 	EXP 	6: ori = 5
0.3610 	EXP 	7: ori = 5
0.3610 	EXP 	8: ori = 5
0.3610 	EXP 	9: ori = 5
0.3790 	EXP 	0: ori = 6
0.3790 	EXP 	1: ori = 6
0.3790 	EXP 	2: ori = 6
0.3790 	EXP 	3: ori = 6
0.3790 	EXP 	4: ori = 6
0.3790 	EXP 	5: ori = 6
0.3790 	EXP 	6: ori = 6
0.3790 	EXP 	7: ori = 6
0.3790 	EXP 	8: ori = 6
0.3790 	EXP 	9: ori = 6
0.3970 	EXP 	0: ori = 7
0.3970 	EXP 	1: ori = 7
0.3970 	EXP 	2: ori = 7
0.3970 	EXP 	3: ori = 7
0.3970 	EXP 	4: ori = 7
0.3970 	EXP 	5: ori = 7
0.3970 	EXP 	6: ori = 7
0.3970 	EXP 	7: ori = 7
0.3970 	EXP 	8: ori = 7
0.3970 	EXP 	9: ori = 7
0.4150 	EXP 	0: ori = 8
0.4150 	EXP 	1: ori = 8
0.4150 	EXP 	2: ori = 8
0.4150 	EXP 	3: ori = 8
0.4150 	EXP 	4: ori = 8
0.4150 	EXP 	5: ori = 8
0.4150 	EXP 	6: ori = 8
0.4150 	EXP 	7: ori = 8
0.4150 	EXP 	8: ori = 8
0.4150 	EXP 	9: ori = 8
0.4330 	EXP 	0: ori = 9
0.4330 	EXP 	1: ori = 9
0.4330 	EXP 	2: ori = 9
0.4330 	EXP 	3: ori = 9
0.4330 	EXP 	4: ori = 9
0.4330 	EXP 	5: ori = 9
0.4330 	EXP 	6: ori = 9
0.4330 	EXP 	7: ori = 9
0.4330 	EXP 	8: ori = 9
0.4330 	EXP 	9: ori = 9
0.4509 	EXP 	0: ori = 10
0.4509 	EXP 	1: ori = 10
0.4509 	EXP 	2: ori = 10
0.4509 	EXP 	3: ori = 10
0.4509 	EXP 	4: ori = 10
0.4509 	EXP 	5: ori = 10
0.4509 	EXP 	6: ori = 10
0.4509 	EXP 	7: ori = 10
0.4509 	EXP 	8: ori = 10
0.4509 	EXP 	9: ori = 10
0.4687 	EXP 	0: ori = 11
0.4687 	EXP 	1: ori = 11
0.4687 	EXP 	2: ori = 11
0.4687 	EXP 	3: ori = 11
0.4687 	EXP 	4: ori = 11
0.4687 	EXP 	5: ori = 11
0.4687 	EXP 	6: ori = 11
0.4687 	EXP 	7: ori = 11
0.4687 	EXP 	8: ori = 11
0.4687 	EXP 	9: ori = 11
0.5204 	EXP 	0: ori = 12
0.5204 	EXP 	1: ori = 12
0.5204 	EXP 	2: ori = 12
0.5204 	EXP 	3: ori = 12
0.5204 	EXP 	4: ori = 12
0.5204 	EXP 	5: ori = 12
0.5204 	EXP 	6: ori = 12
0.5204 	EXP 	7: ori = 12
0.5204 	EXP 	8: ori = 12
0.5204 	EXP 	9: ori = 12
0.5759 	EXP 	0: ori = 13
0.5759 	EXP 	1: ori = 13
0.5759 	EXP 	2: ori = 13
0.5759 	EXP 	3: ori = 13
0.5759 	EXP 	4: ori = 13
0.5759 	EXP 	5: ori = 13
0.5759 	EXP 	6: ori = 13
0.5759 	EXP 	7: ori = 13
0.5759 	EXP 	8: ori = 13
0.5759 	EXP 	9: ori = 13
0.6413 	EXP 	0: ori = 14
0.6413 	EXP 	1: ori = 14
0.6413 	EXP 	2: ori = 14
0.6413 	EXP 	3: ori = 14
0.6413 	EXP 	4: ori = 14
0.6413 	EXP 	5: ori = 14
0.6413 	EXP 	6: ori = 14
0.6413 	EXP 	7: ori = 14
0.6413 	EXP 	8: ori = 14
0.6413 	EXP 	9: ori = 14
0.6705 	EXP 	0: ori = 15
0.6705 	EXP 	1: ori = 15
0.6705 	EXP 	2: ori = 15
0.6705 	EXP 	3: ori = 15
0.6705 	EXP 	4: ori = 15
0.6705 	EXP 	5: ori = 15
0.6705 	EXP 	6: ori = 15
0.6705 	EXP 	7: ori = 15
0.6705 	EXP 	8: ori = 15
0.6705 	EXP 	9: ori = 15
0.6916 	EXP 	0: ori = 16
0.6916 	EXP 	1: ori = 16
0.6916 	EXP 	2: ori = 16
0.6916 	EXP 	3: ori = 16
0.6916 	EXP 	4: ori = 16
0.6916 	EXP 	5: ori = 16
0.6916 	EXP 	6: ori = 16
0.6916 	EXP 	7: ori = 16
0.6916 	EXP 	8: ori = 16
0.6916 	EXP 	9: ori = 16
0.7106 	EXP 	0: ori = 17
0.7106 	EXP 	1: ori = 17
0.7106 	EXP 	2: ori = 17
0.7106 	EXP 	3: ori = 17
0.7106 	EXP 	4: ori = 17
0.7106 	EXP 	5: ori = 17
0.7106 	EXP 	6: ori = 17
0.7106 	EXP 	7: ori = 17
0.7106 	EXP 	8: ori = 17
0.7106 	EXP 	9: ori = 17
0.7301 	EXP 	0: ori = 18
0.7301 	EXP 	1: ori = 18
0.7301 	EXP 	2: ori = 18
0.7301 	EXP 	3: ori = 18
0.7301 	EXP 	4: ori = 18
0.7301 	EXP 	5: ori = 18
0.7301 	EXP 	6: ori = 18
0.7301 	EXP 	7: ori = 18
0.7301 	EXP 	8: ori = 18
0.7301 	EXP 	9: ori = 18
0.7494 	EXP 	0: ori = 19
0.7494 	EXP 	1: ori = 19
0.7494 	EXP 	2: ori = 19
0.7494 	EXP 	3: ori = 19
0.7494 	EXP 	4: ori = 19
0.7494 	EXP 	5: ori = 19
0.7494 	EXP 	6: ori = 19
0.7494 	EXP 	7: ori = 19
0.7494 	EXP 	8: ori = 19
0.7494 	EXP 	9: ori = 19
0.7704 	EXP 	0: ori = 20
0.7704 	EXP 	1: ori = 20
0.7704 	EXP 	2: ori = 20
0.7704 	EXP 	3: ori = 20
0.7704 	EXP 	4: ori = 20
0.7704 	EXP 	5: ori = 20
0.7704 	EXP 	6: ori = 20
0.7704 	EXP 	7: ori = 20
0.7704 	EXP 	8: ori = 20
0.7704 	EXP 	9: ori = 20
0.7902 	EXP 	0: ori = 21
0.7902 	EXP 	1: ori = 21
0.7902 	EXP 	2: ori = 21
0.7902 	EXP 	3: ori = 21
0.7902 	EXP 	4: ori = 21
0.7902 	EXP 	5: ori = 21
0.7902 	EXP 	6: ori = 21
0.7902 	EXP 	7: ori = 21
0.7902 	EXP 	8: ori = 21
0.7902 	EXP 	9: ori = 21
0.8072 	EXP 	0: ori = 22
0.8072 	EXP 	1: ori = 22
0.8072 	EXP 	2: ori = 22
0.8072 	EXP 	3: ori = 22
0.8072 	EXP 	4: ori = 22
0.8072 	EXP 	5: ori = 22
0.8072 	EXP 	6: ori = 22
0.8072 	EXP 	7: ori = 22
0.8072 	EXP 	8: ori = 22
0.8072 	EXP 	9: ori = 22
0.8277 	EXP 	0: ori = 23
0.8277 	EXP 	1: ori = 23
0.8277 	EXP 	2: ori = 23
0.8277 	EXP 	3: ori = 23
0.8277 	EXP 	4: ori = 23
0.8277 	EXP 	5: ori = 23
0.8277 	EXP 	6: ori = 23
0.8277 	EXP 	7: ori = 23
0.8277 	EXP 	8: ori = 23
0.8277 	EXP 	9: ori = 23
0.8932 	EXP 	0: ori = 24
0.8932 	EXP 	1: ori = 24
0.8932 	EXP 	2: ori = 24
0.8932 	EXP 	3: ori = 24
0.8932 	EXP 	4: ori = 24
0.8932 	EXP 	5: ori = 24
0.8932 	EXP 	6: ori = 24
0.8932 	EXP 	7: ori = 24
0.8932 	EXP 	8: ori = 24
0.8932 	EXP 	9: ori = 24
0.9139 	EXP 	0: ori = 25
0.9139 	EXP 	1: ori = 25
0.9139 	EXP 	2: ori = 25
0.9139 	EXP 	3: ori = 25
0.9139 	EXP 	4: ori = 25
0.9139 	EXP 	5: ori = 25
0.9139 	EXP 	6: ori = 25
0.9139 	EXP 	7: ori = 25
0.9139 	EXP 	8: ori = 25
0.9139 	EXP 	9: ori = 25
0.9332 	EXP 	0: ori = 26
0.9332 	EXP 	1: ori = 26
0.9332 	EXP 	2: ori = 26
0.9332 	EXP 	3: ori = 26
0.9332 	EXP 	4: ori = 26
0.9332 	EXP 	5: ori = 26
0.9332 	EXP 	6: ori = 26
0.9332 	EXP 	7: ori = 26
0.9332 	EXP 	8: ori = 26
0.9332 	EXP 	9: ori = 26
0.9524 	EXP 	0: ori = 27
0.9524 	EXP 	1: ori = 27
0.9524 	EXP 	2: ori = 27
0.9524 	EXP 	3: ori = 27
0.9524 	EXP 	4: ori = 27
0.9524 	EXP 	5: ori = 27
0.9524 	EXP 	6: ori = 27
0.9524 	EXP 	7: ori = 27
0.9524 	EXP 	8: ori = 27
0.9524 	EXP 	9: ori = 27
0.9712 	EXP 	0: ori = 28
0.9712 	EXP 	1: ori = 28
0.9712 	EXP 	2: ori = 28
0.9712 	EXP 	3: ori = 28
0.9712 	EXP 	4: ori = 28
0.9712 	EXP 	5: ori = 28
0.9712 	EXP 	6: ori = 28
0.9712 	EXP 	7: ori = 28
0.9712 	EXP 	8: ori = 28
0.9712 	EXP 	9: ori = 28
0.9892 	EXP 	0: ori = 29
0.9892 	EXP 	1: ori = 29
0.9892 	EXP 	2: ori = 29
0.9892 	EXP 	3: ori = 29
0.9892 	EXP 	4: ori = 29
0.9892 	EXP 	5: ori = 29
0.9892 	EXP 	6: ori = 29
0.9892 	EXP 	7: ori = 29
0.9892 	EXP 	8: ori = 29
0.9892 	EXP 	9: ori = 29
1.0075 	EXP 	0: ori = 30
1.0075 	EXP 	1: ori = 30
1.0075 	EXP 	2: ori = 30
1.0075 	EXP 	3: ori = 30
1.0075 	EXP 	4: ori = 30
1.0075 	EXP 	5: ori = 30
1.0075 	EXP 	6: ori = 30
1.0075 	EXP 	7: ori = 30
1.0075 	EXP 	8: ori = 30
1.0075 	EXP 	9: ori = 30
1.0270 	EXP 	0: ori = 31
1.0270 	EXP 	1: ori = 31
1.0270 	EXP 	2: ori = 31
1.0270 	EXP 	3: ori = 31
1.0270 	EXP 	4: ori = 31
1.0270 	EXP 	5: ori = 31
1.0270 	EXP 	6: ori = 31
1.0270 	EXP 	7: ori = 31
1.0270 	EXP 	8: ori = 31
1.0270 	EXP 	9: ori = 31
1.0467 	EXP 	0: ori = 32
1.0467 	EXP 	1: ori = 32
1.0467 	EXP 	2: ori = 32
1.0467 	EXP 	3: ori = 32
1.0467 	EXP 	4: ori = 32
1.0467 	EXP 	5: ori = 32
1.0467 	EXP 	6: ori = 32
1.0467 	EXP 	7: ori = 32
1.0467 	EXP 	8: ori = 32
1.0467 	EXP 	9: ori = 32
1.0660 	EXP 	0: ori = 33
1.0660 	EXP 	1: ori = 33
1.0660 	EXP 	2: ori = 33
1.0660 	EXP 	3: ori = 33
1.0660 	EXP 	4: ori = 33
1.0660 	EXP 	5: ori = 33
1.0660 	EXP 	6: ori = 33
1.0660 	EXP 	7: ori = 33
1.0660 	EXP 	8: ori = 33
1.0660 	EXP 	9: ori = 33
1.0872 	EXP 	0: ori = 34
1.0872 	EXP 	1: ori = 34
1.0872 	EXP 	2: ori = 34
1.0872 	EXP 	3: ori = 34
1.0872 	EXP 	4: ori = 34
1.0872 	EXP 	5: ori = 34
1.0872 	EXP 	6: ori = 34
1.0872 	EXP 	7: ori = 34
1.0872 	EXP 	8: ori = 34
1.0872 	EXP 	9: ori = 34
1.1088 	EXP 	0: ori = 35
1.1088 	EXP 	1: ori = 35
1.1088 	EXP 	2: ori = 35
1.1088 	EXP 	3: ori = 35
1.1088 	EXP 	4: ori = 35
1.1088 	EXP 	5: ori = 35
1.1088 	EXP 	6: ori = 35
1.1088 	EXP 	7: ori = 35
1.1088 	EXP 	8: ori = 35
1.1088 	EXP 	9: ori = 35
1.1275 	EXP 	0: ori = 36
1.1275 	EXP 	1: ori = 36
1.1275 	EXP 	2: ori = 36
1.1275 	EXP 	3: ori = 36
1.1275 	EXP 	4: ori = 36
1.1275 	EXP 	5: ori = 36
1.1275 	EXP 	6: ori = 36
1.1275 	EXP 	7: ori = 36
1.1275 	EXP 	8: ori = 36
1.1275 	EXP 	9: ori = 36
1.1493 	EXP 	0: ori = 37
1.1493 	EXP 	1: ori = 37
1.1493 	EXP 	2: ori = 37
1.1493 	EXP 	3: ori = 37
1.1493 	EXP 	4: ori = 37
1.1493 	EXP 	5: ori = 37
1.1493 	EXP 	6: ori = 37
1.1493 	EXP 	7: ori = 37
1.1493 	EXP 	8: ori = 37
1.1493 	EXP 	9: ori = 37
1.1800 	EXP 	0: ori = 38
1.1800 	EXP 	1: ori = 38
1.1800 	EXP 	2: ori = 38
1.1800 	EXP 	3: ori = 38
1.1800 	EXP 	4: ori = 38
1.1800 	EXP 	5: ori = 38
1.1800 	EXP 	6: ori = 38
1.1800 	EXP 	7: ori = 38
1.1800 	EXP 	8: ori = 38
1.1800 	EXP 	9: ori = 38
1.2126 	EXP 	0: ori = 39
1.2126 	EXP 	1: ori = 39
1.2126 	EXP 	2: ori = 39
1.2126 	EXP 	3: ori = 39
1.2126 	EXP 	4: ori = 39
1.2126 	EXP 	5: ori = 39
1.2126 	EXP 	6: ori = 39
1.2126 	EXP 	7: ori = 39
1.2126 	EXP 	8: ori = 39
1.2126 	EXP 	9: ori = 39
1.2467 	EXP 	0: ori = 40
1.2467 	EXP 	1: ori = 40
1.2467 	EXP 	2: ori = 40
1.2467 	EXP 	3: ori = 40
1.2467 	EXP 	4: ori = 40
1.2467 	EXP 	5: ori = 40
1.2467 	EXP 	6: ori = 40
1.2467 	EXP 	7: ori = 40
1.2467 	EXP 	8: ori = 40
1.2467 	EXP 	9: ori = 40
1.2805 	EXP 	0: ori = 41
1.2805 	EXP 	1: ori = 41
1.2805 	EXP 	2: ori = 41
1.2805 	EXP 	3: ori = 41
1.2805 	EXP 	4: ori = 41
1.2805 	EXP 	5: ori = 41
1.2805 	EXP 	6: ori = 41
1.2805 	EXP 	7: ori = 41
1.2805 	EXP 	8: ori = 41
1.2805 	EXP 	9: ori = 41
1.3028 	EXP 	0: ori = 42
1.3028 	EXP 	1: ori = 42
1.3028 	EXP 	2: ori = 42
1.3028 	EXP 	3: ori = 42
1.3028 	EXP 	4: ori = 42
1.3028 	EXP 	5: ori = 42
1.3028 	EXP 	6: ori = 42
1.3028 	EXP 	7: ori = 42
1.3028 	EXP 	8: ori = 42
1.3028 	EXP 	9: ori = 42
1.3223 	EXP 	0: ori = 43
1.3223 	EXP 	1: ori = 43
1.3223 	EXP 	2: ori = 43
1.3223 	EXP 	3: ori = 43
1.3223 	EXP 	4: ori = 43
1.3223 	EXP 	5: ori = 43
1.3223 	EXP 	6: ori = 43
1.3223 	EXP 	7: ori = 43
1.3223 	EXP 	8: ori = 43
1.3223 	EXP 	9: ori = 43
1.3415 	EXP 	0: ori = 44
1.3415 	EXP 	1: ori = 44
1.3415 	EXP 	2: ori = 44
1.3415 	EXP 	3: ori = 44
1.3415 	EXP 	4: ori = 44
1.3415 	EXP 	5: ori = 44
1.3415 	EXP 	6: ori = 44
1.3415 	EXP 	7: ori = 44
1.3415 	EXP 	8: ori = 44
1.3415 	EXP 	9: ori = 44
1.3593 	EXP 	0: ori = 45
1.3593 	EXP 	1: ori = 45
1.3593 	EXP 	2: ori = 45
1.3593 	EXP 	3: ori = 45
1.3593 	EXP 	4: ori = 45
1.3593 	EXP 	5: ori = 45
1.3593 	EXP 	6: ori = 45
1.3593 	EXP 	7: ori = 45
1.3593 	EXP 	8: ori = 45
1.3593 	EXP 	9: ori = 45
1.3788 	EXP 	0: ori = 46
1.3788 	EXP 	1: ori = 46
1.3788 	EXP 	2: ori = 46
1.3788 	EXP 	3: ori = 46
1.3788 	EXP 	4: ori = 46
1.3788 	EXP 	5: ori = 46
1.3788 	EXP 	6: ori = 46
1.3788 	EXP 	7: ori = 46
1.3788 	EXP 	8: ori = 46
1.3788 	EXP 	9: ori = 46
1.3965 	EXP 	0: ori = 47
1.3965 	EXP 	1: ori = 47
1.3965 	EXP 	2: ori = 47
1.3965 	EXP 	3: ori = 47
1.3965 	EXP 	4: ori = 47
1.3965 	EXP 	5: ori = 47
1.3965 	EXP 	6: ori = 47
1.3965 	EXP 	7: ori = 47
1.3965 	EXP 	8: ori = 47
1.3965 	EXP 	9: ori = 47
1.4168 	EXP 	0: ori = 48
1.4168 	EXP 	1: ori = 48
1.4168 	EXP 	2: ori = 48
1.4168 	EXP 	3: ori = 48
1.4168 	EXP 	4: ori = 48
1.4168 	EXP 	5: ori = 48
1.4168 	EXP 	6: ori = 48
1.4168 	EXP 	7: ori = 48
1.4168 	EXP 	8: ori = 48
1.4168 	EXP 	9: ori = 48
1.4437 	EXP 	0: ori = 49
1.4437 	EXP 	1: ori = 49
1.4437 	EXP 	2: ori = 49
1.4437 	EXP 	3: ori = 49
1.4437 	EXP 	4: ori = 49
1.4437 	EXP 	5: ori = 49
1.4437 	EXP 	6: ori = 49
1.4437 	EXP 	7: ori = 49
1.4437 	EXP 	8: ori = 49
1.4437 	EXP 	9: ori = 49
1.4746 	EXP 	0: ori = 50
1.4746 	EXP 	1: ori = 50
1.4746 	EXP 	2: ori = 50
1.4746 	EXP 	3: ori = 50
1.4746 	EXP 	4: ori = 50
1.4746 	EXP 	5: ori = 50
1.4746 	EXP 	6: ori = 50
1.4746 	EXP 	7: ori = 50
1.4746 	EXP 	8: ori = 50
1.4746 	EXP 	9: ori = 50
1.5311 	EXP 	0: ori = 51
1.5311 	EXP 	1: ori = 51
1.5311 	EXP 	2: ori = 51
1.5311 	EXP 	3: ori = 51
1.5311 	EXP 	4: ori = 51
1.5311 	EXP 	5: ori = 51
1.5311 	EXP 	6: ori = 51
1.5311 	EXP 	7: ori = 51
1.5311 	EXP 	8: ori = 51
1.5311 	EXP 	9: ori = 51
1.5597 	EXP 	0: ori = 52
1.5597 	EXP 	1: ori = 52
1.5597 	EXP 	2: ori = 52
1.5597 	EXP 	3: ori = 52
1.5597 	EXP 	4: ori = 52
1.5597 	EXP 	5: ori = 52
1.5597 	EXP 	6: ori = 52
1.5597 	EXP 	7: ori = 52
1.5597 	EXP 	8: ori = 52
1.5597 	EXP 	9: ori = 52
1.5811 	EXP 	0: ori = 53
1.5811 	EXP 	1: ori = 53
1.5811 	EXP 	2: ori = 53
1.5811 	EXP 	3: ori = 53
1.5811 	EXP 	4: ori = 53
1.5811 	EXP 	5: ori = 53
1.5811 	EXP 	6: ori = 53
1.5811 	EXP 	7: ori = 53
1.5811 	EXP 	8: ori = 53
1.5811 	EXP 	9: ori = 53
1.5999 	EXP 	0: ori = 54
1.5999 	EXP 	1: ori = 54
1.5999 	EXP 	2: ori = 54
1.5999 	EXP 	3: ori = 54
1.5999 	EXP 	4: ori = 54
1.5999 	EXP 	5: ori = 54
1.5999 	EXP 	6: ori = 54
1.5999 	EXP 	7: ori = 54
1.5999 	EXP 	8: ori = 54
1.5999 	EXP 	9: ori = 54
1.6198 	EXP 	0: ori = 55
1.6198 	EXP 	1: ori = 55
1.6198 	EXP 	2: ori = 55
1.6198 	EXP 	3: ori = 55
1.6198 	EXP 	4: ori = 55
1.6198 	EXP 	5: ori = 55
1.6198 	EXP 	6: ori = 55
1.6198 	EXP 	7: ori = 55
1.6198 	EXP 	8: ori = 55
1.6198 	EXP 	9: ori = 55
1.6375 	EXP 	0: ori = 56
1.6375 	EXP 	1: ori = 56
1.6375 	EXP 	2: ori = 56
1.6375 	EXP 	3: ori = 56
1.6375 	EXP 	4: ori = 56
1.6375 	EXP 	5: ori = 56
1.6375 	EXP 	6: ori = 56
1.6375 	EXP 	7: ori = 56
1.6375 	EXP 	8: ori = 56
1.6375 	EXP 	9: ori = 56
1.6581 	EXP 	0: ori = 57
1.6581 	EXP 	1: ori = 57
1.6581 	EXP 	2: ori = 57
1.6581 	EXP 	3: ori = 57
1.6581 	EXP 	4: ori = 57
1.6581 	EXP 	5: ori = 57
1.6581 	EXP 	6: ori = 57
1.6581 	EXP 	7: ori = 57
1.6581 	EXP 	8: ori = 57
1.6581 	EXP 	9: ori = 57
1.6797 	EXP 	0: ori = 58
1.6797 	EXP 	1: ori = 58
1.6797 	EXP 	2: ori = 58
1.6797 	EXP 	3: ori = 58
1.6797 	EXP 	4: ori = 58
1.6797 	EXP 	5: ori = 58
1.6797 	EXP 	6: ori = 58
1.6797 	EXP 	7: ori = 58
1.6797 	EXP 	8: ori = 58
1.6797 	EXP 	9: ori = 58
1.6988 	EXP 	0: ori = 59
1.6988 	EXP 	1: ori = 59
1.6988 	EXP 	2: ori = 59
1.6988 	EXP 	3: ori = 59
1.6988 	EXP 	4: ori = 59
1.6988 	EXP 	5: ori = 59
1.6988 	EXP 	6: ori = 59
1.6988 	EXP 	7: ori = 59
1.6988 	EXP 	8: ori = 59
1.6988 	EXP 	9: ori = 59
1.7214 	EXP 	0: ori = 60
1.7214 	EXP 	1: ori = 60
1.7214 	EXP 	2: ori = 60
1.7214 	EXP 	3: ori = 60
1.7214 	EXP 	4: ori = 60
1.7214 	EXP 	5: ori = 60
1.7214 	EXP 	6: ori = 60
1.7214 	EXP 	7: ori = 60
1.7214 	EXP 	8: ori = 60
1.7214 	EXP 	9: ori = 60
1.7422 	EXP 	0: ori = 61
1.7422 	EXP 	1: ori = 61
1.7422 	EXP 	2: ori = 61
1.7422 	EXP 	3: ori = 61
1.7422 	EXP 	4: ori = 61
1.7422 	EXP 	5: ori = 61
1.7422 	EXP 	6: ori = 61
1.7422 	EXP 	7: ori = 61
1.7422 	EXP 	8: ori = 61
1.7422 	EXP 	9: ori = 61
1.7649 	EXP 	0: ori = 62
1.7649 	EXP 	1: ori = 62
1.7649 	EXP 	2: ori = 62
1.7649 	EXP 	3: ori = 62
1.7649 	EXP 	4: ori = 62
1.7649 	EXP 	5: ori = 62
1.7649 	EXP 	6: ori = 62
1.7649 	EXP 	7: ori = 62
1.7649 	EXP 	8: ori = 62
1.7649 	EXP 	9: ori = 62
1.7900 	EXP 	0: ori = 63
1.7900 	EXP 	1: ori = 63
1.7900 	EXP 	2: ori = 63
1.7900 	EXP 	3: ori = 63
1.7900 	EXP 	4: ori = 63
1.7900 	EXP 	5: ori = 63
1.7900 	EXP 	6: ori = 63
1.7900 	EXP 	7: ori = 63
1.7900 	EXP 	8: ori = 63
1.7900 	EXP 	9: ori = 63
1.8106 	EXP 	0: ori = 64
1.8106 	EXP 	1: ori = 64
1.8106 	EXP 	2: ori = 64
1.8106 	EXP 	3: ori = 64
1.8106 	EXP 	4: ori = 64
1.8106 	EXP 	5: ori = 64
1.8106 	EXP 	6: ori = 64
1.8106 	EXP 	7: ori = 64
1.8106 	EXP 	8: ori = 64
1.8106 	EXP 	9: ori = 64
1.8280 	EXP 	0: ori = 65
1.8280 	EXP 	1: ori = 65
1.8280 	EXP 	2: ori = 65
1.8280 	EXP 	3: ori = 65
1.8280 	EXP 	4: ori = 65
1.8280 	EXP 	5: ori = 65
1.8280 	EXP 	6: ori = 65
1.8280 	EXP 	7: ori = 65
1.8280 	EXP 	8: ori = 65
1.8280 	EXP 	9: ori = 65
1.8496 	EXP 	0: ori = 66
1.8496 	EXP 	1: ori = 66
1.8496 	EXP 	2: ori = 66
1.8496 	EXP 	3: ori = 66
1.8496 	EXP 	4: ori = 66
1.8496 	EXP 	5: ori = 66
1.8496 	EXP 	6: ori = 66
1.8496 	EXP 	7: ori = 66
1.8496 	EXP 	8: ori = 66
1.8496 	EXP 	9: ori = 66
1.8733 	EXP 	0: ori = 67
1.8733 	EXP 	1: ori = 67
1.8733 	EXP 	2: ori = 67
1.8733 	EXP 	3: ori = 67
1.8733 	EXP 	4: ori = 67
1.8733 	EXP 	5: ori = 67
1.8733 	EXP 	6: ori = 67
1.8733 	EXP 	7: ori = 67
1.8733 	EXP 	8: ori = 67
1.8733 	EXP 	9: ori = 67
1.8940 	EXP 	0: ori = 68
1.8940 	EXP 	1: ori = 68
1.8940 	EXP 	2: ori = 68
1.8940 	EXP 	3: ori = 68
1.8940 	EXP 	4: ori = 68
1.8940 	EXP 	5: ori = 68
1.8940 	EXP 	6: ori = 68
1.8940 	EXP 	7: ori = 68
1.8940 	EXP 	8: ori = 68
1.8940 	EXP 	9: ori = 68
1.9144 	EXP 	0: ori = 69
1.9144 	EXP 	1: ori = 69
1.9144 	EXP 	2: ori = 69
1.9144 	EXP 	3: ori = 69
1.9144 	EXP 	4: ori = 69
1.9144 	EXP 	5: ori = 69
1.9144 	EXP 	6: ori = 69
1.9144 	EXP 	7: ori = 69
1.9144 	EXP 	8: ori = 69
1.9144 	EXP 	9: ori = 69
1.9358 	EXP 	0: ori = 70
1.9358 	EXP 	1: ori = 70
1.9358 	EXP 	2: ori = 70
1.9358 	EXP 	3: ori = 70
1.9358 	EXP 	4: ori = 70
1.9358 	EXP 	5: ori = 70
1.9358 	EXP 	6: ori = 70
1.9358 	EXP 	7: ori = 70
1.9358 	EXP 	8: ori = 70
1.9358 	EXP 	9: ori = 70
1.9592 	EXP 	0: ori = 71
1.9592 	EXP 	1: ori = 71
1.9592 	EXP 	2: ori = 71
1.9592 	EXP 	3: ori = 71
1.9592 	EXP 	4: ori = 71
1.9592 	EXP 	5: ori = 71
1.9592 	EXP 	6: ori = 71
1.9592 	EXP 	7: ori = 71
1.9592 	EXP 	8: ori = 71
1.9592 	EXP 	9: ori = 71
1.9782 	EXP 	0: ori = 72
1.9782 	EXP 	1: ori = 72
1.9782 	EXP 	2: ori = 72
1.9782 	EXP 	3: ori = 72
1.9782 	EXP 	4: ori = 72
1.9782 	EXP 	5: ori = 72
1.9782 	EXP 	6: ori = 72
1.9782 	EXP 	7: ori = 72
1.9782 	EXP 	8: ori = 72
1.9782 	EXP 	9: ori = 72
1.9996 	EXP 	0: ori = 73
1.9996 	EXP 	1: ori = 73
1.9996 	EXP 	2: ori = 73
1.9996 	EXP 	3: ori = 73
1.9996 	EXP 	4: ori = 73
1.9996 	EXP 	5: ori = 73
1.9996 	EXP 	6: ori = 73
1.9996 	EXP 	7: ori = 73
1.9996 	EXP 	8: ori = 73
1.9996 	EXP 	9: ori = 73
2.0188 	EXP 	0: ori = 74
2.0188 	EXP 	1: ori = 74
2.0188 	EXP 	2: ori = 74
2.0188 	EXP 	3: ori = 74
2.0188 	EXP 	4: ori = 74
2.0188 	EXP 	5: ori = 74
2.0188 	EXP 	6: ori = 74
2.0188 	EXP 	7: ori = 74
2.0188 	EXP 	8: ori = 74
2.0188 	EXP 	9: ori = 74
2.0389 	EXP 	0: ori = 75
2.0389 	EXP 	1: ori = 75
2.0389 	EXP 	2: ori = 75
2.0389 	EXP 	3: ori = 75
2.0389 	EXP 	4: ori = 75
2.0389 	EXP 	5: ori = 75
2.0389 	EXP 	6: ori = 75
2.0389 	EXP 	7: ori = 75
2.0389 	EXP 	8: ori = 75
2.0389 	EXP 	9: ori = 75
2.0630 	EXP 	0: ori = 76
2.0630 	EXP 	1: ori = 76
2.0630 	EXP 	2: ori = 76
2.0630 	EXP 	3: ori = 76
2.0630 	EXP 	4: ori = 76
2.0630 	EXP 	5: ori = 76
2.0630 	EXP 	6: ori = 76
2.0630 	EXP 	7: ori = 76
2.0630 	EXP 	8: ori = 76
2.0630 	EXP 	9: ori = 76
2.1025 	EXP 	0: ori = 77
2.1025 	EXP 	1: ori = 77
2.1025 	EXP 	2: ori = 77
2.1025 	EXP 	3: ori = 77
2.1025 	EXP 	4: ori = 77
2.1025 	EXP 	5: ori = 77
2.1025 	EXP 	6: ori = 77
2.1025 	EXP 	7: ori = 77
2.1025 	EXP 	8: ori = 77
2.1025 	EXP 	9: ori = 77
2.1544 	EXP 	0: ori = 78
2.1544 	EXP 	1: ori = 78
2.1544 	EXP 	2: ori = 78
2.1544 	EXP 	3: ori = 78
2.1544 	EXP 	4: ori = 78
2.1544 	EXP 	5: ori = 78
2.1544 	EXP 	6: ori = 78
2.1544 	EXP 	7: ori = 78
2.1544 	EXP 	8: ori = 78
2.1544 	EXP 	9: ori = 78
2.2040 	EXP 	0: ori = 79
2.2040 	EXP 	1: ori = 79
2.2040 	EXP 	2: ori = 79
2.2040 	EXP 	3: ori = 79
2.2040 	EXP 	4: ori = 79
2.2040 	EXP 	5: ori = 79
2.2040 	EXP 	6: ori = 79
2.2040 	EXP 	7: ori = 79
2.2040 	EXP 	8: ori = 79
2.2040 	EXP 	9: ori = 79
2.2600 	EXP 	0: ori = 80
2.2600 	EXP 	1: ori = 80
2.2600 	EXP 	2: ori = 80
2.2600 	EXP 	3: ori = 80
2.2600 	EXP 	4: ori = 80
2.2600 	EXP 	5: ori = 80
2.2600 	EXP 	6: ori = 80
2.2600 	EXP 	7: ori = 80
2.2600 	EXP 	8: ori = 80
2.2600 	EXP 	9: ori = 80
2.3161 	EXP 	0: ori = 81
2.3161 	EXP 	1: ori = 81
2.3161 	EXP 	2: ori = 81
2.3161 	EXP 	3: ori = 81
2.3161 	EXP 	4: ori = 81
2.3161 	EXP 	5: ori = 81
2.3161 	EXP 	6: ori = 81
2.3161 	EXP 	7: ori = 81
2.3161 	EXP 	8: ori = 81
2.3161 	EXP 	9: ori = 81
2.3762 	EXP 	0: ori = 82
2.3762 	EXP 	1: ori = 82
2.3762 	EXP 	2: ori = 82
2.3762 	EXP 	3: ori = 82
2.3762 	EXP 	4: ori = 82
2.3762 	EXP 	5: ori = 82
2.3762 	EXP 	6: ori = 82
2.3762 	EXP 	7: ori = 82
2.3762 	EXP 	8: ori = 82
2.3762 	EXP 	9: ori = 82
2.4046 	EXP 	0: ori = 83
2.4046 	EXP 	1: ori = 83
2.4046 	EXP 	2: ori = 83
2.4046 	EXP 	3: ori = 83
2.4046 	EXP 	4: ori = 83
2.4046 	EXP 	5: ori = 83
2.4046 	EXP 	6: ori = 83
2.4046 	EXP 	7: ori = 83
2.4046 	EXP 	8: ori = 83
2.4046 	EXP 	9: ori = 83
2.4223 	EXP 	0: ori = 84
2.4223 	EXP 	1: ori = 84
2.4223 	EXP 	2: ori = 84
2.4223 	EXP 	3: ori = 84
2.4223 	EXP 	4: ori = 84
2.4223 	EXP 	5: ori = 84
2.4223 	EXP 	6: ori = 84
2.4223 	EXP 	7: ori = 84
2.4223 	EXP 	8: ori = 84
2.4223 	EXP 	9: ori = 84
2.4389 	EXP 	0: ori = 85
2.4389 	EXP 	1: ori = 85
2.4389 	EXP 	2: ori = 85
2.4389 	EXP 	3: ori = 85
2.4389 	EXP 	4: ori = 85
2.4389 	EXP 	5: ori = 85
2.4389 	EXP 	6: ori = 85
2.4389 	EXP 	7: ori = 85
2.4389 	EXP 	8: ori = 85
2.4389 	EXP 	9: ori = 85
2.4572 	EXP 	0: ori = 86
2.4572 	EXP 	1: ori = 86
2.4572 	EXP 	2: ori = 86
2.4572 	EXP 	3: ori = 86
2.4572 	EXP 	4: ori = 86
2.4572 	EXP 	5: ori = 86
2.4572 	EXP 	6: ori = 86
2.4572 	EXP 	7: ori = 86
2.4572 	EXP 	8: ori = 86
2.4572 	EXP 	9: ori = 86
2.4793 	EXP 	0: ori = 87
2.4793 	EXP 	1: ori = 87
2.4793 	EXP 	2: ori = 87
2.4793 	EXP 	3: ori = 87
2.4793 	EXP 	4: ori = 87
2.4793 	EXP 	5: ori = 87
2.4793 	EXP 	6: ori = 87
2.4793 	EXP 	7: ori = 87
2.4793 	EXP 	8: ori = 87
2.4793 	EXP 	9: ori = 87
2.5046 	EXP 	0: ori = 88
2.5046 	EXP 	1: ori = 88
2.5046 	EXP 	2: ori = 88
2.5046 	EXP 	3: ori = 88
2.5046 	EXP 	4: ori = 88
2.5046 	EXP 	5: ori = 88
2.5046 	EXP 	6: ori = 88
2.5046 	EXP 	7: ori = 88
2.5046 	EXP 	8: ori = 88
2.5046 	EXP 	9: ori = 88
2.5300 	EXP 	0: ori = 89
2.5300 	EXP 	1: ori = 89
2.5300 	EXP 	2: ori = 89
2.5300 	EXP 	3: ori = 89
2.5300 	EXP 	4: ori = 89
2.5300 	EXP 	5: ori = 89
2.5300 	EXP 	6: ori = 89
2.5300 	EXP 	7: ori = 89
2.5300 	EXP 	8: ori = 89
2.5300 	EXP 	9: ori = 89
2.5554 	EXP 	0: ori = 90
2.5554 	EXP 	1: ori = 90
2.5554 	EXP 	2: ori = 90
2.5554 	EXP 	3: ori = 90
2.5554 	EXP 	4: ori = 90
2.5554 	EXP 	5: ori = 90
2.5554 	EXP 	6: ori = 90
2.5554 	EXP 	7: ori = 90
2.5554 	EXP 	8: ori = 90
2.5554 	EXP 	9: ori = 90
2.5838 	EXP 	0: ori = 91
2.5838 	EXP 	1: ori = 91
2.5838 	EXP 	2: ori = 91
2.5838 	EXP 	3: ori = 91
2.5838 	EXP 	4: ori = 91
2.5838 	EXP 	5: ori = 91
2.5838 	EXP 	6: ori = 91
2.5838 	EXP 	7: ori = 91
2.5838 	EXP 	8: ori = 91
2.5838 	EXP 	9: ori = 91
2.5993 	EXP 	0: ori = 92
2.5993 	EXP 	1: ori = 92
2.5993 	EXP 	2: ori = 92
2.5993 	EXP 	3: ori = 92
2.5993 	EXP 	4: ori = 92
2.5993 	EXP 	5: ori = 92
2.5993 	EXP 	6: ori = 92
2.5993 	EXP 	7: ori = 92
2.5993 	EXP 	8: ori = 92
2.5993 	EXP 	9: ori = 92
2.6140 	EXP 	0: ori = 93
2.6140 	EXP 	1: ori = 93
2.6140 	EXP 	2: ori = 93
2.6140 	EXP 	3: ori = 93
2.6140 	EXP 	4: ori = 93
2.6140 	EXP 	5: ori = 93
2.6140 	EXP 	6: ori = 93
2.6140 	EXP 	7: ori = 93
2.6140 	EXP 	8: ori = 93
2.6140 	EXP 	9: ori = 93
2.6331 	EXP 	0: ori = 94
2.6331 	EXP 	1: ori = 94
2.6331 	EXP 	2: ori = 94
2.6331 	EXP 	3: ori = 94
2.6331 	EXP 	4: ori = 94
2.6331 	EXP 	5: ori = 94
2.6331 	EXP 	6: ori = 94
2.6331 	EXP 	7: ori = 94
2.6331 	EXP 	8: ori = 94
2.6331 	EXP 	9: ori = 94
2.6357 	DATA 	Mouse: Left button down, pos=(1377,645)
2.6546 	EXP 	0: ori = 95
2.6546 	EXP 	1: ori = 95
2.6546 	EXP 	2: ori = 95
2.6546 	EXP 	3: ori = 95
2.6546 	EXP 	4: ori = 95
2.6546 	EXP 	5: ori = 95
2.6546 	EXP 	6: ori = 95
2.6546 	EXP 	7: ori = 95
2.6546 	EXP 	8: ori = 95
2.6546 	EXP 	9: ori = 95
2.6546 	EXP 	trial_slider: markerPos = -0.002777777777777768
2.6736 	EXP 	0: ori = 96
2.6736 	EXP 	1: ori = 96
2.6736 	EXP 	2: ori = 96
2.6736 	EXP 	3: ori = 96
2.6736 	EXP 	4: ori = 96
2.6736 	EXP 	5: ori = 96
2.6736 	EXP 	6: ori = 96
2.6736 	EXP 	7: ori = 96
2.6736 	EXP 	8: ori = 96
2.6736 	EXP 	9: ori = 96
2.6736 	EXP 	trial_slider: markerPos = -0.002777777777777768
2.6934 	EXP 	0: ori = 97
2.6934 	EXP 	1: ori = 97
2.6934 	EXP 	2: ori = 97
2.6934 	EXP 	3: ori = 97
2.6934 	EXP 	4: ori = 97
2.6934 	EXP 	5: ori = 97
2.6934 	EXP 	6: ori = 97
2.6934 	EXP 	7: ori = 97
2.6934 	EXP 	8: ori = 97
2.6934 	EXP 	9: ori = 97
2.6934 	EXP 	trial_slider: markerPos = -0.002777777777777768
2.7127 	EXP 	0: ori = 98
2.7127 	EXP 	1: ori = 98
2.7127 	EXP 	2: ori = 98
2.7127 	EXP 	3: ori = 98
2.7127 	EXP 	4: ori = 98
2.7127 	EXP 	5: ori = 98
2.7127 	EXP 	6: ori = 98
2.7127 	EXP 	7: ori = 98
2.7127 	EXP 	8: ori = 98
2.7127 	EXP 	9: ori = 98
2.7127 	EXP 	trial_slider: markerPos = -0.002777777777777768
2.7321 	EXP 	0: ori = 99
2.7321 	EXP 	1: ori = 99
2.7321 	EXP 	2: ori = 99
2.7321 	EXP 	3: ori = 99
2.7321 	EXP 	4: ori = 99
2.7321 	EXP 	5: ori = 99
2.7321 	EXP 	6: ori = 99
2.7321 	EXP 	7: ori = 99
2.7321 	EXP 	8: ori = 99
2.7321 	EXP 	9: ori = 99
2.7321 	EXP 	trial_slider: markerPos = -0.002777777777777768
2.7518 	EXP 	0: ori = 100
2.7518 	EXP 	1: ori = 100
2.7518 	EXP 	2: ori = 100
2.7518 	EXP 	3: ori = 100
2.7518 	EXP 	4: ori = 100
2.7518 	EXP 	5: ori = 100
2.7518 	EXP 	6: ori = 100
2.7518 	EXP 	7: ori = 100
2.7518 	EXP 	8: ori = 100
2.7518 	EXP 	9: ori = 100
2.7518 	EXP 	trial_slider: markerPos = -0.002777777777777768
2.7739 	EXP 	0: ori = 101
2.7739 	EXP 	1: ori = 101
2.7739 	EXP 	2: ori = 101
2.7739 	EXP 	3: ori = 101
2.7739 	EXP 	4: ori = 101
2.7739 	EXP 	5: ori = 101
2.7739 	EXP 	6: ori = 101
2.7739 	EXP 	7: ori = 101
2.7739 	EXP 	8: ori = 101
2.7739 	EXP 	9: ori = 101
2.7739 	EXP 	trial_slider: markerPos = -0.0009259259259258856
2.8003 	EXP 	0: ori = 102
2.8003 	EXP 	1: ori = 102
2.8003 	EXP 	2: ori = 102
2.8003 	EXP 	3: ori = 102
2.8003 	EXP 	4: ori = 102
2.8003 	EXP 	5: ori = 102
2.8003 	EXP 	6: ori = 102
2.8003 	EXP 	7: ori = 102
2.8003 	EXP 	8: ori = 102
2.8003 	EXP 	9: ori = 102
2.8003 	EXP 	trial_slider: markerPos = 0.002777777777777768
2.8243 	EXP 	0: ori = 103
2.8243 	EXP 	1: ori = 103
2.8243 	EXP 	2: ori = 103
2.8243 	EXP 	3: ori = 103
2.8243 	EXP 	4: ori = 103
2.8243 	EXP 	5: ori = 103
2.8243 	EXP 	6: ori = 103
2.8243 	EXP 	7: ori = 103
2.8243 	EXP 	8: ori = 103
2.8243 	EXP 	9: ori = 103
2.8243 	EXP 	trial_slider: markerPos = 0.007407407407407418
2.8464 	EXP 	0: ori = 104
2.8464 	EXP 	1: ori = 104
2.8464 	EXP 	2: ori = 104
2.8464 	EXP 	3: ori = 104
2.8464 	EXP 	4: ori = 104
2.8464 	EXP 	5: ori = 104
2.8464 	EXP 	6: ori = 104
2.8464 	EXP 	7: ori = 104
2.8464 	EXP 	8: ori = 104
2.8464 	EXP 	9: ori = 104
2.8464 	EXP 	trial_slider: markerPos = 0.011111111111111127
2.8713 	EXP 	0: ori = 105
2.8713 	EXP 	1: ori = 105
2.8713 	EXP 	2: ori = 105
2.8713 	EXP 	3: ori = 105
2.8713 	EXP 	4: ori = 105
2.8713 	EXP 	5: ori = 105
2.8713 	EXP 	6: ori = 105
2.8713 	EXP 	7: ori = 105
2.8713 	EXP 	8: ori = 105
2.8713 	EXP 	9: ori = 105
2.8713 	EXP 	trial_slider: markerPos = 0.016666666666666663
2.8921 	EXP 	0: ori = 106
2.8921 	EXP 	1: ori = 106
2.8921 	EXP 	2: ori = 106
2.8921 	EXP 	3: ori = 106
2.8921 	EXP 	4: ori = 106
2.8921 	EXP 	5: ori = 106
2.8921 	EXP 	6: ori = 106
2.8921 	EXP 	7: ori = 106
2.8921 	EXP 	8: ori = 106
2.8921 	EXP 	9: ori = 106
2.8921 	EXP 	trial_slider: markerPos = 0.025000000000000022
2.9147 	EXP 	0: ori = 107
2.9147 	EXP 	1: ori = 107
2.9147 	EXP 	2: ori = 107
2.9147 	EXP 	3: ori = 107
2.9147 	EXP 	4: ori = 107
2.9147 	EXP 	5: ori = 107
2.9147 	EXP 	6: ori = 107
2.9147 	EXP 	7: ori = 107
2.9147 	EXP 	8: ori = 107
2.9147 	EXP 	9: ori = 107
2.9147 	EXP 	trial_slider: markerPos = 0.032407407407407385
2.9371 	EXP 	0: ori = 108
2.9371 	EXP 	1: ori = 108
2.9371 	EXP 	2: ori = 108
2.9371 	EXP 	3: ori = 108
2.9371 	EXP 	4: ori = 108
2.9371 	EXP 	5: ori = 108
2.9371 	EXP 	6: ori = 108
2.9371 	EXP 	7: ori = 108
2.9371 	EXP 	8: ori = 108
2.9371 	EXP 	9: ori = 108
2.9371 	EXP 	trial_slider: markerPos = 0.037037037037037035
2.9615 	EXP 	0: ori = 109
2.9615 	EXP 	1: ori = 109
2.9615 	EXP 	2: ori = 109
2.9615 	EXP 	3: ori = 109
2.9615 	EXP 	4: ori = 109
2.9615 	EXP 	5: ori = 109
2.9615 	EXP 	6: ori = 109
2.9615 	EXP 	7: ori = 109
2.9615 	EXP 	8: ori = 109
2.9615 	EXP 	9: ori = 109
2.9615 	EXP 	trial_slider: markerPos = 0.0398148148148148
2.9967 	EXP 	0: ori = 110
2.9967 	EXP 	1: ori = 110
2.9967 	EXP 	2: ori = 110
2.9967 	EXP 	3: ori = 110
2.9967 	EXP 	4: ori = 110
2.9967 	EXP 	5: ori = 110
2.9967 	EXP 	6: ori = 110
2.9967 	EXP 	7: ori = 110
2.9967 	EXP 	8: ori = 110
2.9967 	EXP 	9: ori = 110
2.9967 	EXP 	trial_slider: markerPos = 0.040740740740740744
3.0339 	EXP 	0: ori = 111
3.0339 	EXP 	1: ori = 111
3.0339 	EXP 	2: ori = 111
3.0339 	EXP 	3: ori = 111
3.0339 	EXP 	4: ori = 111
3.0339 	EXP 	5: ori = 111
3.0339 	EXP 	6: ori = 111
3.0339 	EXP 	7: ori = 111
3.0339 	EXP 	8: ori = 111
3.0339 	EXP 	9: ori = 111
3.0339 	EXP 	trial_slider: markerPos = 0.040740740740740744
3.0711 	EXP 	0: ori = 112
3.0711 	EXP 	1: ori = 112
3.0711 	EXP 	2: ori = 112
3.0711 	EXP 	3: ori = 112
3.0711 	EXP 	4: ori = 112
3.0711 	EXP 	5: ori = 112
3.0711 	EXP 	6: ori = 112
3.0711 	EXP 	7: ori = 112
3.0711 	EXP 	8: ori = 112
3.0711 	EXP 	9: ori = 112
3.0711 	EXP 	trial_slider: markerPos = 0.041666666666666685
3.1087 	EXP 	0: ori = 113
3.1087 	EXP 	1: ori = 113
3.1087 	EXP 	2: ori = 113
3.1087 	EXP 	3: ori = 113
3.1087 	EXP 	4: ori = 113
3.1087 	EXP 	5: ori = 113
3.1087 	EXP 	6: ori = 113
3.1087 	EXP 	7: ori = 113
3.1087 	EXP 	8: ori = 113
3.1087 	EXP 	9: ori = 113
3.1087 	EXP 	trial_slider: markerPos = 0.04629629629629628
3.1458 	EXP 	0: ori = 114
3.1458 	EXP 	1: ori = 114
3.1458 	EXP 	2: ori = 114
3.1458 	EXP 	3: ori = 114
3.1458 	EXP 	4: ori = 114
3.1458 	EXP 	5: ori = 114
3.1458 	EXP 	6: ori = 114
3.1458 	EXP 	7: ori = 114
3.1458 	EXP 	8: ori = 114
3.1458 	EXP 	9: ori = 114
3.1458 	EXP 	trial_slider: markerPos = 0.04907407407407405
3.1837 	EXP 	0: ori = 115
3.1837 	EXP 	1: ori = 115
3.1837 	EXP 	2: ori = 115
3.1837 	EXP 	3: ori = 115
3.1837 	EXP 	4: ori = 115
3.1837 	EXP 	5: ori = 115
3.1837 	EXP 	6: ori = 115
3.1837 	EXP 	7: ori = 115
3.1837 	EXP 	8: ori = 115
3.1837 	EXP 	9: ori = 115
3.1837 	EXP 	trial_slider: markerPos = 0.05277777777777776
3.2209 	EXP 	0: ori = 116
3.2209 	EXP 	1: ori = 116
3.2209 	EXP 	2: ori = 116
3.2209 	EXP 	3: ori = 116
3.2209 	EXP 	4: ori = 116
3.2209 	EXP 	5: ori = 116
3.2209 	EXP 	6: ori = 116
3.2209 	EXP 	7: ori = 116
3.2209 	EXP 	8: ori = 116
3.2209 	EXP 	9: ori = 116
3.2209 	EXP 	trial_slider: markerPos = 0.05740740740740741
3.2583 	EXP 	0: ori = 117
3.2583 	EXP 	1: ori = 117
3.2583 	EXP 	2: ori = 117
3.2583 	EXP 	3: ori = 117
3.2583 	EXP 	4: ori = 117
3.2583 	EXP 	5: ori = 117
3.2583 	EXP 	6: ori = 117
3.2583 	EXP 	7: ori = 117
3.2583 	EXP 	8: ori = 117
3.2583 	EXP 	9: ori = 117
3.2583 	EXP 	trial_slider: markerPos = 0.05833333333333335
3.2954 	EXP 	0: ori = 118
3.2954 	EXP 	1: ori = 118
3.2954 	EXP 	2: ori = 118
3.2954 	EXP 	3: ori = 118
3.2954 	EXP 	4: ori = 118
3.2954 	EXP 	5: ori = 118
3.2954 	EXP 	6: ori = 118
3.2954 	EXP 	7: ori = 118
3.2954 	EXP 	8: ori = 118
3.2954 	EXP 	9: ori = 118
3.2954 	EXP 	trial_slider: markerPos = 0.06203703703703706
3.3325 	EXP 	0: ori = 119
3.3325 	EXP 	1: ori = 119
3.3325 	EXP 	2: ori = 119
3.3325 	EXP 	3: ori = 119
3.3325 	EXP 	4: ori = 119
3.3325 	EXP 	5: ori = 119
3.3325 	EXP 	6: ori = 119
3.3325 	EXP 	7: ori = 119
3.3325 	EXP 	8: ori = 119
3.3325 	EXP 	9: ori = 119
3.3325 	EXP 	trial_slider: markerPos = 0.06388888888888888
3.3697 	EXP 	0: ori = 120
3.3697 	EXP 	1: ori = 120
3.3697 	EXP 	2: ori = 120
3.3697 	EXP 	3: ori = 120
3.3697 	EXP 	4: ori = 120
3.3697 	EXP 	5: ori = 120
3.3697 	EXP 	6: ori = 120
3.3697 	EXP 	7: ori = 120
3.3697 	EXP 	8: ori = 120
3.3697 	EXP 	9: ori = 120
3.3697 	EXP 	trial_slider: markerPos = 0.06851851851851853
3.4080 	EXP 	0: ori = 121
3.4080 	EXP 	1: ori = 121
3.4080 	EXP 	2: ori = 121
3.4080 	EXP 	3: ori = 121
3.4080 	EXP 	4: ori = 121
3.4080 	EXP 	5: ori = 121
3.4080 	EXP 	6: ori = 121
3.4080 	EXP 	7: ori = 121
3.4080 	EXP 	8: ori = 121
3.4080 	EXP 	9: ori = 121
3.4080 	EXP 	trial_slider: markerPos = 0.08240740740740743
3.4314 	EXP 	0: ori = 122
3.4314 	EXP 	1: ori = 122
3.4314 	EXP 	2: ori = 122
3.4314 	EXP 	3: ori = 122
3.4314 	EXP 	4: ori = 122
3.4314 	EXP 	5: ori = 122
3.4314 	EXP 	6: ori = 122
3.4314 	EXP 	7: ori = 122
3.4314 	EXP 	8: ori = 122
3.4314 	EXP 	9: ori = 122
3.4314 	EXP 	trial_slider: markerPos = 0.10092592592592592
3.4565 	EXP 	0: ori = 123
3.4565 	EXP 	1: ori = 123
3.4565 	EXP 	2: ori = 123
3.4565 	EXP 	3: ori = 123
3.4565 	EXP 	4: ori = 123
3.4565 	EXP 	5: ori = 123
3.4565 	EXP 	6: ori = 123
3.4565 	EXP 	7: ori = 123
3.4565 	EXP 	8: ori = 123
3.4565 	EXP 	9: ori = 123
3.4565 	EXP 	trial_slider: markerPos = 0.10833333333333334
3.4796 	EXP 	0: ori = 124
3.4796 	EXP 	1: ori = 124
3.4796 	EXP 	2: ori = 124
3.4796 	EXP 	3: ori = 124
3.4796 	EXP 	4: ori = 124
3.4796 	EXP 	5: ori = 124
3.4796 	EXP 	6: ori = 124
3.4796 	EXP 	7: ori = 124
3.4796 	EXP 	8: ori = 124
3.4796 	EXP 	9: ori = 124
3.4796 	EXP 	trial_slider: markerPos = 0.11296296296296299
3.5011 	EXP 	0: ori = 125
3.5011 	EXP 	1: ori = 125
3.5011 	EXP 	2: ori = 125
3.5011 	EXP 	3: ori = 125
3.5011 	EXP 	4: ori = 125
3.5011 	EXP 	5: ori = 125
3.5011 	EXP 	6: ori = 125
3.5011 	EXP 	7: ori = 125
3.5011 	EXP 	8: ori = 125
3.5011 	EXP 	9: ori = 125
3.5011 	EXP 	trial_slider: markerPos = 0.11666666666666664
3.5276 	EXP 	0: ori = 126
3.5276 	EXP 	1: ori = 126
3.5276 	EXP 	2: ori = 126
3.5276 	EXP 	3: ori = 126
3.5276 	EXP 	4: ori = 126
3.5276 	EXP 	5: ori = 126
3.5276 	EXP 	6: ori = 126
3.5276 	EXP 	7: ori = 126
3.5276 	EXP 	8: ori = 126
3.5276 	EXP 	9: ori = 126
3.5276 	EXP 	trial_slider: markerPos = 0.12129629629629629
3.5720 	EXP 	0: ori = 127
3.5720 	EXP 	1: ori = 127
3.5720 	EXP 	2: ori = 127
3.5720 	EXP 	3: ori = 127
3.5720 	EXP 	4: ori = 127
3.5720 	EXP 	5: ori = 127
3.5720 	EXP 	6: ori = 127
3.5720 	EXP 	7: ori = 127
3.5720 	EXP 	8: ori = 127
3.5720 	EXP 	9: ori = 127
3.5720 	EXP 	trial_slider: markerPos = 0.13796296296296295
3.5980 	EXP 	0: ori = 128
3.5980 	EXP 	1: ori = 128
3.5980 	EXP 	2: ori = 128
3.5980 	EXP 	3: ori = 128
3.5980 	EXP 	4: ori = 128
3.5980 	EXP 	5: ori = 128
3.5980 	EXP 	6: ori = 128
3.5980 	EXP 	7: ori = 128
3.5980 	EXP 	8: ori = 128
3.5980 	EXP 	9: ori = 128
3.5980 	EXP 	trial_slider: markerPos = 0.16203703703703703
3.6196 	EXP 	0: ori = 129
3.6196 	EXP 	1: ori = 129
3.6196 	EXP 	2: ori = 129
3.6196 	EXP 	3: ori = 129
3.6196 	EXP 	4: ori = 129
3.6196 	EXP 	5: ori = 129
3.6196 	EXP 	6: ori = 129
3.6196 	EXP 	7: ori = 129
3.6196 	EXP 	8: ori = 129
3.6196 	EXP 	9: ori = 129
3.6196 	EXP 	trial_slider: markerPos = 0.1787037037037037
3.6412 	EXP 	0: ori = 130
3.6412 	EXP 	1: ori = 130
3.6412 	EXP 	2: ori = 130
3.6412 	EXP 	3: ori = 130
3.6412 	EXP 	4: ori = 130
3.6412 	EXP 	5: ori = 130
3.6412 	EXP 	6: ori = 130
3.6412 	EXP 	7: ori = 130
3.6412 	EXP 	8: ori = 130
3.6412 	EXP 	9: ori = 130
3.6412 	EXP 	trial_slider: markerPos = 0.19722222222222224
3.6633 	EXP 	0: ori = 131
3.6633 	EXP 	1: ori = 131
3.6633 	EXP 	2: ori = 131
3.6633 	EXP 	3: ori = 131
3.6633 	EXP 	4: ori = 131
3.6633 	EXP 	5: ori = 131
3.6633 	EXP 	6: ori = 131
3.6633 	EXP 	7: ori = 131
3.6633 	EXP 	8: ori = 131
3.6633 	EXP 	9: ori = 131
3.6633 	EXP 	trial_slider: markerPos = 0.20740740740740743
3.6895 	EXP 	0: ori = 132
3.6895 	EXP 	1: ori = 132
3.6895 	EXP 	2: ori = 132
3.6895 	EXP 	3: ori = 132
3.6895 	EXP 	4: ori = 132
3.6895 	EXP 	5: ori = 132
3.6895 	EXP 	6: ori = 132
3.6895 	EXP 	7: ori = 132
3.6895 	EXP 	8: ori = 132
3.6895 	EXP 	9: ori = 132
3.6895 	EXP 	trial_slider: markerPos = 0.2185185185185185
3.7329 	EXP 	0: ori = 133
3.7329 	EXP 	1: ori = 133
3.7329 	EXP 	2: ori = 133
3.7329 	EXP 	3: ori = 133
3.7329 	EXP 	4: ori = 133
3.7329 	EXP 	5: ori = 133
3.7329 	EXP 	6: ori = 133
3.7329 	EXP 	7: ori = 133
3.7329 	EXP 	8: ori = 133
3.7329 	EXP 	9: ori = 133
3.7329 	EXP 	trial_slider: markerPos = 0.23148148148148145
3.7555 	EXP 	0: ori = 134
3.7555 	EXP 	1: ori = 134
3.7555 	EXP 	2: ori = 134
3.7555 	EXP 	3: ori = 134
3.7555 	EXP 	4: ori = 134
3.7555 	EXP 	5: ori = 134
3.7555 	EXP 	6: ori = 134
3.7555 	EXP 	7: ori = 134
3.7555 	EXP 	8: ori = 134
3.7555 	EXP 	9: ori = 134
3.7555 	EXP 	trial_slider: markerPos = 0.25555555555555554
3.7760 	EXP 	0: ori = 135
3.7760 	EXP 	1: ori = 135
3.7760 	EXP 	2: ori = 135
3.7760 	EXP 	3: ori = 135
3.7760 	EXP 	4: ori = 135
3.7760 	EXP 	5: ori = 135
3.7760 	EXP 	6: ori = 135
3.7760 	EXP 	7: ori = 135
3.7760 	EXP 	8: ori = 135
3.7760 	EXP 	9: ori = 135
3.7760 	EXP 	trial_slider: markerPos = 0.2657407407407407
3.7998 	EXP 	0: ori = 136
3.7998 	EXP 	1: ori = 136
3.7998 	EXP 	2: ori = 136
3.7998 	EXP 	3: ori = 136
3.7998 	EXP 	4: ori = 136
3.7998 	EXP 	5: ori = 136
3.7998 	EXP 	6: ori = 136
3.7998 	EXP 	7: ori = 136
3.7998 	EXP 	8: ori = 136
3.7998 	EXP 	9: ori = 136
3.7998 	EXP 	trial_slider: markerPos = 0.2787037037037037
3.8283 	EXP 	0: ori = 137
3.8283 	EXP 	1: ori = 137
3.8283 	EXP 	2: ori = 137
3.8283 	EXP 	3: ori = 137
3.8283 	EXP 	4: ori = 137
3.8283 	EXP 	5: ori = 137
3.8283 	EXP 	6: ori = 137
3.8283 	EXP 	7: ori = 137
3.8283 	EXP 	8: ori = 137
3.8283 	EXP 	9: ori = 137
3.8283 	EXP 	trial_slider: markerPos = 0.2925925925925926
3.8621 	EXP 	0: ori = 138
3.8621 	EXP 	1: ori = 138
3.8621 	EXP 	2: ori = 138
3.8621 	EXP 	3: ori = 138
3.8621 	EXP 	4: ori = 138
3.8621 	EXP 	5: ori = 138
3.8621 	EXP 	6: ori = 138
3.8621 	EXP 	7: ori = 138
3.8621 	EXP 	8: ori = 138
3.8621 	EXP 	9: ori = 138
3.8621 	EXP 	trial_slider: markerPos = 0.3037037037037037
3.8977 	EXP 	0: ori = 139
3.8977 	EXP 	1: ori = 139
3.8977 	EXP 	2: ori = 139
3.8977 	EXP 	3: ori = 139
3.8977 	EXP 	4: ori = 139
3.8977 	EXP 	5: ori = 139
3.8977 	EXP 	6: ori = 139
3.8977 	EXP 	7: ori = 139
3.8977 	EXP 	8: ori = 139
3.8977 	EXP 	9: ori = 139
3.8977 	EXP 	trial_slider: markerPos = 0.312037037037037
3.9187 	EXP 	0: ori = 140
3.9187 	EXP 	1: ori = 140
3.9187 	EXP 	2: ori = 140
3.9187 	EXP 	3: ori = 140
3.9187 	EXP 	4: ori = 140
3.9187 	EXP 	5: ori = 140
3.9187 	EXP 	6: ori = 140
3.9187 	EXP 	7: ori = 140
3.9187 	EXP 	8: ori = 140
3.9187 	EXP 	9: ori = 140
3.9187 	EXP 	trial_slider: markerPos = 0.312962962962963
3.9365 	EXP 	0: ori = 141
3.9365 	EXP 	1: ori = 141
3.9365 	EXP 	2: ori = 141
3.9365 	EXP 	3: ori = 141
3.9365 	EXP 	4: ori = 141
3.9365 	EXP 	5: ori = 141
3.9365 	EXP 	6: ori = 141
3.9365 	EXP 	7: ori = 141
3.9365 	EXP 	8: ori = 141
3.9365 	EXP 	9: ori = 141
3.9365 	EXP 	trial_slider: markerPos = 0.312962962962963
3.9539 	DATA 	Mouse:  Left button up, pos=(1718,647)
3.9581 	EXP 	0: ori = 142
3.9581 	EXP 	1: ori = 142
3.9581 	EXP 	2: ori = 142
3.9581 	EXP 	3: ori = 142
3.9581 	EXP 	4: ori = 142
3.9581 	EXP 	5: ori = 142
3.9581 	EXP 	6: ori = 142
3.9581 	EXP 	7: ori = 142
3.9581 	EXP 	8: ori = 142
3.9581 	EXP 	9: ori = 142
3.9581 	EXP 	trial_slider: markerPos = 0.312962962962963
3.9889 	EXP 	0: ori = 143
3.9889 	EXP 	1: ori = 143
3.9889 	EXP 	2: ori = 143
3.9889 	EXP 	3: ori = 143
3.9889 	EXP 	4: ori = 143
3.9889 	EXP 	5: ori = 143
3.9889 	EXP 	6: ori = 143
3.9889 	EXP 	7: ori = 143
3.9889 	EXP 	8: ori = 143
3.9889 	EXP 	9: ori = 143
3.9889 	EXP 	trial_slider: markerPos = 0.312962962962963
4.0145 	EXP 	0: ori = 144
4.0145 	EXP 	1: ori = 144
4.0145 	EXP 	2: ori = 144
4.0145 	EXP 	3: ori = 144
4.0145 	EXP 	4: ori = 144
4.0145 	EXP 	5: ori = 144
4.0145 	EXP 	6: ori = 144
4.0145 	EXP 	7: ori = 144
4.0145 	EXP 	8: ori = 144
4.0145 	EXP 	9: ori = 144
4.0406 	EXP 	0: ori = 145
4.0406 	EXP 	1: ori = 145
4.0406 	EXP 	2: ori = 145
4.0406 	EXP 	3: ori = 145
4.0406 	EXP 	4: ori = 145
4.0406 	EXP 	5: ori = 145
4.0406 	EXP 	6: ori = 145
4.0406 	EXP 	7: ori = 145
4.0406 	EXP 	8: ori = 145
4.0406 	EXP 	9: ori = 145
4.0666 	EXP 	0: ori = 146
4.0666 	EXP 	1: ori = 146
4.0666 	EXP 	2: ori = 146
4.0666 	EXP 	3: ori = 146
4.0666 	EXP 	4: ori = 146
4.0666 	EXP 	5: ori = 146
4.0666 	EXP 	6: ori = 146
4.0666 	EXP 	7: ori = 146
4.0666 	EXP 	8: ori = 146
4.0666 	EXP 	9: ori = 146
4.0921 	EXP 	0: ori = 147
4.0921 	EXP 	1: ori = 147
4.0921 	EXP 	2: ori = 147
4.0921 	EXP 	3: ori = 147
4.0921 	EXP 	4: ori = 147
4.0921 	EXP 	5: ori = 147
4.0921 	EXP 	6: ori = 147
4.0921 	EXP 	7: ori = 147
4.0921 	EXP 	8: ori = 147
4.0921 	EXP 	9: ori = 147
4.1178 	EXP 	0: ori = 148
4.1178 	EXP 	1: ori = 148
4.1178 	EXP 	2: ori = 148
4.1178 	EXP 	3: ori = 148
4.1178 	EXP 	4: ori = 148
4.1178 	EXP 	5: ori = 148
4.1178 	EXP 	6: ori = 148
4.1178 	EXP 	7: ori = 148
4.1178 	EXP 	8: ori = 148
4.1178 	EXP 	9: ori = 148
4.1437 	EXP 	0: ori = 149
4.1437 	EXP 	1: ori = 149
4.1437 	EXP 	2: ori = 149
4.1437 	EXP 	3: ori = 149
4.1437 	EXP 	4: ori = 149
4.1437 	EXP 	5: ori = 149
4.1437 	EXP 	6: ori = 149
4.1437 	EXP 	7: ori = 149
4.1437 	EXP 	8: ori = 149
4.1437 	EXP 	9: ori = 149
4.1691 	EXP 	0: ori = 150
4.1691 	EXP 	1: ori = 150
4.1691 	EXP 	2: ori = 150
4.1691 	EXP 	3: ori = 150
4.1691 	EXP 	4: ori = 150
4.1691 	EXP 	5: ori = 150
4.1691 	EXP 	6: ori = 150
4.1691 	EXP 	7: ori = 150
4.1691 	EXP 	8: ori = 150
4.1691 	EXP 	9: ori = 150
4.1947 	EXP 	0: ori = 151
4.1947 	EXP 	1: ori = 151
4.1947 	EXP 	2: ori = 151
4.1947 	EXP 	3: ori = 151
4.1947 	EXP 	4: ori = 151
4.1947 	EXP 	5: ori = 151
4.1947 	EXP 	6: ori = 151
4.1947 	EXP 	7: ori = 151
4.1947 	EXP 	8: ori = 151
4.1947 	EXP 	9: ori = 151
4.2391 	EXP 	0: ori = 152
4.2391 	EXP 	1: ori = 152
4.2391 	EXP 	2: ori = 152
4.2391 	EXP 	3: ori = 152
4.2391 	EXP 	4: ori = 152
4.2391 	EXP 	5: ori = 152
4.2391 	EXP 	6: ori = 152
4.2391 	EXP 	7: ori = 152
4.2391 	EXP 	8: ori = 152
4.2391 	EXP 	9: ori = 152
4.2699 	EXP 	0: ori = 153
4.2699 	EXP 	1: ori = 153
4.2699 	EXP 	2: ori = 153
4.2699 	EXP 	3: ori = 153
4.2699 	EXP 	4: ori = 153
4.2699 	EXP 	5: ori = 153
4.2699 	EXP 	6: ori = 153
4.2699 	EXP 	7: ori = 153
4.2699 	EXP 	8: ori = 153
4.2699 	EXP 	9: ori = 153
4.2897 	EXP 	0: ori = 154
4.2897 	EXP 	1: ori = 154
4.2897 	EXP 	2: ori = 154
4.2897 	EXP 	3: ori = 154
4.2897 	EXP 	4: ori = 154
4.2897 	EXP 	5: ori = 154
4.2897 	EXP 	6: ori = 154
4.2897 	EXP 	7: ori = 154
4.2897 	EXP 	8: ori = 154
4.2897 	EXP 	9: ori = 154
4.3071 	EXP 	0: ori = 155
4.3071 	EXP 	1: ori = 155
4.3071 	EXP 	2: ori = 155
4.3071 	EXP 	3: ori = 155
4.3071 	EXP 	4: ori = 155
4.3071 	EXP 	5: ori = 155
4.3071 	EXP 	6: ori = 155
4.3071 	EXP 	7: ori = 155
4.3071 	EXP 	8: ori = 155
4.3071 	EXP 	9: ori = 155
4.3233 	EXP 	0: ori = 156
4.3233 	EXP 	1: ori = 156
4.3233 	EXP 	2: ori = 156
4.3233 	EXP 	3: ori = 156
4.3233 	EXP 	4: ori = 156
4.3233 	EXP 	5: ori = 156
4.3233 	EXP 	6: ori = 156
4.3233 	EXP 	7: ori = 156
4.3233 	EXP 	8: ori = 156
4.3233 	EXP 	9: ori = 156
4.3398 	EXP 	0: ori = 157
4.3398 	EXP 	1: ori = 157
4.3398 	EXP 	2: ori = 157
4.3398 	EXP 	3: ori = 157
4.3398 	EXP 	4: ori = 157
4.3398 	EXP 	5: ori = 157
4.3398 	EXP 	6: ori = 157
4.3398 	EXP 	7: ori = 157
4.3398 	EXP 	8: ori = 157
4.3398 	EXP 	9: ori = 157
4.3562 	EXP 	0: ori = 158
4.3562 	EXP 	1: ori = 158
4.3562 	EXP 	2: ori = 158
4.3562 	EXP 	3: ori = 158
4.3562 	EXP 	4: ori = 158
4.3562 	EXP 	5: ori = 158
4.3562 	EXP 	6: ori = 158
4.3562 	EXP 	7: ori = 158
4.3562 	EXP 	8: ori = 158
4.3562 	EXP 	9: ori = 158
4.4119 	EXP 	0: ori = 159
4.4119 	EXP 	1: ori = 159
4.4119 	EXP 	2: ori = 159
4.4119 	EXP 	3: ori = 159
4.4119 	EXP 	4: ori = 159
4.4119 	EXP 	5: ori = 159
4.4119 	EXP 	6: ori = 159
4.4119 	EXP 	7: ori = 159
4.4119 	EXP 	8: ori = 159
4.4119 	EXP 	9: ori = 159
4.4534 	DATA 	Mouse: Left button down, pos=(1719,647)
4.4574 	EXP 	0: ori = 160
4.4574 	EXP 	1: ori = 160
4.4574 	EXP 	2: ori = 160
4.4574 	EXP 	3: ori = 160
4.4574 	EXP 	4: ori = 160
4.4574 	EXP 	5: ori = 160
4.4574 	EXP 	6: ori = 160
4.4574 	EXP 	7: ori = 160
4.4574 	EXP 	8: ori = 160
4.4574 	EXP 	9: ori = 160
4.4889 	EXP 	0: ori = 161
4.4889 	EXP 	1: ori = 161
4.4889 	EXP 	2: ori = 161
4.4889 	EXP 	3: ori = 161
4.4889 	EXP 	4: ori = 161
4.4889 	EXP 	5: ori = 161
4.4889 	EXP 	6: ori = 161
4.4889 	EXP 	7: ori = 161
4.4889 	EXP 	8: ori = 161
4.4889 	EXP 	9: ori = 161
4.4889 	EXP 	trial_slider: markerPos = 0.3138888888888889
4.5211 	EXP 	0: ori = 162
4.5211 	EXP 	1: ori = 162
4.5211 	EXP 	2: ori = 162
4.5211 	EXP 	3: ori = 162
4.5211 	EXP 	4: ori = 162
4.5211 	EXP 	5: ori = 162
4.5211 	EXP 	6: ori = 162
4.5211 	EXP 	7: ori = 162
4.5211 	EXP 	8: ori = 162
4.5211 	EXP 	9: ori = 162
4.5211 	EXP 	trial_slider: markerPos = 0.3111111111111111
4.5565 	EXP 	0: ori = 163
4.5565 	EXP 	1: ori = 163
4.5565 	EXP 	2: ori = 163
4.5565 	EXP 	3: ori = 163
4.5565 	EXP 	4: ori = 163
4.5565 	EXP 	5: ori = 163
4.5565 	EXP 	6: ori = 163
4.5565 	EXP 	7: ori = 163
4.5565 	EXP 	8: ori = 163
4.5565 	EXP 	9: ori = 163
4.5565 	EXP 	trial_slider: markerPos = 0.2935185185185185
4.5815 	EXP 	0: ori = 164
4.5815 	EXP 	1: ori = 164
4.5815 	EXP 	2: ori = 164
4.5815 	EXP 	3: ori = 164
4.5815 	EXP 	4: ori = 164
4.5815 	EXP 	5: ori = 164
4.5815 	EXP 	6: ori = 164
4.5815 	EXP 	7: ori = 164
4.5815 	EXP 	8: ori = 164
4.5815 	EXP 	9: ori = 164
4.5815 	EXP 	trial_slider: markerPos = 0.23703703703703705
4.6039 	DATA 	Mouse:  Left button up, pos=(1585,647)
4.6094 	EXP 	0: ori = 165
4.6094 	EXP 	1: ori = 165
4.6094 	EXP 	2: ori = 165
4.6094 	EXP 	3: ori = 165
4.6094 	EXP 	4: ori = 165
4.6094 	EXP 	5: ori = 165
4.6094 	EXP 	6: ori = 165
4.6094 	EXP 	7: ori = 165
4.6094 	EXP 	8: ori = 165
4.6094 	EXP 	9: ori = 165
4.6094 	EXP 	trial_slider: markerPos = 0.20092592592592595
4.6305 	EXP 	0: ori = 166
4.6305 	EXP 	1: ori = 166
4.6305 	EXP 	2: ori = 166
4.6305 	EXP 	3: ori = 166
4.6305 	EXP 	4: ori = 166
4.6305 	EXP 	5: ori = 166
4.6305 	EXP 	6: ori = 166
4.6305 	EXP 	7: ori = 166
4.6305 	EXP 	8: ori = 166
4.6305 	EXP 	9: ori = 166
4.6305 	EXP 	trial_slider: markerPos = 0.20092592592592595
4.6473 	EXP 	0: ori = 167
4.6473 	EXP 	1: ori = 167
4.6473 	EXP 	2: ori = 167
4.6473 	EXP 	3: ori = 167
4.6473 	EXP 	4: ori = 167
4.6473 	EXP 	5: ori = 167
4.6473 	EXP 	6: ori = 167
4.6473 	EXP 	7: ori = 167
4.6473 	EXP 	8: ori = 167
4.6473 	EXP 	9: ori = 167
4.6674 	EXP 	0: ori = 168
4.6674 	EXP 	1: ori = 168
4.6674 	EXP 	2: ori = 168
4.6674 	EXP 	3: ori = 168
4.6674 	EXP 	4: ori = 168
4.6674 	EXP 	5: ori = 168
4.6674 	EXP 	6: ori = 168
4.6674 	EXP 	7: ori = 168
4.6674 	EXP 	8: ori = 168
4.6674 	EXP 	9: ori = 168
4.6947 	EXP 	0: ori = 169
4.6947 	EXP 	1: ori = 169
4.6947 	EXP 	2: ori = 169
4.6947 	EXP 	3: ori = 169
4.6947 	EXP 	4: ori = 169
4.6947 	EXP 	5: ori = 169
4.6947 	EXP 	6: ori = 169
4.6947 	EXP 	7: ori = 169
4.6947 	EXP 	8: ori = 169
4.6947 	EXP 	9: ori = 169
4.7197 	EXP 	0: ori = 170
4.7197 	EXP 	1: ori = 170
4.7197 	EXP 	2: ori = 170
4.7197 	EXP 	3: ori = 170
4.7197 	EXP 	4: ori = 170
4.7197 	EXP 	5: ori = 170
4.7197 	EXP 	6: ori = 170
4.7197 	EXP 	7: ori = 170
4.7197 	EXP 	8: ori = 170
4.7197 	EXP 	9: ori = 170
4.7426 	EXP 	0: ori = 171
4.7426 	EXP 	1: ori = 171
4.7426 	EXP 	2: ori = 171
4.7426 	EXP 	3: ori = 171
4.7426 	EXP 	4: ori = 171
4.7426 	EXP 	5: ori = 171
4.7426 	EXP 	6: ori = 171
4.7426 	EXP 	7: ori = 171
4.7426 	EXP 	8: ori = 171
4.7426 	EXP 	9: ori = 171
4.7628 	EXP 	0: ori = 172
4.7628 	EXP 	1: ori = 172
4.7628 	EXP 	2: ori = 172
4.7628 	EXP 	3: ori = 172
4.7628 	EXP 	4: ori = 172
4.7628 	EXP 	5: ori = 172
4.7628 	EXP 	6: ori = 172
4.7628 	EXP 	7: ori = 172
4.7628 	EXP 	8: ori = 172
4.7628 	EXP 	9: ori = 172
4.7847 	EXP 	0: ori = 173
4.7847 	EXP 	1: ori = 173
4.7847 	EXP 	2: ori = 173
4.7847 	EXP 	3: ori = 173
4.7847 	EXP 	4: ori = 173
4.7847 	EXP 	5: ori = 173
4.7847 	EXP 	6: ori = 173
4.7847 	EXP 	7: ori = 173
4.7847 	EXP 	8: ori = 173
4.7847 	EXP 	9: ori = 173
4.8147 	EXP 	0: ori = 174
4.8147 	EXP 	1: ori = 174
4.8147 	EXP 	2: ori = 174
4.8147 	EXP 	3: ori = 174
4.8147 	EXP 	4: ori = 174
4.8147 	EXP 	5: ori = 174
4.8147 	EXP 	6: ori = 174
4.8147 	EXP 	7: ori = 174
4.8147 	EXP 	8: ori = 174
4.8147 	EXP 	9: ori = 174
4.8339 	EXP 	0: ori = 175
4.8339 	EXP 	1: ori = 175
4.8339 	EXP 	2: ori = 175
4.8339 	EXP 	3: ori = 175
4.8339 	EXP 	4: ori = 175
4.8339 	EXP 	5: ori = 175
4.8339 	EXP 	6: ori = 175
4.8339 	EXP 	7: ori = 175
4.8339 	EXP 	8: ori = 175
4.8339 	EXP 	9: ori = 175
4.8527 	EXP 	0: ori = 176
4.8527 	EXP 	1: ori = 176
4.8527 	EXP 	2: ori = 176
4.8527 	EXP 	3: ori = 176
4.8527 	EXP 	4: ori = 176
4.8527 	EXP 	5: ori = 176
4.8527 	EXP 	6: ori = 176
4.8527 	EXP 	7: ori = 176
4.8527 	EXP 	8: ori = 176
4.8527 	EXP 	9: ori = 176
4.8749 	EXP 	0: ori = 177
4.8749 	EXP 	1: ori = 177
4.8749 	EXP 	2: ori = 177
4.8749 	EXP 	3: ori = 177
4.8749 	EXP 	4: ori = 177
4.8749 	EXP 	5: ori = 177
4.8749 	EXP 	6: ori = 177
4.8749 	EXP 	7: ori = 177
4.8749 	EXP 	8: ori = 177
4.8749 	EXP 	9: ori = 177
4.8946 	EXP 	0: ori = 178
4.8946 	EXP 	1: ori = 178
4.8946 	EXP 	2: ori = 178
4.8946 	EXP 	3: ori = 178
4.8946 	EXP 	4: ori = 178
4.8946 	EXP 	5: ori = 178
4.8946 	EXP 	6: ori = 178
4.8946 	EXP 	7: ori = 178
4.8946 	EXP 	8: ori = 178
4.8946 	EXP 	9: ori = 178
4.9149 	EXP 	0: ori = 179
4.9149 	EXP 	1: ori = 179
4.9149 	EXP 	2: ori = 179
4.9149 	EXP 	3: ori = 179
4.9149 	EXP 	4: ori = 179
4.9149 	EXP 	5: ori = 179
4.9149 	EXP 	6: ori = 179
4.9149 	EXP 	7: ori = 179
4.9149 	EXP 	8: ori = 179
4.9149 	EXP 	9: ori = 179
4.9356 	EXP 	0: ori = 180
4.9356 	EXP 	1: ori = 180
4.9356 	EXP 	2: ori = 180
4.9356 	EXP 	3: ori = 180
4.9356 	EXP 	4: ori = 180
4.9356 	EXP 	5: ori = 180
4.9356 	EXP 	6: ori = 180
4.9356 	EXP 	7: ori = 180
4.9356 	EXP 	8: ori = 180
4.9356 	EXP 	9: ori = 180
4.9571 	EXP 	0: ori = 181
4.9571 	EXP 	1: ori = 181
4.9571 	EXP 	2: ori = 181
4.9571 	EXP 	3: ori = 181
4.9571 	EXP 	4: ori = 181
4.9571 	EXP 	5: ori = 181
4.9571 	EXP 	6: ori = 181
4.9571 	EXP 	7: ori = 181
4.9571 	EXP 	8: ori = 181
4.9571 	EXP 	9: ori = 181
4.9749 	EXP 	0: ori = 182
4.9749 	EXP 	1: ori = 182
4.9749 	EXP 	2: ori = 182
4.9749 	EXP 	3: ori = 182
4.9749 	EXP 	4: ori = 182
4.9749 	EXP 	5: ori = 182
4.9749 	EXP 	6: ori = 182
4.9749 	EXP 	7: ori = 182
4.9749 	EXP 	8: ori = 182
4.9749 	EXP 	9: ori = 182
4.9954 	EXP 	0: ori = 183
4.9954 	EXP 	1: ori = 183
4.9954 	EXP 	2: ori = 183
4.9954 	EXP 	3: ori = 183
4.9954 	EXP 	4: ori = 183
4.9954 	EXP 	5: ori = 183
4.9954 	EXP 	6: ori = 183
4.9954 	EXP 	7: ori = 183
4.9954 	EXP 	8: ori = 183
4.9954 	EXP 	9: ori = 183
5.0169 	EXP 	0: ori = 184
5.0169 	EXP 	1: ori = 184
5.0169 	EXP 	2: ori = 184
5.0169 	EXP 	3: ori = 184
5.0169 	EXP 	4: ori = 184
5.0169 	EXP 	5: ori = 184
5.0169 	EXP 	6: ori = 184
5.0169 	EXP 	7: ori = 184
5.0169 	EXP 	8: ori = 184
5.0169 	EXP 	9: ori = 184
5.0362 	EXP 	0: ori = 185
5.0362 	EXP 	1: ori = 185
5.0362 	EXP 	2: ori = 185
5.0362 	EXP 	3: ori = 185
5.0362 	EXP 	4: ori = 185
5.0362 	EXP 	5: ori = 185
5.0362 	EXP 	6: ori = 185
5.0362 	EXP 	7: ori = 185
5.0362 	EXP 	8: ori = 185
5.0362 	EXP 	9: ori = 185
5.0575 	EXP 	0: ori = 186
5.0575 	EXP 	1: ori = 186
5.0575 	EXP 	2: ori = 186
5.0575 	EXP 	3: ori = 186
5.0575 	EXP 	4: ori = 186
5.0575 	EXP 	5: ori = 186
5.0575 	EXP 	6: ori = 186
5.0575 	EXP 	7: ori = 186
5.0575 	EXP 	8: ori = 186
5.0575 	EXP 	9: ori = 186
5.0764 	EXP 	0: ori = 187
5.0764 	EXP 	1: ori = 187
5.0764 	EXP 	2: ori = 187
5.0764 	EXP 	3: ori = 187
5.0764 	EXP 	4: ori = 187
5.0764 	EXP 	5: ori = 187
5.0764 	EXP 	6: ori = 187
5.0764 	EXP 	7: ori = 187
5.0764 	EXP 	8: ori = 187
5.0764 	EXP 	9: ori = 187
5.0918 	EXP 	0: ori = 188
5.0918 	EXP 	1: ori = 188
5.0918 	EXP 	2: ori = 188
5.0918 	EXP 	3: ori = 188
5.0918 	EXP 	4: ori = 188
5.0918 	EXP 	5: ori = 188
5.0918 	EXP 	6: ori = 188
5.0918 	EXP 	7: ori = 188
5.0918 	EXP 	8: ori = 188
5.0918 	EXP 	9: ori = 188
5.1085 	EXP 	0: ori = 189
5.1085 	EXP 	1: ori = 189
5.1085 	EXP 	2: ori = 189
5.1085 	EXP 	3: ori = 189
5.1085 	EXP 	4: ori = 189
5.1085 	EXP 	5: ori = 189
5.1085 	EXP 	6: ori = 189
5.1085 	EXP 	7: ori = 189
5.1085 	EXP 	8: ori = 189
5.1085 	EXP 	9: ori = 189
5.1291 	EXP 	0: ori = 190
5.1291 	EXP 	1: ori = 190
5.1291 	EXP 	2: ori = 190
5.1291 	EXP 	3: ori = 190
5.1291 	EXP 	4: ori = 190
5.1291 	EXP 	5: ori = 190
5.1291 	EXP 	6: ori = 190
5.1291 	EXP 	7: ori = 190
5.1291 	EXP 	8: ori = 190
5.1291 	EXP 	9: ori = 190
5.1544 	EXP 	0: ori = 191
5.1544 	EXP 	1: ori = 191
5.1544 	EXP 	2: ori = 191
5.1544 	EXP 	3: ori = 191
5.1544 	EXP 	4: ori = 191
5.1544 	EXP 	5: ori = 191
5.1544 	EXP 	6: ori = 191
5.1544 	EXP 	7: ori = 191
5.1544 	EXP 	8: ori = 191
5.1544 	EXP 	9: ori = 191
5.1893 	EXP 	0: ori = 192
5.1893 	EXP 	1: ori = 192
5.1893 	EXP 	2: ori = 192
5.1893 	EXP 	3: ori = 192
5.1893 	EXP 	4: ori = 192
5.1893 	EXP 	5: ori = 192
5.1893 	EXP 	6: ori = 192
5.1893 	EXP 	7: ori = 192
5.1893 	EXP 	8: ori = 192
5.1893 	EXP 	9: ori = 192
5.2258 	EXP 	0: ori = 193
5.2258 	EXP 	1: ori = 193
5.2258 	EXP 	2: ori = 193
5.2258 	EXP 	3: ori = 193
5.2258 	EXP 	4: ori = 193
5.2258 	EXP 	5: ori = 193
5.2258 	EXP 	6: ori = 193
5.2258 	EXP 	7: ori = 193
5.2258 	EXP 	8: ori = 193
5.2258 	EXP 	9: ori = 193
5.2609 	EXP 	0: ori = 194
5.2609 	EXP 	1: ori = 194
5.2609 	EXP 	2: ori = 194
5.2609 	EXP 	3: ori = 194
5.2609 	EXP 	4: ori = 194
5.2609 	EXP 	5: ori = 194
5.2609 	EXP 	6: ori = 194
5.2609 	EXP 	7: ori = 194
5.2609 	EXP 	8: ori = 194
5.2609 	EXP 	9: ori = 194
5.2990 	EXP 	0: ori = 195
5.2990 	EXP 	1: ori = 195
5.2990 	EXP 	2: ori = 195
5.2990 	EXP 	3: ori = 195
5.2990 	EXP 	4: ori = 195
5.2990 	EXP 	5: ori = 195
5.2990 	EXP 	6: ori = 195
5.2990 	EXP 	7: ori = 195
5.2990 	EXP 	8: ori = 195
5.2990 	EXP 	9: ori = 195
5.3371 	EXP 	0: ori = 196
5.3371 	EXP 	1: ori = 196
5.3371 	EXP 	2: ori = 196
5.3371 	EXP 	3: ori = 196
5.3371 	EXP 	4: ori = 196
5.3371 	EXP 	5: ori = 196
5.3371 	EXP 	6: ori = 196
5.3371 	EXP 	7: ori = 196
5.3371 	EXP 	8: ori = 196
5.3371 	EXP 	9: ori = 196
5.3721 	EXP 	0: ori = 197
5.3721 	EXP 	1: ori = 197
5.3721 	EXP 	2: ori = 197
5.3721 	EXP 	3: ori = 197
5.3721 	EXP 	4: ori = 197
5.3721 	EXP 	5: ori = 197
5.3721 	EXP 	6: ori = 197
5.3721 	EXP 	7: ori = 197
5.3721 	EXP 	8: ori = 197
5.3721 	EXP 	9: ori = 197
5.4077 	EXP 	0: ori = 198
5.4077 	EXP 	1: ori = 198
5.4077 	EXP 	2: ori = 198
5.4077 	EXP 	3: ori = 198
5.4077 	EXP 	4: ori = 198
5.4077 	EXP 	5: ori = 198
5.4077 	EXP 	6: ori = 198
5.4077 	EXP 	7: ori = 198
5.4077 	EXP 	8: ori = 198
5.4077 	EXP 	9: ori = 198
5.4431 	EXP 	0: ori = 199
5.4431 	EXP 	1: ori = 199
5.4431 	EXP 	2: ori = 199
5.4431 	EXP 	3: ori = 199
5.4431 	EXP 	4: ori = 199
5.4431 	EXP 	5: ori = 199
5.4431 	EXP 	6: ori = 199
5.4431 	EXP 	7: ori = 199
5.4431 	EXP 	8: ori = 199
5.4431 	EXP 	9: ori = 199
5.4780 	EXP 	0: ori = 200
5.4780 	EXP 	1: ori = 200
5.4780 	EXP 	2: ori = 200
5.4780 	EXP 	3: ori = 200
5.4780 	EXP 	4: ori = 200
5.4780 	EXP 	5: ori = 200
5.4780 	EXP 	6: ori = 200
5.4780 	EXP 	7: ori = 200
5.4780 	EXP 	8: ori = 200
5.4780 	EXP 	9: ori = 200
5.5135 	EXP 	0: ori = 201
5.5135 	EXP 	1: ori = 201
5.5135 	EXP 	2: ori = 201
5.5135 	EXP 	3: ori = 201
5.5135 	EXP 	4: ori = 201
5.5135 	EXP 	5: ori = 201
5.5135 	EXP 	6: ori = 201
5.5135 	EXP 	7: ori = 201
5.5135 	EXP 	8: ori = 201
5.5135 	EXP 	9: ori = 201
5.5416 	EXP 	0: ori = 202
5.5416 	EXP 	1: ori = 202
5.5416 	EXP 	2: ori = 202
5.5416 	EXP 	3: ori = 202
5.5416 	EXP 	4: ori = 202
5.5416 	EXP 	5: ori = 202
5.5416 	EXP 	6: ori = 202
5.5416 	EXP 	7: ori = 202
5.5416 	EXP 	8: ori = 202
5.5416 	EXP 	9: ori = 202
5.5696 	EXP 	0: ori = 203
5.5696 	EXP 	1: ori = 203
5.5696 	EXP 	2: ori = 203
5.5696 	EXP 	3: ori = 203
5.5696 	EXP 	4: ori = 203
5.5696 	EXP 	5: ori = 203
5.5696 	EXP 	6: ori = 203
5.5696 	EXP 	7: ori = 203
5.5696 	EXP 	8: ori = 203
5.5696 	EXP 	9: ori = 203
5.5753 	DATA 	Mouse: Left button down, pos=(3097,193)
5.5896 	EXP 	0: ori = 204
5.5896 	EXP 	1: ori = 204
5.5896 	EXP 	2: ori = 204
5.5896 	EXP 	3: ori = 204
5.5896 	EXP 	4: ori = 204
5.5896 	EXP 	5: ori = 204
5.5896 	EXP 	6: ori = 204
5.5896 	EXP 	7: ori = 204
5.5896 	EXP 	8: ori = 204
5.5896 	EXP 	9: ori = 204
5.7421 	EXP 	New trial (rep=1, index=0): None
5.7537 	DATA 	Mouse:  Left button up, pos=(3097,193)
5.7796 	EXP 	0: ori = 205
5.7796 	EXP 	1: ori = 205
5.7796 	EXP 	2: ori = 205
5.7796 	EXP 	3: ori = 205
5.7796 	EXP 	4: ori = 205
5.7796 	EXP 	5: ori = 205
5.7796 	EXP 	6: ori = 205
5.7796 	EXP 	7: ori = 205
5.7796 	EXP 	8: ori = 205
5.7796 	EXP 	9: ori = 205
5.7796 	EXP 	trial_slider: autoDraw = False
5.7796 	EXP 	trial_textbox: autoDraw = False
5.7796 	EXP 	trial_reset: autoDraw = False
5.7796 	EXP 	trial_reset_text: autoDraw = False
5.7796 	EXP 	trial_slider: markerPos = None
5.7796 	EXP 	trial_slider: markerPos = 0
5.7796 	EXP 	0: ori = 206
5.7796 	EXP 	1: ori = 206
5.7796 	EXP 	2: ori = 206
5.7796 	EXP 	3: ori = 206
5.7796 	EXP 	4: ori = 206
5.7796 	EXP 	5: ori = 206
5.7796 	EXP 	6: ori = 206
5.7796 	EXP 	7: ori = 206
5.7796 	EXP 	8: ori = 206
5.7796 	EXP 	9: ori = 206
5.7796 	EXP 	trial_slider: autoDraw = True
5.7796 	EXP 	trial_textbox: autoDraw = True
5.7796 	EXP 	trial_reset: autoDraw = True
5.7796 	EXP 	trial_reset_text: autoDraw = True
5.8000 	EXP 	0: ori = 207
5.8000 	EXP 	1: ori = 207
5.8000 	EXP 	2: ori = 207
5.8000 	EXP 	3: ori = 207
5.8000 	EXP 	4: ori = 207
5.8000 	EXP 	5: ori = 207
5.8000 	EXP 	6: ori = 207
5.8000 	EXP 	7: ori = 207
5.8000 	EXP 	8: ori = 207
5.8000 	EXP 	9: ori = 207
5.8197 	EXP 	0: ori = 208
5.8197 	EXP 	1: ori = 208
5.8197 	EXP 	2: ori = 208
5.8197 	EXP 	3: ori = 208
5.8197 	EXP 	4: ori = 208
5.8197 	EXP 	5: ori = 208
5.8197 	EXP 	6: ori = 208
5.8197 	EXP 	7: ori = 208
5.8197 	EXP 	8: ori = 208
5.8197 	EXP 	9: ori = 208
5.8396 	EXP 	0: ori = 209
5.8396 	EXP 	1: ori = 209
5.8396 	EXP 	2: ori = 209
5.8396 	EXP 	3: ori = 209
5.8396 	EXP 	4: ori = 209
5.8396 	EXP 	5: ori = 209
5.8396 	EXP 	6: ori = 209
5.8396 	EXP 	7: ori = 209
5.8396 	EXP 	8: ori = 209
5.8396 	EXP 	9: ori = 209
5.8591 	EXP 	0: ori = 210
5.8591 	EXP 	1: ori = 210
5.8591 	EXP 	2: ori = 210
5.8591 	EXP 	3: ori = 210
5.8591 	EXP 	4: ori = 210
5.8591 	EXP 	5: ori = 210
5.8591 	EXP 	6: ori = 210
5.8591 	EXP 	7: ori = 210
5.8591 	EXP 	8: ori = 210
5.8591 	EXP 	9: ori = 210
5.8823 	EXP 	0: ori = 211
5.8823 	EXP 	1: ori = 211
5.8823 	EXP 	2: ori = 211
5.8823 	EXP 	3: ori = 211
5.8823 	EXP 	4: ori = 211
5.8823 	EXP 	5: ori = 211
5.8823 	EXP 	6: ori = 211
5.8823 	EXP 	7: ori = 211
5.8823 	EXP 	8: ori = 211
5.8823 	EXP 	9: ori = 211
5.9023 	EXP 	0: ori = 212
5.9023 	EXP 	1: ori = 212
5.9023 	EXP 	2: ori = 212
5.9023 	EXP 	3: ori = 212
5.9023 	EXP 	4: ori = 212
5.9023 	EXP 	5: ori = 212
5.9023 	EXP 	6: ori = 212
5.9023 	EXP 	7: ori = 212
5.9023 	EXP 	8: ori = 212
5.9023 	EXP 	9: ori = 212
5.9204 	EXP 	0: ori = 213
5.9204 	EXP 	1: ori = 213
5.9204 	EXP 	2: ori = 213
5.9204 	EXP 	3: ori = 213
5.9204 	EXP 	4: ori = 213
5.9204 	EXP 	5: ori = 213
5.9204 	EXP 	6: ori = 213
5.9204 	EXP 	7: ori = 213
5.9204 	EXP 	8: ori = 213
5.9204 	EXP 	9: ori = 213
5.9410 	EXP 	0: ori = 214
5.9410 	EXP 	1: ori = 214
5.9410 	EXP 	2: ori = 214
5.9410 	EXP 	3: ori = 214
5.9410 	EXP 	4: ori = 214
5.9410 	EXP 	5: ori = 214
5.9410 	EXP 	6: ori = 214
5.9410 	EXP 	7: ori = 214
5.9410 	EXP 	8: ori = 214
5.9410 	EXP 	9: ori = 214
5.9652 	EXP 	0: ori = 215
5.9652 	EXP 	1: ori = 215
5.9652 	EXP 	2: ori = 215
5.9652 	EXP 	3: ori = 215
5.9652 	EXP 	4: ori = 215
5.9652 	EXP 	5: ori = 215
5.9652 	EXP 	6: ori = 215
5.9652 	EXP 	7: ori = 215
5.9652 	EXP 	8: ori = 215
5.9652 	EXP 	9: ori = 215
5.9855 	EXP 	0: ori = 216
5.9855 	EXP 	1: ori = 216
5.9855 	EXP 	2: ori = 216
5.9855 	EXP 	3: ori = 216
5.9855 	EXP 	4: ori = 216
5.9855 	EXP 	5: ori = 216
5.9855 	EXP 	6: ori = 216
5.9855 	EXP 	7: ori = 216
5.9855 	EXP 	8: ori = 216
5.9855 	EXP 	9: ori = 216
6.0121 	EXP 	0: ori = 217
6.0121 	EXP 	1: ori = 217
6.0121 	EXP 	2: ori = 217
6.0121 	EXP 	3: ori = 217
6.0121 	EXP 	4: ori = 217
6.0121 	EXP 	5: ori = 217
6.0121 	EXP 	6: ori = 217
6.0121 	EXP 	7: ori = 217
6.0121 	EXP 	8: ori = 217
6.0121 	EXP 	9: ori = 217
6.0339 	EXP 	0: ori = 218
6.0339 	EXP 	1: ori = 218
6.0339 	EXP 	2: ori = 218
6.0339 	EXP 	3: ori = 218
6.0339 	EXP 	4: ori = 218
6.0339 	EXP 	5: ori = 218
6.0339 	EXP 	6: ori = 218
6.0339 	EXP 	7: ori = 218
6.0339 	EXP 	8: ori = 218
6.0339 	EXP 	9: ori = 218
6.0554 	EXP 	0: ori = 219
6.0554 	EXP 	1: ori = 219
6.0554 	EXP 	2: ori = 219
6.0554 	EXP 	3: ori = 219
6.0554 	EXP 	4: ori = 219
6.0554 	EXP 	5: ori = 219
6.0554 	EXP 	6: ori = 219
6.0554 	EXP 	7: ori = 219
6.0554 	EXP 	8: ori = 219
6.0554 	EXP 	9: ori = 219
6.0738 	EXP 	0: ori = 220
6.0738 	EXP 	1: ori = 220
6.0738 	EXP 	2: ori = 220
6.0738 	EXP 	3: ori = 220
6.0738 	EXP 	4: ori = 220
6.0738 	EXP 	5: ori = 220
6.0738 	EXP 	6: ori = 220
6.0738 	EXP 	7: ori = 220
6.0738 	EXP 	8: ori = 220
6.0738 	EXP 	9: ori = 220
6.0968 	EXP 	0: ori = 221
6.0968 	EXP 	1: ori = 221
6.0968 	EXP 	2: ori = 221
6.0968 	EXP 	3: ori = 221
6.0968 	EXP 	4: ori = 221
6.0968 	EXP 	5: ori = 221
6.0968 	EXP 	6: ori = 221
6.0968 	EXP 	7: ori = 221
6.0968 	EXP 	8: ori = 221
6.0968 	EXP 	9: ori = 221
6.1294 	EXP 	0: ori = 222
6.1294 	EXP 	1: ori = 222
6.1294 	EXP 	2: ori = 222
6.1294 	EXP 	3: ori = 222
6.1294 	EXP 	4: ori = 222
6.1294 	EXP 	5: ori = 222
6.1294 	EXP 	6: ori = 222
6.1294 	EXP 	7: ori = 222
6.1294 	EXP 	8: ori = 222
6.1294 	EXP 	9: ori = 222
6.1857 	EXP 	0: ori = 223
6.1857 	EXP 	1: ori = 223
6.1857 	EXP 	2: ori = 223
6.1857 	EXP 	3: ori = 223
6.1857 	EXP 	4: ori = 223
6.1857 	EXP 	5: ori = 223
6.1857 	EXP 	6: ori = 223
6.1857 	EXP 	7: ori = 223
6.1857 	EXP 	8: ori = 223
6.1857 	EXP 	9: ori = 223
6.2028 	EXP 	0: ori = 224
6.2028 	EXP 	1: ori = 224
6.2028 	EXP 	2: ori = 224
6.2028 	EXP 	3: ori = 224
6.2028 	EXP 	4: ori = 224
6.2028 	EXP 	5: ori = 224
6.2028 	EXP 	6: ori = 224
6.2028 	EXP 	7: ori = 224
6.2028 	EXP 	8: ori = 224
6.2028 	EXP 	9: ori = 224
6.2206 	EXP 	0: ori = 225
6.2206 	EXP 	1: ori = 225
6.2206 	EXP 	2: ori = 225
6.2206 	EXP 	3: ori = 225
6.2206 	EXP 	4: ori = 225
6.2206 	EXP 	5: ori = 225
6.2206 	EXP 	6: ori = 225
6.2206 	EXP 	7: ori = 225
6.2206 	EXP 	8: ori = 225
6.2206 	EXP 	9: ori = 225
6.2391 	EXP 	0: ori = 226
6.2391 	EXP 	1: ori = 226
6.2391 	EXP 	2: ori = 226
6.2391 	EXP 	3: ori = 226
6.2391 	EXP 	4: ori = 226
6.2391 	EXP 	5: ori = 226
6.2391 	EXP 	6: ori = 226
6.2391 	EXP 	7: ori = 226
6.2391 	EXP 	8: ori = 226
6.2391 	EXP 	9: ori = 226
6.2556 	EXP 	0: ori = 227
6.2556 	EXP 	1: ori = 227
6.2556 	EXP 	2: ori = 227
6.2556 	EXP 	3: ori = 227
6.2556 	EXP 	4: ori = 227
6.2556 	EXP 	5: ori = 227
6.2556 	EXP 	6: ori = 227
6.2556 	EXP 	7: ori = 227
6.2556 	EXP 	8: ori = 227
6.2556 	EXP 	9: ori = 227
6.2731 	EXP 	0: ori = 228
6.2731 	EXP 	1: ori = 228
6.2731 	EXP 	2: ori = 228
6.2731 	EXP 	3: ori = 228
6.2731 	EXP 	4: ori = 228
6.2731 	EXP 	5: ori = 228
6.2731 	EXP 	6: ori = 228
6.2731 	EXP 	7: ori = 228
6.2731 	EXP 	8: ori = 228
6.2731 	EXP 	9: ori = 228
6.2879 	DATA 	Keypress: escape
6.2912 	EXP 	0: ori = 229
6.2912 	EXP 	1: ori = 229
6.2912 	EXP 	2: ori = 229
6.2912 	EXP 	3: ori = 229
6.2912 	EXP 	4: ori = 229
6.2912 	EXP 	5: ori = 229
6.2912 	EXP 	6: ori = 229
6.2912 	EXP 	7: ori = 229
6.2912 	EXP 	8: ori = 229
6.2912 	EXP 	9: ori = 229
6.3146 	EXP 	0: ori = 230
6.3146 	EXP 	1: ori = 230
6.3146 	EXP 	2: ori = 230
6.3146 	EXP 	3: ori = 230
6.3146 	EXP 	4: ori = 230
6.3146 	EXP 	5: ori = 230
6.3146 	EXP 	6: ori = 230
6.3146 	EXP 	7: ori = 230
6.3146 	EXP 	8: ori = 230
6.3146 	EXP 	9: ori = 230
6.3484 	EXP 	0: ori = 231
6.3484 	EXP 	1: ori = 231
6.3484 	EXP 	2: ori = 231
6.3484 	EXP 	3: ori = 231
6.3484 	EXP 	4: ori = 231
6.3484 	EXP 	5: ori = 231
6.3484 	EXP 	6: ori = 231
6.3484 	EXP 	7: ori = 231
6.3484 	EXP 	8: ori = 231
6.3484 	EXP 	9: ori = 231
6.3710 	EXP 	0: ori = 232
6.3710 	EXP 	1: ori = 232
6.3710 	EXP 	2: ori = 232
6.3710 	EXP 	3: ori = 232
6.3710 	EXP 	4: ori = 232
6.3710 	EXP 	5: ori = 232
6.3710 	EXP 	6: ori = 232
6.3710 	EXP 	7: ori = 232
6.3710 	EXP 	8: ori = 232
6.3710 	EXP 	9: ori = 232
6.3945 	EXP 	0: ori = 233
6.3945 	EXP 	1: ori = 233
6.3945 	EXP 	2: ori = 233
6.3945 	EXP 	3: ori = 233
6.3945 	EXP 	4: ori = 233
6.3945 	EXP 	5: ori = 233
6.3945 	EXP 	6: ori = 233
6.3945 	EXP 	7: ori = 233
6.3945 	EXP 	8: ori = 233
6.3945 	EXP 	9: ori = 233
6.4170 	EXP 	0: ori = 234
6.4170 	EXP 	1: ori = 234
6.4170 	EXP 	2: ori = 234
6.4170 	EXP 	3: ori = 234
6.4170 	EXP 	4: ori = 234
6.4170 	EXP 	5: ori = 234
6.4170 	EXP 	6: ori = 234
6.4170 	EXP 	7: ori = 234
6.4170 	EXP 	8: ori = 234
6.4170 	EXP 	9: ori = 234
6.4199 	EXP 	coding: status = STOPPED
6.4273 	EXP 	0: ori = 235
6.4273 	EXP 	1: ori = 235
6.4273 	EXP 	2: ori = 235
6.4273 	EXP 	3: ori = 235
6.4273 	EXP 	4: ori = 235
6.4273 	EXP 	5: ori = 235
6.4273 	EXP 	6: ori = 235
6.4273 	EXP 	7: ori = 235
6.4273 	EXP 	8: ori = 235
6.4273 	EXP 	9: ori = 235
6.4273 	EXP 	trial_slider: autoDraw = False
6.4273 	EXP 	trial_textbox: autoDraw = False
6.4273 	EXP 	0: autoDraw = False
6.4273 	EXP 	1: autoDraw = False
6.4273 	EXP 	2: autoDraw = False
6.4273 	EXP 	3: autoDraw = False
6.4273 	EXP 	4: autoDraw = False
6.4273 	EXP 	5: autoDraw = False
6.4273 	EXP 	6: autoDraw = False
6.4273 	EXP 	7: autoDraw = False
6.4273 	EXP 	8: autoDraw = False
6.4273 	EXP 	9: autoDraw = False
6.4273 	EXP 	trial_reset: autoDraw = False
6.4273 	EXP 	trial_reset_text: autoDraw = False
6.4275 	EXP 	coding: status = STOPPED
8.8026 	EXP 	window1: mouseVisible = True
