4.3318 	WARNING 	C:\Users\andre\AppData\Roaming\psychopy3\fonts\Times.truetype doesn't have valid font family name
4.4411 	WARNING 	C:\Users\andre\AppData\Roaming\psychopy3\fonts\Times.truetype doesn't have valid font family name
6.6676 	WARNING 	User requested fullscreen with size [1920 1080], but screen is actually [3840, 2160]. Using actual size
8.1234 	EXP 	Created window1 = Window(allowGUI=True, allowStencil=True, autoLog=True, backendConf=UNKNOWN, backgroundFit=<method-wrapper '__getattribute__' of attributeSetter object at 0x0000024AADF67CD0>, backgroundImage=<method-wrapper '__getattribute__' of attributeSetter object at 0x0000024AADF67C70>, bitsMode=UNKNOWN, blendMode='avg', bpc=(8, 8, 8), color=array([-1, -1, -1]), colorSpace='rgb', depthBits=8, fullscr=<method-wrapper '__getattribute__' of attributeSetter object at 0x0000024AADF67AF0>, gamma=None, gammaErrorPolicy='raise', lms=UNKNOWN, monitor=<psychopy.monitors.calibTools.Monitor object at 0x0000024AAE405A30>, multiSample=False, name='window1', numSamples=2, pos=(0, 0), screen=0, size=array([3840, 2160]), stencilBits=8, stereo=False, title='PsychoPy', units='height', useFBO=True, useRetina=False, viewOri=0.0, viewPos=None, viewScale=None, waitBlanking=True, winType='pyglet')
8.1235 	EXP 	window1: mouseVisible = True
8.1235 	EXP 	window1: backgroundImage = ''
8.1235 	EXP 	window1: backgroundFit = 'none'
8.1249 	EXP 	window1: Attempting to measure frame rate of screen (0) ...
8.1249 	EXP 	window1: recordFrameIntervals = False
8.4562 	EXP 	window1: recordFrameIntervals = True
8.8238 	EXP 	Screen (0) actual frame rate measured at 29.92Hz
8.8238 	EXP 	window1: recordFrameIntervals = False
8.8239 	EXP 	window1: mouseVisible = False
11.2800 	EXP 	template: status = STARTED
11.2812 	EXP 	window1: mouseVisible = True
11.2948 	EXP 	Created 0 = ShapeStim(__class__=<class 'psychopy.visual.shape.ShapeStim'>, anchor=('center', 'center'), autoDraw=False, autoLog=True, closeShape=True, color=method-wrapper(...), colorSpace='rgb', contrast=None, depth=-6.0, draggable=False, fillColor=array([1, 1, 1]), fillColorSpace='rgb', fillRGB=array([1, 1, 1]), interpolate=True, lineColor=array([1., 1., 1.]), lineColorSpace='rgb', lineRGB=array([1, 1, 1]), lineWidth=1.0, name='0', opacity=1.0, ori=0.0, pos=array([0., 0.]), size=array([0.05, 0.05]), units='height', vertices=ndarray(...), win=Window(...), windingRule=None)
11.2949 	EXP 	window1: mouseVisible = True
11.2980 	EXP 	Created 1 = ShapeStim(__class__=<class 'psychopy.visual.shape.ShapeStim'>, anchor=('center', 'center'), autoDraw=False, autoLog=True, closeShape=True, color=method-wrapper(...), colorSpace='rgb', contrast=None, depth=-6.0, draggable=False, fillColor=array([1, 1, 1]), fillColorSpace='rgb', fillRGB=array([1, 1, 1]), interpolate=True, lineColor=array([1., 1., 1.]), lineColorSpace='rgb', lineRGB=array([1, 1, 1]), lineWidth=1.0, name='1', opacity=1.0, ori=0.0, pos=array([0., 0.]), size=array([0.05, 0.05]), units='height', vertices=ndarray(...), win=Window(...), windingRule=None)
11.2981 	EXP 	window1: mouseVisible = True
11.3011 	EXP 	Created 2 = ShapeStim(__class__=<class 'psychopy.visual.shape.ShapeStim'>, anchor=('center', 'center'), autoDraw=False, autoLog=True, closeShape=True, color=method-wrapper(...), colorSpace='rgb', contrast=None, depth=-6.0, draggable=False, fillColor=array([1, 1, 1]), fillColorSpace='rgb', fillRGB=array([1, 1, 1]), interpolate=True, lineColor=array([1., 1., 1.]), lineColorSpace='rgb', lineRGB=array([1, 1, 1]), lineWidth=1.0, name='2', opacity=1.0, ori=0.0, pos=array([0., 0.]), size=array([0.05, 0.05]), units='height', vertices=ndarray(...), win=Window(...), windingRule=None)
11.3012 	EXP 	window1: mouseVisible = True
11.3043 	EXP 	Created 3 = ShapeStim(__class__=<class 'psychopy.visual.shape.ShapeStim'>, anchor=('center', 'center'), autoDraw=False, autoLog=True, closeShape=True, color=method-wrapper(...), colorSpace='rgb', contrast=None, depth=-6.0, draggable=False, fillColor=array([1, 1, 1]), fillColorSpace='rgb', fillRGB=array([1, 1, 1]), interpolate=True, lineColor=array([1., 1., 1.]), lineColorSpace='rgb', lineRGB=array([1, 1, 1]), lineWidth=1.0, name='3', opacity=1.0, ori=0.0, pos=array([0., 0.]), size=array([0.05, 0.05]), units='height', vertices=ndarray(...), win=Window(...), windingRule=None)
11.3043 	EXP 	window1: mouseVisible = True
11.3075 	EXP 	Created 4 = ShapeStim(__class__=<class 'psychopy.visual.shape.ShapeStim'>, anchor=('center', 'center'), autoDraw=False, autoLog=True, closeShape=True, color=method-wrapper(...), colorSpace='rgb', contrast=None, depth=-6.0, draggable=False, fillColor=array([1, 1, 1]), fillColorSpace='rgb', fillRGB=array([1, 1, 1]), interpolate=True, lineColor=array([1., 1., 1.]), lineColorSpace='rgb', lineRGB=array([1, 1, 1]), lineWidth=1.0, name='4', opacity=1.0, ori=0.0, pos=array([0., 0.]), size=array([0.05, 0.05]), units='height', vertices=ndarray(...), win=Window(...), windingRule=None)
11.3076 	EXP 	window1: mouseVisible = True
11.3108 	EXP 	Created 5 = ShapeStim(__class__=<class 'psychopy.visual.shape.ShapeStim'>, anchor=('center', 'center'), autoDraw=False, autoLog=True, closeShape=True, color=method-wrapper(...), colorSpace='rgb', contrast=None, depth=-6.0, draggable=False, fillColor=array([1, 1, 1]), fillColorSpace='rgb', fillRGB=array([1, 1, 1]), interpolate=True, lineColor=array([1., 1., 1.]), lineColorSpace='rgb', lineRGB=array([1, 1, 1]), lineWidth=1.0, name='5', opacity=1.0, ori=0.0, pos=array([0., 0.]), size=array([0.05, 0.05]), units='height', vertices=ndarray(...), win=Window(...), windingRule=None)
11.3109 	EXP 	window1: mouseVisible = True
11.3139 	EXP 	Created 6 = ShapeStim(__class__=<class 'psychopy.visual.shape.ShapeStim'>, anchor=('center', 'center'), autoDraw=False, autoLog=True, closeShape=True, color=method-wrapper(...), colorSpace='rgb', contrast=None, depth=-6.0, draggable=False, fillColor=array([1, 1, 1]), fillColorSpace='rgb', fillRGB=array([1, 1, 1]), interpolate=True, lineColor=array([1., 1., 1.]), lineColorSpace='rgb', lineRGB=array([1, 1, 1]), lineWidth=1.0, name='6', opacity=1.0, ori=0.0, pos=array([0., 0.]), size=array([0.05, 0.05]), units='height', vertices=ndarray(...), win=Window(...), windingRule=None)
11.3140 	EXP 	window1: mouseVisible = True
11.3171 	EXP 	Created 7 = ShapeStim(__class__=<class 'psychopy.visual.shape.ShapeStim'>, anchor=('center', 'center'), autoDraw=False, autoLog=True, closeShape=True, color=method-wrapper(...), colorSpace='rgb', contrast=None, depth=-6.0, draggable=False, fillColor=array([1, 1, 1]), fillColorSpace='rgb', fillRGB=array([1, 1, 1]), interpolate=True, lineColor=array([1., 1., 1.]), lineColorSpace='rgb', lineRGB=array([1, 1, 1]), lineWidth=1.0, name='7', opacity=1.0, ori=0.0, pos=array([0., 0.]), size=array([0.05, 0.05]), units='height', vertices=ndarray(...), win=Window(...), windingRule=None)
11.3172 	EXP 	window1: mouseVisible = True
11.3203 	EXP 	Created 8 = ShapeStim(__class__=<class 'psychopy.visual.shape.ShapeStim'>, anchor=('center', 'center'), autoDraw=False, autoLog=True, closeShape=True, color=method-wrapper(...), colorSpace='rgb', contrast=None, depth=-6.0, draggable=False, fillColor=array([1, 1, 1]), fillColorSpace='rgb', fillRGB=array([1, 1, 1]), interpolate=True, lineColor=array([1., 1., 1.]), lineColorSpace='rgb', lineRGB=array([1, 1, 1]), lineWidth=1.0, name='8', opacity=1.0, ori=0.0, pos=array([0., 0.]), size=array([0.05, 0.05]), units='height', vertices=ndarray(...), win=Window(...), windingRule=None)
11.3204 	EXP 	window1: mouseVisible = True
11.3235 	EXP 	Created 9 = ShapeStim(__class__=<class 'psychopy.visual.shape.ShapeStim'>, anchor=('center', 'center'), autoDraw=False, autoLog=True, closeShape=True, color=method-wrapper(...), colorSpace='rgb', contrast=None, depth=-6.0, draggable=False, fillColor=array([1, 1, 1]), fillColorSpace='rgb', fillRGB=array([1, 1, 1]), interpolate=True, lineColor=array([1., 1., 1.]), lineColorSpace='rgb', lineRGB=array([1, 1, 1]), lineWidth=1.0, name='9', opacity=1.0, ori=0.0, pos=array([0., 0.]), size=array([0.05, 0.05]), units='height', vertices=ndarray(...), win=Window(...), windingRule=None)
11.3294 	EXP 	window1: mouseVisible = True
11.3298 	EXP 	window1: mouseVisible = True
11.3329 	EXP 	window1: mouseVisible = True
11.3343 	EXP 	window1: mouseVisible = True
11.3530 	EXP 	Created trial_slider = Slider(__class__=<class 'psychopy.visual.slider.Slider'>, autoDraw=False, autoLog=True, borderColor=None, color=None, colorSpace='rgb', depth=-3, fillColor=None, flip=False, font='Open Sans', granularity=0.0, labelColor=None, labelHeight=0.05, labelWrapWidth=None, labels=None, lineColor=None, markerColor=None, name='trial_slider', opacity=None, ori=0.0, pos=array([ 0. , -0.2]), readOnly=False, self=UNKNOWN, size=array([0.5 , 0.05]), startValue=0, style='slider', styleTweaks=[], ticks=array([  0, 360]), units='height', win=Window(...))
11.3530 	EXP 	window1: mouseVisible = True
11.3532 	EXP 	window1: mouseVisible = True
11.3533 	EXP 	window1: mouseVisible = True
11.3537 	EXP 	window1: mouseVisible = True
11.3542 	EXP 	window1: mouseVisible = True
11.3576 	EXP 	window1: mouseVisible = True
11.3577 	EXP 	window1: mouseVisible = True
11.3583 	EXP 	window1: mouseVisible = True
11.3587 	EXP 	window1: mouseVisible = True
11.3951 	EXP 	window1: mouseVisible = True
11.3965 	EXP 	Created trial_reset = Rect(__class__=<class 'psychopy.visual.rect.Rect'>, anchor=('center', 'center'), autoDraw=False, autoLog=True, closeShape=True, color=method-wrapper(...), colorSpace='rgb', contrast=None, depth=-6.0, draggable=False, fillColor=array([-1, -1,  1]), fillColorSpace='rgb', fillRGB=array([-1, -1,  1]), interpolate=True, lineColor=array([-1., -1.,  1.]), lineColorSpace='rgb', lineRGB=array([-1, -1,  1]), lineWidth=1.0, name='trial_reset', opacity=1.0, ori=0.0, pos=array([-0.4, -0.4]), size=array([0.5, 0.5]), units='height', vertices=ndarray(...), win=Window(...))
0.0100 	DATA 	Mouse: Left button down, pos=(2466,1564)
0.0108 	DATA 	Mouse:  Left button up, pos=(2466,1564)
0.0204 	EXP 	0: autoDraw = True
0.0204 	EXP 	1: autoDraw = True
0.0204 	EXP 	2: autoDraw = True
0.0204 	EXP 	3: autoDraw = True
0.0204 	EXP 	4: autoDraw = True
0.0204 	EXP 	5: autoDraw = True
0.0204 	EXP 	6: autoDraw = True
0.0204 	EXP 	7: autoDraw = True
0.0204 	EXP 	8: autoDraw = True
0.0204 	EXP 	9: autoDraw = True
0.0204 	EXP 	trial_slider: autoLog = True
0.0204 	EXP 	trial_slider: styleTweaks = []
0.0204 	EXP 	trial_slider: styleTweaks = []
0.0204 	EXP 	trial_slider: styleTweaks = []
0.0204 	EXP 	trial_slider: styleTweaks = []
0.0204 	EXP 	trial_slider: contrast = 1.0
0.0204 	EXP 	trial_slider: markerPos = 0
0.0204 	EXP 	trial_slider: autoLog = True
0.0204 	EXP 	trial_textbox: autoLog = True
0.0217 	EXP 	Created sequence: sequential, trialTypes=1, nReps=9999, seed=None
0.0479 	EXP 	New trial (rep=0, index=0): None
0.1598 	EXP 	trial_slider: markerPos = None
0.1598 	EXP 	trial_slider: markerPos = 0
0.1598 	EXP 	trial_slider: autoDraw = True
0.1598 	EXP 	trial_textbox: autoDraw = True
0.1598 	EXP 	trial_reset: autoDraw = True
2.8444 	DATA 	Mouse: Left button down, pos=(2122,633)
3.6612 	EXP 	New trial (rep=1, index=0): None
3.7752 	EXP 	trial_slider: autoDraw = False
3.7752 	EXP 	trial_textbox: autoDraw = False
3.7752 	EXP 	trial_reset: autoDraw = False
3.7752 	EXP 	trial_slider: markerPos = None
3.7752 	EXP 	trial_slider: markerPos = 0
3.7752 	EXP 	trial_slider: autoDraw = True
3.7752 	EXP 	trial_textbox: autoDraw = True
3.7752 	EXP 	trial_reset: autoDraw = True
3.7752 	EXP 	trial_slider: markerPos = 191.66666666666669
3.8658 	EXP 	trial_slider: markerPos = 190.33333333333331
3.9491 	EXP 	trial_slider: markerPos = 190.33333333333331
4.0340 	EXP 	trial_slider: markerPos = 190.33333333333331
4.1218 	EXP 	trial_slider: markerPos = 266.66666666666663
4.2089 	EXP 	trial_slider: markerPos = 313.3333333333333
4.2921 	EXP 	trial_slider: markerPos = 314.66666666666663
4.3767 	EXP 	trial_slider: markerPos = 314.66666666666663
4.4665 	EXP 	trial_slider: markerPos = 300.0
4.6276 	EXP 	trial_slider: markerPos = 295.0
4.7116 	EXP 	trial_slider: markerPos = 287.66666666666663
4.8029 	EXP 	trial_slider: markerPos = 282.3333333333333
4.8885 	EXP 	trial_slider: markerPos = 279.6666666666667
4.9734 	EXP 	trial_slider: markerPos = 279.0
5.0575 	EXP 	trial_slider: markerPos = 276.6666666666667
5.1502 	EXP 	trial_slider: markerPos = 263.33333333333337
5.2399 	EXP 	trial_slider: markerPos = 246.33333333333331
5.3314 	EXP 	trial_slider: markerPos = 199.0
5.4156 	EXP 	trial_slider: markerPos = 150.0
5.5012 	EXP 	trial_slider: markerPos = 119.66666666666666
5.5919 	EXP 	trial_slider: markerPos = 103.0
5.6742 	EXP 	trial_slider: markerPos = 97.33333333333333
5.7646 	EXP 	trial_slider: markerPos = 91.66666666666667
5.8533 	EXP 	trial_slider: markerPos = 66.33333333333333
5.9432 	EXP 	trial_slider: markerPos = 31.666666666666668
6.0342 	EXP 	trial_slider: markerPos = -0.6666666666666776
6.1220 	EXP 	trial_slider: markerPos = -23.0
6.2175 	EXP 	trial_slider: markerPos = -37.666666666666664
6.3141 	EXP 	trial_slider: markerPos = -56.0
6.4031 	EXP 	trial_slider: markerPos = -71.99999999999999
6.4941 	EXP 	trial_slider: markerPos = -88.0
6.5820 	EXP 	trial_slider: markerPos = -104.33333333333334
6.6712 	EXP 	trial_slider: markerPos = -119.66666666666666
6.7679 	EXP 	trial_slider: markerPos = -136.0
6.8039 	EXP 	trial_slider: markerPos = -149.66666666666666
6.8485 	EXP 	trial_slider: markerPos = -127.66666666666667
6.8882 	EXP 	trial_slider: markerPos = -57.333333333333314
6.9280 	EXP 	trial_slider: markerPos = 8.33333333333333
6.9683 	EXP 	trial_slider: markerPos = 60.33333333333333
7.0161 	EXP 	trial_slider: markerPos = 88.33333333333333
7.0511 	EXP 	trial_slider: markerPos = 112.33333333333331
7.0967 	EXP 	trial_slider: markerPos = 118.66666666666666
7.1452 	EXP 	trial_slider: markerPos = 120.33333333333333
7.1810 	EXP 	trial_slider: markerPos = 121.00000000000001
7.2133 	EXP 	trial_slider: markerPos = 121.00000000000001
7.2466 	EXP 	trial_slider: markerPos = 121.00000000000001
7.2801 	EXP 	trial_slider: markerPos = 121.00000000000001
7.3133 	EXP 	trial_slider: markerPos = 121.00000000000001
7.3466 	EXP 	trial_slider: markerPos = 121.00000000000001
7.3799 	EXP 	trial_slider: markerPos = 121.00000000000001
7.4132 	EXP 	trial_slider: markerPos = 121.00000000000001
7.4466 	EXP 	trial_slider: markerPos = 124.0
7.4805 	EXP 	trial_slider: markerPos = 130.33333333333334
7.5132 	EXP 	trial_slider: markerPos = 140.0
7.5466 	EXP 	trial_slider: markerPos = 148.33333333333334
7.5799 	EXP 	trial_slider: markerPos = 157.66666666666666
7.6132 	EXP 	trial_slider: markerPos = 167.0
7.6467 	EXP 	trial_slider: markerPos = 175.0
7.6801 	EXP 	trial_slider: markerPos = 182.0
7.7135 	EXP 	trial_slider: markerPos = 188.33333333333334
7.7467 	EXP 	trial_slider: markerPos = 190.66666666666669
7.7800 	EXP 	trial_slider: markerPos = 192.0
7.8133 	EXP 	trial_slider: markerPos = 192.66666666666669
7.8468 	EXP 	trial_slider: markerPos = 193.0
7.9059 	EXP 	trial_slider: markerPos = 193.0
7.9730 	EXP 	trial_slider: markerPos = 193.66666666666669
8.0380 	EXP 	trial_slider: markerPos = 194.33333333333334
8.0772 	EXP 	trial_slider: markerPos = 194.33333333333334
8.1126 	EXP 	trial_slider: markerPos = 194.33333333333334
8.1445 	EXP 	trial_slider: markerPos = 194.33333333333334
8.1779 	EXP 	trial_slider: markerPos = 194.33333333333334
8.2112 	EXP 	trial_slider: markerPos = 194.33333333333334
8.2446 	EXP 	trial_slider: markerPos = 194.33333333333334
8.2779 	EXP 	trial_slider: markerPos = 195.0
8.3113 	EXP 	trial_slider: markerPos = 195.99999999999997
8.3552 	EXP 	trial_slider: markerPos = 198.00000000000003
8.4305 	EXP 	trial_slider: markerPos = 199.66666666666666
8.5061 	EXP 	trial_slider: markerPos = 204.0
8.5750 	EXP 	trial_slider: markerPos = 212.33333333333331
8.6535 	EXP 	trial_slider: markerPos = 226.66666666666669
8.6863 	EXP 	trial_slider: markerPos = 244.66666666666666
8.7195 	EXP 	trial_slider: markerPos = 250.66666666666666
8.7529 	EXP 	trial_slider: markerPos = 255.66666666666669
8.7863 	EXP 	trial_slider: markerPos = 259.3333333333333
8.8196 	EXP 	trial_slider: markerPos = 262.6666666666667
8.8529 	EXP 	trial_slider: markerPos = 264.3333333333333
8.8870 	EXP 	trial_slider: markerPos = 265.66666666666663
8.9198 	EXP 	trial_slider: markerPos = 267.3333333333333
8.9531 	EXP 	trial_slider: markerPos = 269.3333333333333
8.9865 	EXP 	trial_slider: markerPos = 270.33333333333337
9.0208 	EXP 	trial_slider: markerPos = 271.0
9.0823 	EXP 	trial_slider: markerPos = 272.33333333333337
9.1604 	EXP 	trial_slider: markerPos = 279.6666666666667
9.2396 	EXP 	trial_slider: markerPos = 298.0
9.3132 	EXP 	trial_slider: markerPos = 322.3333333333333
9.3437 	EXP 	trial_slider: markerPos = 357.66666666666663
9.3771 	EXP 	trial_slider: markerPos = 370.99999999999994
9.4103 	EXP 	trial_slider: markerPos = 377.33333333333337
9.4436 	EXP 	trial_slider: markerPos = 384.33333333333337
9.4770 	EXP 	trial_slider: markerPos = 391.3333333333333
9.5105 	EXP 	trial_slider: markerPos = 395.3333333333333
9.5446 	EXP 	trial_slider: markerPos = 397.6666666666667
9.5769 	EXP 	trial_slider: markerPos = 400.3333333333333
9.6105 	EXP 	trial_slider: markerPos = 400.66666666666663
9.6442 	EXP 	trial_slider: markerPos = 400.66666666666663
9.6807 	EXP 	trial_slider: markerPos = 400.66666666666663
9.7196 	EXP 	trial_slider: markerPos = 400.66666666666663
9.7605 	EXP 	trial_slider: markerPos = 400.66666666666663
9.7936 	EXP 	trial_slider: markerPos = 400.66666666666663
9.8270 	EXP 	trial_slider: markerPos = 400.66666666666663
9.8604 	EXP 	trial_slider: markerPos = 400.66666666666663
9.8631 	DATA 	Mouse:  Left button up, pos=(2582,797)
9.8935 	EXP 	trial_slider: markerPos = 360
11.2719 	DATA 	Keypress: escape
11.3933 	EXP 	template: status = STOPPED
11.4229 	EXP 	trial_slider: autoDraw = False
11.4229 	EXP 	trial_textbox: autoDraw = False
11.4229 	EXP 	0: autoDraw = False
11.4229 	EXP 	1: autoDraw = False
11.4229 	EXP 	2: autoDraw = False
11.4229 	EXP 	3: autoDraw = False
11.4229 	EXP 	4: autoDraw = False
11.4229 	EXP 	5: autoDraw = False
11.4229 	EXP 	6: autoDraw = False
11.4229 	EXP 	7: autoDraw = False
11.4229 	EXP 	8: autoDraw = False
11.4229 	EXP 	9: autoDraw = False
11.4229 	EXP 	trial_reset: autoDraw = False
11.4230 	EXP 	template: status = STOPPED
11.5167 	EXP 	window1: mouseVisible = True
