4.1271 	WARNING 	C:\Users\andre\AppData\Roaming\psychopy3\fonts\Times.truetype doesn't have valid font family name
4.2398 	WARNING 	C:\Users\andre\AppData\Roaming\psychopy3\fonts\Times.truetype doesn't have valid font family name
5.7624 	WARNING 	User requested fullscreen with size [1920 1080], but screen is actually [3840, 2160]. Using actual size
7.1794 	EXP 	Created window1 = Window(allowGUI=True, allowStencil=False, autoLog=True, backendConf=UNKNOWN, backgroundFit=<method-wrapper '__getattribute__' of attributeSetter object at 0x0000025298954BB0>, backgroundImage=<method-wrapper '__getattribute__' of attributeSetter object at 0x0000025298954B50>, bitsMode=UNKNOWN, blendMode='avg', bpc=(8, 8, 8), color=array([-1, -1, -1]), colorSpace='rgb', depthBits=8, fullscr=<method-wrapper '__getattribute__' of attributeSetter object at 0x0000025298954970>, gamma=None, gammaErrorPolicy='raise', lms=UNKNOWN, monitor=<psychopy.monitors.calibTools.Monitor object at 0x00000252A2EE6B50>, multiSample=False, name='window1', numSamples=2, pos=(0, 0), screen=0, size=array([3840, 2160]), stencilBits=0, stereo=False, title='PsychoPy', units='height', useFBO=True, useRetina=False, viewOri=0.0, viewPos=None, viewScale=None, waitBlanking=True, winType='pyglet')
7.1795 	EXP 	window1: mouseVisible = True
7.1795 	EXP 	window1: backgroundImage = ''
7.1795 	EXP 	window1: backgroundFit = 'none'
7.1809 	EXP 	window1: Attempting to measure frame rate of screen (0) ...
7.1809 	EXP 	window1: recordFrameIntervals = False
7.5124 	EXP 	window1: recordFrameIntervals = True
7.8799 	EXP 	Screen (0) actual frame rate measured at 29.94Hz
7.8799 	EXP 	window1: recordFrameIntervals = False
7.8800 	EXP 	window1: mouseVisible = False
10.8804 	EXP 	template: status = STARTED
10.8822 	EXP 	window1: mouseVisible = True
10.8841 	EXP 	Created unnamed Circle = Circle(__class__=<class 'psychopy.visual.circle.Circle'>, anchor=('center', 'center'), autoDraw=False, autoLog=True, closeShape=True, color=method-wrapper(...), colorSpace='rgb', contrast=None, depth=0, draggable=False, fillColor=array([ 1, -1, -1]), fillColorSpace='rgb', fillRGB=array([ 1, -1, -1]), interpolate=True, lineColor=array([0., 0., 0.]), lineColorSpace='rgb', lineRGB=array([0, 0, 0]), lineWidth=1.5, name='unnamed Circle', opacity=0.5, ori=0.0, pos=array([0., 0.]), size=array([1., 1.]), units='height', vertices=ndarray(...), win=Window(...))
10.8845 	EXP 	window1: mouseVisible = True
10.8863 	EXP 	Created unnamed Circle = Circle(__class__=<class 'psychopy.visual.circle.Circle'>, anchor=('center', 'center'), autoDraw=False, autoLog=True, closeShape=True, color=method-wrapper(...), colorSpace='rgb', contrast=None, depth=0, draggable=False, fillColor=array([ 1, -1, -1]), fillColorSpace='rgb', fillRGB=array([ 1, -1, -1]), interpolate=True, lineColor=array([0., 0., 0.]), lineColorSpace='rgb', lineRGB=array([0, 0, 0]), lineWidth=1.5, name='unnamed Circle', opacity=0.5, ori=0.0, pos=array([0., 0.]), size=array([1., 1.]), units='height', vertices=ndarray(...), win=Window(...))
10.8867 	EXP 	window1: mouseVisible = True
10.8886 	EXP 	Created unnamed Circle = Circle(__class__=<class 'psychopy.visual.circle.Circle'>, anchor=('center', 'center'), autoDraw=False, autoLog=True, closeShape=True, color=method-wrapper(...), colorSpace='rgb', contrast=None, depth=0, draggable=False, fillColor=array([ 1, -1, -1]), fillColorSpace='rgb', fillRGB=array([ 1, -1, -1]), interpolate=True, lineColor=array([0., 0., 0.]), lineColorSpace='rgb', lineRGB=array([0, 0, 0]), lineWidth=1.5, name='unnamed Circle', opacity=0.5, ori=0.0, pos=array([0., 0.]), size=array([1., 1.]), units='height', vertices=ndarray(...), win=Window(...))
10.8890 	EXP 	window1: mouseVisible = True
10.8906 	EXP 	Created unnamed Circle = Circle(__class__=<class 'psychopy.visual.circle.Circle'>, anchor=('center', 'center'), autoDraw=False, autoLog=True, closeShape=True, color=method-wrapper(...), colorSpace='rgb', contrast=None, depth=0, draggable=False, fillColor=array([ 1, -1, -1]), fillColorSpace='rgb', fillRGB=array([ 1, -1, -1]), interpolate=True, lineColor=array([0., 0., 0.]), lineColorSpace='rgb', lineRGB=array([0, 0, 0]), lineWidth=1.5, name='unnamed Circle', opacity=0.5, ori=0.0, pos=array([0., 0.]), size=array([1., 1.]), units='height', vertices=ndarray(...), win=Window(...))
10.8910 	EXP 	window1: mouseVisible = True
10.8927 	EXP 	Created unnamed Circle = Circle(__class__=<class 'psychopy.visual.circle.Circle'>, anchor=('center', 'center'), autoDraw=False, autoLog=True, closeShape=True, color=method-wrapper(...), colorSpace='rgb', contrast=None, depth=0, draggable=False, fillColor=array([ 1, -1, -1]), fillColorSpace='rgb', fillRGB=array([ 1, -1, -1]), interpolate=True, lineColor=array([0., 0., 0.]), lineColorSpace='rgb', lineRGB=array([0, 0, 0]), lineWidth=1.5, name='unnamed Circle', opacity=0.5, ori=0.0, pos=array([0., 0.]), size=array([1., 1.]), units='height', vertices=ndarray(...), win=Window(...))
10.8931 	EXP 	window1: mouseVisible = True
10.8948 	EXP 	Created unnamed Circle = Circle(__class__=<class 'psychopy.visual.circle.Circle'>, anchor=('center', 'center'), autoDraw=False, autoLog=True, closeShape=True, color=method-wrapper(...), colorSpace='rgb', contrast=None, depth=0, draggable=False, fillColor=array([ 1, -1, -1]), fillColorSpace='rgb', fillRGB=array([ 1, -1, -1]), interpolate=True, lineColor=array([0., 0., 0.]), lineColorSpace='rgb', lineRGB=array([0, 0, 0]), lineWidth=1.5, name='unnamed Circle', opacity=0.5, ori=0.0, pos=array([0., 0.]), size=array([1., 1.]), units='height', vertices=ndarray(...), win=Window(...))
10.8953 	EXP 	window1: mouseVisible = True
10.8971 	EXP 	Created unnamed Circle = Circle(__class__=<class 'psychopy.visual.circle.Circle'>, anchor=('center', 'center'), autoDraw=False, autoLog=True, closeShape=True, color=method-wrapper(...), colorSpace='rgb', contrast=None, depth=0, draggable=False, fillColor=array([ 1, -1, -1]), fillColorSpace='rgb', fillRGB=array([ 1, -1, -1]), interpolate=True, lineColor=array([0., 0., 0.]), lineColorSpace='rgb', lineRGB=array([0, 0, 0]), lineWidth=1.5, name='unnamed Circle', opacity=0.5, ori=0.0, pos=array([0., 0.]), size=array([1., 1.]), units='height', vertices=ndarray(...), win=Window(...))
10.8975 	EXP 	window1: mouseVisible = True
10.8992 	EXP 	Created unnamed Circle = Circle(__class__=<class 'psychopy.visual.circle.Circle'>, anchor=('center', 'center'), autoDraw=False, autoLog=True, closeShape=True, color=method-wrapper(...), colorSpace='rgb', contrast=None, depth=0, draggable=False, fillColor=array([ 1, -1, -1]), fillColorSpace='rgb', fillRGB=array([ 1, -1, -1]), interpolate=True, lineColor=array([0., 0., 0.]), lineColorSpace='rgb', lineRGB=array([0, 0, 0]), lineWidth=1.5, name='unnamed Circle', opacity=0.5, ori=0.0, pos=array([0., 0.]), size=array([1., 1.]), units='height', vertices=ndarray(...), win=Window(...))
10.8996 	EXP 	window1: mouseVisible = True
10.9015 	EXP 	Created unnamed Circle = Circle(__class__=<class 'psychopy.visual.circle.Circle'>, anchor=('center', 'center'), autoDraw=False, autoLog=True, closeShape=True, color=method-wrapper(...), colorSpace='rgb', contrast=None, depth=0, draggable=False, fillColor=array([ 1, -1, -1]), fillColorSpace='rgb', fillRGB=array([ 1, -1, -1]), interpolate=True, lineColor=array([0., 0., 0.]), lineColorSpace='rgb', lineRGB=array([0, 0, 0]), lineWidth=1.5, name='unnamed Circle', opacity=0.5, ori=0.0, pos=array([0., 0.]), size=array([1., 1.]), units='height', vertices=ndarray(...), win=Window(...))
10.9019 	EXP 	window1: mouseVisible = True
10.9038 	EXP 	Created unnamed Circle = Circle(__class__=<class 'psychopy.visual.circle.Circle'>, anchor=('center', 'center'), autoDraw=False, autoLog=True, closeShape=True, color=method-wrapper(...), colorSpace='rgb', contrast=None, depth=0, draggable=False, fillColor=array([ 1, -1, -1]), fillColorSpace='rgb', fillRGB=array([ 1, -1, -1]), interpolate=True, lineColor=array([0., 0., 0.]), lineColorSpace='rgb', lineRGB=array([0, 0, 0]), lineWidth=1.5, name='unnamed Circle', opacity=0.5, ori=0.0, pos=array([0., 0.]), size=array([1., 1.]), units='height', vertices=ndarray(...), win=Window(...))
10.9092 	EXP 	window1: mouseVisible = True
10.9097 	EXP 	window1: mouseVisible = True
10.9170 	EXP 	window1: mouseVisible = True
10.9185 	EXP 	window1: mouseVisible = True
10.9368 	EXP 	Created trial_slider = Slider(__class__=<class 'psychopy.visual.slider.Slider'>, autoDraw=False, autoLog=True, borderColor=None, color=None, colorSpace='rgb', depth=-3, fillColor=None, flip=False, font='Open Sans', granularity=1.0, labelColor=None, labelHeight=0.05, labelWrapWidth=None, labels=None, lineColor=None, markerColor=None, name='trial_slider', opacity=None, ori=0.0, pos=array([0., 0.]), readOnly=False, self=UNKNOWN, size=array([1. , 0.1]), startValue=0, style='scrollbar', styleTweaks=[], ticks=array([0, 1, 2, 3, 4]), units='height', win=Window(...))
10.9368 	EXP 	window1: mouseVisible = True
10.9370 	EXP 	window1: mouseVisible = True
10.9588 	EXP 	Created trial_text = TextStim(__class__=<class 'psychopy.visual.text.TextStim'>, alignHoriz=method-wrapper(...), alignText='center', alignVert=method-wrapper(...), anchorHoriz='center', anchorVert='center', antialias=True, autoDraw=False, autoLog=True, bold=False, color=array([1., 1., 1.]), colorSpace='rgb', contrast=1.0, depth=-5.0, draggable=False, flipHoriz=False, flipVert=False, font='Open Sans', fontFiles=[], height=0.05, italic=False, languageStyle='LTR', name='trial_text', opacity=1.0, ori=0.0, pos=array([0., 0.]), rgb=UNKNOWN, text='', units='height', win=Window(...), wrapWidth=1)
0.0941 	EXP 	unnamed Circle: autoDraw = True
0.0941 	EXP 	unnamed Circle: autoDraw = True
0.0941 	EXP 	unnamed Circle: autoDraw = True
0.0941 	EXP 	unnamed Circle: autoDraw = True
0.0941 	EXP 	unnamed Circle: autoDraw = True
0.0941 	EXP 	unnamed Circle: autoDraw = True
0.0941 	EXP 	unnamed Circle: autoDraw = True
0.0941 	EXP 	unnamed Circle: autoDraw = True
0.0941 	EXP 	unnamed Circle: autoDraw = True
0.0941 	EXP 	unnamed Circle: autoDraw = True
0.0941 	EXP 	trial_slider: autoLog = True
0.0941 	EXP 	trial_slider: ticks = <class 'numpy.ndarray'>
0.0941 	EXP 	trial_slider: styleTweaks = []
0.0941 	EXP 	trial_slider: styleTweaks = []
0.0941 	EXP 	trial_slider: styleTweaks = []
0.0941 	EXP 	trial_slider: styleTweaks = []
0.0941 	EXP 	trial_slider: contrast = 1.0
0.0941 	EXP 	trial_slider: markerPos = 0
0.0941 	EXP 	trial_slider: autoLog = True
0.0949 	EXP 	Created sequence: sequential, trialTypes=1, nReps=9999, seed=None
0.1182 	EXP 	New trial (rep=0, index=0): None
0.2338 	EXP 	trial_slider: markerPos = None
0.2338 	EXP 	trial_slider: markerPos = 0
0.2338 	EXP 	trial_slider: autoDraw = True
0.2338 	EXP 	trial_text: autoDraw = True
1.2578 	EXP 	trial_text: autoDraw = False
2.1743 	DATA 	Mouse: Left button down, pos=(1677,1026)
2.2204 	EXP 	trial_slider: markerPos = 1.55
2.3777 	EXP 	New trial (rep=1, index=0): None
2.4195 	EXP 	trial_slider: autoDraw = False
2.4195 	EXP 	trial_text: autoDraw = False
2.4195 	EXP 	trial_slider: markerPos = None
2.4195 	EXP 	trial_slider: markerPos = 0
2.4195 	EXP 	trial_slider: autoDraw = True
2.4195 	EXP 	trial_text: autoDraw = True
2.4195 	EXP 	trial_slider: markerPos = 2.2351851851851854
2.4572 	EXP 	trial_slider: markerPos = 2.346296296296296
2.4956 	EXP 	trial_slider: markerPos = 2.4722222222222223
2.5332 	EXP 	trial_slider: markerPos = 2.6314814814814813
2.5708 	EXP 	trial_slider: markerPos = 2.8537037037037036
2.6088 	EXP 	trial_slider: markerPos = 3.035185185185185
2.6552 	EXP 	trial_slider: markerPos = 3.262962962962963
2.7118 	EXP 	trial_slider: markerPos = 3.3314814814814815
2.7804 	EXP 	trial_slider: markerPos = 3.2944444444444443
2.8475 	EXP 	trial_slider: markerPos = 2.946296296296296
2.8870 	EXP 	trial_slider: markerPos = 2.7185185185185183
2.9259 	EXP 	trial_slider: markerPos = 2.65
2.9722 	EXP 	trial_slider: markerPos = 2.5814814814814815
3.0113 	EXP 	trial_slider: markerPos = 2.4722222222222223
3.0504 	EXP 	trial_slider: markerPos = 2.2814814814814817
3.0927 	EXP 	trial_slider: markerPos = 2.085185185185185
3.1317 	EXP 	trial_slider: markerPos = 1.9462962962962962
3.1713 	EXP 	trial_slider: markerPos = 1.8425925925925926
3.2106 	EXP 	trial_slider: markerPos = 1.7907407407407407
3.2503 	EXP 	trial_slider: markerPos = 1.775925925925926
3.2880 	EXP 	trial_slider: markerPos = 1.7740740740740741
3.3270 	EXP 	trial_slider: markerPos = 1.7740740740740741
3.3666 	EXP 	trial_slider: markerPos = 1.7740740740740741
3.4058 	EXP 	trial_slider: markerPos = 1.7740740740740741
3.4459 	EXP 	trial_text: autoDraw = False
3.4459 	EXP 	trial_slider: markerPos = 1.7740740740740741
3.5028 	EXP 	trial_slider: markerPos = 1.7740740740740741
3.5413 	EXP 	trial_slider: markerPos = 1.7574074074074075
3.6075 	EXP 	trial_slider: markerPos = 1.3777777777777778
3.6738 	EXP 	trial_slider: markerPos = 0.9759259259259259
3.7385 	EXP 	trial_slider: markerPos = 0.7759259259259259
3.8038 	EXP 	trial_slider: markerPos = 0.6037037037037036
3.8417 	EXP 	trial_slider: markerPos = 0.38148148148148153
3.8783 	EXP 	trial_slider: markerPos = 0.24444444444444446
3.9139 	EXP 	trial_slider: markerPos = 0.14444444444444438
3.9491 	EXP 	trial_slider: markerPos = 0.07777777777777772
3.9839 	EXP 	trial_slider: markerPos = 0.051851851851851816
4.0187 	EXP 	trial_slider: markerPos = 0.0185185185185186
4.0543 	EXP 	trial_slider: markerPos = -0.033333333333333215
4.0963 	EXP 	trial_slider: markerPos = -0.07407407407407396
4.1623 	EXP 	trial_slider: markerPos = -0.12777777777777777
4.1964 	EXP 	trial_slider: markerPos = -0.14444444444444438
4.2309 	EXP 	trial_slider: markerPos = -0.14444444444444438
4.2656 	EXP 	trial_slider: markerPos = -0.14444444444444438
4.2997 	EXP 	trial_slider: markerPos = -0.14444444444444438
4.3336 	EXP 	trial_slider: markerPos = -0.14444444444444438
4.3678 	EXP 	trial_slider: markerPos = -0.14444444444444438
4.4049 	EXP 	trial_slider: markerPos = -0.05555555555555536
4.4413 	EXP 	trial_slider: markerPos = 0.07777777777777772
4.4770 	EXP 	trial_slider: markerPos = 0.22037037037037033
4.5120 	EXP 	trial_slider: markerPos = 0.36851851851851847
4.5504 	EXP 	trial_slider: markerPos = 0.5055555555555555
4.5965 	EXP 	trial_slider: markerPos = 0.7666666666666666
4.6553 	EXP 	trial_slider: markerPos = 1.324074074074074
4.7135 	EXP 	trial_slider: markerPos = 2.1018518518518516
4.7483 	EXP 	trial_slider: markerPos = 2.6944444444444446
4.7825 	EXP 	trial_slider: markerPos = 2.977777777777778
4.8165 	EXP 	trial_slider: markerPos = 3.1722222222222225
4.8508 	EXP 	trial_slider: markerPos = 3.4796296296296294
4.8852 	EXP 	trial_slider: markerPos = 3.67037037037037
4.9209 	EXP 	trial_slider: markerPos = 3.8925925925925924
4.9557 	EXP 	trial_slider: markerPos = 4.038888888888889
4.9951 	EXP 	trial_slider: markerPos = 4.140740740740741
5.0420 	EXP 	trial_slider: markerPos = 4.142592592592592
5.0894 	EXP 	trial_slider: markerPos = 4.142592592592592
5.1286 	EXP 	trial_slider: markerPos = 4.142592592592592
5.1821 	EXP 	trial_slider: markerPos = 4.142592592592592
5.2373 	EXP 	trial_slider: markerPos = 3.9907407407407405
5.2942 	EXP 	trial_slider: markerPos = 3.3092592592592593
5.3497 	EXP 	trial_slider: markerPos = 2.6074074074074076
5.3840 	EXP 	trial_slider: markerPos = 2.0796296296296295
5.4194 	EXP 	trial_slider: markerPos = 1.65
5.4561 	EXP 	trial_slider: markerPos = 1.4425925925925926
5.4994 	EXP 	trial_slider: markerPos = 1.2222222222222223
5.5363 	EXP 	trial_slider: markerPos = 0.9685185185185186
5.5759 	EXP 	trial_slider: markerPos = 0.625925925925926
5.6262 	EXP 	trial_slider: markerPos = 0.4092592592592592
5.6879 	EXP 	trial_slider: markerPos = 0.40740740740740744
5.7496 	EXP 	trial_slider: markerPos = 0.40740740740740744
5.8137 	EXP 	trial_slider: markerPos = 0.4555555555555555
5.8788 	EXP 	trial_slider: markerPos = 0.46851851851851856
5.8943 	DATA 	Mouse:  Left button up, pos=(1095,1094)
5.9240 	EXP 	trial_slider: markerPos = 0.0
6.8600 	DATA 	Keypress: escape
7.0222 	EXP 	template: status = STOPPED
7.0349 	EXP 	unnamed Circle: autoDraw = False
7.0349 	EXP 	unnamed Circle: autoDraw = False
7.0349 	EXP 	unnamed Circle: autoDraw = False
7.0349 	EXP 	unnamed Circle: autoDraw = False
7.0349 	EXP 	unnamed Circle: autoDraw = False
7.0349 	EXP 	unnamed Circle: autoDraw = False
7.0349 	EXP 	unnamed Circle: autoDraw = False
7.0349 	EXP 	unnamed Circle: autoDraw = False
7.0349 	EXP 	unnamed Circle: autoDraw = False
7.0349 	EXP 	unnamed Circle: autoDraw = False
7.0349 	EXP 	trial_slider: autoDraw = False
7.0351 	EXP 	template: status = STOPPED
7.1333 	EXP 	window1: mouseVisible = True
